2024-07-25 06:02:23,920 [INFO] Activator:176 - 


2024-07-25 06:02:23,923 [INFO] Activator:177 - !SESSION log4j initialized
2024-07-25 06:02:27,729 [INFO] LogOutputStream:77 - [STDOUT_REDIRECT] 
2024-07-25 06:02:28,490 [INFO] ApplicationProperties:184 - Using Application install path: /opt/st/stm32cubeide_1.15.1/plugins/com.st.stm32cube.common.mx_6.11.1.202404110753
2024-07-25 06:02:28,506 [INFO] DbMcusXml:78 - Set database path to: /opt/st/stm32cubeide_1.15.1/plugins/com.st.stm32cube.common.mx_6.11.1.202404110753//db//mcu/
2024-07-25 06:02:28,506 [INFO] ApiDb:274 - Set plugin database path to: /opt/st/stm32cubeide_1.15.1/plugins/com.st.stm32cube.common.mx_6.11.1.202404110753//db//plugins/boardmanager/
2024-07-25 06:02:28,506 [WARN] ApiDb:259 - Overriding images path with different value:  => /opt/st/stm32cubeide_1.15.1/plugins/com.st.stm32cube.common.mx_6.11.1.202404110753//db//plugins/mcufinder/images/
2024-07-25 06:02:28,516 [INFO] ApiDb:250 - Set database path to: /home/poojaa/.stmcufinder/plugins/mcufinder//mcu/
2024-07-25 06:02:28,517 [INFO] DbMcusAds:125 - Set database path to: /home/poojaa/.stmcufinder/plugins/mcufinder//mcu/
2024-07-25 06:02:28,519 [INFO] CrossReferenceDbSqlite:203 - Set database path to: /home/poojaa/.stmcufinder/plugins/mcufinder//mcu/cs/
2024-07-25 06:02:28,614 [INFO] RulesReader:64 - Compatibility file has been processed (297 Rules)
2024-07-25 06:02:28,676 [INFO] DbMcusXml:78 - Set database path to: /opt/st/stm32cubeide_1.15.1/plugins/com.st.stm32cube.common.mx_6.11.1.202404110753//db//mcu/
2024-07-25 06:02:28,677 [INFO] ApiDb:274 - Set plugin database path to: /opt/st/stm32cubeide_1.15.1/plugins/com.st.stm32cube.common.mx_6.11.1.202404110753//db//plugins/boardmanager/
2024-07-25 06:02:28,677 [INFO] ApiDb:261 - Set plugin images path to: /opt/st/stm32cubeide_1.15.1/plugins/com.st.stm32cube.common.mx_6.11.1.202404110753//db//plugins/mcufinder/images/
2024-07-25 06:02:28,677 [WARN] DbFile:41 - Overriding database path with different value: /home/poojaa/.stmcufinder/plugins/mcufinder/ => /home/poojaa/.stmcufinder/plugins/mcufinder
2024-07-25 06:02:28,677 [INFO] ApiDb:250 - Set database path to: /home/poojaa/.stmcufinder/plugins/mcufinder//mcu/
2024-07-25 06:02:28,678 [WARN] DbFile:41 - Overriding database path with different value: /home/poojaa/.stmcufinder/plugins/mcufinder/ => /home/poojaa/.stmcufinder/plugins/mcufinder
2024-07-25 06:02:28,678 [INFO] DbMcusAds:125 - Set database path to: /home/poojaa/.stmcufinder/plugins/mcufinder//mcu/
2024-07-25 06:02:28,678 [WARN] DbFile:41 - Overriding database path with different value: /home/poojaa/.stmcufinder/plugins/mcufinder/ => /home/poojaa/.stmcufinder/plugins/mcufinder
2024-07-25 06:02:28,678 [WARN] DbFile:41 - Overriding database path with different value: /home/poojaa/.stmcufinder/plugins/mcufinder/ => /home/poojaa/.stmcufinder/plugins/mcufinder
2024-07-25 06:02:28,678 [INFO] CrossReferenceDbSqlite:203 - Set database path to: /home/poojaa/.stmcufinder/plugins/mcufinder//mcu/cs/
2024-07-25 06:02:28,739 [INFO] MainPanel:264 - HeapMemory: 268435456
2024-07-25 06:02:28,805 [INFO] DbMcusXml:78 - Set database path to: /opt/st/stm32cubeide_1.15.1/plugins/com.st.stm32cube.common.mx_6.11.1.202404110753//db//mcu/
2024-07-25 06:02:28,805 [INFO] ApiDb:274 - Set plugin database path to: /opt/st/stm32cubeide_1.15.1/plugins/com.st.stm32cube.common.mx_6.11.1.202404110753//db//plugins/boardmanager/
2024-07-25 06:02:28,805 [INFO] ApiDb:261 - Set plugin images path to: /opt/st/stm32cubeide_1.15.1/plugins/com.st.stm32cube.common.mx_6.11.1.202404110753//db//plugins/mcufinder/images/
2024-07-25 06:02:28,805 [WARN] DbFile:41 - Overriding database path with different value: /home/poojaa/.stmcufinder/plugins/mcufinder/ => /home/poojaa/.stmcufinder/plugins/mcufinder
2024-07-25 06:02:28,805 [INFO] ApiDb:250 - Set database path to: /home/poojaa/.stmcufinder/plugins/mcufinder//mcu/
2024-07-25 06:02:28,805 [WARN] DbFile:41 - Overriding database path with different value: /home/poojaa/.stmcufinder/plugins/mcufinder/ => /home/poojaa/.stmcufinder/plugins/mcufinder
2024-07-25 06:02:28,805 [INFO] DbMcusAds:125 - Set database path to: /home/poojaa/.stmcufinder/plugins/mcufinder//mcu/
2024-07-25 06:02:28,805 [WARN] DbFile:41 - Overriding database path with different value: /home/poojaa/.stmcufinder/plugins/mcufinder/ => /home/poojaa/.stmcufinder/plugins/mcufinder
2024-07-25 06:02:28,805 [WARN] DbFile:41 - Overriding database path with different value: /home/poojaa/.stmcufinder/plugins/mcufinder/ => /home/poojaa/.stmcufinder/plugins/mcufinder
2024-07-25 06:02:28,805 [INFO] CrossReferenceDbSqlite:203 - Set database path to: /home/poojaa/.stmcufinder/plugins/mcufinder//mcu/cs/
2024-07-25 06:02:28,817 [INFO] ApplicationProperties:184 - Using Application install path: /opt/st/stm32cubeide_1.15.1/plugins/com.st.stm32cube.common.mx_6.11.1.202404110753
2024-07-25 06:02:28,818 [INFO] PluginManage:196 - Search for loadable plugins [exclusion list=, ]
2024-07-25 06:02:28,819 [INFO] PluginManage:310 - Check plugin analytics
2024-07-25 06:02:28,918 [INFO] AnalyticsPlugin:253 - Accepted Software Licenses: 
2024-07-25 06:02:28,918 [INFO] AnalyticsPlugin:255 - Accepted CMSIS Pack Licenses: 
2024-07-25 06:02:28,918 [INFO] AnalyticsPlugin:257 - Accepted Firmware Licenses: 
2024-07-25 06:02:28,919 [INFO] PluginManage:359 - Loaded plugin analytics (category:tool,tabindex:-1)
2024-07-25 06:02:28,919 [INFO] PluginManage:310 - Check plugin cadmodel
2024-07-25 06:02:28,941 [INFO] CADModel:105 - Init CAD model plugin
2024-07-25 06:02:28,942 [INFO] PluginManage:359 - Loaded plugin cadmodel (category:power,tabindex:5)
2024-07-25 06:02:28,942 [INFO] PluginManage:310 - Check plugin clock
2024-07-25 06:02:28,950 [INFO] PluginManage:359 - Loaded plugin clock (category:base,tabindex:2)
2024-07-25 06:02:28,950 [INFO] PluginManage:310 - Check plugin ddr
2024-07-25 06:02:28,951 [INFO] PluginManage:359 - Loaded plugin ddr (category:tool,tabindex:6)
2024-07-25 06:02:28,951 [INFO] PluginManage:310 - Check plugin filemanager
2024-07-25 06:02:29,067 [INFO] PluginManage:359 - Loaded plugin filemanager (category:base,tabindex:10)
2024-07-25 06:02:29,067 [INFO] PluginManage:310 - Check plugin ipmanager
2024-07-25 06:02:29,070 [INFO] PluginManage:359 - Loaded plugin ipmanager (category:base,tabindex:5)
2024-07-25 06:02:29,070 [INFO] PluginManage:310 - Check plugin lpbam
2024-07-25 06:02:29,078 [INFO] PluginManage:359 - Loaded plugin lpbam (category:base,tabindex:0)
2024-07-25 06:02:29,078 [INFO] PluginManage:310 - Check plugin memorymap
2024-07-25 06:02:29,086 [INFO] PluginManage:359 - Loaded plugin memorymap (category:base,tabindex:4)
2024-07-25 06:02:29,086 [INFO] PluginManage:310 - Check plugin pinoutandconfiguration
2024-07-25 06:02:29,093 [INFO] PluginManage:359 - Loaded plugin pinoutandconfiguration (category:base,tabindex:1)
2024-07-25 06:02:29,093 [INFO] PluginManage:310 - Check plugin pinoutconfig
2024-07-25 06:02:29,147 [WARN] SupportedApi:132 - Cannot load RTOS API schema: s4s-elt-must-match.1: The content of 'definitions' must match (annotation?, (simpleType | complexType)?, (unique | key | keyref)*)). A problem was found starting at: attribute.
2024-07-25 06:02:29,238 [INFO] PluginManage:359 - Loaded plugin pinoutconfig (category:base,tabindex:0)
2024-07-25 06:02:29,238 [INFO] PluginManage:310 - Check plugin power
2024-07-25 06:02:29,248 [INFO] PluginManage:359 - Loaded plugin power (category:power,tabindex:4)
2024-07-25 06:02:29,248 [INFO] PluginManage:310 - Check plugin projectmanager
2024-07-25 06:02:29,261 [INFO] PluginManage:359 - Loaded plugin projectmanager (category:projectmanager,tabindex:3)
2024-07-25 06:02:29,262 [INFO] PluginManage:310 - Check plugin thirdparty
2024-07-25 06:02:29,349 [INFO] PluginManage:359 - Loaded plugin thirdparty (category:base,tabindex:-1)
2024-07-25 06:02:29,349 [WARN] IntegrityCheckThread:84 - waiting for thirdparty lock release [integrity check]
2024-07-25 06:02:29,350 [INFO] PluginManage:310 - Check plugin tools
2024-07-25 06:02:29,350 [INFO] IntegrityCheckThread:86 - entering critical section [integrity check]
2024-07-25 06:02:29,350 [INFO] ThirdPartyUpdaterWithRetryManager:70 - Updater plugin not ready yet. [1/15]
2024-07-25 06:02:29,351 [INFO] PluginManage:359 - Loaded plugin tools (category:base,tabindex:7)
2024-07-25 06:02:29,351 [INFO] PluginManage:310 - Check plugin tutovideos
2024-07-25 06:02:29,463 [INFO] PluginManage:359 - Loaded plugin tutovideos (category:base,tabindex:-1)
2024-07-25 06:02:29,463 [INFO] PluginManage:310 - Check plugin updater
2024-07-25 06:02:29,472 [INFO] PluginManage:359 - Loaded plugin updater (category:base,tabindex:12)
2024-07-25 06:02:29,472 [INFO] PluginManage:310 - Check plugin userauth
2024-07-25 06:02:29,477 [INFO] UserAuth:114 - Init User Auth plugin
2024-07-25 06:02:29,477 [INFO] PluginManage:359 - Loaded plugin userauth (category:base,tabindex:14)
2024-07-25 06:02:29,477 [INFO] PluginManage:283 - PluginManage : Loaded plugins [17]
2024-07-25 06:02:29,616 [INFO] PinOutPanel:1561 - setPackage(No Configuration,No Configuration)
2024-07-25 06:02:29,664 [INFO] CADModel:165 - CPN selected for project level
2024-07-25 06:02:29,664 [INFO] CADModel:114 - Register for checkConnection events
2024-07-25 06:02:29,680 [INFO] IPUIPlugin:80 - create IPUIPlugin
2024-07-25 06:02:29,681 [INFO] PluginManager:220 - loadIPPluginJar : add adc
2024-07-25 06:02:29,683 [INFO] IPUIPlugin:80 - create IPUIPlugin
2024-07-25 06:02:29,683 [INFO] PluginManager:220 - loadIPPluginJar : add dma3
2024-07-25 06:02:29,685 [INFO] IPUIPlugin:80 - create IPUIPlugin
2024-07-25 06:02:29,685 [INFO] PluginManager:220 - loadIPPluginJar : add opamp
2024-07-25 06:02:29,687 [INFO] IPUIPlugin:80 - create IPUIPlugin
2024-07-25 06:02:29,687 [INFO] PluginManager:220 - loadIPPluginJar : add pdm2pcm
2024-07-25 06:02:29,689 [INFO] IPUIPlugin:80 - create IPUIPlugin
2024-07-25 06:02:29,689 [INFO] PluginManager:220 - loadIPPluginJar : add i2c
2024-07-25 06:02:29,691 [INFO] IPUIPlugin:80 - create IPUIPlugin
2024-07-25 06:02:29,691 [INFO] PluginManager:220 - loadIPPluginJar : add i2s
2024-07-25 06:02:29,693 [INFO] IPUIPlugin:80 - create IPUIPlugin
2024-07-25 06:02:29,693 [INFO] PluginManager:220 - loadIPPluginJar : add gfxmmu
2024-07-25 06:02:29,694 [INFO] IPUIPlugin:80 - create IPUIPlugin
2024-07-25 06:02:29,694 [INFO] PluginManager:220 - loadIPPluginJar : add quadspi
2024-07-25 06:02:29,699 [INFO] IPUIPlugin:80 - create IPUIPlugin
2024-07-25 06:02:29,699 [INFO] PluginManager:220 - loadIPPluginJar : add mdma
2024-07-25 06:02:29,702 [INFO] IPUIPlugin:80 - create IPUIPlugin
2024-07-25 06:02:29,702 [INFO] PluginManager:220 - loadIPPluginJar : add nvic
2024-07-25 06:02:29,707 [INFO] IPUIPlugin:80 - create IPUIPlugin
2024-07-25 06:02:29,707 [INFO] PluginManager:220 - loadIPPluginJar : add dma
2024-07-25 06:02:29,709 [INFO] IPUIPlugin:80 - create IPUIPlugin
2024-07-25 06:02:29,709 [INFO] PluginManager:220 - loadIPPluginJar : add aes
2024-07-25 06:02:29,714 [INFO] IPUIPlugin:80 - create IPUIPlugin
2024-07-25 06:02:29,714 [INFO] PluginManager:220 - loadIPPluginJar : add stm32_wpan
2024-07-25 06:02:29,716 [INFO] IPUIPlugin:80 - create IPUIPlugin
2024-07-25 06:02:29,716 [INFO] PluginManager:220 - loadIPPluginJar : add usart
2024-07-25 06:02:29,717 [INFO] IPUIPlugin:80 - create IPUIPlugin
2024-07-25 06:02:29,717 [INFO] PluginManager:220 - loadIPPluginJar : add genericplugin
2024-07-25 06:02:29,719 [INFO] IPUIPlugin:80 - create IPUIPlugin
2024-07-25 06:02:29,719 [INFO] PluginManager:220 - loadIPPluginJar : add openamp
2024-07-25 06:02:29,721 [INFO] IPUIPlugin:80 - create IPUIPlugin
2024-07-25 06:02:29,721 [INFO] PluginManager:220 - loadIPPluginJar : add ipddr
2024-07-25 06:02:29,722 [INFO] IPUIPlugin:80 - create IPUIPlugin
2024-07-25 06:02:29,722 [INFO] PluginManager:220 - loadIPPluginJar : add lorawan
2024-07-25 06:02:29,726 [INFO] IPUIPlugin:80 - create IPUIPlugin
2024-07-25 06:02:29,726 [INFO] PluginManager:220 - loadIPPluginJar : add gtzc
2024-07-25 06:02:29,729 [INFO] IPUIPlugin:80 - create IPUIPlugin
2024-07-25 06:02:29,730 [INFO] PluginManager:220 - loadIPPluginJar : add can
2024-07-25 06:02:29,731 [INFO] IPUIPlugin:80 - create IPUIPlugin
2024-07-25 06:02:29,731 [INFO] PluginManager:220 - loadIPPluginJar : add fatfs
2024-07-25 06:02:29,735 [INFO] IPUIPlugin:80 - create IPUIPlugin
2024-07-25 06:02:29,735 [INFO] PluginManager:220 - loadIPPluginJar : add gpio
2024-07-25 06:02:29,737 [INFO] IPUIPlugin:80 - create IPUIPlugin
2024-07-25 06:02:29,737 [INFO] PluginManager:220 - loadIPPluginJar : add ts
2024-07-25 06:02:29,739 [INFO] IPUIPlugin:80 - create IPUIPlugin
2024-07-25 06:02:29,739 [INFO] PluginManager:220 - loadIPPluginJar : add dfsdm
2024-07-25 06:02:29,746 [INFO] IPUIPlugin:80 - create IPUIPlugin
2024-07-25 06:02:29,746 [INFO] PluginManager:220 - loadIPPluginJar : add gic
2024-07-25 06:02:29,754 [INFO] IPUIPlugin:80 - create IPUIPlugin
2024-07-25 06:02:29,754 [INFO] PluginManager:220 - loadIPPluginJar : add linkedlist
2024-07-25 06:02:29,756 [INFO] IPUIPlugin:80 - create IPUIPlugin
2024-07-25 06:02:29,756 [INFO] PluginManager:220 - loadIPPluginJar : add tim
2024-07-25 06:02:29,758 [INFO] IPUIPlugin:80 - create IPUIPlugin
2024-07-25 06:02:29,759 [INFO] PluginManager:220 - loadIPPluginJar : add tracer_emb
2024-07-25 06:02:29,762 [INFO] IPUIPlugin:80 - create IPUIPlugin
2024-07-25 06:02:29,762 [INFO] PluginManager:220 - loadIPPluginJar : add extmemmanager
2024-07-25 06:02:29,766 [INFO] IPUIPlugin:80 - create IPUIPlugin
2024-07-25 06:02:29,767 [INFO] PluginManager:220 - loadIPPluginJar : add spi
2024-07-25 06:02:29,768 [INFO] IPUIPlugin:80 - create IPUIPlugin
2024-07-25 06:02:29,769 [INFO] PluginManager:220 - loadIPPluginJar : add comp
2024-07-25 06:02:29,771 [INFO] IPUIPlugin:80 - create IPUIPlugin
2024-07-25 06:02:29,772 [INFO] PluginManager:220 - loadIPPluginJar : add sai
2024-07-25 06:02:29,774 [INFO] IPUIPlugin:80 - create IPUIPlugin
2024-07-25 06:02:29,774 [INFO] PluginManager:220 - loadIPPluginJar : add ucpd
2024-07-25 06:02:29,776 [INFO] IPUIPlugin:80 - create IPUIPlugin
2024-07-25 06:02:29,776 [INFO] PluginManager:220 - loadIPPluginJar : add ltdc
2024-07-25 06:02:29,780 [INFO] IPUIPlugin:80 - create IPUIPlugin
2024-07-25 06:02:29,780 [INFO] PluginManager:220 - loadIPPluginJar : add touchsensing
2024-07-25 06:02:29,788 [INFO] IPUIPlugin:80 - create IPUIPlugin
2024-07-25 06:02:29,791 [INFO] PluginManager:220 - loadIPPluginJar : add plateformsettings
2024-07-25 06:02:29,796 [INFO] IPUIPlugin:80 - create IPUIPlugin
2024-07-25 06:02:29,796 [INFO] PluginManager:220 - loadIPPluginJar : add resmgrutility
2024-07-25 06:02:29,798 [INFO] IPUIPlugin:80 - create IPUIPlugin
2024-07-25 06:02:29,798 [INFO] PluginManager:220 - loadIPPluginJar : add cryp
2024-07-25 06:02:29,802 [INFO] IPUIPlugin:80 - create IPUIPlugin
2024-07-25 06:02:29,803 [INFO] PluginManager:220 - loadIPPluginJar : add fmc
2024-07-25 06:02:29,804 [INFO] IPUIPlugin:80 - create IPUIPlugin
2024-07-25 06:02:29,804 [INFO] PluginManager:220 - loadIPPluginJar : add tsc
2024-07-25 06:02:29,806 [INFO] IPUIPlugin:80 - create IPUIPlugin
2024-07-25 06:02:29,806 [INFO] PluginManager:220 - loadIPPluginJar : add hash
2024-07-25 06:02:29,812 [INFO] IPUIPlugin:80 - create IPUIPlugin
2024-07-25 06:02:29,812 [INFO] PluginManager:220 - loadIPPluginJar : add freertos
2024-07-25 06:02:29,814 [INFO] IPUIPlugin:80 - create IPUIPlugin
2024-07-25 06:02:29,815 [INFO] PluginManager:220 - loadIPPluginJar : add usbx
2024-07-25 06:02:29,816 [INFO] IPUIPlugin:80 - create IPUIPlugin
2024-07-25 06:02:29,816 [INFO] PluginManager:220 - loadIPPluginJar : add i3c
2024-07-25 06:02:29,924 [INFO] CADModel:165 - CPN selected for project level
2024-07-25 06:02:29,924 [INFO] CADModel:114 - Register for checkConnection events
2024-07-25 06:02:29,925 [FATAL] Updater:308 - Updater called before beeing initialized
2024-07-25 06:02:29,925 [ERROR] CADModel:125 - Updater not yet initialized, retry later 
2024-07-25 06:02:30,023 [INFO] CADModel:165 - CPN selected for project level
2024-07-25 06:02:30,023 [INFO] CADModel:114 - Register for checkConnection events
2024-07-25 06:02:30,023 [FATAL] Updater:308 - Updater called before beeing initialized
2024-07-25 06:02:30,024 [ERROR] CADModel:125 - Updater not yet initialized, retry later 
2024-07-25 06:02:30,027 [FATAL] Updater:308 - Updater called before beeing initialized
2024-07-25 06:02:30,081 [FATAL] Updater:308 - Updater called before beeing initialized
2024-07-25 06:02:30,084 [INFO] DbMcusAds:53 - JSON generation date=Thu May 16 14:52:00 IST 2024 (1715851320667)
2024-07-25 06:02:30,084 [FATAL] Updater:308 - Updater called before beeing initialized
2024-07-25 06:02:30,107 [WARN] DetailPanel:346 - Failed to get advertising image, set to default
2024-07-25 06:02:30,163 [FATAL] Updater:308 - Updater called before beeing initialized
2024-07-25 06:02:30,164 [FATAL] Updater:308 - Updater called before beeing initialized
2024-07-25 06:02:30,164 [FATAL] Updater:308 - Updater called before beeing initialized
2024-07-25 06:02:30,164 [WARN] DetailPanel:346 - Failed to get advertising image, set to default
2024-07-25 06:02:30,165 [FATAL] Updater:308 - Updater called before beeing initialized
2024-07-25 06:02:30,186 [ERROR] Updater:1120 - MainUpdater not yet initialized. External WinMGr cannot be set.
2024-07-25 06:02:30,187 [INFO] Updater:1056 - Updater Version found : 6.11.1
2024-07-25 06:02:30,203 [INFO] ApplicationProperties:184 - Using Application install path: /opt/st/stm32cubeide_1.15.1/plugins/com.st.stm32cube.common.mx_6.11.1.202404110753
2024-07-25 06:02:30,439 [INFO] MainUpdater:2873 - connection check result : 10
2024-07-25 06:02:30,440 [INFO] MainUpdater:3567 - Updater definition file requires update
2024-07-25 06:02:30,440 [INFO] MainUpdater:290 - Updater Check For Update Now.
2024-07-25 06:02:30,440 [INFO] MicroXplorer:498 - Change Database Version : DB.6.0.111
2024-07-25 06:02:30,446 [INFO] McuFinderGlobals:63 - Set McuFinder mode to 2 (CubeIDE integrated)
2024-07-25 06:02:30,447 [INFO] UserAuth:179 - activating auth plugin
2024-07-25 06:02:30,449 [INFO] UserAuth:415 - Internet connection configuration mode: 1
2024-07-25 06:02:30,461 [INFO] JxBrowserEngine:152 - Initiate JxBrowser Engine with user profile folder
2024-07-25 06:02:30,536 [INFO] ServerAccessManage:473 - Download File updaters.zip
2024-07-25 06:02:30,800 [INFO] FileExtend:240 - Unzip File : updaters.zip
2024-07-25 06:02:30,800 [INFO] FileExtend:255 - Standard Zip Deflate
2024-07-25 06:02:31,096 [INFO] ServerAccessManage:473 - Download File PacksControlFlags.xml
2024-07-25 06:02:31,270 [INFO] WebApp:161 - Instantiating new browser for Auth
2024-07-25 06:02:31,336 [INFO] ServerAccessManage:473 - Download File cubemx.pidx
2024-07-25 06:02:31,833 [INFO] WebApp:779 - Register for checkConnection events
2024-07-25 06:02:31,833 [INFO] WebApp:414 - Apply proxy settings
2024-07-25 06:02:31,833 [INFO] WebApp:499 - Chromium requires no authentication
2024-07-25 06:02:31,837 [INFO] WebApp:442 - Direct internet connection detected
2024-07-25 06:02:31,938 [INFO] WebApp:192 - Starting web application
2024-07-25 06:02:31,938 [INFO] WebApp:544 - Web application path used /opt/st/stm32cubeide_1.15.1/plugins/com.st.stm32cube.common.mx_6.11.1.202404110753/db/plugins/mcufinder/reactClient1/index.html
2024-07-25 06:02:32,351 [WARN] MainUpdater:1194 - Updater busy. Cannot search thirdparties
2024-07-25 06:02:32,352 [INFO] ThirdPartyUpdaterWithRetryManager:96 - Updater plugin is busy. [1/15]
2024-07-25 06:02:32,364 [INFO] ServerAccessManage:473 - Download File STMicroelectronics.FP-SNS-STBOX1.pdsc
2024-07-25 06:02:32,950 [INFO] ServerAccessManage:473 - Download File STMicroelectronics.X-CUBE-TOF1.pdsc
2024-07-25 06:02:34,509 [ERROR] ServerAccessManage:1089 - Problem, file not found on Server
2024-07-25 06:02:35,352 [WARN] MainUpdater:1194 - Updater busy. Cannot search thirdparties
2024-07-25 06:02:35,353 [INFO] ThirdPartyUpdaterWithRetryManager:96 - Updater plugin is busy. [2/15]
2024-07-25 06:02:36,935 [INFO] ServerAccessManage:473 - Download File wolfSSL.I-CUBE-wolfSSH.pdsc
2024-07-25 06:02:38,353 [WARN] MainUpdater:1194 - Updater busy. Cannot search thirdparties
2024-07-25 06:02:38,354 [INFO] ThirdPartyUpdaterWithRetryManager:96 - Updater plugin is busy. [3/15]
2024-07-25 06:02:39,000 [WARN] PackLoader:240 - Cannot read IP mode file for STMicroelectronics.FP-SNS-STBOX1.2.0.0
2024-07-25 06:02:39,038 [WARN] PackLoader:240 - Cannot read IP mode file for STMicroelectronics.X-CUBE-TOF1.3.4.2
2024-07-25 06:02:39,067 [WARN] PackLoader:240 - Cannot read IP mode file for wolfSSL.I-CUBE-wolfSSH.1.4.17
2024-07-25 06:02:39,068 [INFO] PopulateThirdPartyThread:66 - Ending populate Thread
2024-07-25 06:02:39,070 [INFO] ThirdParty:1030 - CMSIS Pack Vendor :STMicroelectronics FP-SNS-STBOX1 2.0.0
2024-07-25 06:02:39,070 [INFO] ThirdParty:1030 - CMSIS Pack Vendor :STMicroelectronics X-CUBE-TOF1 3.4.2
2024-07-25 06:02:39,070 [INFO] ThirdParty:1030 - CMSIS Pack Vendor :wolfSSL I-CUBE-wolfSSH 1.4.17
2024-07-25 06:02:39,070 [INFO] LoadServerUpdatesThread:375 - End of LoadServerUpdate Thread
2024-07-25 06:02:39,126 [INFO] CheckServerUpdateThread:120 - End of CheckServer Thread
2024-07-25 06:02:41,420 [WARN] PackLoader:240 - Cannot read IP mode file for STMicroelectronics.FP-SNS-MOTENVWB1.1.4.0
2024-07-25 06:02:41,426 [WARN] PackLoader:240 - Cannot read IP mode file for STMicroelectronics.X-CUBE-SMBUS.2.1.0
2024-07-25 06:02:41,449 [WARN] PackLoader:240 - Cannot read IP mode file for STMicroelectronics.X-CUBE-AZRTOS-F7.1.1.0
2024-07-25 06:02:41,456 [WARN] PackLoader:240 - Cannot read IP mode file for STMicroelectronics.FP-SNS-FLIGHT1.5.0.2
2024-07-25 06:02:41,462 [WARN] PackLoader:240 - Cannot read IP mode file for STMicroelectronics.X-CUBE-DISPLAY.3.0.0
2024-07-25 06:02:41,472 [WARN] PackLoader:240 - Cannot read IP mode file for STMicroelectronics.X-CUBE-BLE1.7.0.0
2024-07-25 06:02:41,477 [WARN] PackLoader:240 - Cannot read IP mode file for emotas.I-CUBE-CANOPEN.1.3.0
2024-07-25 06:02:41,488 [WARN] PackLoader:240 - Cannot read IP mode file for STMicroelectronics.X-CUBE-BLEMGR.3.1.0
2024-07-25 06:02:41,496 [WARN] PackLoader:240 - Cannot read IP mode file for STMicroelectronics.FP-SNS-SMARTAG2.1.2.0
2024-07-25 06:02:41,504 [INFO] LogOutputStream:77 - [STDOUT_REDIRECT] 1 : Invalid condition id : UX_CORESTACK_Condition cause : null
2024-07-25 06:02:41,505 [INFO] LogOutputStream:77 - [STDOUT_REDIRECT] 1 : Invalid condition id : UX_CORESTACK_Condition cause : null
2024-07-25 06:02:41,505 [INFO] LogOutputStream:77 - [STDOUT_REDIRECT] 1 : Invalid condition id : UX_CORESTACK_Condition cause : null
2024-07-25 06:02:41,505 [INFO] LogOutputStream:77 - [STDOUT_REDIRECT] 1 : Invalid condition id : UX_CORESTACK_Condition cause : null
2024-07-25 06:02:41,506 [INFO] LogOutputStream:77 - [STDOUT_REDIRECT] 1 : Invalid condition id : UX_CORESTACK_Condition cause : null
2024-07-25 06:02:41,511 [WARN] PackLoader:240 - Cannot read IP mode file for STMicroelectronics.X-CUBE-AZRTOS-WL.2.0.0
2024-07-25 06:02:41,518 [WARN] PackLoader:240 - Cannot read IP mode file for STMicroelectronics.FP-SNS-MOTENV1.5.0.0
2024-07-25 06:02:41,523 [WARN] PackLoader:240 - Cannot read IP mode file for wolfSSL.I-CUBE-wolfMQTT.1.19.0
2024-07-25 06:02:41,531 [WARN] PackLoader:240 - Cannot read IP mode file for WES.I-CUBE-Cesium.1.3.0
2024-07-25 06:02:41,535 [WARN] PackLoader:240 - Cannot read IP mode file for STMicroelectronics.X-CUBE-BLE2.3.3.0
2024-07-25 06:02:41,540 [WARN] PackLoader:240 - Cannot read IP mode file for STMicroelectronics.X-CUBE-TCPP.4.1.0
2024-07-25 06:02:41,561 [WARN] PackLoader:240 - Cannot read IP mode file for STMicroelectronics.X-CUBE-AZRTOS-G0.1.1.0
2024-07-25 06:02:41,568 [WARN] PackLoader:240 - Cannot read IP mode file for STMicroelectronics.X-CUBE-SAFEA1.1.2.2
2024-07-25 06:02:41,574 [WARN] PackLoader:240 - Cannot read IP mode file for STMicroelectronics.X-CUBE-NFC4.3.0.0
2024-07-25 06:02:41,586 [WARN] PackLoader:240 - Cannot read IP mode file for EmbeddedOffice.I-CUBE-FS-RTOS.1.0.1
2024-07-25 06:02:41,586 [ERROR] ConditionMgr:805 - Attr not supported : Dmpu
2024-07-25 06:02:41,587 [ERROR] ConditionMgr:805 - Attr not supported : Dmpu
2024-07-25 06:02:41,587 [ERROR] ConditionMgr:805 - Attr not supported : Dmpu
2024-07-25 06:02:41,587 [ERROR] ConditionMgr:805 - Attr not supported : Dmpu
2024-07-25 06:02:41,587 [ERROR] ConditionMgr:805 - Attr not supported : Dmpu
2024-07-25 06:02:41,587 [ERROR] ConditionMgr:805 - Attr not supported : Dmpu
2024-07-25 06:02:41,587 [ERROR] ConditionMgr:805 - Attr not supported : Dmpu
2024-07-25 06:02:41,587 [ERROR] ConditionMgr:805 - Attr not supported : Dmpu
2024-07-25 06:02:41,587 [ERROR] ConditionMgr:805 - Attr not supported : Dmpu
2024-07-25 06:02:41,587 [ERROR] ConditionMgr:805 - Attr not supported : Dmpu
2024-07-25 06:02:41,587 [ERROR] ConditionMgr:805 - Attr not supported : Dmpu
2024-07-25 06:02:41,587 [ERROR] ConditionMgr:805 - Attr not supported : Dmpu
2024-07-25 06:02:41,587 [ERROR] ConditionMgr:805 - Attr not supported : Dmpu
2024-07-25 06:02:41,587 [ERROR] ConditionMgr:805 - Attr not supported : Dmpu
2024-07-25 06:02:41,588 [ERROR] ConditionMgr:805 - Attr not supported : Dmpu
2024-07-25 06:02:41,588 [ERROR] ConditionMgr:805 - Attr not supported : Dmpu
2024-07-25 06:02:41,588 [ERROR] ConditionMgr:805 - Attr not supported : Dmpu
2024-07-25 06:02:41,588 [ERROR] ConditionMgr:805 - Attr not supported : Dmpu
2024-07-25 06:02:41,588 [ERROR] ConditionMgr:805 - Attr not supported : Dmpu
2024-07-25 06:02:41,588 [ERROR] ConditionMgr:805 - Attr not supported : Dmpu
2024-07-25 06:02:41,588 [ERROR] ConditionMgr:805 - Attr not supported : Dmpu
2024-07-25 06:02:41,588 [ERROR] ConditionMgr:805 - Attr not supported : Dmpu
2024-07-25 06:02:41,588 [ERROR] ConditionMgr:805 - Attr not supported : Dmpu
2024-07-25 06:02:41,588 [ERROR] ConditionMgr:805 - Attr not supported : Dmpu
2024-07-25 06:02:41,588 [ERROR] ConditionMgr:805 - Attr not supported : Dmpu
2024-07-25 06:02:41,588 [ERROR] ConditionMgr:805 - Attr not supported : Dmpu
2024-07-25 06:02:41,588 [ERROR] ConditionMgr:805 - Attr not supported : Dmpu
2024-07-25 06:02:41,588 [ERROR] ConditionMgr:805 - Attr not supported : Dmpu
2024-07-25 06:02:41,588 [ERROR] ConditionMgr:805 - Attr not supported : Dmpu
2024-07-25 06:02:41,588 [ERROR] ConditionMgr:805 - Attr not supported : Dmpu
2024-07-25 06:02:41,589 [ERROR] ConditionMgr:805 - Attr not supported : Dmpu
2024-07-25 06:02:41,589 [ERROR] ConditionMgr:805 - Attr not supported : Dmpu
2024-07-25 06:02:41,589 [ERROR] ConditionMgr:805 - Attr not supported : Dmpu
2024-07-25 06:02:41,589 [ERROR] ConditionMgr:805 - Attr not supported : Dmpu
2024-07-25 06:02:41,589 [ERROR] ConditionMgr:805 - Attr not supported : Dmpu
2024-07-25 06:02:41,589 [ERROR] ConditionMgr:805 - Attr not supported : Dmpu
2024-07-25 06:02:41,589 [ERROR] ConditionMgr:805 - Attr not supported : Dmpu
2024-07-25 06:02:41,589 [ERROR] ConditionMgr:805 - Attr not supported : Dmpu
2024-07-25 06:02:41,589 [ERROR] ConditionMgr:805 - Attr not supported : Dmpu
2024-07-25 06:02:41,589 [ERROR] ConditionMgr:805 - Attr not supported : Dmpu
2024-07-25 06:02:41,589 [ERROR] ConditionMgr:805 - Attr not supported : Dmpu
2024-07-25 06:02:41,589 [ERROR] ConditionMgr:805 - Attr not supported : Dmpu
2024-07-25 06:02:41,589 [ERROR] ConditionMgr:805 - Attr not supported : Dmpu
2024-07-25 06:02:41,590 [ERROR] ConditionMgr:805 - Attr not supported : Dmpu
2024-07-25 06:02:41,590 [ERROR] ConditionMgr:805 - Attr not supported : Dmpu
2024-07-25 06:02:41,590 [ERROR] ConditionMgr:805 - Attr not supported : Dmpu
2024-07-25 06:02:41,590 [ERROR] ConditionMgr:805 - Attr not supported : Dmpu
2024-07-25 06:02:41,590 [ERROR] ConditionMgr:805 - Attr not supported : Dmpu
2024-07-25 06:02:41,590 [ERROR] ConditionMgr:805 - Attr not supported : Dmpu
2024-07-25 06:02:41,590 [ERROR] ConditionMgr:805 - Attr not supported : Dmpu
2024-07-25 06:02:41,590 [ERROR] ConditionMgr:805 - Attr not supported : Dmpu
2024-07-25 06:02:41,590 [ERROR] ConditionMgr:805 - Attr not supported : Dmpu
2024-07-25 06:02:41,590 [ERROR] ConditionMgr:805 - Attr not supported : Dmpu
2024-07-25 06:02:41,590 [ERROR] ConditionMgr:805 - Attr not supported : Dmpu
2024-07-25 06:02:41,591 [ERROR] ConditionMgr:805 - Attr not supported : Dmpu
2024-07-25 06:02:41,591 [ERROR] ConditionMgr:805 - Attr not supported : Dmpu
2024-07-25 06:02:41,591 [ERROR] ConditionMgr:805 - Attr not supported : Dmpu
2024-07-25 06:02:41,591 [ERROR] ConditionMgr:805 - Attr not supported : Dmpu
2024-07-25 06:02:41,591 [ERROR] ConditionMgr:805 - Attr not supported : Dmpu
2024-07-25 06:02:41,591 [ERROR] ConditionMgr:805 - Attr not supported : Dmpu
2024-07-25 06:02:41,591 [ERROR] ConditionMgr:805 - Attr not supported : Dmpu
2024-07-25 06:02:41,591 [ERROR] ConditionMgr:805 - Attr not supported : Dmpu
2024-07-25 06:02:41,591 [ERROR] ConditionMgr:805 - Attr not supported : Dmpu
2024-07-25 06:02:41,591 [ERROR] ConditionMgr:805 - Attr not supported : Dmpu
2024-07-25 06:02:41,597 [WARN] PackLoader:240 - Cannot read IP mode file for RealThread.X-CUBE-RT-Thread_Nano.4.1.1
2024-07-25 06:02:41,600 [WARN] PackLoader:240 - Cannot read IP mode file for wolfSSL.I-CUBE-wolfSSL.5.7.0
2024-07-25 06:02:41,603 [WARN] PackLoader:240 - Cannot read IP mode file for STMicroelectronics.FP-ATR-SIGFOX1.3.2.0
2024-07-25 06:02:41,609 [WARN] PackLoader:240 - Cannot read IP mode file for STMicroelectronics.X-CUBE-EEPRMA1.5.1.0
2024-07-25 06:02:41,617 [WARN] PackLoader:240 - Cannot read IP mode file for ITTIA_DB.I-CUBE-ITTIADB.8.9.0
2024-07-25 06:02:41,653 [WARN] PackLoader:240 - Cannot read IP mode file for SEGGER.I-CUBE-embOS.1.3.1
2024-07-25 06:02:41,693 [WARN] PackLoader:240 - Cannot read IP mode file for STMicroelectronics.X-CUBE-ALGOBUILD.1.4.0
2024-07-25 06:02:41,698 [WARN] PackLoader:240 - Cannot read IP mode file for STMicroelectronics.X-CUBE-GNSS1.6.0.0
2024-07-25 06:02:41,713 [WARN] PackLoader:240 - Cannot read IP mode file for STMicroelectronics.X-CUBE-AZRTOS-F4.1.1.0
2024-07-25 06:02:41,723 [WARN] PackLoader:240 - Cannot read IP mode file for STMicroelectronics.X-CUBE-FREERTOS.1.2.0
2024-07-25 06:02:41,733 [WARN] PackLoader:240 - Cannot read IP mode file for STMicroelectronics.X-CUBE-AZRTOS-L5.2.0.0
2024-07-25 06:02:41,738 [WARN] PackLoader:240 - Cannot read IP mode file for STMicroelectronics.X-CUBE-NFC6.3.1.0
2024-07-25 06:02:41,742 [WARN] PackLoader:240 - Cannot read IP mode file for STMicroelectronics.X-CUBE-DPower.1.2.0
2024-07-25 06:02:41,745 [WARN] PackLoader:240 - Cannot read IP mode file for STMicroelectronics.X-CUBE-AI.9.0.0
2024-07-25 06:02:41,748 [WARN] PackLoader:240 - Cannot read IP mode file for STMicroelectronics.X-CUBE-NFC7.1.0.1
2024-07-25 06:02:41,751 [WARN] PackLoader:240 - Cannot read IP mode file for wolfSSL.I-CUBE-wolfTPM.3.2.0
2024-07-25 06:02:41,759 [WARN] ConditionMgr:438 - getConditionDescription Invalid condition id : LAN8742 Phy interface Condition cause : null
2024-07-25 06:02:41,760 [WARN] PackLoader:240 - Cannot read IP mode file for STMicroelectronics.X-CUBE-AZRTOS-L4.2.0.0
2024-07-25 06:02:41,761 [WARN] ConditionMgr:1039 - genDependencies : Invalid condition id : LAN8742 Phy interface Condition cause : null
2024-07-25 06:02:41,761 [WARN] ConditionMgr:1039 - genDependencies : Invalid condition id : LAN8742 Phy interface Condition cause : null
2024-07-25 06:02:41,761 [WARN] ConditionMgr:1039 - genDependencies : Invalid condition id : LAN8742 Phy interface Condition cause : null
2024-07-25 06:02:41,765 [WARN] PackLoader:240 - Cannot read IP mode file for STMicroelectronics.X-CUBE-SFXS2LP1.4.0.0
2024-07-25 06:02:41,771 [WARN] ConditionMgr:438 - getConditionDescription Invalid condition id : UX DEVICE CLASS RTOS Condition cause : null
2024-07-25 06:02:41,772 [WARN] ConditionMgr:438 - getConditionDescription Invalid condition id : UX DEVICE CLASS RTOS Condition cause : null
2024-07-25 06:02:41,773 [WARN] PackLoader:240 - Cannot read IP mode file for STMicroelectronics.X-CUBE-AZRTOS-WB.2.0.0
2024-07-25 06:02:41,773 [WARN] ConditionMgr:1039 - genDependencies : Invalid condition id : UX DEVICE CLASS RTOS Condition cause : null
2024-07-25 06:02:41,773 [WARN] ConditionMgr:1039 - genDependencies : Invalid condition id : UX DEVICE CLASS RTOS Condition cause : null
2024-07-25 06:02:41,773 [WARN] ConditionMgr:1039 - genDependencies : Invalid condition id : UX DEVICE CLASS RTOS Condition cause : null
2024-07-25 06:02:41,773 [WARN] ConditionMgr:1039 - genDependencies : Invalid condition id : UX DEVICE CLASS RTOS Condition cause : null
2024-07-25 06:02:41,773 [WARN] ConditionMgr:1039 - genDependencies : Invalid condition id : UX DEVICE CLASS RTOS Condition cause : null
2024-07-25 06:02:41,776 [WARN] PackLoader:240 - Cannot read IP mode file for STMicroelectronics.FP-SNS-STBOX1.2.0.0
2024-07-25 06:02:41,783 [WARN] PackLoader:240 - Cannot read IP mode file for STMicroelectronics.X-CUBE-SUBG2.5.0.0
2024-07-25 06:02:41,787 [WARN] PackLoader:240 - Cannot read IP mode file for Cesanta.I-CUBE-Mongoose.7.13.0
2024-07-25 06:02:41,795 [WARN] PackLoader:240 - Cannot read IP mode file for STMicroelectronics.X-CUBE-AZRTOS-G4.2.0.0
2024-07-25 06:02:41,799 [WARN] PackLoader:240 - Cannot read IP mode file for STMicroelectronics.X-CUBE-ISPU.2.0.0
2024-07-25 06:02:41,801 [WARN] PackLoader:240 - Cannot read IP mode file for STMicroelectronics.X-CUBE-ALS.1.0.2
2024-07-25 06:02:41,822 [WARN] PackLoader:240 - Cannot read IP mode file for STMicroelectronics.X-CUBE-MEMS1.10.0.0
2024-07-25 06:02:41,882 [WARN] PackLoader:240 - Cannot read IP mode file for STMicroelectronics.X-CUBE-TOUCHGFX.4.24.0
2024-07-25 06:02:41,884 [WARN] PackLoader:240 - Cannot read IP mode file for portGmbH.I-Cube-SoM-uGOAL.1.1.0
2024-07-25 06:02:41,893 [WARN] PackLoader:240 - Cannot read IP mode file for STMicroelectronics.X-CUBE-AZRTOS-H7RS.1.0.0
2024-07-25 06:02:41,897 [WARN] PackLoader:240 - Cannot read IP mode file for STMicroelectronics.FP-ATR-ASTRA1.2.0.0
2024-07-25 06:02:41,901 [WARN] PackLoader:240 - Cannot read IP mode file for STMicroelectronics.X-CUBE-TOF1.3.4.2
2024-07-25 06:02:41,911 [WARN] PackLoader:240 - Cannot read IP mode file for STMicroelectronics.X-CUBE-TOF1.3.4.1
2024-07-25 06:02:41,925 [WARN] PackLoader:240 - Cannot read IP mode file for STMicroelectronics.X-CUBE-AZRTOS-H7.3.2.0
2024-07-25 06:02:41,933 [WARN] PackLoader:240 - Cannot read IP mode file for Infineon.AIROC-Wi-Fi-Bluetooth-STM32.1.6.0
2024-07-25 06:02:41,937 [WARN] PackLoader:240 - Cannot read IP mode file for wolfSSL.I-CUBE-wolfSSH.1.4.17
2024-07-25 06:02:41,938 [INFO] ThirdParty:978 - Integrity check success = true
2024-07-25 06:02:41,938 [INFO] IntegrityCheckThread:100 - exiting critical section [integrity check]
2024-07-25 06:02:41,938 [INFO] IntegrityCheckThread:103 - End integrity checks thread
2024-07-25 06:07:00,548 [INFO] McuFinderGlobals:63 - Set McuFinder mode to 2 (CubeIDE integrated)
2024-07-25 06:07:00,549 [INFO] MainUpdater:2873 - connection check result : 10
2024-07-25 06:07:00,550 [INFO] McuFinderGlobals:76 - Set McuFinderConnectedMode to true
2024-07-25 06:07:01,293 [INFO] ServerAccessManage:473 - Download File mcusAds.json._tmp_
2024-07-25 06:07:01,407 [INFO] LoadUrlFilesThread:156 - End of LoadUrlFiles Thread
2024-07-25 06:07:02,254 [INFO] ServerAccessManage:473 - Download File cube-finder-db.zip
2024-07-25 06:07:22,527 [INFO] FileExtend:240 - Unzip File : cube-finder-db.zip
2024-07-25 06:07:22,528 [INFO] FileExtend:255 - Standard Zip Deflate
2024-07-25 06:07:23,031 [INFO] LoadUrlFilesThread:156 - End of LoadUrlFiles Thread
2024-07-25 06:07:24,022 [INFO] ServerAccessManage:473 - Download File crdb.zip
2024-07-25 06:07:25,976 [INFO] FileExtend:240 - Unzip File : crdb.zip
2024-07-25 06:07:25,977 [INFO] FileExtend:255 - Standard Zip Deflate
2024-07-25 06:07:26,101 [INFO] LoadUrlFilesThread:156 - End of LoadUrlFiles Thread
2024-07-25 06:07:26,381 [INFO] ServerAccessManage:473 - Download File tutoVideoDB.zip
2024-07-25 06:07:26,497 [INFO] FileExtend:240 - Unzip File : tutoVideoDB.zip
2024-07-25 06:07:26,497 [INFO] FileExtend:255 - Standard Zip Deflate
2024-07-25 06:07:26,605 [INFO] LoadUrlFilesThread:156 - End of LoadUrlFiles Thread
2024-07-25 06:07:26,609 [WARN] DbFile:41 - Overriding database path with different value: /home/poojaa/.stmcufinder/plugins/mcufinder/ => /home/poojaa/.stmcufinder/plugins/mcufinder
2024-07-25 06:07:26,927 [INFO] ServerAccessManage:473 - Download File api_config.json
2024-07-25 06:07:27,040 [INFO] LoadUrlFilesThread:156 - End of LoadUrlFiles Thread
2024-07-25 06:07:27,041 [INFO] DbMcusAds:53 - JSON generation date=Thu May 16 14:52:00 IST 2024 (1715851320667)
2024-07-25 06:07:27,058 [INFO] LoadUrlFilesThread:185 - End of LoadServerUrlFiles without Thread
2024-07-25 06:07:27,058 [INFO] TargetSelectorAdapter:259 - Refresh data is successful
2024-07-25 06:07:27,128 [INFO] ApiDb:581 - Connected to CubeFinder SQLite database (/home/poojaa/.stmcufinder/plugins/mcufinder/mcu/cube-finder-db.db)
2024-07-25 06:07:27,150 [INFO] ApiDb:668 - CubeFinder database Data Model version=2.1
2024-07-25 06:07:27,150 [INFO] ApiDb:669 - CubeFinder database Configuration version=3.0.39
2024-07-25 06:07:27,150 [INFO] ApiDb:670 - CubeFinder database generation date=2024-06-20 (1718880634)
2024-07-25 06:07:27,150 [INFO] ApiDb:671 - CubeFinder database FW Pack versions=[FP-ATR-ASTRA1_V2.0.0, FP-SNS-FLIGHT1_V5.0.2, FP-SNS-MOTENV1_V5.0.0, FP-SNS-MOTENVWB1_V1.4.0, FP-SNS-SMARTAG2_V1.2.0, STM32Cube_FW_C0_V1.2.0, STM32Cube_FW_F4_V1.28.0, STM32Cube_FW_F7_V1.17.2, STM32Cube_FW_G0_V1.6.2, STM32Cube_FW_G4_V1.6.0, STM32Cube_FW_H5_V1.3.0, STM32Cube_FW_H7RS_V1.1.0, STM32Cube_FW_H7_V1.11.2, STM32Cube_FW_L0_V1.12.2, STM32Cube_FW_L5_V1.5.1, STM32Cube_FW_U0_V1.1.0, STM32Cube_FW_U5_V1.6.0, STM32Cube_FW_WB0_V1.0.0, STM32Cube_FW_WBA_V1.4.0, STM32Cube_FW_WB_V1.20.0, STM32Cube_FW_WL_V1.3.0, X-CUBE-ALGOBUILD_V1.4.0, X-CUBE-ALS_V1.0.2, X-CUBE-AZRTOS-F4_V1.1.0, X-CUBE-AZRTOS-F7_V1.1.0, X-CUBE-AZRTOS-G0_V1.1.0, X-CUBE-AZRTOS-G4_V2.0.0, X-CUBE-AZRTOS-H7RS_V1.0.0, X-CUBE-AZRTOS-H7_V3.2.0, X-CUBE-AZRTOS-L4_V2.0.0, X-CUBE-AZRTOS-L5_V1.1.0, X-CUBE-AZRTOS-WB_V2.0.0, X-CUBE-AZRTOS-WL_V2.0.0, X-CUBE-BLE1_V7.0.0, X-CUBE-BLE2_V3.3.0, X-CUBE-BLEMGR_V3.1.0, X-CUBE-EEPRMA1_V5.1.0, X-CUBE-FREERTOS_V1.2.0, X-CUBE-GNSS1_V6.0.0, X-CUBE-MEMS1_V10.0.0, X-CUBE-NFC4_V3.0.0, X-CUBE-NFC7_V1.0.1, X-CUBE-SFXS2LP1_V4.0.0, X-CUBE-SUBG2_V5.0.0, X-CUBE-TOF1_V3.4.1]
2024-07-25 06:07:28,252 [INFO] ApiDb:240 - Found 483 in-development CPN: [B-G473E-ZEST1S, B-WB1M-WPAN1, B-WL5M-SUBG1, NUCLEO-C031C6, NUCLEO-H503RB, NUCLEO-H533RE, NUCLEO-H563ZI, NUCLEO-H7S3L8, NUCLEO-U031R8, NUCLEO-U083RC, NUCLEO-U545RE-Q, NUCLEO-U5A5ZJ-Q, NUCLEO-WBA52CG, NUCLEO-WBA55CG, STEVAL-PROTEUS1, STEVAL-SMARTAG2, STEVAL-STWINBX1, STM320518-EVAL, STM32C0116-DK, STM32C011D6Y3TR, STM32C011D6Y6TR, STM32C011F4P3, STM32C011F4P6, STM32C011F4U3, STM32C011F4U6TR, STM32C011F6P3, STM32C011F6P6, STM32C011F6U3, STM32C011F6U6TR, STM32C011J4M3, STM32C011J4M6, STM32C011J6M3, STM32C011J6M6, STM32C0316-DK, STM32C031C4T3, STM32C031C4T6, STM32C031C4U3, STM32C031C4U6, STM32C031C6T3, STM32C031C6T6, STM32C031C6U3, STM32C031C6U6, STM32C031F4P3, STM32C031F4P6, STM32C031F6P3, STM32C031F6P6, STM32C031G4U3, STM32C031G4U6, STM32C031G6U3, STM32C031G6U6, STM32C031K4T3, STM32C031K4T6, STM32C031K4U3, STM32C031K4U6, STM32C031K6T3, STM32C031K6T6, STM32C031K6U3, STM32C031K6U6, STM32G071K8TXN, STM32G071K8UXN, STM32G081GBU6N, STM32G081KBT6N, STM32G081KBUXN, STM32G0B1CCT6N, STM32G0B1KCT6, STM32G0B1NEY6TR, STM32G0B1RCT6N, STM32G0C1CCT6, STM32G0C1CCT6N, STM32G0C1CCU6N, STM32G0C1CET6N, STM32G0C1CEU6N, STM32G0C1KCT6, STM32G0C1NEY6TR, STM32G0C1RCI6N, STM32G0C1RCT6N, STM32G0C1REI6N, STM32G0C1RET6N, STM32G0C1VCI6, STM32G0C1VEI6, STM32G471CCT6, STM32G471CCU6, STM32G471CET3, STM32G471CET6, STM32G471CEU3, STM32G471CEU6, STM32G471MCT6, STM32G471MET3, STM32G471MET6, STM32G471MEY6TR, STM32G471QCT6, STM32G471QET3, STM32G471RCT6, STM32G471RET3, STM32G471RET6, STM32G471VCH6, STM32G471VCI6, STM32G471VCT6, STM32G471VEH3, STM32G471VEH6, STM32G471VEI3, STM32G471VEI6, STM32G471VET3, STM32G471VET6, STM32G474CCT6, STM32H503CBT6, STM32H503CBU6, STM32H503EBY6TR, STM32H503KBU6, STM32H503RBT6, STM32H523CCT6, STM32H523CCU6, STM32H523CET6, STM32H523CEU6, STM32H523HEY6TR, STM32H523RCT6, STM32H523RET6, STM32H523VCI6, STM32H523VCT6, STM32H523VEI6, STM32H523VET6, STM32H523ZCJ6, STM32H523ZCT6, STM32H523ZEJ6, STM32H523ZET6, STM32H533CET6, STM32H533CEU6, STM32H533HEY6TR, STM32H533RET6, STM32H533VEI6, STM32H533VET6, STM32H533ZEJ6, STM32H533ZET6, STM32H562AGI6, STM32H562AII6, STM32H562IGK6, STM32H562IGT6, STM32H562IIK6, STM32H562IIT6, STM32H562RGT6, STM32H562RGV6, STM32H562RIT6, STM32H562RIV6, STM32H562VGT6, STM32H562VIT6, STM32H562ZGT6, STM32H562ZIT6, STM32H563AGI6, STM32H563AII3Q, STM32H563AII6, STM32H563IGK6, STM32H563IGT6, STM32H563IIK3Q, STM32H563IIK6, STM32H563IIT3Q, STM32H563IIT6, STM32H563MIY3QTR, STM32H563RGT6, STM32H563RGV6, STM32H563RIT6, STM32H563RIV6, STM32H563VGT6, STM32H563VIT3Q, STM32H563VIT6, STM32H563ZGT6, STM32H563ZIT3Q, STM32H563ZIT6, STM32H573AII3Q, STM32H573AII6, STM32H573I-DK, STM32H573IIK3Q, STM32H573IIK6, STM32H573IIT3Q, STM32H573IIT6, STM32H573MIY3QTR, STM32H573RIT6, STM32H573RIV6, STM32H573VIT3Q, STM32H573VIT6, STM32H573ZIT3Q, STM32H573ZIT6, STM32H7R3A8I6, STM32H7R3I8K6, STM32H7R3I8T6, STM32H7R3L8H6, STM32H7R3L8H6H, STM32H7R3R8V6, STM32H7R3V8H6, STM32H7R3V8T6, STM32H7R3V8Y6, STM32H7R3Z8J6, STM32H7R3Z8T6, STM32H7R7A8I6, STM32H7R7I8K6, STM32H7R7I8T6, STM32H7R7L8H6, STM32H7R7L8H6H, STM32H7R7Z8J6, STM32H7S3A8I6, STM32H7S3I8K6, STM32H7S3I8T6, STM32H7S3L8H6, STM32H7S3L8H6H, STM32H7S3R8V6, STM32H7S3V8H6, STM32H7S3V8T6, STM32H7S3V8Y6, STM32H7S3Z8J6, STM32H7S3Z8T6, STM32H7S78-DK, STM32H7S7A8I6, STM32H7S7I8K6, STM32H7S7I8T6, STM32H7S7L8H6, STM32H7S7L8H6H, STM32H7S7Z8J6, STM32L4R5QGI6STR, STM32MP131AAE3, STM32MP131AAF3, STM32MP131AAG3, STM32MP131CAE3, STM32MP131CAF3, STM32MP131CAG3, STM32MP131DAE7, STM32MP131DAF7, STM32MP131DAG7, STM32MP131FAE7, STM32MP131FAF7, STM32MP131FAG7, STM32MP133AAE3, STM32MP133AAF3, STM32MP133AAG3, STM32MP133CAE3, STM32MP133CAF3, STM32MP133CAG3, STM32MP133DAE7, STM32MP133DAF7, STM32MP133DAG7, STM32MP133FAE7, STM32MP133FAF7, STM32MP133FAG7, STM32MP135AAE3, STM32MP135AAF3, STM32MP135AAG3, STM32MP135CAE3, STM32MP135CAF3, STM32MP135CAG3, STM32MP135DAE7, STM32MP135DAF7, STM32MP135DAG7, STM32MP135F-DK, STM32MP135FAE7, STM32MP135FAF7, STM32MP135FAF7T, STM32MP135FAF7U, STM32MP135FAG7, STM32U031C6T6, STM32U031C6U6, STM32U031C8T6, STM32U031C8U6, STM32U031F4P6, STM32U031F6P6, STM32U031F8P6, STM32U031G6Y6TR, STM32U031G8Y6TR, STM32U031K4U6, STM32U031K6U6, STM32U031K8U6, STM32U031R6I6, STM32U031R6T6, STM32U031R8I6, STM32U031R8T6, STM32U073C8T6, STM32U073C8U6, STM32U073CBT6, STM32U073CBU6, STM32U073CCT6, STM32U073CCU6, STM32U073H8Y6TR, STM32U073HBY6TR, STM32U073HCY6TR, STM32U073K8U6, STM32U073KBU6, STM32U073KCU6, STM32U073M8I6, STM32U073M8T6, STM32U073MBI6, STM32U073MBT6, STM32U073MCI6, STM32U073MCT6, STM32U073R8I6, STM32U073R8T6, STM32U073RBI6, STM32U073RBT6, STM32U073RCI6, STM32U073RCT6, STM32U083C-DK, STM32U083CCT6, STM32U083CCU6, STM32U083HCY6TR, STM32U083KCU6, STM32U083MCI6, STM32U083MCT6, STM32U083RCI6, STM32U083RCT6, STM32U535CBT6, STM32U535CBT6Q, STM32U535CBU6, STM32U535CBU6Q, STM32U535CCT6, STM32U535CCT6Q, STM32U535CCU6, STM32U535CCU6Q, STM32U535CET6, STM32U535CET6Q, STM32U535CEU6, STM32U535CEU6Q, STM32U535JEY6QTR, STM32U535NCY6QTR, STM32U535NEY6QTR, STM32U535RBI6, STM32U535RBI6Q, STM32U535RBT6, STM32U535RBT6Q, STM32U535RCI6, STM32U535RCI6Q, STM32U535RCT6, STM32U535RCT6Q, STM32U535REI6, STM32U535REI6Q, STM32U535RET6, STM32U535RET6Q, STM32U535VCI6, STM32U535VCI6Q, STM32U535VCT6, STM32U535VCT6Q, STM32U535VEI6, STM32U535VEI6Q, STM32U535VET6, STM32U535VET6Q, STM32U545CET6, STM32U545CET6Q, STM32U545CEU6, STM32U545CEU6Q, STM32U545JEY6QTR, STM32U545NEY6QTR, STM32U545REI6, STM32U545REI6Q, STM32U545RET6, STM32U545RET6Q, STM32U545VEI6, STM32U545VEI6Q, STM32U545VET6, STM32U545VET6Q, STM32U595AIH6, STM32U595AIH6Q, STM32U595AJH6, STM32U595AJH6Q, STM32U595QII6, STM32U595QII6Q, STM32U595QJI6, STM32U595QJI6Q, STM32U595RIT6, STM32U595RIT6Q, STM32U595RJT6, STM32U595RJT6Q, STM32U595VIT6, STM32U595VIT6Q, STM32U595VJT6, STM32U595VJT6Q, STM32U595ZIT6, STM32U595ZIT6Q, STM32U595ZIY6QTR, STM32U595ZJT6, STM32U595ZJT6Q, STM32U595ZJY6QTR, STM32U599BJY6QTR, STM32U599NIH6Q, STM32U599NJH6Q, STM32U599VIT6Q, STM32U599VJT6, STM32U599VJT6Q, STM32U599ZIT6Q, STM32U599ZIY6QTR, STM32U599ZJT6Q, STM32U599ZJY6QTR, STM32U5A5AJH6, STM32U5A5AJH6Q, STM32U5A5QII3Q , STM32U5A5QJI6, STM32U5A5QJI6Q, STM32U5A5RJT6, STM32U5A5RJT6Q, STM32U5A5VJT6, STM32U5A5VJT6Q, STM32U5A5ZJT6, STM32U5A5ZJT6Q, STM32U5A5ZJY6QTR, STM32U5A9BJY6QTR, STM32U5A9J-DK, STM32U5A9NJH6Q, STM32U5A9VJT6Q, STM32U5A9ZJT6Q, STM32U5A9ZJY6QTR, STM32U5F7VIT6, STM32U5F7VIT6Q, STM32U5F7VJT6, STM32U5F7VJT6Q, STM32U5F9BJY6QTR, STM32U5F9NJH6Q, STM32U5F9VIT6Q, STM32U5F9VJT6Q, STM32U5F9ZIJ6QTR, STM32U5F9ZIT6Q, STM32U5F9ZJJ6QTR, STM32U5F9ZJT6Q, STM32U5G7VJT6, STM32U5G7VJT6Q, STM32U5G9BJY6QTR, STM32U5G9J-DK1, STM32U5G9J-DK2, STM32U5G9NJH6Q, STM32U5G9VJT6Q, STM32U5G9ZJJ6QTR, STM32U5G9ZJT6Q, STM32WB1MMCH6, STM32WBA50KEU6, STM32WBA50KEU6TR, STM32WBA50KGU6, STM32WBA50KGU6TR, STM32WBA52CEU6, STM32WBA52CEU6TR, STM32WBA52CEU7, STM32WBA52CEU7TR, STM32WBA52CGU6, STM32WBA52CGU6TR, STM32WBA52CGU6U, STM32WBA52CGU7, STM32WBA52CGU7TR, STM32WBA52KEU6, STM32WBA52KEU6TR, STM32WBA52KGU6, STM32WBA52KGU6TR, STM32WBA54CEU6, STM32WBA54CEU6TR, STM32WBA54CEU7, STM32WBA54CEU7TR, STM32WBA54CGU6, STM32WBA54CGU6TR, STM32WBA54CGU7, STM32WBA54CGU7TR, STM32WBA54KEU6, STM32WBA54KEU6TR, STM32WBA54KEU7, STM32WBA54KEU7TR, STM32WBA54KGU6, STM32WBA54KGU6TR, STM32WBA54KGU7, STM32WBA54KGU7TR, STM32WBA55CEU6, STM32WBA55CEU6TR, STM32WBA55CEU7, STM32WBA55CEU7TR, STM32WBA55CGU6, STM32WBA55CGU6TR, STM32WBA55CGU6U, STM32WBA55CGU7, STM32WBA55CGU7TR, STM32WBA55G-DK1, STM32WBA55HEF6, STM32WBA55HEF7, STM32WBA55HGF6, STM32WBA55HGF7, STM32WBA55UEI6, STM32WBA55UEI6TR, STM32WBA55UEI7, STM32WBA55UEI7TR, STM32WBA55UGI6, STM32WBA55UGI6TR, STM32WBA55UGI7, STM32WBA55UGI7TR, STM32WL5MOCH6, STM32WL5MOCH6TR]
2024-07-25 06:07:28,254 [INFO] DbMcus:218 - Found 4203 MCUs, 4203 are supported
2024-07-25 06:07:28,255 [INFO] ApiDb:423 - Load user favorites file /home/poojaa/.stm32cubeide/favorites.mcus.txt: 0 item(s)
2024-07-25 06:07:28,255 [INFO] ApiDb:427 - User favorites MCUs=[]
2024-07-25 06:07:28,255 [INFO] DbMcus:224 - Set 0 / 0 favorites MCUs
2024-07-25 06:07:28,435 [INFO] ApiDb:668 - CubeFinder database Data Model version=2.1
2024-07-25 06:07:28,435 [INFO] ApiDb:669 - CubeFinder database Configuration version=3.0.39
2024-07-25 06:07:28,435 [INFO] ApiDb:670 - CubeFinder database generation date=2024-06-20 (1718880634)
2024-07-25 06:07:28,435 [INFO] ApiDb:671 - CubeFinder database FW Pack versions=[FP-ATR-ASTRA1_V2.0.0, FP-SNS-FLIGHT1_V5.0.2, FP-SNS-MOTENV1_V5.0.0, FP-SNS-MOTENVWB1_V1.4.0, FP-SNS-SMARTAG2_V1.2.0, STM32Cube_FW_C0_V1.2.0, STM32Cube_FW_F4_V1.28.0, STM32Cube_FW_F7_V1.17.2, STM32Cube_FW_G0_V1.6.2, STM32Cube_FW_G4_V1.6.0, STM32Cube_FW_H5_V1.3.0, STM32Cube_FW_H7RS_V1.1.0, STM32Cube_FW_H7_V1.11.2, STM32Cube_FW_L0_V1.12.2, STM32Cube_FW_L5_V1.5.1, STM32Cube_FW_U0_V1.1.0, STM32Cube_FW_U5_V1.6.0, STM32Cube_FW_WB0_V1.0.0, STM32Cube_FW_WBA_V1.4.0, STM32Cube_FW_WB_V1.20.0, STM32Cube_FW_WL_V1.3.0, X-CUBE-ALGOBUILD_V1.4.0, X-CUBE-ALS_V1.0.2, X-CUBE-AZRTOS-F4_V1.1.0, X-CUBE-AZRTOS-F7_V1.1.0, X-CUBE-AZRTOS-G0_V1.1.0, X-CUBE-AZRTOS-G4_V2.0.0, X-CUBE-AZRTOS-H7RS_V1.0.0, X-CUBE-AZRTOS-H7_V3.2.0, X-CUBE-AZRTOS-L4_V2.0.0, X-CUBE-AZRTOS-L5_V1.1.0, X-CUBE-AZRTOS-WB_V2.0.0, X-CUBE-AZRTOS-WL_V2.0.0, X-CUBE-BLE1_V7.0.0, X-CUBE-BLE2_V3.3.0, X-CUBE-BLEMGR_V3.1.0, X-CUBE-EEPRMA1_V5.1.0, X-CUBE-FREERTOS_V1.2.0, X-CUBE-GNSS1_V6.0.0, X-CUBE-MEMS1_V10.0.0, X-CUBE-NFC4_V3.0.0, X-CUBE-NFC7_V1.0.1, X-CUBE-SFXS2LP1_V4.0.0, X-CUBE-SUBG2_V5.0.0, X-CUBE-TOF1_V3.4.1]
2024-07-25 06:07:28,461 [INFO] DbBoardsSqlite:226 - include board P-NUCLEO-WB55-NUCLEO as a kit item of type 'Nucleo-64'
2024-07-25 06:07:28,461 [INFO] DbBoardsSqlite:226 - include board P-NUCLEO-WB55-USBDONGLE as a kit item of type 'Nucleo USB Dongle'
2024-07-25 06:07:28,461 [INFO] DbBoardsSqlite:226 - include board STEVAL-IDP005V1 as a kit item of type 'Evaluation Board'
2024-07-25 06:07:28,462 [INFO] DbBoardsSqlite:226 - include board STEVAL-IDP005V2 as a kit item of type 'Evaluation Board'
2024-07-25 06:07:28,477 [INFO] ApiDb:240 - Found 483 in-development CPN: [B-G473E-ZEST1S, B-WB1M-WPAN1, B-WL5M-SUBG1, NUCLEO-C031C6, NUCLEO-H503RB, NUCLEO-H533RE, NUCLEO-H563ZI, NUCLEO-H7S3L8, NUCLEO-U031R8, NUCLEO-U083RC, NUCLEO-U545RE-Q, NUCLEO-U5A5ZJ-Q, NUCLEO-WBA52CG, NUCLEO-WBA55CG, STEVAL-PROTEUS1, STEVAL-SMARTAG2, STEVAL-STWINBX1, STM320518-EVAL, STM32C0116-DK, STM32C011D6Y3TR, STM32C011D6Y6TR, STM32C011F4P3, STM32C011F4P6, STM32C011F4U3, STM32C011F4U6TR, STM32C011F6P3, STM32C011F6P6, STM32C011F6U3, STM32C011F6U6TR, STM32C011J4M3, STM32C011J4M6, STM32C011J6M3, STM32C011J6M6, STM32C0316-DK, STM32C031C4T3, STM32C031C4T6, STM32C031C4U3, STM32C031C4U6, STM32C031C6T3, STM32C031C6T6, STM32C031C6U3, STM32C031C6U6, STM32C031F4P3, STM32C031F4P6, STM32C031F6P3, STM32C031F6P6, STM32C031G4U3, STM32C031G4U6, STM32C031G6U3, STM32C031G6U6, STM32C031K4T3, STM32C031K4T6, STM32C031K4U3, STM32C031K4U6, STM32C031K6T3, STM32C031K6T6, STM32C031K6U3, STM32C031K6U6, STM32G071K8TXN, STM32G071K8UXN, STM32G081GBU6N, STM32G081KBT6N, STM32G081KBUXN, STM32G0B1CCT6N, STM32G0B1KCT6, STM32G0B1NEY6TR, STM32G0B1RCT6N, STM32G0C1CCT6, STM32G0C1CCT6N, STM32G0C1CCU6N, STM32G0C1CET6N, STM32G0C1CEU6N, STM32G0C1KCT6, STM32G0C1NEY6TR, STM32G0C1RCI6N, STM32G0C1RCT6N, STM32G0C1REI6N, STM32G0C1RET6N, STM32G0C1VCI6, STM32G0C1VEI6, STM32G471CCT6, STM32G471CCU6, STM32G471CET3, STM32G471CET6, STM32G471CEU3, STM32G471CEU6, STM32G471MCT6, STM32G471MET3, STM32G471MET6, STM32G471MEY6TR, STM32G471QCT6, STM32G471QET3, STM32G471RCT6, STM32G471RET3, STM32G471RET6, STM32G471VCH6, STM32G471VCI6, STM32G471VCT6, STM32G471VEH3, STM32G471VEH6, STM32G471VEI3, STM32G471VEI6, STM32G471VET3, STM32G471VET6, STM32G474CCT6, STM32H503CBT6, STM32H503CBU6, STM32H503EBY6TR, STM32H503KBU6, STM32H503RBT6, STM32H523CCT6, STM32H523CCU6, STM32H523CET6, STM32H523CEU6, STM32H523HEY6TR, STM32H523RCT6, STM32H523RET6, STM32H523VCI6, STM32H523VCT6, STM32H523VEI6, STM32H523VET6, STM32H523ZCJ6, STM32H523ZCT6, STM32H523ZEJ6, STM32H523ZET6, STM32H533CET6, STM32H533CEU6, STM32H533HEY6TR, STM32H533RET6, STM32H533VEI6, STM32H533VET6, STM32H533ZEJ6, STM32H533ZET6, STM32H562AGI6, STM32H562AII6, STM32H562IGK6, STM32H562IGT6, STM32H562IIK6, STM32H562IIT6, STM32H562RGT6, STM32H562RGV6, STM32H562RIT6, STM32H562RIV6, STM32H562VGT6, STM32H562VIT6, STM32H562ZGT6, STM32H562ZIT6, STM32H563AGI6, STM32H563AII3Q, STM32H563AII6, STM32H563IGK6, STM32H563IGT6, STM32H563IIK3Q, STM32H563IIK6, STM32H563IIT3Q, STM32H563IIT6, STM32H563MIY3QTR, STM32H563RGT6, STM32H563RGV6, STM32H563RIT6, STM32H563RIV6, STM32H563VGT6, STM32H563VIT3Q, STM32H563VIT6, STM32H563ZGT6, STM32H563ZIT3Q, STM32H563ZIT6, STM32H573AII3Q, STM32H573AII6, STM32H573I-DK, STM32H573IIK3Q, STM32H573IIK6, STM32H573IIT3Q, STM32H573IIT6, STM32H573MIY3QTR, STM32H573RIT6, STM32H573RIV6, STM32H573VIT3Q, STM32H573VIT6, STM32H573ZIT3Q, STM32H573ZIT6, STM32H7R3A8I6, STM32H7R3I8K6, STM32H7R3I8T6, STM32H7R3L8H6, STM32H7R3L8H6H, STM32H7R3R8V6, STM32H7R3V8H6, STM32H7R3V8T6, STM32H7R3V8Y6, STM32H7R3Z8J6, STM32H7R3Z8T6, STM32H7R7A8I6, STM32H7R7I8K6, STM32H7R7I8T6, STM32H7R7L8H6, STM32H7R7L8H6H, STM32H7R7Z8J6, STM32H7S3A8I6, STM32H7S3I8K6, STM32H7S3I8T6, STM32H7S3L8H6, STM32H7S3L8H6H, STM32H7S3R8V6, STM32H7S3V8H6, STM32H7S3V8T6, STM32H7S3V8Y6, STM32H7S3Z8J6, STM32H7S3Z8T6, STM32H7S78-DK, STM32H7S7A8I6, STM32H7S7I8K6, STM32H7S7I8T6, STM32H7S7L8H6, STM32H7S7L8H6H, STM32H7S7Z8J6, STM32L4R5QGI6STR, STM32MP131AAE3, STM32MP131AAF3, STM32MP131AAG3, STM32MP131CAE3, STM32MP131CAF3, STM32MP131CAG3, STM32MP131DAE7, STM32MP131DAF7, STM32MP131DAG7, STM32MP131FAE7, STM32MP131FAF7, STM32MP131FAG7, STM32MP133AAE3, STM32MP133AAF3, STM32MP133AAG3, STM32MP133CAE3, STM32MP133CAF3, STM32MP133CAG3, STM32MP133DAE7, STM32MP133DAF7, STM32MP133DAG7, STM32MP133FAE7, STM32MP133FAF7, STM32MP133FAG7, STM32MP135AAE3, STM32MP135AAF3, STM32MP135AAG3, STM32MP135CAE3, STM32MP135CAF3, STM32MP135CAG3, STM32MP135DAE7, STM32MP135DAF7, STM32MP135DAG7, STM32MP135F-DK, STM32MP135FAE7, STM32MP135FAF7, STM32MP135FAF7T, STM32MP135FAF7U, STM32MP135FAG7, STM32U031C6T6, STM32U031C6U6, STM32U031C8T6, STM32U031C8U6, STM32U031F4P6, STM32U031F6P6, STM32U031F8P6, STM32U031G6Y6TR, STM32U031G8Y6TR, STM32U031K4U6, STM32U031K6U6, STM32U031K8U6, STM32U031R6I6, STM32U031R6T6, STM32U031R8I6, STM32U031R8T6, STM32U073C8T6, STM32U073C8U6, STM32U073CBT6, STM32U073CBU6, STM32U073CCT6, STM32U073CCU6, STM32U073H8Y6TR, STM32U073HBY6TR, STM32U073HCY6TR, STM32U073K8U6, STM32U073KBU6, STM32U073KCU6, STM32U073M8I6, STM32U073M8T6, STM32U073MBI6, STM32U073MBT6, STM32U073MCI6, STM32U073MCT6, STM32U073R8I6, STM32U073R8T6, STM32U073RBI6, STM32U073RBT6, STM32U073RCI6, STM32U073RCT6, STM32U083C-DK, STM32U083CCT6, STM32U083CCU6, STM32U083HCY6TR, STM32U083KCU6, STM32U083MCI6, STM32U083MCT6, STM32U083RCI6, STM32U083RCT6, STM32U535CBT6, STM32U535CBT6Q, STM32U535CBU6, STM32U535CBU6Q, STM32U535CCT6, STM32U535CCT6Q, STM32U535CCU6, STM32U535CCU6Q, STM32U535CET6, STM32U535CET6Q, STM32U535CEU6, STM32U535CEU6Q, STM32U535JEY6QTR, STM32U535NCY6QTR, STM32U535NEY6QTR, STM32U535RBI6, STM32U535RBI6Q, STM32U535RBT6, STM32U535RBT6Q, STM32U535RCI6, STM32U535RCI6Q, STM32U535RCT6, STM32U535RCT6Q, STM32U535REI6, STM32U535REI6Q, STM32U535RET6, STM32U535RET6Q, STM32U535VCI6, STM32U535VCI6Q, STM32U535VCT6, STM32U535VCT6Q, STM32U535VEI6, STM32U535VEI6Q, STM32U535VET6, STM32U535VET6Q, STM32U545CET6, STM32U545CET6Q, STM32U545CEU6, STM32U545CEU6Q, STM32U545JEY6QTR, STM32U545NEY6QTR, STM32U545REI6, STM32U545REI6Q, STM32U545RET6, STM32U545RET6Q, STM32U545VEI6, STM32U545VEI6Q, STM32U545VET6, STM32U545VET6Q, STM32U595AIH6, STM32U595AIH6Q, STM32U595AJH6, STM32U595AJH6Q, STM32U595QII6, STM32U595QII6Q, STM32U595QJI6, STM32U595QJI6Q, STM32U595RIT6, STM32U595RIT6Q, STM32U595RJT6, STM32U595RJT6Q, STM32U595VIT6, STM32U595VIT6Q, STM32U595VJT6, STM32U595VJT6Q, STM32U595ZIT6, STM32U595ZIT6Q, STM32U595ZIY6QTR, STM32U595ZJT6, STM32U595ZJT6Q, STM32U595ZJY6QTR, STM32U599BJY6QTR, STM32U599NIH6Q, STM32U599NJH6Q, STM32U599VIT6Q, STM32U599VJT6, STM32U599VJT6Q, STM32U599ZIT6Q, STM32U599ZIY6QTR, STM32U599ZJT6Q, STM32U599ZJY6QTR, STM32U5A5AJH6, STM32U5A5AJH6Q, STM32U5A5QII3Q , STM32U5A5QJI6, STM32U5A5QJI6Q, STM32U5A5RJT6, STM32U5A5RJT6Q, STM32U5A5VJT6, STM32U5A5VJT6Q, STM32U5A5ZJT6, STM32U5A5ZJT6Q, STM32U5A5ZJY6QTR, STM32U5A9BJY6QTR, STM32U5A9J-DK, STM32U5A9NJH6Q, STM32U5A9VJT6Q, STM32U5A9ZJT6Q, STM32U5A9ZJY6QTR, STM32U5F7VIT6, STM32U5F7VIT6Q, STM32U5F7VJT6, STM32U5F7VJT6Q, STM32U5F9BJY6QTR, STM32U5F9NJH6Q, STM32U5F9VIT6Q, STM32U5F9VJT6Q, STM32U5F9ZIJ6QTR, STM32U5F9ZIT6Q, STM32U5F9ZJJ6QTR, STM32U5F9ZJT6Q, STM32U5G7VJT6, STM32U5G7VJT6Q, STM32U5G9BJY6QTR, STM32U5G9J-DK1, STM32U5G9J-DK2, STM32U5G9NJH6Q, STM32U5G9VJT6Q, STM32U5G9ZJJ6QTR, STM32U5G9ZJT6Q, STM32WB1MMCH6, STM32WBA50KEU6, STM32WBA50KEU6TR, STM32WBA50KGU6, STM32WBA50KGU6TR, STM32WBA52CEU6, STM32WBA52CEU6TR, STM32WBA52CEU7, STM32WBA52CEU7TR, STM32WBA52CGU6, STM32WBA52CGU6TR, STM32WBA52CGU6U, STM32WBA52CGU7, STM32WBA52CGU7TR, STM32WBA52KEU6, STM32WBA52KEU6TR, STM32WBA52KGU6, STM32WBA52KGU6TR, STM32WBA54CEU6, STM32WBA54CEU6TR, STM32WBA54CEU7, STM32WBA54CEU7TR, STM32WBA54CGU6, STM32WBA54CGU6TR, STM32WBA54CGU7, STM32WBA54CGU7TR, STM32WBA54KEU6, STM32WBA54KEU6TR, STM32WBA54KEU7, STM32WBA54KEU7TR, STM32WBA54KGU6, STM32WBA54KGU6TR, STM32WBA54KGU7, STM32WBA54KGU7TR, STM32WBA55CEU6, STM32WBA55CEU6TR, STM32WBA55CEU7, STM32WBA55CEU7TR, STM32WBA55CGU6, STM32WBA55CGU6TR, STM32WBA55CGU6U, STM32WBA55CGU7, STM32WBA55CGU7TR, STM32WBA55G-DK1, STM32WBA55HEF6, STM32WBA55HEF7, STM32WBA55HGF6, STM32WBA55HGF7, STM32WBA55UEI6, STM32WBA55UEI6TR, STM32WBA55UEI7, STM32WBA55UEI7TR, STM32WBA55UGI6, STM32WBA55UGI6TR, STM32WBA55UGI7, STM32WBA55UGI7TR, STM32WL5MOCH6, STM32WL5MOCH6TR]
2024-07-25 06:07:28,534 [INFO] BoardInfo:889 - No configuration file found for board P-NUCLEO-WB55
2024-07-25 06:07:28,535 [INFO] DbBoards:161 - Kit is not supported: P-NUCLEO-WB55
2024-07-25 06:07:28,536 [INFO] BoardInfo:889 - No configuration file found for board STEVAL-BFA001V1B
2024-07-25 06:07:28,536 [INFO] DbBoards:161 - Kit is not supported: STEVAL-BFA001V1B
2024-07-25 06:07:28,537 [INFO] BoardInfo:889 - No configuration file found for board STEVAL-BFA001V2B
2024-07-25 06:07:28,537 [INFO] DbBoards:161 - Kit is not supported: STEVAL-BFA001V2B
2024-07-25 06:07:28,611 [INFO] DbBoards:168 - Found 195 boards, 192 are supported
2024-07-25 06:07:28,612 [INFO] DbBoards:169 - Found 195 boards, 8 of them is supported for  Bsp
2024-07-25 06:07:28,619 [INFO] ApiDb:423 - Load user favorites file /home/poojaa/.stm32cubeide/favorites.boards.txt: 1 item(s)
2024-07-25 06:07:28,619 [INFO] ApiDb:427 - User favorites Boards=[STM32F407G-DISC1]
2024-07-25 06:07:28,619 [INFO] DbBoards:198 - Set 1 / 1 favorites Boards
2024-07-25 06:07:28,621 [INFO] ApiDb:668 - CubeFinder database Data Model version=2.1
2024-07-25 06:07:28,621 [INFO] ApiDb:669 - CubeFinder database Configuration version=3.0.39
2024-07-25 06:07:28,621 [INFO] ApiDb:670 - CubeFinder database generation date=2024-06-20 (1718880634)
2024-07-25 06:07:28,621 [INFO] ApiDb:671 - CubeFinder database FW Pack versions=[FP-ATR-ASTRA1_V2.0.0, FP-SNS-FLIGHT1_V5.0.2, FP-SNS-MOTENV1_V5.0.0, FP-SNS-MOTENVWB1_V1.4.0, FP-SNS-SMARTAG2_V1.2.0, STM32Cube_FW_C0_V1.2.0, STM32Cube_FW_F4_V1.28.0, STM32Cube_FW_F7_V1.17.2, STM32Cube_FW_G0_V1.6.2, STM32Cube_FW_G4_V1.6.0, STM32Cube_FW_H5_V1.3.0, STM32Cube_FW_H7RS_V1.1.0, STM32Cube_FW_H7_V1.11.2, STM32Cube_FW_L0_V1.12.2, STM32Cube_FW_L5_V1.5.1, STM32Cube_FW_U0_V1.1.0, STM32Cube_FW_U5_V1.6.0, STM32Cube_FW_WB0_V1.0.0, STM32Cube_FW_WBA_V1.4.0, STM32Cube_FW_WB_V1.20.0, STM32Cube_FW_WL_V1.3.0, X-CUBE-ALGOBUILD_V1.4.0, X-CUBE-ALS_V1.0.2, X-CUBE-AZRTOS-F4_V1.1.0, X-CUBE-AZRTOS-F7_V1.1.0, X-CUBE-AZRTOS-G0_V1.1.0, X-CUBE-AZRTOS-G4_V2.0.0, X-CUBE-AZRTOS-H7RS_V1.0.0, X-CUBE-AZRTOS-H7_V3.2.0, X-CUBE-AZRTOS-L4_V2.0.0, X-CUBE-AZRTOS-L5_V1.1.0, X-CUBE-AZRTOS-WB_V2.0.0, X-CUBE-AZRTOS-WL_V2.0.0, X-CUBE-BLE1_V7.0.0, X-CUBE-BLE2_V3.3.0, X-CUBE-BLEMGR_V3.1.0, X-CUBE-EEPRMA1_V5.1.0, X-CUBE-FREERTOS_V1.2.0, X-CUBE-GNSS1_V6.0.0, X-CUBE-MEMS1_V10.0.0, X-CUBE-NFC4_V3.0.0, X-CUBE-NFC7_V1.0.1, X-CUBE-SFXS2LP1_V4.0.0, X-CUBE-SUBG2_V5.0.0, X-CUBE-TOF1_V3.4.1]
2024-07-25 06:07:29,097 [ERROR] DbExamplesSqlite:437 - Missing JSON key: board_cpn
2024-07-25 06:07:29,097 [ERROR] DbExamplesSqlite:437 - Missing JSON key: board_cpn
2024-07-25 06:07:29,097 [ERROR] DbExamplesSqlite:437 - Missing JSON key: board_cpn
2024-07-25 06:07:29,098 [ERROR] DbExamplesSqlite:437 - Missing JSON key: board_cpn
2024-07-25 06:07:29,167 [INFO] DbExamplesSqlite:395 - Ignored 28 examples not supported by CubeIDE
2024-07-25 06:07:29,167 [INFO] DbExamplesSqlite:396 - Found 8590 examples active
2024-07-25 06:07:29,167 [INFO] DbExamplesSqlite:397 - Found 0 examples obsolete
2024-07-25 06:07:29,167 [INFO] DbExamplesSqlite:398 - Found 0 examples under development
2024-07-25 06:07:29,167 [INFO] DbExamplesSqlite:399 - Found 10 examples not building
2024-07-25 06:07:29,168 [INFO] DbExamples:125 - Found 8572 examples
2024-07-25 06:07:29,216 [ERROR] DbExamples:208 - Found 308 examples with invalid data (board or MCU)
2024-07-25 06:07:29,216 [INFO] DbExamples:222 - Found 102 boards with related examples
2024-07-25 06:07:29,217 [INFO] DbExamples:235 - Found 86 MCUs with related examples
2024-07-25 06:07:29,232 [INFO] ApiDb:423 - Load user favorites file /home/poojaa/.stm32cubeide/favorites.examples.txt: 0 item(s)
2024-07-25 06:07:29,232 [INFO] ApiDb:427 - User favorites Examples=[]
2024-07-25 06:07:29,232 [INFO] DbExamples:250 - Set 0 / 0 favorites Examples
2024-07-25 06:07:29,337 [INFO] McuFinderGlobals:76 - Set McuFinderConnectedMode to true
2024-07-25 06:07:29,344 [INFO] MultiScanPanel:200 - Auto-refresh data requested => check proxy status ongoing
2024-07-25 06:07:29,346 [INFO] FinderPluginLoader:95 - Searching for filters in installed packs
2024-07-25 06:07:30,266 [INFO] LoadUrlFilesThread:185 - End of LoadServerUrlFiles without Thread
2024-07-25 06:07:30,293 [INFO] DetailPanel:341 - Set advertising image to /home/poojaa/STM32Cube/Repository//en.prom-stm32h7rs-mcu-finder.jpg
2024-07-25 06:07:36,307 [INFO] MultiScanPanel:200 - Auto-refresh data requested => check proxy status ongoing
2024-07-25 06:07:36,385 [INFO] LoadUrlFilesThread:185 - End of LoadServerUrlFiles without Thread
2024-07-25 06:07:36,385 [INFO] DetailPanel:341 - Set advertising image to /home/poojaa/STM32Cube/Repository//en.prom-stm32h7rs-mcu-finder.jpg
2024-07-25 06:07:36,392 [INFO] DbBoards:642 - Loading board mini-images...
2024-07-25 06:07:37,471 [INFO] DbBoards:665 - Loaded 195 board mini-images
2024-07-25 06:07:52,182 [INFO] MetaSearchPanel:254 - search for filter with key=stm32f4
2024-07-25 06:07:52,182 [INFO] MetaSearchPanel:355 - search for filter component McuSeries
2024-07-25 06:07:52,182 [INFO] MetaSearchPanel:329 - Collapse all filters sections
2024-07-25 06:08:46,956 [INFO] BoardResultTable:719 - Unmark Board STM32F407G-DISC1 as favorite
2024-07-25 06:08:47,715 [INFO] BoardResultTable:719 - Mark Board STM32F407G-DISC1 as favorite
2024-07-25 06:09:08,251 [INFO] McuFinderGlobals:76 - Set McuFinderConnectedMode to true
2024-07-25 06:09:08,258 [INFO] ApiDb:448 - Save user favorites file /home/poojaa/.stm32cubeide/favorites.mcus.txt: 0 item(s)
2024-07-25 06:09:08,258 [INFO] ApiDb:452 - User favorites MCUs=[]
2024-07-25 06:09:08,260 [INFO] ApiDb:448 - Save user favorites file /home/poojaa/.stm32cubeide/favorites.boards.txt: 1 item(s)
2024-07-25 06:09:08,260 [INFO] ApiDb:452 - User favorites Boards=[STM32F407G-DISC1]
2024-07-25 07:44:07,616 [ERROR] LogOutputStream:75 - [STDERR_REDIRECT] 
2024-07-25 20:17:39,988 [INFO] Activator:176 - 


2024-07-25 20:17:39,990 [INFO] Activator:177 - !SESSION log4j initialized
2024-07-25 20:17:43,106 [INFO] LogOutputStream:77 - [STDOUT_REDIRECT] 
2024-07-25 20:17:43,516 [INFO] ApplicationProperties:184 - Using Application install path: /opt/st/stm32cubeide_1.15.1/plugins/com.st.stm32cube.common.mx_6.11.1.202404110753
2024-07-25 20:17:43,528 [INFO] DbMcusXml:78 - Set database path to: /opt/st/stm32cubeide_1.15.1/plugins/com.st.stm32cube.common.mx_6.11.1.202404110753//db//mcu/
2024-07-25 20:17:43,528 [INFO] ApiDb:274 - Set plugin database path to: /opt/st/stm32cubeide_1.15.1/plugins/com.st.stm32cube.common.mx_6.11.1.202404110753//db//plugins/boardmanager/
2024-07-25 20:17:43,529 [WARN] ApiDb:259 - Overriding images path with different value:  => /opt/st/stm32cubeide_1.15.1/plugins/com.st.stm32cube.common.mx_6.11.1.202404110753//db//plugins/mcufinder/images/
2024-07-25 20:17:43,537 [INFO] ApiDb:250 - Set database path to: /home/poojaa/.stmcufinder/plugins/mcufinder//mcu/
2024-07-25 20:17:43,538 [INFO] DbMcusAds:125 - Set database path to: /home/poojaa/.stmcufinder/plugins/mcufinder//mcu/
2024-07-25 20:17:43,540 [INFO] CrossReferenceDbSqlite:203 - Set database path to: /home/poojaa/.stmcufinder/plugins/mcufinder//mcu/cs/
2024-07-25 20:17:43,619 [INFO] RulesReader:64 - Compatibility file has been processed (297 Rules)
2024-07-25 20:17:43,672 [INFO] DbMcusXml:78 - Set database path to: /opt/st/stm32cubeide_1.15.1/plugins/com.st.stm32cube.common.mx_6.11.1.202404110753//db//mcu/
2024-07-25 20:17:43,673 [INFO] ApiDb:274 - Set plugin database path to: /opt/st/stm32cubeide_1.15.1/plugins/com.st.stm32cube.common.mx_6.11.1.202404110753//db//plugins/boardmanager/
2024-07-25 20:17:43,673 [INFO] ApiDb:261 - Set plugin images path to: /opt/st/stm32cubeide_1.15.1/plugins/com.st.stm32cube.common.mx_6.11.1.202404110753//db//plugins/mcufinder/images/
2024-07-25 20:17:43,673 [WARN] DbFile:41 - Overriding database path with different value: /home/poojaa/.stmcufinder/plugins/mcufinder/ => /home/poojaa/.stmcufinder/plugins/mcufinder
2024-07-25 20:17:43,673 [INFO] ApiDb:250 - Set database path to: /home/poojaa/.stmcufinder/plugins/mcufinder//mcu/
2024-07-25 20:17:43,673 [WARN] DbFile:41 - Overriding database path with different value: /home/poojaa/.stmcufinder/plugins/mcufinder/ => /home/poojaa/.stmcufinder/plugins/mcufinder
2024-07-25 20:17:43,673 [INFO] DbMcusAds:125 - Set database path to: /home/poojaa/.stmcufinder/plugins/mcufinder//mcu/
2024-07-25 20:17:43,673 [WARN] DbFile:41 - Overriding database path with different value: /home/poojaa/.stmcufinder/plugins/mcufinder/ => /home/poojaa/.stmcufinder/plugins/mcufinder
2024-07-25 20:17:43,673 [WARN] DbFile:41 - Overriding database path with different value: /home/poojaa/.stmcufinder/plugins/mcufinder/ => /home/poojaa/.stmcufinder/plugins/mcufinder
2024-07-25 20:17:43,674 [INFO] CrossReferenceDbSqlite:203 - Set database path to: /home/poojaa/.stmcufinder/plugins/mcufinder//mcu/cs/
2024-07-25 20:17:43,737 [INFO] MainPanel:264 - HeapMemory: 268435456
2024-07-25 20:17:43,803 [INFO] DbMcusXml:78 - Set database path to: /opt/st/stm32cubeide_1.15.1/plugins/com.st.stm32cube.common.mx_6.11.1.202404110753//db//mcu/
2024-07-25 20:17:43,803 [INFO] ApiDb:274 - Set plugin database path to: /opt/st/stm32cubeide_1.15.1/plugins/com.st.stm32cube.common.mx_6.11.1.202404110753//db//plugins/boardmanager/
2024-07-25 20:17:43,803 [INFO] ApiDb:261 - Set plugin images path to: /opt/st/stm32cubeide_1.15.1/plugins/com.st.stm32cube.common.mx_6.11.1.202404110753//db//plugins/mcufinder/images/
2024-07-25 20:17:43,804 [WARN] DbFile:41 - Overriding database path with different value: /home/poojaa/.stmcufinder/plugins/mcufinder/ => /home/poojaa/.stmcufinder/plugins/mcufinder
2024-07-25 20:17:43,804 [INFO] ApiDb:250 - Set database path to: /home/poojaa/.stmcufinder/plugins/mcufinder//mcu/
2024-07-25 20:17:43,804 [WARN] DbFile:41 - Overriding database path with different value: /home/poojaa/.stmcufinder/plugins/mcufinder/ => /home/poojaa/.stmcufinder/plugins/mcufinder
2024-07-25 20:17:43,804 [INFO] DbMcusAds:125 - Set database path to: /home/poojaa/.stmcufinder/plugins/mcufinder//mcu/
2024-07-25 20:17:43,804 [WARN] DbFile:41 - Overriding database path with different value: /home/poojaa/.stmcufinder/plugins/mcufinder/ => /home/poojaa/.stmcufinder/plugins/mcufinder
2024-07-25 20:17:43,804 [WARN] DbFile:41 - Overriding database path with different value: /home/poojaa/.stmcufinder/plugins/mcufinder/ => /home/poojaa/.stmcufinder/plugins/mcufinder
2024-07-25 20:17:43,804 [INFO] CrossReferenceDbSqlite:203 - Set database path to: /home/poojaa/.stmcufinder/plugins/mcufinder//mcu/cs/
2024-07-25 20:17:43,819 [INFO] ApplicationProperties:184 - Using Application install path: /opt/st/stm32cubeide_1.15.1/plugins/com.st.stm32cube.common.mx_6.11.1.202404110753
2024-07-25 20:17:43,820 [INFO] PluginManage:196 - Search for loadable plugins [exclusion list=, ]
2024-07-25 20:17:43,821 [INFO] PluginManage:310 - Check plugin analytics
2024-07-25 20:17:43,954 [INFO] AnalyticsPlugin:253 - Accepted Software Licenses: 
2024-07-25 20:17:43,955 [INFO] AnalyticsPlugin:255 - Accepted CMSIS Pack Licenses: 
2024-07-25 20:17:43,955 [INFO] AnalyticsPlugin:257 - Accepted Firmware Licenses: 
2024-07-25 20:17:43,957 [INFO] PluginManage:359 - Loaded plugin analytics (category:tool,tabindex:-1)
2024-07-25 20:17:43,958 [INFO] PluginManage:310 - Check plugin cadmodel
2024-07-25 20:17:43,987 [INFO] CADModel:105 - Init CAD model plugin
2024-07-25 20:17:43,987 [INFO] PluginManage:359 - Loaded plugin cadmodel (category:power,tabindex:5)
2024-07-25 20:17:43,988 [INFO] PluginManage:310 - Check plugin clock
2024-07-25 20:17:43,996 [INFO] PluginManage:359 - Loaded plugin clock (category:base,tabindex:2)
2024-07-25 20:17:43,996 [INFO] PluginManage:310 - Check plugin ddr
2024-07-25 20:17:43,998 [INFO] PluginManage:359 - Loaded plugin ddr (category:tool,tabindex:6)
2024-07-25 20:17:43,999 [INFO] PluginManage:310 - Check plugin filemanager
2024-07-25 20:17:44,105 [INFO] PluginManage:359 - Loaded plugin filemanager (category:base,tabindex:10)
2024-07-25 20:17:44,105 [INFO] PluginManage:310 - Check plugin ipmanager
2024-07-25 20:17:44,109 [INFO] PluginManage:359 - Loaded plugin ipmanager (category:base,tabindex:5)
2024-07-25 20:17:44,109 [INFO] PluginManage:310 - Check plugin lpbam
2024-07-25 20:17:44,115 [INFO] PluginManage:359 - Loaded plugin lpbam (category:base,tabindex:0)
2024-07-25 20:17:44,115 [INFO] PluginManage:310 - Check plugin memorymap
2024-07-25 20:17:44,123 [INFO] PluginManage:359 - Loaded plugin memorymap (category:base,tabindex:4)
2024-07-25 20:17:44,123 [INFO] PluginManage:310 - Check plugin pinoutandconfiguration
2024-07-25 20:17:44,128 [INFO] PluginManage:359 - Loaded plugin pinoutandconfiguration (category:base,tabindex:1)
2024-07-25 20:17:44,128 [INFO] PluginManage:310 - Check plugin pinoutconfig
2024-07-25 20:17:44,175 [WARN] SupportedApi:132 - Cannot load RTOS API schema: s4s-elt-must-match.1: The content of 'definitions' must match (annotation?, (simpleType | complexType)?, (unique | key | keyref)*)). A problem was found starting at: attribute.
2024-07-25 20:17:44,248 [INFO] PluginManage:359 - Loaded plugin pinoutconfig (category:base,tabindex:0)
2024-07-25 20:17:44,249 [INFO] PluginManage:310 - Check plugin power
2024-07-25 20:17:44,254 [INFO] PluginManage:359 - Loaded plugin power (category:power,tabindex:4)
2024-07-25 20:17:44,254 [INFO] PluginManage:310 - Check plugin projectmanager
2024-07-25 20:17:44,263 [INFO] PluginManage:359 - Loaded plugin projectmanager (category:projectmanager,tabindex:3)
2024-07-25 20:17:44,263 [INFO] PluginManage:310 - Check plugin thirdparty
2024-07-25 20:17:44,340 [INFO] PluginManage:359 - Loaded plugin thirdparty (category:base,tabindex:-1)
2024-07-25 20:17:44,340 [WARN] IntegrityCheckThread:84 - waiting for thirdparty lock release [integrity check]
2024-07-25 20:17:44,340 [INFO] PluginManage:310 - Check plugin tools
2024-07-25 20:17:44,340 [INFO] IntegrityCheckThread:86 - entering critical section [integrity check]
2024-07-25 20:17:44,341 [INFO] ThirdPartyUpdaterWithRetryManager:70 - Updater plugin not ready yet. [1/15]
2024-07-25 20:17:44,342 [INFO] PluginManage:359 - Loaded plugin tools (category:base,tabindex:7)
2024-07-25 20:17:44,342 [INFO] PluginManage:310 - Check plugin tutovideos
2024-07-25 20:17:44,455 [INFO] PluginManage:359 - Loaded plugin tutovideos (category:base,tabindex:-1)
2024-07-25 20:17:44,456 [INFO] PluginManage:310 - Check plugin updater
2024-07-25 20:17:44,464 [INFO] PluginManage:359 - Loaded plugin updater (category:base,tabindex:12)
2024-07-25 20:17:44,464 [INFO] PluginManage:310 - Check plugin userauth
2024-07-25 20:17:44,468 [INFO] UserAuth:114 - Init User Auth plugin
2024-07-25 20:17:44,468 [INFO] PluginManage:359 - Loaded plugin userauth (category:base,tabindex:14)
2024-07-25 20:17:44,468 [INFO] PluginManage:283 - PluginManage : Loaded plugins [17]
2024-07-25 20:17:44,581 [INFO] PinOutPanel:1561 - setPackage(No Configuration,No Configuration)
2024-07-25 20:17:44,615 [INFO] CADModel:165 - CPN selected for project level
2024-07-25 20:17:44,616 [INFO] CADModel:114 - Register for checkConnection events
2024-07-25 20:17:44,628 [INFO] IPUIPlugin:80 - create IPUIPlugin
2024-07-25 20:17:44,628 [INFO] PluginManager:220 - loadIPPluginJar : add adc
2024-07-25 20:17:44,629 [INFO] IPUIPlugin:80 - create IPUIPlugin
2024-07-25 20:17:44,630 [INFO] PluginManager:220 - loadIPPluginJar : add dma3
2024-07-25 20:17:44,631 [INFO] IPUIPlugin:80 - create IPUIPlugin
2024-07-25 20:17:44,631 [INFO] PluginManager:220 - loadIPPluginJar : add opamp
2024-07-25 20:17:44,633 [INFO] IPUIPlugin:80 - create IPUIPlugin
2024-07-25 20:17:44,633 [INFO] PluginManager:220 - loadIPPluginJar : add pdm2pcm
2024-07-25 20:17:44,634 [INFO] IPUIPlugin:80 - create IPUIPlugin
2024-07-25 20:17:44,635 [INFO] PluginManager:220 - loadIPPluginJar : add i2c
2024-07-25 20:17:44,635 [INFO] IPUIPlugin:80 - create IPUIPlugin
2024-07-25 20:17:44,636 [INFO] PluginManager:220 - loadIPPluginJar : add i2s
2024-07-25 20:17:44,636 [INFO] IPUIPlugin:80 - create IPUIPlugin
2024-07-25 20:17:44,637 [INFO] PluginManager:220 - loadIPPluginJar : add gfxmmu
2024-07-25 20:17:44,637 [INFO] IPUIPlugin:80 - create IPUIPlugin
2024-07-25 20:17:44,637 [INFO] PluginManager:220 - loadIPPluginJar : add quadspi
2024-07-25 20:17:44,641 [INFO] IPUIPlugin:80 - create IPUIPlugin
2024-07-25 20:17:44,641 [INFO] PluginManager:220 - loadIPPluginJar : add mdma
2024-07-25 20:17:44,643 [INFO] IPUIPlugin:80 - create IPUIPlugin
2024-07-25 20:17:44,643 [INFO] PluginManager:220 - loadIPPluginJar : add nvic
2024-07-25 20:17:44,647 [INFO] IPUIPlugin:80 - create IPUIPlugin
2024-07-25 20:17:44,647 [INFO] PluginManager:220 - loadIPPluginJar : add dma
2024-07-25 20:17:44,648 [INFO] IPUIPlugin:80 - create IPUIPlugin
2024-07-25 20:17:44,648 [INFO] PluginManager:220 - loadIPPluginJar : add aes
2024-07-25 20:17:44,651 [INFO] IPUIPlugin:80 - create IPUIPlugin
2024-07-25 20:17:44,651 [INFO] PluginManager:220 - loadIPPluginJar : add stm32_wpan
2024-07-25 20:17:44,652 [INFO] IPUIPlugin:80 - create IPUIPlugin
2024-07-25 20:17:44,652 [INFO] PluginManager:220 - loadIPPluginJar : add usart
2024-07-25 20:17:44,653 [INFO] IPUIPlugin:80 - create IPUIPlugin
2024-07-25 20:17:44,653 [INFO] PluginManager:220 - loadIPPluginJar : add genericplugin
2024-07-25 20:17:44,654 [INFO] IPUIPlugin:80 - create IPUIPlugin
2024-07-25 20:17:44,654 [INFO] PluginManager:220 - loadIPPluginJar : add openamp
2024-07-25 20:17:44,656 [INFO] IPUIPlugin:80 - create IPUIPlugin
2024-07-25 20:17:44,656 [INFO] PluginManager:220 - loadIPPluginJar : add ipddr
2024-07-25 20:17:44,657 [INFO] IPUIPlugin:80 - create IPUIPlugin
2024-07-25 20:17:44,657 [INFO] PluginManager:220 - loadIPPluginJar : add lorawan
2024-07-25 20:17:44,658 [INFO] IPUIPlugin:80 - create IPUIPlugin
2024-07-25 20:17:44,658 [INFO] PluginManager:220 - loadIPPluginJar : add gtzc
2024-07-25 20:17:44,660 [INFO] IPUIPlugin:80 - create IPUIPlugin
2024-07-25 20:17:44,660 [INFO] PluginManager:220 - loadIPPluginJar : add can
2024-07-25 20:17:44,660 [INFO] IPUIPlugin:80 - create IPUIPlugin
2024-07-25 20:17:44,660 [INFO] PluginManager:220 - loadIPPluginJar : add fatfs
2024-07-25 20:17:44,663 [INFO] IPUIPlugin:80 - create IPUIPlugin
2024-07-25 20:17:44,663 [INFO] PluginManager:220 - loadIPPluginJar : add gpio
2024-07-25 20:17:44,664 [INFO] IPUIPlugin:80 - create IPUIPlugin
2024-07-25 20:17:44,664 [INFO] PluginManager:220 - loadIPPluginJar : add ts
2024-07-25 20:17:44,665 [INFO] IPUIPlugin:80 - create IPUIPlugin
2024-07-25 20:17:44,665 [INFO] PluginManager:220 - loadIPPluginJar : add dfsdm
2024-07-25 20:17:44,668 [INFO] IPUIPlugin:80 - create IPUIPlugin
2024-07-25 20:17:44,668 [INFO] PluginManager:220 - loadIPPluginJar : add gic
2024-07-25 20:17:44,672 [INFO] IPUIPlugin:80 - create IPUIPlugin
2024-07-25 20:17:44,672 [INFO] PluginManager:220 - loadIPPluginJar : add linkedlist
2024-07-25 20:17:44,673 [INFO] IPUIPlugin:80 - create IPUIPlugin
2024-07-25 20:17:44,673 [INFO] PluginManager:220 - loadIPPluginJar : add tim
2024-07-25 20:17:44,674 [INFO] IPUIPlugin:80 - create IPUIPlugin
2024-07-25 20:17:44,674 [INFO] PluginManager:220 - loadIPPluginJar : add tracer_emb
2024-07-25 20:17:44,676 [INFO] IPUIPlugin:80 - create IPUIPlugin
2024-07-25 20:17:44,676 [INFO] PluginManager:220 - loadIPPluginJar : add extmemmanager
2024-07-25 20:17:44,677 [INFO] IPUIPlugin:80 - create IPUIPlugin
2024-07-25 20:17:44,677 [INFO] PluginManager:220 - loadIPPluginJar : add spi
2024-07-25 20:17:44,677 [INFO] IPUIPlugin:80 - create IPUIPlugin
2024-07-25 20:17:44,677 [INFO] PluginManager:220 - loadIPPluginJar : add comp
2024-07-25 20:17:44,679 [INFO] IPUIPlugin:80 - create IPUIPlugin
2024-07-25 20:17:44,679 [INFO] PluginManager:220 - loadIPPluginJar : add sai
2024-07-25 20:17:44,680 [INFO] IPUIPlugin:80 - create IPUIPlugin
2024-07-25 20:17:44,680 [INFO] PluginManager:220 - loadIPPluginJar : add ucpd
2024-07-25 20:17:44,680 [INFO] IPUIPlugin:80 - create IPUIPlugin
2024-07-25 20:17:44,680 [INFO] PluginManager:220 - loadIPPluginJar : add ltdc
2024-07-25 20:17:44,682 [INFO] IPUIPlugin:80 - create IPUIPlugin
2024-07-25 20:17:44,682 [INFO] PluginManager:220 - loadIPPluginJar : add touchsensing
2024-07-25 20:17:44,687 [INFO] IPUIPlugin:80 - create IPUIPlugin
2024-07-25 20:17:44,689 [INFO] PluginManager:220 - loadIPPluginJar : add plateformsettings
2024-07-25 20:17:44,692 [INFO] IPUIPlugin:80 - create IPUIPlugin
2024-07-25 20:17:44,692 [INFO] PluginManager:220 - loadIPPluginJar : add resmgrutility
2024-07-25 20:17:44,694 [INFO] IPUIPlugin:80 - create IPUIPlugin
2024-07-25 20:17:44,694 [INFO] PluginManager:220 - loadIPPluginJar : add cryp
2024-07-25 20:17:44,698 [INFO] IPUIPlugin:80 - create IPUIPlugin
2024-07-25 20:17:44,698 [INFO] PluginManager:220 - loadIPPluginJar : add fmc
2024-07-25 20:17:44,699 [INFO] IPUIPlugin:80 - create IPUIPlugin
2024-07-25 20:17:44,699 [INFO] PluginManager:220 - loadIPPluginJar : add tsc
2024-07-25 20:17:44,701 [INFO] IPUIPlugin:80 - create IPUIPlugin
2024-07-25 20:17:44,701 [INFO] PluginManager:220 - loadIPPluginJar : add hash
2024-07-25 20:17:44,706 [INFO] IPUIPlugin:80 - create IPUIPlugin
2024-07-25 20:17:44,706 [INFO] PluginManager:220 - loadIPPluginJar : add freertos
2024-07-25 20:17:44,708 [INFO] IPUIPlugin:80 - create IPUIPlugin
2024-07-25 20:17:44,708 [INFO] PluginManager:220 - loadIPPluginJar : add usbx
2024-07-25 20:17:44,710 [INFO] IPUIPlugin:80 - create IPUIPlugin
2024-07-25 20:17:44,710 [INFO] PluginManager:220 - loadIPPluginJar : add i3c
2024-07-25 20:17:44,805 [INFO] CADModel:165 - CPN selected for project level
2024-07-25 20:17:44,805 [INFO] CADModel:114 - Register for checkConnection events
2024-07-25 20:17:44,805 [FATAL] Updater:308 - Updater called before beeing initialized
2024-07-25 20:17:44,806 [ERROR] CADModel:125 - Updater not yet initialized, retry later 
2024-07-25 20:17:44,879 [INFO] CADModel:165 - CPN selected for project level
2024-07-25 20:17:44,879 [INFO] CADModel:114 - Register for checkConnection events
2024-07-25 20:17:44,879 [FATAL] Updater:308 - Updater called before beeing initialized
2024-07-25 20:17:44,879 [ERROR] CADModel:125 - Updater not yet initialized, retry later 
2024-07-25 20:17:44,881 [FATAL] Updater:308 - Updater called before beeing initialized
2024-07-25 20:17:44,931 [FATAL] Updater:308 - Updater called before beeing initialized
2024-07-25 20:17:44,935 [INFO] DbMcusAds:53 - JSON generation date=Thu May 16 14:52:00 IST 2024 (1715851320667)
2024-07-25 20:17:44,935 [FATAL] Updater:308 - Updater called before beeing initialized
2024-07-25 20:17:44,964 [WARN] DetailPanel:346 - Failed to get advertising image, set to default
2024-07-25 20:17:45,019 [FATAL] Updater:308 - Updater called before beeing initialized
2024-07-25 20:17:45,020 [FATAL] Updater:308 - Updater called before beeing initialized
2024-07-25 20:17:45,020 [FATAL] Updater:308 - Updater called before beeing initialized
2024-07-25 20:17:45,020 [WARN] DetailPanel:346 - Failed to get advertising image, set to default
2024-07-25 20:17:45,021 [FATAL] Updater:308 - Updater called before beeing initialized
2024-07-25 20:17:45,043 [ERROR] Updater:1120 - MainUpdater not yet initialized. External WinMGr cannot be set.
2024-07-25 20:17:45,044 [INFO] Updater:1056 - Updater Version found : 6.11.1
2024-07-25 20:17:45,057 [INFO] ApplicationProperties:184 - Using Application install path: /opt/st/stm32cubeide_1.15.1/plugins/com.st.stm32cube.common.mx_6.11.1.202404110753
2024-07-25 20:17:45,305 [INFO] MainUpdater:2873 - connection check result : 10
2024-07-25 20:17:45,305 [INFO] MainUpdater:290 - Updater Check For Update Now.
2024-07-25 20:17:45,305 [INFO] MicroXplorer:498 - Change Database Version : DB.6.0.111
2024-07-25 20:17:45,308 [INFO] McuFinderGlobals:63 - Set McuFinder mode to 2 (CubeIDE integrated)
2024-07-25 20:17:45,308 [INFO] UserAuth:179 - activating auth plugin
2024-07-25 20:17:45,311 [INFO] UserAuth:415 - Internet connection configuration mode: 1
2024-07-25 20:17:45,320 [INFO] JxBrowserEngine:152 - Initiate JxBrowser Engine with user profile folder
2024-07-25 20:17:45,450 [INFO] CheckServerUpdateThread:120 - End of CheckServer Thread
2024-07-25 20:17:45,965 [INFO] WebApp:161 - Instantiating new browser for Auth
2024-07-25 20:17:46,401 [INFO] WebApp:779 - Register for checkConnection events
2024-07-25 20:17:46,402 [INFO] WebApp:414 - Apply proxy settings
2024-07-25 20:17:46,402 [INFO] WebApp:499 - Chromium requires no authentication
2024-07-25 20:17:46,405 [INFO] WebApp:442 - Direct internet connection detected
2024-07-25 20:17:46,479 [INFO] WebApp:192 - Starting web application
2024-07-25 20:17:46,479 [INFO] WebApp:544 - Web application path used /opt/st/stm32cubeide_1.15.1/plugins/com.st.stm32cube.common.mx_6.11.1.202404110753/db/plugins/mcufinder/reactClient1/index.html
2024-07-25 20:17:47,414 [WARN] PackLoader:240 - Cannot read IP mode file for STMicroelectronics.FP-SNS-MOTENVWB1.1.4.0
2024-07-25 20:17:47,422 [WARN] PackLoader:240 - Cannot read IP mode file for STMicroelectronics.X-CUBE-SMBUS.2.1.0
2024-07-25 20:17:47,449 [WARN] PackLoader:240 - Cannot read IP mode file for STMicroelectronics.X-CUBE-AZRTOS-F7.1.1.0
2024-07-25 20:17:47,454 [WARN] PackLoader:240 - Cannot read IP mode file for STMicroelectronics.FP-SNS-FLIGHT1.5.0.2
2024-07-25 20:17:47,458 [WARN] PackLoader:240 - Cannot read IP mode file for STMicroelectronics.X-CUBE-DISPLAY.3.0.0
2024-07-25 20:17:47,465 [WARN] PackLoader:240 - Cannot read IP mode file for STMicroelectronics.X-CUBE-BLE1.7.0.0
2024-07-25 20:17:47,467 [WARN] PackLoader:240 - Cannot read IP mode file for emotas.I-CUBE-CANOPEN.1.3.0
2024-07-25 20:17:47,472 [WARN] PackLoader:240 - Cannot read IP mode file for STMicroelectronics.X-CUBE-BLEMGR.3.1.0
2024-07-25 20:17:47,476 [WARN] PackLoader:240 - Cannot read IP mode file for STMicroelectronics.FP-SNS-SMARTAG2.1.2.0
2024-07-25 20:17:47,481 [INFO] LogOutputStream:77 - [STDOUT_REDIRECT] 1 : Invalid condition id : UX_CORESTACK_Condition cause : null
2024-07-25 20:17:47,481 [INFO] LogOutputStream:77 - [STDOUT_REDIRECT] 1 : Invalid condition id : UX_CORESTACK_Condition cause : null
2024-07-25 20:17:47,482 [INFO] LogOutputStream:77 - [STDOUT_REDIRECT] 1 : Invalid condition id : UX_CORESTACK_Condition cause : null
2024-07-25 20:17:47,482 [INFO] LogOutputStream:77 - [STDOUT_REDIRECT] 1 : Invalid condition id : UX_CORESTACK_Condition cause : null
2024-07-25 20:17:47,482 [INFO] LogOutputStream:77 - [STDOUT_REDIRECT] 1 : Invalid condition id : UX_CORESTACK_Condition cause : null
2024-07-25 20:17:47,484 [WARN] PackLoader:240 - Cannot read IP mode file for STMicroelectronics.X-CUBE-AZRTOS-WL.2.0.0
2024-07-25 20:17:47,488 [WARN] PackLoader:240 - Cannot read IP mode file for STMicroelectronics.FP-SNS-MOTENV1.5.0.0
2024-07-25 20:17:47,492 [WARN] PackLoader:240 - Cannot read IP mode file for wolfSSL.I-CUBE-wolfMQTT.1.19.0
2024-07-25 20:17:47,497 [WARN] PackLoader:240 - Cannot read IP mode file for WES.I-CUBE-Cesium.1.3.0
2024-07-25 20:17:47,501 [WARN] PackLoader:240 - Cannot read IP mode file for STMicroelectronics.X-CUBE-BLE2.3.3.0
2024-07-25 20:17:47,506 [WARN] PackLoader:240 - Cannot read IP mode file for STMicroelectronics.X-CUBE-TCPP.4.1.0
2024-07-25 20:17:47,518 [WARN] PackLoader:240 - Cannot read IP mode file for STMicroelectronics.X-CUBE-AZRTOS-G0.1.1.0
2024-07-25 20:17:47,525 [WARN] PackLoader:240 - Cannot read IP mode file for STMicroelectronics.X-CUBE-SAFEA1.1.2.2
2024-07-25 20:17:47,529 [WARN] PackLoader:240 - Cannot read IP mode file for STMicroelectronics.X-CUBE-NFC4.3.0.0
2024-07-25 20:17:47,538 [WARN] PackLoader:240 - Cannot read IP mode file for EmbeddedOffice.I-CUBE-FS-RTOS.1.0.1
2024-07-25 20:17:47,538 [ERROR] ConditionMgr:805 - Attr not supported : Dmpu
2024-07-25 20:17:47,538 [ERROR] ConditionMgr:805 - Attr not supported : Dmpu
2024-07-25 20:17:47,538 [ERROR] ConditionMgr:805 - Attr not supported : Dmpu
2024-07-25 20:17:47,538 [ERROR] ConditionMgr:805 - Attr not supported : Dmpu
2024-07-25 20:17:47,539 [ERROR] ConditionMgr:805 - Attr not supported : Dmpu
2024-07-25 20:17:47,539 [ERROR] ConditionMgr:805 - Attr not supported : Dmpu
2024-07-25 20:17:47,539 [ERROR] ConditionMgr:805 - Attr not supported : Dmpu
2024-07-25 20:17:47,539 [ERROR] ConditionMgr:805 - Attr not supported : Dmpu
2024-07-25 20:17:47,539 [ERROR] ConditionMgr:805 - Attr not supported : Dmpu
2024-07-25 20:17:47,539 [ERROR] ConditionMgr:805 - Attr not supported : Dmpu
2024-07-25 20:17:47,539 [ERROR] ConditionMgr:805 - Attr not supported : Dmpu
2024-07-25 20:17:47,539 [ERROR] ConditionMgr:805 - Attr not supported : Dmpu
2024-07-25 20:17:47,539 [ERROR] ConditionMgr:805 - Attr not supported : Dmpu
2024-07-25 20:17:47,539 [ERROR] ConditionMgr:805 - Attr not supported : Dmpu
2024-07-25 20:17:47,539 [ERROR] ConditionMgr:805 - Attr not supported : Dmpu
2024-07-25 20:17:47,539 [ERROR] ConditionMgr:805 - Attr not supported : Dmpu
2024-07-25 20:17:47,539 [ERROR] ConditionMgr:805 - Attr not supported : Dmpu
2024-07-25 20:17:47,539 [ERROR] ConditionMgr:805 - Attr not supported : Dmpu
2024-07-25 20:17:47,540 [ERROR] ConditionMgr:805 - Attr not supported : Dmpu
2024-07-25 20:17:47,540 [ERROR] ConditionMgr:805 - Attr not supported : Dmpu
2024-07-25 20:17:47,540 [ERROR] ConditionMgr:805 - Attr not supported : Dmpu
2024-07-25 20:17:47,540 [ERROR] ConditionMgr:805 - Attr not supported : Dmpu
2024-07-25 20:17:47,540 [ERROR] ConditionMgr:805 - Attr not supported : Dmpu
2024-07-25 20:17:47,540 [ERROR] ConditionMgr:805 - Attr not supported : Dmpu
2024-07-25 20:17:47,540 [ERROR] ConditionMgr:805 - Attr not supported : Dmpu
2024-07-25 20:17:47,540 [ERROR] ConditionMgr:805 - Attr not supported : Dmpu
2024-07-25 20:17:47,540 [ERROR] ConditionMgr:805 - Attr not supported : Dmpu
2024-07-25 20:17:47,540 [ERROR] ConditionMgr:805 - Attr not supported : Dmpu
2024-07-25 20:17:47,540 [ERROR] ConditionMgr:805 - Attr not supported : Dmpu
2024-07-25 20:17:47,540 [ERROR] ConditionMgr:805 - Attr not supported : Dmpu
2024-07-25 20:17:47,540 [ERROR] ConditionMgr:805 - Attr not supported : Dmpu
2024-07-25 20:17:47,541 [ERROR] ConditionMgr:805 - Attr not supported : Dmpu
2024-07-25 20:17:47,541 [ERROR] ConditionMgr:805 - Attr not supported : Dmpu
2024-07-25 20:17:47,541 [ERROR] ConditionMgr:805 - Attr not supported : Dmpu
2024-07-25 20:17:47,541 [ERROR] ConditionMgr:805 - Attr not supported : Dmpu
2024-07-25 20:17:47,541 [ERROR] ConditionMgr:805 - Attr not supported : Dmpu
2024-07-25 20:17:47,541 [ERROR] ConditionMgr:805 - Attr not supported : Dmpu
2024-07-25 20:17:47,541 [ERROR] ConditionMgr:805 - Attr not supported : Dmpu
2024-07-25 20:17:47,541 [ERROR] ConditionMgr:805 - Attr not supported : Dmpu
2024-07-25 20:17:47,541 [ERROR] ConditionMgr:805 - Attr not supported : Dmpu
2024-07-25 20:17:47,542 [ERROR] ConditionMgr:805 - Attr not supported : Dmpu
2024-07-25 20:17:47,542 [ERROR] ConditionMgr:805 - Attr not supported : Dmpu
2024-07-25 20:17:47,542 [ERROR] ConditionMgr:805 - Attr not supported : Dmpu
2024-07-25 20:17:47,542 [ERROR] ConditionMgr:805 - Attr not supported : Dmpu
2024-07-25 20:17:47,542 [ERROR] ConditionMgr:805 - Attr not supported : Dmpu
2024-07-25 20:17:47,542 [ERROR] ConditionMgr:805 - Attr not supported : Dmpu
2024-07-25 20:17:47,542 [ERROR] ConditionMgr:805 - Attr not supported : Dmpu
2024-07-25 20:17:47,542 [ERROR] ConditionMgr:805 - Attr not supported : Dmpu
2024-07-25 20:17:47,542 [ERROR] ConditionMgr:805 - Attr not supported : Dmpu
2024-07-25 20:17:47,542 [ERROR] ConditionMgr:805 - Attr not supported : Dmpu
2024-07-25 20:17:47,542 [ERROR] ConditionMgr:805 - Attr not supported : Dmpu
2024-07-25 20:17:47,543 [ERROR] ConditionMgr:805 - Attr not supported : Dmpu
2024-07-25 20:17:47,543 [ERROR] ConditionMgr:805 - Attr not supported : Dmpu
2024-07-25 20:17:47,543 [ERROR] ConditionMgr:805 - Attr not supported : Dmpu
2024-07-25 20:17:47,543 [ERROR] ConditionMgr:805 - Attr not supported : Dmpu
2024-07-25 20:17:47,543 [ERROR] ConditionMgr:805 - Attr not supported : Dmpu
2024-07-25 20:17:47,543 [ERROR] ConditionMgr:805 - Attr not supported : Dmpu
2024-07-25 20:17:47,543 [ERROR] ConditionMgr:805 - Attr not supported : Dmpu
2024-07-25 20:17:47,543 [ERROR] ConditionMgr:805 - Attr not supported : Dmpu
2024-07-25 20:17:47,543 [ERROR] ConditionMgr:805 - Attr not supported : Dmpu
2024-07-25 20:17:47,543 [ERROR] ConditionMgr:805 - Attr not supported : Dmpu
2024-07-25 20:17:47,543 [ERROR] ConditionMgr:805 - Attr not supported : Dmpu
2024-07-25 20:17:47,543 [ERROR] ConditionMgr:805 - Attr not supported : Dmpu
2024-07-25 20:17:47,544 [ERROR] ConditionMgr:805 - Attr not supported : Dmpu
2024-07-25 20:17:47,547 [WARN] PackLoader:240 - Cannot read IP mode file for RealThread.X-CUBE-RT-Thread_Nano.4.1.1
2024-07-25 20:17:47,550 [WARN] PackLoader:240 - Cannot read IP mode file for wolfSSL.I-CUBE-wolfSSL.5.7.0
2024-07-25 20:17:47,553 [WARN] PackLoader:240 - Cannot read IP mode file for STMicroelectronics.FP-ATR-SIGFOX1.3.2.0
2024-07-25 20:17:47,557 [WARN] PackLoader:240 - Cannot read IP mode file for STMicroelectronics.X-CUBE-EEPRMA1.5.1.0
2024-07-25 20:17:47,562 [WARN] PackLoader:240 - Cannot read IP mode file for ITTIA_DB.I-CUBE-ITTIADB.8.9.0
2024-07-25 20:17:47,589 [WARN] PackLoader:240 - Cannot read IP mode file for SEGGER.I-CUBE-embOS.1.3.1
2024-07-25 20:17:47,628 [WARN] PackLoader:240 - Cannot read IP mode file for STMicroelectronics.X-CUBE-ALGOBUILD.1.4.0
2024-07-25 20:17:47,633 [WARN] PackLoader:240 - Cannot read IP mode file for STMicroelectronics.X-CUBE-GNSS1.6.0.0
2024-07-25 20:17:47,653 [WARN] PackLoader:240 - Cannot read IP mode file for STMicroelectronics.X-CUBE-AZRTOS-F4.1.1.0
2024-07-25 20:17:47,660 [WARN] PackLoader:240 - Cannot read IP mode file for STMicroelectronics.X-CUBE-FREERTOS.1.2.0
2024-07-25 20:17:47,674 [WARN] PackLoader:240 - Cannot read IP mode file for STMicroelectronics.X-CUBE-AZRTOS-L5.2.0.0
2024-07-25 20:17:47,682 [WARN] PackLoader:240 - Cannot read IP mode file for STMicroelectronics.X-CUBE-NFC6.3.1.0
2024-07-25 20:17:47,688 [WARN] PackLoader:240 - Cannot read IP mode file for STMicroelectronics.X-CUBE-DPower.1.2.0
2024-07-25 20:17:47,691 [WARN] PackLoader:240 - Cannot read IP mode file for STMicroelectronics.X-CUBE-AI.9.0.0
2024-07-25 20:17:47,695 [WARN] PackLoader:240 - Cannot read IP mode file for STMicroelectronics.X-CUBE-NFC7.1.0.1
2024-07-25 20:17:47,698 [WARN] PackLoader:240 - Cannot read IP mode file for wolfSSL.I-CUBE-wolfTPM.3.2.0
2024-07-25 20:17:47,712 [WARN] ConditionMgr:438 - getConditionDescription Invalid condition id : LAN8742 Phy interface Condition cause : null
2024-07-25 20:17:47,713 [WARN] PackLoader:240 - Cannot read IP mode file for STMicroelectronics.X-CUBE-AZRTOS-L4.2.0.0
2024-07-25 20:17:47,714 [WARN] ConditionMgr:1039 - genDependencies : Invalid condition id : LAN8742 Phy interface Condition cause : null
2024-07-25 20:17:47,714 [WARN] ConditionMgr:1039 - genDependencies : Invalid condition id : LAN8742 Phy interface Condition cause : null
2024-07-25 20:17:47,715 [WARN] ConditionMgr:1039 - genDependencies : Invalid condition id : LAN8742 Phy interface Condition cause : null
2024-07-25 20:17:47,721 [WARN] PackLoader:240 - Cannot read IP mode file for STMicroelectronics.X-CUBE-SFXS2LP1.4.0.0
2024-07-25 20:17:47,731 [WARN] ConditionMgr:438 - getConditionDescription Invalid condition id : UX DEVICE CLASS RTOS Condition cause : null
2024-07-25 20:17:47,731 [WARN] ConditionMgr:438 - getConditionDescription Invalid condition id : UX DEVICE CLASS RTOS Condition cause : null
2024-07-25 20:17:47,733 [WARN] PackLoader:240 - Cannot read IP mode file for STMicroelectronics.X-CUBE-AZRTOS-WB.2.0.0
2024-07-25 20:17:47,734 [WARN] ConditionMgr:1039 - genDependencies : Invalid condition id : UX DEVICE CLASS RTOS Condition cause : null
2024-07-25 20:17:47,734 [WARN] ConditionMgr:1039 - genDependencies : Invalid condition id : UX DEVICE CLASS RTOS Condition cause : null
2024-07-25 20:17:47,734 [WARN] ConditionMgr:1039 - genDependencies : Invalid condition id : UX DEVICE CLASS RTOS Condition cause : null
2024-07-25 20:17:47,734 [WARN] ConditionMgr:1039 - genDependencies : Invalid condition id : UX DEVICE CLASS RTOS Condition cause : null
2024-07-25 20:17:47,735 [WARN] ConditionMgr:1039 - genDependencies : Invalid condition id : UX DEVICE CLASS RTOS Condition cause : null
2024-07-25 20:17:47,740 [WARN] PackLoader:240 - Cannot read IP mode file for STMicroelectronics.FP-SNS-STBOX1.2.0.0
2024-07-25 20:17:47,749 [WARN] PackLoader:240 - Cannot read IP mode file for STMicroelectronics.X-CUBE-SUBG2.5.0.0
2024-07-25 20:17:47,756 [WARN] PackLoader:240 - Cannot read IP mode file for Cesanta.I-CUBE-Mongoose.7.13.0
2024-07-25 20:17:47,766 [WARN] PackLoader:240 - Cannot read IP mode file for STMicroelectronics.X-CUBE-AZRTOS-G4.2.0.0
2024-07-25 20:17:47,770 [WARN] PackLoader:240 - Cannot read IP mode file for STMicroelectronics.X-CUBE-ISPU.2.0.0
2024-07-25 20:17:47,773 [WARN] PackLoader:240 - Cannot read IP mode file for STMicroelectronics.X-CUBE-ALS.1.0.2
2024-07-25 20:17:47,804 [WARN] PackLoader:240 - Cannot read IP mode file for STMicroelectronics.X-CUBE-MEMS1.10.0.0
2024-07-25 20:17:47,920 [WARN] PackLoader:240 - Cannot read IP mode file for STMicroelectronics.X-CUBE-TOUCHGFX.4.24.0
2024-07-25 20:17:47,923 [WARN] PackLoader:240 - Cannot read IP mode file for portGmbH.I-Cube-SoM-uGOAL.1.1.0
2024-07-25 20:17:47,937 [WARN] PackLoader:240 - Cannot read IP mode file for STMicroelectronics.X-CUBE-AZRTOS-H7RS.1.0.0
2024-07-25 20:17:47,941 [WARN] PackLoader:240 - Cannot read IP mode file for STMicroelectronics.FP-ATR-ASTRA1.2.0.0
2024-07-25 20:17:47,949 [WARN] PackLoader:240 - Cannot read IP mode file for STMicroelectronics.X-CUBE-TOF1.3.4.2
2024-07-25 20:17:47,964 [WARN] PackLoader:240 - Cannot read IP mode file for STMicroelectronics.X-CUBE-TOF1.3.4.1
2024-07-25 20:17:47,986 [WARN] PackLoader:240 - Cannot read IP mode file for STMicroelectronics.X-CUBE-AZRTOS-H7.3.2.0
2024-07-25 20:17:48,000 [WARN] PackLoader:240 - Cannot read IP mode file for Infineon.AIROC-Wi-Fi-Bluetooth-STM32.1.6.0
2024-07-25 20:17:48,004 [WARN] PackLoader:240 - Cannot read IP mode file for wolfSSL.I-CUBE-wolfSSH.1.4.17
2024-07-25 20:17:48,005 [INFO] ThirdParty:978 - Integrity check success = true
2024-07-25 20:17:48,005 [INFO] IntegrityCheckThread:100 - exiting critical section [integrity check]
2024-07-25 20:17:48,005 [INFO] IntegrityCheckThread:103 - End integrity checks thread
2024-07-25 22:07:55,034 [ERROR] AdobePublisher:162 - Exception while opening the connection: java.net.SocketTimeoutException: Read timed out
2024-07-25 22:07:56,058 [ERROR] LogOutputStream:75 - [STDERR_REDIRECT] 
