2024-07-27 05:34:46,269 [INFO] Activator:176 - 


2024-07-27 05:34:46,273 [INFO] Activator:177 - !SESSION log4j initialized
2024-07-27 05:34:50,067 [INFO] LogOutputStream:77 - [STDOUT_REDIRECT] 
2024-07-27 05:34:51,059 [INFO] ApplicationProperties:184 - Using Application install path: /opt/st/stm32cubeide_1.15.1/plugins/com.st.stm32cube.common.mx_6.11.1.202404110753
2024-07-27 05:34:51,070 [INFO] DbMcusXml:78 - Set database path to: /opt/st/stm32cubeide_1.15.1/plugins/com.st.stm32cube.common.mx_6.11.1.202404110753//db//mcu/
2024-07-27 05:34:51,071 [INFO] ApiDb:274 - Set plugin database path to: /opt/st/stm32cubeide_1.15.1/plugins/com.st.stm32cube.common.mx_6.11.1.202404110753//db//plugins/boardmanager/
2024-07-27 05:34:51,071 [WARN] ApiDb:259 - Overriding images path with different value:  => /opt/st/stm32cubeide_1.15.1/plugins/com.st.stm32cube.common.mx_6.11.1.202404110753//db//plugins/mcufinder/images/
2024-07-27 05:34:51,077 [INFO] ApiDb:250 - Set database path to: /home/poojaa/.stmcufinder/plugins/mcufinder//mcu/
2024-07-27 05:34:51,077 [INFO] DbMcusAds:125 - Set database path to: /home/poojaa/.stmcufinder/plugins/mcufinder//mcu/
2024-07-27 05:34:51,079 [INFO] CrossReferenceDbSqlite:203 - Set database path to: /home/poojaa/.stmcufinder/plugins/mcufinder//mcu/cs/
2024-07-27 05:34:51,166 [INFO] RulesReader:64 - Compatibility file has been processed (297 Rules)
2024-07-27 05:34:51,204 [INFO] DbMcusXml:78 - Set database path to: /opt/st/stm32cubeide_1.15.1/plugins/com.st.stm32cube.common.mx_6.11.1.202404110753//db//mcu/
2024-07-27 05:34:51,204 [INFO] ApiDb:274 - Set plugin database path to: /opt/st/stm32cubeide_1.15.1/plugins/com.st.stm32cube.common.mx_6.11.1.202404110753//db//plugins/boardmanager/
2024-07-27 05:34:51,204 [INFO] ApiDb:261 - Set plugin images path to: /opt/st/stm32cubeide_1.15.1/plugins/com.st.stm32cube.common.mx_6.11.1.202404110753//db//plugins/mcufinder/images/
2024-07-27 05:34:51,205 [WARN] DbFile:41 - Overriding database path with different value: /home/poojaa/.stmcufinder/plugins/mcufinder/ => /home/poojaa/.stmcufinder/plugins/mcufinder
2024-07-27 05:34:51,205 [INFO] ApiDb:250 - Set database path to: /home/poojaa/.stmcufinder/plugins/mcufinder//mcu/
2024-07-27 05:34:51,205 [WARN] DbFile:41 - Overriding database path with different value: /home/poojaa/.stmcufinder/plugins/mcufinder/ => /home/poojaa/.stmcufinder/plugins/mcufinder
2024-07-27 05:34:51,205 [INFO] DbMcusAds:125 - Set database path to: /home/poojaa/.stmcufinder/plugins/mcufinder//mcu/
2024-07-27 05:34:51,205 [WARN] DbFile:41 - Overriding database path with different value: /home/poojaa/.stmcufinder/plugins/mcufinder/ => /home/poojaa/.stmcufinder/plugins/mcufinder
2024-07-27 05:34:51,205 [WARN] DbFile:41 - Overriding database path with different value: /home/poojaa/.stmcufinder/plugins/mcufinder/ => /home/poojaa/.stmcufinder/plugins/mcufinder
2024-07-27 05:34:51,205 [INFO] CrossReferenceDbSqlite:203 - Set database path to: /home/poojaa/.stmcufinder/plugins/mcufinder//mcu/cs/
2024-07-27 05:34:51,250 [INFO] MainPanel:264 - HeapMemory: 268435456
2024-07-27 05:34:51,316 [INFO] DbMcusXml:78 - Set database path to: /opt/st/stm32cubeide_1.15.1/plugins/com.st.stm32cube.common.mx_6.11.1.202404110753//db//mcu/
2024-07-27 05:34:51,316 [INFO] ApiDb:274 - Set plugin database path to: /opt/st/stm32cubeide_1.15.1/plugins/com.st.stm32cube.common.mx_6.11.1.202404110753//db//plugins/boardmanager/
2024-07-27 05:34:51,316 [INFO] ApiDb:261 - Set plugin images path to: /opt/st/stm32cubeide_1.15.1/plugins/com.st.stm32cube.common.mx_6.11.1.202404110753//db//plugins/mcufinder/images/
2024-07-27 05:34:51,316 [WARN] DbFile:41 - Overriding database path with different value: /home/poojaa/.stmcufinder/plugins/mcufinder/ => /home/poojaa/.stmcufinder/plugins/mcufinder
2024-07-27 05:34:51,316 [INFO] ApiDb:250 - Set database path to: /home/poojaa/.stmcufinder/plugins/mcufinder//mcu/
2024-07-27 05:34:51,316 [WARN] DbFile:41 - Overriding database path with different value: /home/poojaa/.stmcufinder/plugins/mcufinder/ => /home/poojaa/.stmcufinder/plugins/mcufinder
2024-07-27 05:34:51,316 [INFO] DbMcusAds:125 - Set database path to: /home/poojaa/.stmcufinder/plugins/mcufinder//mcu/
2024-07-27 05:34:51,316 [WARN] DbFile:41 - Overriding database path with different value: /home/poojaa/.stmcufinder/plugins/mcufinder/ => /home/poojaa/.stmcufinder/plugins/mcufinder
2024-07-27 05:34:51,316 [WARN] DbFile:41 - Overriding database path with different value: /home/poojaa/.stmcufinder/plugins/mcufinder/ => /home/poojaa/.stmcufinder/plugins/mcufinder
2024-07-27 05:34:51,316 [INFO] CrossReferenceDbSqlite:203 - Set database path to: /home/poojaa/.stmcufinder/plugins/mcufinder//mcu/cs/
2024-07-27 05:34:51,327 [INFO] ApplicationProperties:184 - Using Application install path: /opt/st/stm32cubeide_1.15.1/plugins/com.st.stm32cube.common.mx_6.11.1.202404110753
2024-07-27 05:34:51,328 [INFO] PluginManage:196 - Search for loadable plugins [exclusion list=, ]
2024-07-27 05:34:51,329 [INFO] PluginManage:310 - Check plugin analytics
2024-07-27 05:34:51,433 [INFO] AnalyticsPlugin:253 - Accepted Software Licenses: 
2024-07-27 05:34:51,433 [INFO] AnalyticsPlugin:255 - Accepted CMSIS Pack Licenses: 
2024-07-27 05:34:51,433 [INFO] AnalyticsPlugin:257 - Accepted Firmware Licenses: 
2024-07-27 05:34:51,435 [INFO] PluginManage:359 - Loaded plugin analytics (category:tool,tabindex:-1)
2024-07-27 05:34:51,435 [INFO] PluginManage:310 - Check plugin cadmodel
2024-07-27 05:34:51,464 [INFO] CADModel:105 - Init CAD model plugin
2024-07-27 05:34:51,464 [INFO] PluginManage:359 - Loaded plugin cadmodel (category:power,tabindex:5)
2024-07-27 05:34:51,465 [INFO] PluginManage:310 - Check plugin clock
2024-07-27 05:34:51,471 [INFO] PluginManage:359 - Loaded plugin clock (category:base,tabindex:2)
2024-07-27 05:34:51,472 [INFO] PluginManage:310 - Check plugin ddr
2024-07-27 05:34:51,473 [INFO] PluginManage:359 - Loaded plugin ddr (category:tool,tabindex:6)
2024-07-27 05:34:51,474 [INFO] PluginManage:310 - Check plugin filemanager
2024-07-27 05:34:51,577 [INFO] PluginManage:359 - Loaded plugin filemanager (category:base,tabindex:10)
2024-07-27 05:34:51,577 [INFO] PluginManage:310 - Check plugin ipmanager
2024-07-27 05:34:51,581 [INFO] PluginManage:359 - Loaded plugin ipmanager (category:base,tabindex:5)
2024-07-27 05:34:51,581 [INFO] PluginManage:310 - Check plugin lpbam
2024-07-27 05:34:51,586 [INFO] PluginManage:359 - Loaded plugin lpbam (category:base,tabindex:0)
2024-07-27 05:34:51,587 [INFO] PluginManage:310 - Check plugin memorymap
2024-07-27 05:34:51,593 [INFO] PluginManage:359 - Loaded plugin memorymap (category:base,tabindex:4)
2024-07-27 05:34:51,594 [INFO] PluginManage:310 - Check plugin pinoutandconfiguration
2024-07-27 05:34:51,598 [INFO] PluginManage:359 - Loaded plugin pinoutandconfiguration (category:base,tabindex:1)
2024-07-27 05:34:51,599 [INFO] PluginManage:310 - Check plugin pinoutconfig
2024-07-27 05:34:51,644 [WARN] SupportedApi:132 - Cannot load RTOS API schema: s4s-elt-must-match.1: The content of 'definitions' must match (annotation?, (simpleType | complexType)?, (unique | key | keyref)*)). A problem was found starting at: attribute.
2024-07-27 05:34:51,724 [INFO] PluginManage:359 - Loaded plugin pinoutconfig (category:base,tabindex:0)
2024-07-27 05:34:51,724 [INFO] PluginManage:310 - Check plugin power
2024-07-27 05:34:51,731 [INFO] PluginManage:359 - Loaded plugin power (category:power,tabindex:4)
2024-07-27 05:34:51,731 [INFO] PluginManage:310 - Check plugin projectmanager
2024-07-27 05:34:51,740 [INFO] PluginManage:359 - Loaded plugin projectmanager (category:projectmanager,tabindex:3)
2024-07-27 05:34:51,740 [INFO] PluginManage:310 - Check plugin thirdparty
2024-07-27 05:34:51,820 [WARN] IntegrityCheckThread:84 - waiting for thirdparty lock release [integrity check]
2024-07-27 05:34:51,820 [INFO] PluginManage:359 - Loaded plugin thirdparty (category:base,tabindex:-1)
2024-07-27 05:34:51,820 [INFO] IntegrityCheckThread:86 - entering critical section [integrity check]
2024-07-27 05:34:51,820 [INFO] PluginManage:310 - Check plugin tools
2024-07-27 05:34:51,820 [INFO] ThirdPartyUpdaterWithRetryManager:70 - Updater plugin not ready yet. [1/15]
2024-07-27 05:34:51,822 [INFO] PluginManage:359 - Loaded plugin tools (category:base,tabindex:7)
2024-07-27 05:34:51,822 [INFO] PluginManage:310 - Check plugin tutovideos
2024-07-27 05:34:51,930 [INFO] PluginManage:359 - Loaded plugin tutovideos (category:base,tabindex:-1)
2024-07-27 05:34:51,931 [INFO] PluginManage:310 - Check plugin updater
2024-07-27 05:34:51,938 [INFO] PluginManage:359 - Loaded plugin updater (category:base,tabindex:12)
2024-07-27 05:34:51,939 [INFO] PluginManage:310 - Check plugin userauth
2024-07-27 05:34:51,943 [INFO] UserAuth:114 - Init User Auth plugin
2024-07-27 05:34:51,943 [INFO] PluginManage:359 - Loaded plugin userauth (category:base,tabindex:14)
2024-07-27 05:34:51,943 [INFO] PluginManage:283 - PluginManage : Loaded plugins [17]
2024-07-27 05:34:52,065 [INFO] PinOutPanel:1561 - setPackage(No Configuration,No Configuration)
2024-07-27 05:34:52,108 [INFO] CADModel:165 - CPN selected for project level
2024-07-27 05:34:52,108 [INFO] CADModel:114 - Register for checkConnection events
2024-07-27 05:34:52,123 [INFO] IPUIPlugin:80 - create IPUIPlugin
2024-07-27 05:34:52,124 [INFO] PluginManager:220 - loadIPPluginJar : add adc
2024-07-27 05:34:52,125 [INFO] IPUIPlugin:80 - create IPUIPlugin
2024-07-27 05:34:52,126 [INFO] PluginManager:220 - loadIPPluginJar : add dma3
2024-07-27 05:34:52,128 [INFO] IPUIPlugin:80 - create IPUIPlugin
2024-07-27 05:34:52,128 [INFO] PluginManager:220 - loadIPPluginJar : add opamp
2024-07-27 05:34:52,130 [INFO] IPUIPlugin:80 - create IPUIPlugin
2024-07-27 05:34:52,130 [INFO] PluginManager:220 - loadIPPluginJar : add pdm2pcm
2024-07-27 05:34:52,132 [INFO] IPUIPlugin:80 - create IPUIPlugin
2024-07-27 05:34:52,132 [INFO] PluginManager:220 - loadIPPluginJar : add i2c
2024-07-27 05:34:52,133 [INFO] IPUIPlugin:80 - create IPUIPlugin
2024-07-27 05:34:52,134 [INFO] PluginManager:220 - loadIPPluginJar : add i2s
2024-07-27 05:34:52,135 [INFO] IPUIPlugin:80 - create IPUIPlugin
2024-07-27 05:34:52,135 [INFO] PluginManager:220 - loadIPPluginJar : add gfxmmu
2024-07-27 05:34:52,136 [INFO] IPUIPlugin:80 - create IPUIPlugin
2024-07-27 05:34:52,136 [INFO] PluginManager:220 - loadIPPluginJar : add quadspi
2024-07-27 05:34:52,142 [INFO] IPUIPlugin:80 - create IPUIPlugin
2024-07-27 05:34:52,142 [INFO] PluginManager:220 - loadIPPluginJar : add mdma
2024-07-27 05:34:52,145 [INFO] IPUIPlugin:80 - create IPUIPlugin
2024-07-27 05:34:52,145 [INFO] PluginManager:220 - loadIPPluginJar : add nvic
2024-07-27 05:34:52,149 [INFO] IPUIPlugin:80 - create IPUIPlugin
2024-07-27 05:34:52,150 [INFO] PluginManager:220 - loadIPPluginJar : add dma
2024-07-27 05:34:52,151 [INFO] IPUIPlugin:80 - create IPUIPlugin
2024-07-27 05:34:52,151 [INFO] PluginManager:220 - loadIPPluginJar : add aes
2024-07-27 05:34:52,155 [INFO] IPUIPlugin:80 - create IPUIPlugin
2024-07-27 05:34:52,155 [INFO] PluginManager:220 - loadIPPluginJar : add stm32_wpan
2024-07-27 05:34:52,157 [INFO] IPUIPlugin:80 - create IPUIPlugin
2024-07-27 05:34:52,157 [INFO] PluginManager:220 - loadIPPluginJar : add usart
2024-07-27 05:34:52,158 [INFO] IPUIPlugin:80 - create IPUIPlugin
2024-07-27 05:34:52,158 [INFO] PluginManager:220 - loadIPPluginJar : add genericplugin
2024-07-27 05:34:52,161 [INFO] IPUIPlugin:80 - create IPUIPlugin
2024-07-27 05:34:52,161 [INFO] PluginManager:220 - loadIPPluginJar : add openamp
2024-07-27 05:34:52,163 [INFO] IPUIPlugin:80 - create IPUIPlugin
2024-07-27 05:34:52,163 [INFO] PluginManager:220 - loadIPPluginJar : add ipddr
2024-07-27 05:34:52,165 [INFO] IPUIPlugin:80 - create IPUIPlugin
2024-07-27 05:34:52,165 [INFO] PluginManager:220 - loadIPPluginJar : add lorawan
2024-07-27 05:34:52,167 [INFO] IPUIPlugin:80 - create IPUIPlugin
2024-07-27 05:34:52,167 [INFO] PluginManager:220 - loadIPPluginJar : add gtzc
2024-07-27 05:34:52,169 [INFO] IPUIPlugin:80 - create IPUIPlugin
2024-07-27 05:34:52,169 [INFO] PluginManager:220 - loadIPPluginJar : add can
2024-07-27 05:34:52,169 [INFO] IPUIPlugin:80 - create IPUIPlugin
2024-07-27 05:34:52,169 [INFO] PluginManager:220 - loadIPPluginJar : add fatfs
2024-07-27 05:34:52,174 [INFO] IPUIPlugin:80 - create IPUIPlugin
2024-07-27 05:34:52,174 [INFO] PluginManager:220 - loadIPPluginJar : add gpio
2024-07-27 05:34:52,176 [INFO] IPUIPlugin:80 - create IPUIPlugin
2024-07-27 05:34:52,176 [INFO] PluginManager:220 - loadIPPluginJar : add ts
2024-07-27 05:34:52,179 [INFO] IPUIPlugin:80 - create IPUIPlugin
2024-07-27 05:34:52,179 [INFO] PluginManager:220 - loadIPPluginJar : add dfsdm
2024-07-27 05:34:52,184 [INFO] IPUIPlugin:80 - create IPUIPlugin
2024-07-27 05:34:52,184 [INFO] PluginManager:220 - loadIPPluginJar : add gic
2024-07-27 05:34:52,190 [INFO] IPUIPlugin:80 - create IPUIPlugin
2024-07-27 05:34:52,190 [INFO] PluginManager:220 - loadIPPluginJar : add linkedlist
2024-07-27 05:34:52,192 [INFO] IPUIPlugin:80 - create IPUIPlugin
2024-07-27 05:34:52,192 [INFO] PluginManager:220 - loadIPPluginJar : add tim
2024-07-27 05:34:52,193 [INFO] IPUIPlugin:80 - create IPUIPlugin
2024-07-27 05:34:52,194 [INFO] PluginManager:220 - loadIPPluginJar : add tracer_emb
2024-07-27 05:34:52,195 [INFO] IPUIPlugin:80 - create IPUIPlugin
2024-07-27 05:34:52,196 [INFO] PluginManager:220 - loadIPPluginJar : add extmemmanager
2024-07-27 05:34:52,197 [INFO] IPUIPlugin:80 - create IPUIPlugin
2024-07-27 05:34:52,197 [INFO] PluginManager:220 - loadIPPluginJar : add spi
2024-07-27 05:34:52,198 [INFO] IPUIPlugin:80 - create IPUIPlugin
2024-07-27 05:34:52,198 [INFO] PluginManager:220 - loadIPPluginJar : add comp
2024-07-27 05:34:52,200 [INFO] IPUIPlugin:80 - create IPUIPlugin
2024-07-27 05:34:52,200 [INFO] PluginManager:220 - loadIPPluginJar : add sai
2024-07-27 05:34:52,201 [INFO] IPUIPlugin:80 - create IPUIPlugin
2024-07-27 05:34:52,201 [INFO] PluginManager:220 - loadIPPluginJar : add ucpd
2024-07-27 05:34:52,202 [INFO] IPUIPlugin:80 - create IPUIPlugin
2024-07-27 05:34:52,202 [INFO] PluginManager:220 - loadIPPluginJar : add ltdc
2024-07-27 05:34:52,203 [INFO] IPUIPlugin:80 - create IPUIPlugin
2024-07-27 05:34:52,204 [INFO] PluginManager:220 - loadIPPluginJar : add touchsensing
2024-07-27 05:34:52,211 [INFO] IPUIPlugin:80 - create IPUIPlugin
2024-07-27 05:34:52,213 [INFO] PluginManager:220 - loadIPPluginJar : add plateformsettings
2024-07-27 05:34:52,217 [INFO] IPUIPlugin:80 - create IPUIPlugin
2024-07-27 05:34:52,217 [INFO] PluginManager:220 - loadIPPluginJar : add resmgrutility
2024-07-27 05:34:52,219 [INFO] IPUIPlugin:80 - create IPUIPlugin
2024-07-27 05:34:52,219 [INFO] PluginManager:220 - loadIPPluginJar : add cryp
2024-07-27 05:34:52,223 [INFO] IPUIPlugin:80 - create IPUIPlugin
2024-07-27 05:34:52,223 [INFO] PluginManager:220 - loadIPPluginJar : add fmc
2024-07-27 05:34:52,224 [INFO] IPUIPlugin:80 - create IPUIPlugin
2024-07-27 05:34:52,225 [INFO] PluginManager:220 - loadIPPluginJar : add tsc
2024-07-27 05:34:52,227 [INFO] IPUIPlugin:80 - create IPUIPlugin
2024-07-27 05:34:52,227 [INFO] PluginManager:220 - loadIPPluginJar : add hash
2024-07-27 05:34:52,232 [INFO] IPUIPlugin:80 - create IPUIPlugin
2024-07-27 05:34:52,233 [INFO] PluginManager:220 - loadIPPluginJar : add freertos
2024-07-27 05:34:52,235 [INFO] IPUIPlugin:80 - create IPUIPlugin
2024-07-27 05:34:52,235 [INFO] PluginManager:220 - loadIPPluginJar : add usbx
2024-07-27 05:34:52,237 [INFO] IPUIPlugin:80 - create IPUIPlugin
2024-07-27 05:34:52,237 [INFO] PluginManager:220 - loadIPPluginJar : add i3c
2024-07-27 05:34:52,327 [INFO] CADModel:165 - CPN selected for project level
2024-07-27 05:34:52,327 [INFO] CADModel:114 - Register for checkConnection events
2024-07-27 05:34:52,327 [FATAL] Updater:308 - Updater called before beeing initialized
2024-07-27 05:34:52,327 [ERROR] CADModel:125 - Updater not yet initialized, retry later 
2024-07-27 05:34:52,409 [INFO] CADModel:165 - CPN selected for project level
2024-07-27 05:34:52,409 [INFO] CADModel:114 - Register for checkConnection events
2024-07-27 05:34:52,409 [FATAL] Updater:308 - Updater called before beeing initialized
2024-07-27 05:34:52,409 [ERROR] CADModel:125 - Updater not yet initialized, retry later 
2024-07-27 05:34:52,411 [FATAL] Updater:308 - Updater called before beeing initialized
2024-07-27 05:34:52,461 [FATAL] Updater:308 - Updater called before beeing initialized
2024-07-27 05:34:52,464 [INFO] DbMcusAds:53 - JSON generation date=Thu May 16 14:52:00 IST 2024 (1715851320667)
2024-07-27 05:34:52,464 [FATAL] Updater:308 - Updater called before beeing initialized
2024-07-27 05:34:52,487 [WARN] DetailPanel:346 - Failed to get advertising image, set to default
2024-07-27 05:34:52,540 [FATAL] Updater:308 - Updater called before beeing initialized
2024-07-27 05:34:52,541 [FATAL] Updater:308 - Updater called before beeing initialized
2024-07-27 05:34:52,541 [FATAL] Updater:308 - Updater called before beeing initialized
2024-07-27 05:34:52,541 [WARN] DetailPanel:346 - Failed to get advertising image, set to default
2024-07-27 05:34:52,542 [FATAL] Updater:308 - Updater called before beeing initialized
2024-07-27 05:34:52,561 [ERROR] Updater:1120 - MainUpdater not yet initialized. External WinMGr cannot be set.
2024-07-27 05:34:52,563 [INFO] Updater:1056 - Updater Version found : 6.11.1
2024-07-27 05:34:52,577 [INFO] ApplicationProperties:184 - Using Application install path: /opt/st/stm32cubeide_1.15.1/plugins/com.st.stm32cube.common.mx_6.11.1.202404110753
2024-07-27 05:34:52,961 [INFO] MainUpdater:2873 - connection check result : 10
2024-07-27 05:34:52,961 [INFO] MainUpdater:290 - Updater Check For Update Now.
2024-07-27 05:34:52,962 [INFO] MicroXplorer:498 - Change Database Version : DB.6.0.111
2024-07-27 05:34:52,967 [INFO] McuFinderGlobals:63 - Set McuFinder mode to 2 (CubeIDE integrated)
2024-07-27 05:34:52,967 [INFO] UserAuth:179 - activating auth plugin
2024-07-27 05:34:52,970 [INFO] UserAuth:415 - Internet connection configuration mode: 1
2024-07-27 05:34:52,984 [INFO] JxBrowserEngine:152 - Initiate JxBrowser Engine with user profile folder
2024-07-27 05:34:53,128 [INFO] CheckServerUpdateThread:120 - End of CheckServer Thread
2024-07-27 05:34:53,763 [INFO] WebApp:161 - Instantiating new browser for Auth
2024-07-27 05:34:54,224 [INFO] WebApp:779 - Register for checkConnection events
2024-07-27 05:34:54,224 [INFO] WebApp:414 - Apply proxy settings
2024-07-27 05:34:54,224 [INFO] WebApp:499 - Chromium requires no authentication
2024-07-27 05:34:54,228 [INFO] WebApp:442 - Direct internet connection detected
2024-07-27 05:34:54,315 [INFO] WebApp:192 - Starting web application
2024-07-27 05:34:54,315 [INFO] WebApp:544 - Web application path used /opt/st/stm32cubeide_1.15.1/plugins/com.st.stm32cube.common.mx_6.11.1.202404110753/db/plugins/mcufinder/reactClient1/index.html
2024-07-27 05:34:54,886 [WARN] PackLoader:240 - Cannot read IP mode file for STMicroelectronics.FP-SNS-MOTENVWB1.1.4.0
2024-07-27 05:34:54,892 [WARN] PackLoader:240 - Cannot read IP mode file for STMicroelectronics.X-CUBE-SMBUS.2.1.0
2024-07-27 05:34:54,917 [WARN] PackLoader:240 - Cannot read IP mode file for STMicroelectronics.X-CUBE-AZRTOS-F7.1.1.0
2024-07-27 05:34:54,923 [WARN] PackLoader:240 - Cannot read IP mode file for STMicroelectronics.FP-SNS-FLIGHT1.5.0.2
2024-07-27 05:34:54,930 [WARN] PackLoader:240 - Cannot read IP mode file for STMicroelectronics.X-CUBE-DISPLAY.3.0.0
2024-07-27 05:34:54,948 [WARN] PackLoader:240 - Cannot read IP mode file for STMicroelectronics.X-CUBE-BLE1.7.0.0
2024-07-27 05:34:54,954 [WARN] PackLoader:240 - Cannot read IP mode file for emotas.I-CUBE-CANOPEN.1.3.0
2024-07-27 05:34:54,965 [WARN] PackLoader:240 - Cannot read IP mode file for STMicroelectronics.X-CUBE-BLEMGR.3.1.0
2024-07-27 05:34:54,973 [WARN] PackLoader:240 - Cannot read IP mode file for STMicroelectronics.FP-SNS-SMARTAG2.1.2.0
2024-07-27 05:34:54,993 [INFO] LogOutputStream:77 - [STDOUT_REDIRECT] 1 : Invalid condition id : UX_CORESTACK_Condition cause : null
2024-07-27 05:34:54,993 [INFO] LogOutputStream:77 - [STDOUT_REDIRECT] 1 : Invalid condition id : UX_CORESTACK_Condition cause : null
2024-07-27 05:34:54,994 [INFO] LogOutputStream:77 - [STDOUT_REDIRECT] 1 : Invalid condition id : UX_CORESTACK_Condition cause : null
2024-07-27 05:34:54,994 [INFO] LogOutputStream:77 - [STDOUT_REDIRECT] 1 : Invalid condition id : UX_CORESTACK_Condition cause : null
2024-07-27 05:34:54,994 [INFO] LogOutputStream:77 - [STDOUT_REDIRECT] 1 : Invalid condition id : UX_CORESTACK_Condition cause : null
2024-07-27 05:34:54,998 [WARN] PackLoader:240 - Cannot read IP mode file for STMicroelectronics.X-CUBE-AZRTOS-WL.2.0.0
2024-07-27 05:34:55,003 [WARN] PackLoader:240 - Cannot read IP mode file for STMicroelectronics.FP-SNS-MOTENV1.5.0.0
2024-07-27 05:34:55,014 [WARN] PackLoader:240 - Cannot read IP mode file for wolfSSL.I-CUBE-wolfMQTT.1.19.0
2024-07-27 05:34:55,020 [WARN] PackLoader:240 - Cannot read IP mode file for WES.I-CUBE-Cesium.1.3.0
2024-07-27 05:34:55,024 [WARN] PackLoader:240 - Cannot read IP mode file for STMicroelectronics.X-CUBE-BLE2.3.3.0
2024-07-27 05:34:55,029 [WARN] PackLoader:240 - Cannot read IP mode file for STMicroelectronics.X-CUBE-TCPP.4.1.0
2024-07-27 05:34:55,044 [WARN] PackLoader:240 - Cannot read IP mode file for STMicroelectronics.X-CUBE-AZRTOS-G0.1.1.0
2024-07-27 05:34:55,052 [WARN] PackLoader:240 - Cannot read IP mode file for STMicroelectronics.X-CUBE-SAFEA1.1.2.2
2024-07-27 05:34:55,057 [WARN] PackLoader:240 - Cannot read IP mode file for STMicroelectronics.X-CUBE-NFC4.3.0.0
2024-07-27 05:34:55,066 [WARN] PackLoader:240 - Cannot read IP mode file for EmbeddedOffice.I-CUBE-FS-RTOS.1.0.1
2024-07-27 05:34:55,066 [ERROR] ConditionMgr:805 - Attr not supported : Dmpu
2024-07-27 05:34:55,066 [ERROR] ConditionMgr:805 - Attr not supported : Dmpu
2024-07-27 05:34:55,066 [ERROR] ConditionMgr:805 - Attr not supported : Dmpu
2024-07-27 05:34:55,066 [ERROR] ConditionMgr:805 - Attr not supported : Dmpu
2024-07-27 05:34:55,067 [ERROR] ConditionMgr:805 - Attr not supported : Dmpu
2024-07-27 05:34:55,067 [ERROR] ConditionMgr:805 - Attr not supported : Dmpu
2024-07-27 05:34:55,067 [ERROR] ConditionMgr:805 - Attr not supported : Dmpu
2024-07-27 05:34:55,067 [ERROR] ConditionMgr:805 - Attr not supported : Dmpu
2024-07-27 05:34:55,067 [ERROR] ConditionMgr:805 - Attr not supported : Dmpu
2024-07-27 05:34:55,067 [ERROR] ConditionMgr:805 - Attr not supported : Dmpu
2024-07-27 05:34:55,067 [ERROR] ConditionMgr:805 - Attr not supported : Dmpu
2024-07-27 05:34:55,067 [ERROR] ConditionMgr:805 - Attr not supported : Dmpu
2024-07-27 05:34:55,067 [ERROR] ConditionMgr:805 - Attr not supported : Dmpu
2024-07-27 05:34:55,067 [ERROR] ConditionMgr:805 - Attr not supported : Dmpu
2024-07-27 05:34:55,067 [ERROR] ConditionMgr:805 - Attr not supported : Dmpu
2024-07-27 05:34:55,067 [ERROR] ConditionMgr:805 - Attr not supported : Dmpu
2024-07-27 05:34:55,067 [ERROR] ConditionMgr:805 - Attr not supported : Dmpu
2024-07-27 05:34:55,067 [ERROR] ConditionMgr:805 - Attr not supported : Dmpu
2024-07-27 05:34:55,067 [ERROR] ConditionMgr:805 - Attr not supported : Dmpu
2024-07-27 05:34:55,067 [ERROR] ConditionMgr:805 - Attr not supported : Dmpu
2024-07-27 05:34:55,067 [ERROR] ConditionMgr:805 - Attr not supported : Dmpu
2024-07-27 05:34:55,067 [ERROR] ConditionMgr:805 - Attr not supported : Dmpu
2024-07-27 05:34:55,068 [ERROR] ConditionMgr:805 - Attr not supported : Dmpu
2024-07-27 05:34:55,068 [ERROR] ConditionMgr:805 - Attr not supported : Dmpu
2024-07-27 05:34:55,068 [ERROR] ConditionMgr:805 - Attr not supported : Dmpu
2024-07-27 05:34:55,068 [ERROR] ConditionMgr:805 - Attr not supported : Dmpu
2024-07-27 05:34:55,068 [ERROR] ConditionMgr:805 - Attr not supported : Dmpu
2024-07-27 05:34:55,068 [ERROR] ConditionMgr:805 - Attr not supported : Dmpu
2024-07-27 05:34:55,068 [ERROR] ConditionMgr:805 - Attr not supported : Dmpu
2024-07-27 05:34:55,068 [ERROR] ConditionMgr:805 - Attr not supported : Dmpu
2024-07-27 05:34:55,068 [ERROR] ConditionMgr:805 - Attr not supported : Dmpu
2024-07-27 05:34:55,068 [ERROR] ConditionMgr:805 - Attr not supported : Dmpu
2024-07-27 05:34:55,068 [ERROR] ConditionMgr:805 - Attr not supported : Dmpu
2024-07-27 05:34:55,068 [ERROR] ConditionMgr:805 - Attr not supported : Dmpu
2024-07-27 05:34:55,068 [ERROR] ConditionMgr:805 - Attr not supported : Dmpu
2024-07-27 05:34:55,068 [ERROR] ConditionMgr:805 - Attr not supported : Dmpu
2024-07-27 05:34:55,068 [ERROR] ConditionMgr:805 - Attr not supported : Dmpu
2024-07-27 05:34:55,069 [ERROR] ConditionMgr:805 - Attr not supported : Dmpu
2024-07-27 05:34:55,069 [ERROR] ConditionMgr:805 - Attr not supported : Dmpu
2024-07-27 05:34:55,069 [ERROR] ConditionMgr:805 - Attr not supported : Dmpu
2024-07-27 05:34:55,069 [ERROR] ConditionMgr:805 - Attr not supported : Dmpu
2024-07-27 05:34:55,069 [ERROR] ConditionMgr:805 - Attr not supported : Dmpu
2024-07-27 05:34:55,069 [ERROR] ConditionMgr:805 - Attr not supported : Dmpu
2024-07-27 05:34:55,069 [ERROR] ConditionMgr:805 - Attr not supported : Dmpu
2024-07-27 05:34:55,069 [ERROR] ConditionMgr:805 - Attr not supported : Dmpu
2024-07-27 05:34:55,069 [ERROR] ConditionMgr:805 - Attr not supported : Dmpu
2024-07-27 05:34:55,069 [ERROR] ConditionMgr:805 - Attr not supported : Dmpu
2024-07-27 05:34:55,069 [ERROR] ConditionMgr:805 - Attr not supported : Dmpu
2024-07-27 05:34:55,069 [ERROR] ConditionMgr:805 - Attr not supported : Dmpu
2024-07-27 05:34:55,069 [ERROR] ConditionMgr:805 - Attr not supported : Dmpu
2024-07-27 05:34:55,069 [ERROR] ConditionMgr:805 - Attr not supported : Dmpu
2024-07-27 05:34:55,069 [ERROR] ConditionMgr:805 - Attr not supported : Dmpu
2024-07-27 05:34:55,070 [ERROR] ConditionMgr:805 - Attr not supported : Dmpu
2024-07-27 05:34:55,070 [ERROR] ConditionMgr:805 - Attr not supported : Dmpu
2024-07-27 05:34:55,070 [ERROR] ConditionMgr:805 - Attr not supported : Dmpu
2024-07-27 05:34:55,070 [ERROR] ConditionMgr:805 - Attr not supported : Dmpu
2024-07-27 05:34:55,070 [ERROR] ConditionMgr:805 - Attr not supported : Dmpu
2024-07-27 05:34:55,070 [ERROR] ConditionMgr:805 - Attr not supported : Dmpu
2024-07-27 05:34:55,070 [ERROR] ConditionMgr:805 - Attr not supported : Dmpu
2024-07-27 05:34:55,070 [ERROR] ConditionMgr:805 - Attr not supported : Dmpu
2024-07-27 05:34:55,070 [ERROR] ConditionMgr:805 - Attr not supported : Dmpu
2024-07-27 05:34:55,070 [ERROR] ConditionMgr:805 - Attr not supported : Dmpu
2024-07-27 05:34:55,070 [ERROR] ConditionMgr:805 - Attr not supported : Dmpu
2024-07-27 05:34:55,070 [ERROR] ConditionMgr:805 - Attr not supported : Dmpu
2024-07-27 05:34:55,074 [WARN] PackLoader:240 - Cannot read IP mode file for RealThread.X-CUBE-RT-Thread_Nano.4.1.1
2024-07-27 05:34:55,077 [WARN] PackLoader:240 - Cannot read IP mode file for wolfSSL.I-CUBE-wolfSSL.5.7.0
2024-07-27 05:34:55,080 [WARN] PackLoader:240 - Cannot read IP mode file for STMicroelectronics.FP-ATR-SIGFOX1.3.2.0
2024-07-27 05:34:55,084 [WARN] PackLoader:240 - Cannot read IP mode file for STMicroelectronics.X-CUBE-EEPRMA1.5.1.0
2024-07-27 05:34:55,090 [WARN] PackLoader:240 - Cannot read IP mode file for ITTIA_DB.I-CUBE-ITTIADB.8.9.0
2024-07-27 05:34:55,116 [WARN] PackLoader:240 - Cannot read IP mode file for SEGGER.I-CUBE-embOS.1.3.1
2024-07-27 05:34:55,149 [WARN] PackLoader:240 - Cannot read IP mode file for STMicroelectronics.X-CUBE-ALGOBUILD.1.4.0
2024-07-27 05:34:55,153 [WARN] PackLoader:240 - Cannot read IP mode file for STMicroelectronics.X-CUBE-GNSS1.6.0.0
2024-07-27 05:34:55,165 [WARN] PackLoader:240 - Cannot read IP mode file for STMicroelectronics.X-CUBE-AZRTOS-F4.1.1.0
2024-07-27 05:34:55,171 [WARN] PackLoader:240 - Cannot read IP mode file for STMicroelectronics.X-CUBE-FREERTOS.1.2.0
2024-07-27 05:34:55,189 [WARN] PackLoader:240 - Cannot read IP mode file for STMicroelectronics.X-CUBE-AZRTOS-L5.2.0.0
2024-07-27 05:34:55,197 [WARN] PackLoader:240 - Cannot read IP mode file for STMicroelectronics.X-CUBE-NFC6.3.1.0
2024-07-27 05:34:55,203 [WARN] PackLoader:240 - Cannot read IP mode file for STMicroelectronics.X-CUBE-DPower.1.2.0
2024-07-27 05:34:55,206 [WARN] PackLoader:240 - Cannot read IP mode file for STMicroelectronics.X-CUBE-AI.9.0.0
2024-07-27 05:34:55,212 [WARN] PackLoader:240 - Cannot read IP mode file for STMicroelectronics.X-CUBE-NFC7.1.0.1
2024-07-27 05:34:55,216 [WARN] PackLoader:240 - Cannot read IP mode file for wolfSSL.I-CUBE-wolfTPM.3.2.0
2024-07-27 05:34:55,229 [WARN] ConditionMgr:438 - getConditionDescription Invalid condition id : LAN8742 Phy interface Condition cause : null
2024-07-27 05:34:55,230 [WARN] PackLoader:240 - Cannot read IP mode file for STMicroelectronics.X-CUBE-AZRTOS-L4.2.0.0
2024-07-27 05:34:55,232 [WARN] ConditionMgr:1039 - genDependencies : Invalid condition id : LAN8742 Phy interface Condition cause : null
2024-07-27 05:34:55,232 [WARN] ConditionMgr:1039 - genDependencies : Invalid condition id : LAN8742 Phy interface Condition cause : null
2024-07-27 05:34:55,233 [WARN] ConditionMgr:1039 - genDependencies : Invalid condition id : LAN8742 Phy interface Condition cause : null
2024-07-27 05:34:55,240 [WARN] PackLoader:240 - Cannot read IP mode file for STMicroelectronics.X-CUBE-SFXS2LP1.4.0.0
2024-07-27 05:34:55,250 [WARN] ConditionMgr:438 - getConditionDescription Invalid condition id : UX DEVICE CLASS RTOS Condition cause : null
2024-07-27 05:34:55,251 [WARN] ConditionMgr:438 - getConditionDescription Invalid condition id : UX DEVICE CLASS RTOS Condition cause : null
2024-07-27 05:34:55,253 [WARN] PackLoader:240 - Cannot read IP mode file for STMicroelectronics.X-CUBE-AZRTOS-WB.2.0.0
2024-07-27 05:34:55,253 [WARN] ConditionMgr:1039 - genDependencies : Invalid condition id : UX DEVICE CLASS RTOS Condition cause : null
2024-07-27 05:34:55,253 [WARN] ConditionMgr:1039 - genDependencies : Invalid condition id : UX DEVICE CLASS RTOS Condition cause : null
2024-07-27 05:34:55,254 [WARN] ConditionMgr:1039 - genDependencies : Invalid condition id : UX DEVICE CLASS RTOS Condition cause : null
2024-07-27 05:34:55,254 [WARN] ConditionMgr:1039 - genDependencies : Invalid condition id : UX DEVICE CLASS RTOS Condition cause : null
2024-07-27 05:34:55,254 [WARN] ConditionMgr:1039 - genDependencies : Invalid condition id : UX DEVICE CLASS RTOS Condition cause : null
2024-07-27 05:34:55,259 [WARN] PackLoader:240 - Cannot read IP mode file for STMicroelectronics.FP-SNS-STBOX1.2.0.0
2024-07-27 05:34:55,269 [WARN] PackLoader:240 - Cannot read IP mode file for STMicroelectronics.X-CUBE-SUBG2.5.0.0
2024-07-27 05:34:55,276 [WARN] PackLoader:240 - Cannot read IP mode file for Cesanta.I-CUBE-Mongoose.7.13.0
2024-07-27 05:34:55,287 [WARN] PackLoader:240 - Cannot read IP mode file for STMicroelectronics.X-CUBE-AZRTOS-G4.2.0.0
2024-07-27 05:34:55,292 [WARN] PackLoader:240 - Cannot read IP mode file for STMicroelectronics.X-CUBE-ISPU.2.0.0
2024-07-27 05:34:55,295 [WARN] PackLoader:240 - Cannot read IP mode file for STMicroelectronics.X-CUBE-ALS.1.0.2
2024-07-27 05:34:55,326 [WARN] PackLoader:240 - Cannot read IP mode file for STMicroelectronics.X-CUBE-MEMS1.10.0.0
2024-07-27 05:34:55,419 [WARN] PackLoader:240 - Cannot read IP mode file for STMicroelectronics.X-CUBE-TOUCHGFX.4.24.0
2024-07-27 05:34:55,423 [WARN] PackLoader:240 - Cannot read IP mode file for portGmbH.I-Cube-SoM-uGOAL.1.1.0
2024-07-27 05:34:55,437 [WARN] PackLoader:240 - Cannot read IP mode file for STMicroelectronics.X-CUBE-AZRTOS-H7RS.1.0.0
2024-07-27 05:34:55,442 [WARN] PackLoader:240 - Cannot read IP mode file for STMicroelectronics.FP-ATR-ASTRA1.2.0.0
2024-07-27 05:34:55,450 [WARN] PackLoader:240 - Cannot read IP mode file for STMicroelectronics.X-CUBE-TOF1.3.4.2
2024-07-27 05:34:55,465 [WARN] PackLoader:240 - Cannot read IP mode file for STMicroelectronics.X-CUBE-TOF1.3.4.1
2024-07-27 05:34:55,487 [WARN] PackLoader:240 - Cannot read IP mode file for STMicroelectronics.X-CUBE-AZRTOS-H7.3.2.0
2024-07-27 05:34:55,498 [WARN] PackLoader:240 - Cannot read IP mode file for Infineon.AIROC-Wi-Fi-Bluetooth-STM32.1.6.0
2024-07-27 05:34:55,503 [WARN] PackLoader:240 - Cannot read IP mode file for wolfSSL.I-CUBE-wolfSSH.1.4.17
2024-07-27 05:34:55,504 [INFO] ThirdParty:978 - Integrity check success = true
2024-07-27 05:34:55,504 [INFO] IntegrityCheckThread:100 - exiting critical section [integrity check]
2024-07-27 05:34:55,504 [INFO] IntegrityCheckThread:103 - End integrity checks thread
2024-07-27 07:32:38,656 [ERROR] LogOutputStream:75 - [STDERR_REDIRECT] 
