2024-12-12 20:14:11,141 [INFO] Activator:176 - 


2024-12-12 20:14:11,143 [INFO] Activator:177 - !SESSION log4j initialized
2024-12-12 20:14:14,795 [INFO] LogOutputStream:77 - [STDOUT_REDIRECT] 
2024-12-12 20:14:15,564 [INFO] ApplicationProperties:184 - Using Application install path: /opt/st/stm32cubeide_1.15.1/plugins/com.st.stm32cube.common.mx_6.11.1.202404110753
2024-12-12 20:14:15,576 [INFO] DbMcusXml:78 - Set database path to: /opt/st/stm32cubeide_1.15.1/plugins/com.st.stm32cube.common.mx_6.11.1.202404110753//db//mcu/
2024-12-12 20:14:15,577 [INFO] ApiDb:274 - Set plugin database path to: /opt/st/stm32cubeide_1.15.1/plugins/com.st.stm32cube.common.mx_6.11.1.202404110753//db//plugins/boardmanager/
2024-12-12 20:14:15,577 [WARN] ApiDb:259 - Overriding images path with different value:  => /opt/st/stm32cubeide_1.15.1/plugins/com.st.stm32cube.common.mx_6.11.1.202404110753//db//plugins/mcufinder/images/
2024-12-12 20:14:15,584 [INFO] ApiDb:250 - Set database path to: /home/poojaa/.stmcufinder/plugins/mcufinder//mcu/
2024-12-12 20:14:15,585 [INFO] DbMcusAds:125 - Set database path to: /home/poojaa/.stmcufinder/plugins/mcufinder//mcu/
2024-12-12 20:14:15,587 [INFO] CrossReferenceDbSqlite:203 - Set database path to: /home/poojaa/.stmcufinder/plugins/mcufinder//mcu/cs/
2024-12-12 20:14:15,675 [INFO] RulesReader:64 - Compatibility file has been processed (297 Rules)
2024-12-12 20:14:15,734 [INFO] DbMcusXml:78 - Set database path to: /opt/st/stm32cubeide_1.15.1/plugins/com.st.stm32cube.common.mx_6.11.1.202404110753//db//mcu/
2024-12-12 20:14:15,734 [INFO] ApiDb:274 - Set plugin database path to: /opt/st/stm32cubeide_1.15.1/plugins/com.st.stm32cube.common.mx_6.11.1.202404110753//db//plugins/boardmanager/
2024-12-12 20:14:15,735 [INFO] ApiDb:261 - Set plugin images path to: /opt/st/stm32cubeide_1.15.1/plugins/com.st.stm32cube.common.mx_6.11.1.202404110753//db//plugins/mcufinder/images/
2024-12-12 20:14:15,735 [WARN] DbFile:41 - Overriding database path with different value: /home/poojaa/.stmcufinder/plugins/mcufinder/ => /home/poojaa/.stmcufinder/plugins/mcufinder
2024-12-12 20:14:15,735 [INFO] ApiDb:250 - Set database path to: /home/poojaa/.stmcufinder/plugins/mcufinder//mcu/
2024-12-12 20:14:15,735 [WARN] DbFile:41 - Overriding database path with different value: /home/poojaa/.stmcufinder/plugins/mcufinder/ => /home/poojaa/.stmcufinder/plugins/mcufinder
2024-12-12 20:14:15,735 [INFO] DbMcusAds:125 - Set database path to: /home/poojaa/.stmcufinder/plugins/mcufinder//mcu/
2024-12-12 20:14:15,735 [WARN] DbFile:41 - Overriding database path with different value: /home/poojaa/.stmcufinder/plugins/mcufinder/ => /home/poojaa/.stmcufinder/plugins/mcufinder
2024-12-12 20:14:15,735 [WARN] DbFile:41 - Overriding database path with different value: /home/poojaa/.stmcufinder/plugins/mcufinder/ => /home/poojaa/.stmcufinder/plugins/mcufinder
2024-12-12 20:14:15,736 [INFO] CrossReferenceDbSqlite:203 - Set database path to: /home/poojaa/.stmcufinder/plugins/mcufinder//mcu/cs/
2024-12-12 20:14:15,795 [INFO] MainPanel:264 - HeapMemory: 268435456
2024-12-12 20:14:15,876 [INFO] DbMcusXml:78 - Set database path to: /opt/st/stm32cubeide_1.15.1/plugins/com.st.stm32cube.common.mx_6.11.1.202404110753//db//mcu/
2024-12-12 20:14:15,876 [INFO] ApiDb:274 - Set plugin database path to: /opt/st/stm32cubeide_1.15.1/plugins/com.st.stm32cube.common.mx_6.11.1.202404110753//db//plugins/boardmanager/
2024-12-12 20:14:15,877 [INFO] ApiDb:261 - Set plugin images path to: /opt/st/stm32cubeide_1.15.1/plugins/com.st.stm32cube.common.mx_6.11.1.202404110753//db//plugins/mcufinder/images/
2024-12-12 20:14:15,877 [WARN] DbFile:41 - Overriding database path with different value: /home/poojaa/.stmcufinder/plugins/mcufinder/ => /home/poojaa/.stmcufinder/plugins/mcufinder
2024-12-12 20:14:15,877 [INFO] ApiDb:250 - Set database path to: /home/poojaa/.stmcufinder/plugins/mcufinder//mcu/
2024-12-12 20:14:15,877 [WARN] DbFile:41 - Overriding database path with different value: /home/poojaa/.stmcufinder/plugins/mcufinder/ => /home/poojaa/.stmcufinder/plugins/mcufinder
2024-12-12 20:14:15,877 [INFO] DbMcusAds:125 - Set database path to: /home/poojaa/.stmcufinder/plugins/mcufinder//mcu/
2024-12-12 20:14:15,877 [WARN] DbFile:41 - Overriding database path with different value: /home/poojaa/.stmcufinder/plugins/mcufinder/ => /home/poojaa/.stmcufinder/plugins/mcufinder
2024-12-12 20:14:15,877 [WARN] DbFile:41 - Overriding database path with different value: /home/poojaa/.stmcufinder/plugins/mcufinder/ => /home/poojaa/.stmcufinder/plugins/mcufinder
2024-12-12 20:14:15,877 [INFO] CrossReferenceDbSqlite:203 - Set database path to: /home/poojaa/.stmcufinder/plugins/mcufinder//mcu/cs/
2024-12-12 20:14:15,894 [INFO] ApplicationProperties:184 - Using Application install path: /opt/st/stm32cubeide_1.15.1/plugins/com.st.stm32cube.common.mx_6.11.1.202404110753
2024-12-12 20:14:15,896 [INFO] PluginManage:196 - Search for loadable plugins [exclusion list=, ]
2024-12-12 20:14:15,897 [INFO] PluginManage:310 - Check plugin analytics
2024-12-12 20:14:16,004 [INFO] AnalyticsPlugin:253 - Accepted Software Licenses: 
2024-12-12 20:14:16,004 [INFO] AnalyticsPlugin:255 - Accepted CMSIS Pack Licenses: 
2024-12-12 20:14:16,004 [INFO] AnalyticsPlugin:257 - Accepted Firmware Licenses: 
2024-12-12 20:14:16,005 [INFO] PluginManage:359 - Loaded plugin analytics (category:tool,tabindex:-1)
2024-12-12 20:14:16,006 [INFO] PluginManage:310 - Check plugin cadmodel
2024-12-12 20:14:16,036 [INFO] CADModel:105 - Init CAD model plugin
2024-12-12 20:14:16,037 [INFO] PluginManage:359 - Loaded plugin cadmodel (category:power,tabindex:5)
2024-12-12 20:14:16,037 [INFO] PluginManage:310 - Check plugin clock
2024-12-12 20:14:16,044 [INFO] PluginManage:359 - Loaded plugin clock (category:base,tabindex:2)
2024-12-12 20:14:16,045 [INFO] PluginManage:310 - Check plugin ddr
2024-12-12 20:14:16,046 [INFO] PluginManage:359 - Loaded plugin ddr (category:tool,tabindex:6)
2024-12-12 20:14:16,047 [INFO] PluginManage:310 - Check plugin filemanager
2024-12-12 20:14:16,157 [INFO] PluginManage:359 - Loaded plugin filemanager (category:base,tabindex:10)
2024-12-12 20:14:16,157 [INFO] PluginManage:310 - Check plugin ipmanager
2024-12-12 20:14:16,161 [INFO] PluginManage:359 - Loaded plugin ipmanager (category:base,tabindex:5)
2024-12-12 20:14:16,161 [INFO] PluginManage:310 - Check plugin lpbam
2024-12-12 20:14:16,168 [INFO] PluginManage:359 - Loaded plugin lpbam (category:base,tabindex:0)
2024-12-12 20:14:16,169 [INFO] PluginManage:310 - Check plugin memorymap
2024-12-12 20:14:16,176 [INFO] PluginManage:359 - Loaded plugin memorymap (category:base,tabindex:4)
2024-12-12 20:14:16,176 [INFO] PluginManage:310 - Check plugin pinoutandconfiguration
2024-12-12 20:14:16,184 [INFO] PluginManage:359 - Loaded plugin pinoutandconfiguration (category:base,tabindex:1)
2024-12-12 20:14:16,184 [INFO] PluginManage:310 - Check plugin pinoutconfig
2024-12-12 20:14:16,252 [WARN] SupportedApi:132 - Cannot load RTOS API schema: s4s-elt-must-match.1: The content of 'definitions' must match (annotation?, (simpleType | complexType)?, (unique | key | keyref)*)). A problem was found starting at: attribute.
2024-12-12 20:14:16,357 [INFO] PluginManage:359 - Loaded plugin pinoutconfig (category:base,tabindex:0)
2024-12-12 20:14:16,357 [INFO] PluginManage:310 - Check plugin power
2024-12-12 20:14:16,363 [INFO] PluginManage:359 - Loaded plugin power (category:power,tabindex:4)
2024-12-12 20:14:16,363 [INFO] PluginManage:310 - Check plugin projectmanager
2024-12-12 20:14:16,373 [INFO] PluginManage:359 - Loaded plugin projectmanager (category:projectmanager,tabindex:3)
2024-12-12 20:14:16,374 [INFO] PluginManage:310 - Check plugin thirdparty
2024-12-12 20:14:16,475 [INFO] PluginManage:359 - Loaded plugin thirdparty (category:base,tabindex:-1)
2024-12-12 20:14:16,475 [INFO] PluginManage:310 - Check plugin tools
2024-12-12 20:14:16,475 [WARN] IntegrityCheckThread:84 - waiting for thirdparty lock release [integrity check]
2024-12-12 20:14:16,475 [INFO] IntegrityCheckThread:86 - entering critical section [integrity check]
2024-12-12 20:14:16,475 [INFO] ThirdPartyUpdaterWithRetryManager:70 - Updater plugin not ready yet. [1/15]
2024-12-12 20:14:16,477 [INFO] PluginManage:359 - Loaded plugin tools (category:base,tabindex:7)
2024-12-12 20:14:16,477 [INFO] PluginManage:310 - Check plugin tutovideos
2024-12-12 20:14:16,637 [INFO] PluginManage:359 - Loaded plugin tutovideos (category:base,tabindex:-1)
2024-12-12 20:14:16,637 [INFO] PluginManage:310 - Check plugin updater
2024-12-12 20:14:16,649 [INFO] PluginManage:359 - Loaded plugin updater (category:base,tabindex:12)
2024-12-12 20:14:16,649 [INFO] PluginManage:310 - Check plugin userauth
2024-12-12 20:14:16,656 [INFO] UserAuth:114 - Init User Auth plugin
2024-12-12 20:14:16,656 [INFO] PluginManage:359 - Loaded plugin userauth (category:base,tabindex:14)
2024-12-12 20:14:16,656 [INFO] PluginManage:283 - PluginManage : Loaded plugins [17]
2024-12-12 20:14:16,838 [INFO] PinOutPanel:1561 - setPackage(No Configuration,No Configuration)
2024-12-12 20:14:16,903 [INFO] CADModel:165 - CPN selected for project level
2024-12-12 20:14:16,904 [INFO] CADModel:114 - Register for checkConnection events
2024-12-12 20:14:16,924 [INFO] IPUIPlugin:80 - create IPUIPlugin
2024-12-12 20:14:16,924 [INFO] PluginManager:220 - loadIPPluginJar : add adc
2024-12-12 20:14:16,927 [INFO] IPUIPlugin:80 - create IPUIPlugin
2024-12-12 20:14:16,927 [INFO] PluginManager:220 - loadIPPluginJar : add dma3
2024-12-12 20:14:16,929 [INFO] IPUIPlugin:80 - create IPUIPlugin
2024-12-12 20:14:16,929 [INFO] PluginManager:220 - loadIPPluginJar : add opamp
2024-12-12 20:14:16,931 [INFO] IPUIPlugin:80 - create IPUIPlugin
2024-12-12 20:14:16,931 [INFO] PluginManager:220 - loadIPPluginJar : add pdm2pcm
2024-12-12 20:14:16,933 [INFO] IPUIPlugin:80 - create IPUIPlugin
2024-12-12 20:14:16,933 [INFO] PluginManager:220 - loadIPPluginJar : add i2c
2024-12-12 20:14:16,936 [INFO] IPUIPlugin:80 - create IPUIPlugin
2024-12-12 20:14:16,936 [INFO] PluginManager:220 - loadIPPluginJar : add i2s
2024-12-12 20:14:16,939 [INFO] IPUIPlugin:80 - create IPUIPlugin
2024-12-12 20:14:16,939 [INFO] PluginManager:220 - loadIPPluginJar : add gfxmmu
2024-12-12 20:14:16,940 [INFO] IPUIPlugin:80 - create IPUIPlugin
2024-12-12 20:14:16,940 [INFO] PluginManager:220 - loadIPPluginJar : add quadspi
2024-12-12 20:14:16,947 [INFO] IPUIPlugin:80 - create IPUIPlugin
2024-12-12 20:14:16,947 [INFO] PluginManager:220 - loadIPPluginJar : add mdma
2024-12-12 20:14:16,952 [INFO] IPUIPlugin:80 - create IPUIPlugin
2024-12-12 20:14:16,952 [INFO] PluginManager:220 - loadIPPluginJar : add nvic
2024-12-12 20:14:16,959 [INFO] IPUIPlugin:80 - create IPUIPlugin
2024-12-12 20:14:16,959 [INFO] PluginManager:220 - loadIPPluginJar : add dma
2024-12-12 20:14:16,961 [INFO] IPUIPlugin:80 - create IPUIPlugin
2024-12-12 20:14:16,961 [INFO] PluginManager:220 - loadIPPluginJar : add aes
2024-12-12 20:14:16,966 [INFO] IPUIPlugin:80 - create IPUIPlugin
2024-12-12 20:14:16,966 [INFO] PluginManager:220 - loadIPPluginJar : add stm32_wpan
2024-12-12 20:14:16,970 [INFO] IPUIPlugin:80 - create IPUIPlugin
2024-12-12 20:14:16,970 [INFO] PluginManager:220 - loadIPPluginJar : add usart
2024-12-12 20:14:16,971 [INFO] IPUIPlugin:80 - create IPUIPlugin
2024-12-12 20:14:16,971 [INFO] PluginManager:220 - loadIPPluginJar : add genericplugin
2024-12-12 20:14:16,974 [INFO] IPUIPlugin:80 - create IPUIPlugin
2024-12-12 20:14:16,974 [INFO] PluginManager:220 - loadIPPluginJar : add openamp
2024-12-12 20:14:16,976 [INFO] IPUIPlugin:80 - create IPUIPlugin
2024-12-12 20:14:16,976 [INFO] PluginManager:220 - loadIPPluginJar : add ipddr
2024-12-12 20:14:16,978 [INFO] IPUIPlugin:80 - create IPUIPlugin
2024-12-12 20:14:16,978 [INFO] PluginManager:220 - loadIPPluginJar : add lorawan
2024-12-12 20:14:16,979 [INFO] IPUIPlugin:80 - create IPUIPlugin
2024-12-12 20:14:16,979 [INFO] PluginManager:220 - loadIPPluginJar : add gtzc
2024-12-12 20:14:16,990 [INFO] IPUIPlugin:80 - create IPUIPlugin
2024-12-12 20:14:16,990 [INFO] PluginManager:220 - loadIPPluginJar : add can
2024-12-12 20:14:16,993 [INFO] IPUIPlugin:80 - create IPUIPlugin
2024-12-12 20:14:16,993 [INFO] PluginManager:220 - loadIPPluginJar : add fatfs
2024-12-12 20:14:16,998 [INFO] IPUIPlugin:80 - create IPUIPlugin
2024-12-12 20:14:16,998 [INFO] PluginManager:220 - loadIPPluginJar : add gpio
2024-12-12 20:14:17,000 [INFO] IPUIPlugin:80 - create IPUIPlugin
2024-12-12 20:14:17,000 [INFO] PluginManager:220 - loadIPPluginJar : add ts
2024-12-12 20:14:17,002 [INFO] IPUIPlugin:80 - create IPUIPlugin
2024-12-12 20:14:17,003 [INFO] PluginManager:220 - loadIPPluginJar : add dfsdm
2024-12-12 20:14:17,008 [INFO] IPUIPlugin:80 - create IPUIPlugin
2024-12-12 20:14:17,008 [INFO] PluginManager:220 - loadIPPluginJar : add gic
2024-12-12 20:14:17,014 [INFO] IPUIPlugin:80 - create IPUIPlugin
2024-12-12 20:14:17,015 [INFO] PluginManager:220 - loadIPPluginJar : add linkedlist
2024-12-12 20:14:17,017 [INFO] IPUIPlugin:80 - create IPUIPlugin
2024-12-12 20:14:17,017 [INFO] PluginManager:220 - loadIPPluginJar : add tim
2024-12-12 20:14:17,020 [INFO] IPUIPlugin:80 - create IPUIPlugin
2024-12-12 20:14:17,020 [INFO] PluginManager:220 - loadIPPluginJar : add tracer_emb
2024-12-12 20:14:17,032 [INFO] IPUIPlugin:80 - create IPUIPlugin
2024-12-12 20:14:17,032 [INFO] PluginManager:220 - loadIPPluginJar : add extmemmanager
2024-12-12 20:14:17,037 [INFO] IPUIPlugin:80 - create IPUIPlugin
2024-12-12 20:14:17,038 [INFO] PluginManager:220 - loadIPPluginJar : add spi
2024-12-12 20:14:17,040 [INFO] IPUIPlugin:80 - create IPUIPlugin
2024-12-12 20:14:17,041 [INFO] PluginManager:220 - loadIPPluginJar : add comp
2024-12-12 20:14:17,044 [INFO] IPUIPlugin:80 - create IPUIPlugin
2024-12-12 20:14:17,044 [INFO] PluginManager:220 - loadIPPluginJar : add sai
2024-12-12 20:14:17,046 [INFO] IPUIPlugin:80 - create IPUIPlugin
2024-12-12 20:14:17,046 [INFO] PluginManager:220 - loadIPPluginJar : add ucpd
2024-12-12 20:14:17,048 [INFO] IPUIPlugin:80 - create IPUIPlugin
2024-12-12 20:14:17,048 [INFO] PluginManager:220 - loadIPPluginJar : add ltdc
2024-12-12 20:14:17,062 [INFO] IPUIPlugin:80 - create IPUIPlugin
2024-12-12 20:14:17,063 [INFO] PluginManager:220 - loadIPPluginJar : add touchsensing
2024-12-12 20:14:17,070 [INFO] IPUIPlugin:80 - create IPUIPlugin
2024-12-12 20:14:17,072 [INFO] PluginManager:220 - loadIPPluginJar : add plateformsettings
2024-12-12 20:14:17,075 [INFO] IPUIPlugin:80 - create IPUIPlugin
2024-12-12 20:14:17,075 [INFO] PluginManager:220 - loadIPPluginJar : add resmgrutility
2024-12-12 20:14:17,077 [INFO] IPUIPlugin:80 - create IPUIPlugin
2024-12-12 20:14:17,078 [INFO] PluginManager:220 - loadIPPluginJar : add cryp
2024-12-12 20:14:17,082 [INFO] IPUIPlugin:80 - create IPUIPlugin
2024-12-12 20:14:17,082 [INFO] PluginManager:220 - loadIPPluginJar : add fmc
2024-12-12 20:14:17,084 [INFO] IPUIPlugin:80 - create IPUIPlugin
2024-12-12 20:14:17,085 [INFO] PluginManager:220 - loadIPPluginJar : add tsc
2024-12-12 20:14:17,088 [INFO] IPUIPlugin:80 - create IPUIPlugin
2024-12-12 20:14:17,088 [INFO] PluginManager:220 - loadIPPluginJar : add hash
2024-12-12 20:14:17,094 [INFO] IPUIPlugin:80 - create IPUIPlugin
2024-12-12 20:14:17,094 [INFO] PluginManager:220 - loadIPPluginJar : add freertos
2024-12-12 20:14:17,096 [INFO] IPUIPlugin:80 - create IPUIPlugin
2024-12-12 20:14:17,097 [INFO] PluginManager:220 - loadIPPluginJar : add usbx
2024-12-12 20:14:17,099 [INFO] IPUIPlugin:80 - create IPUIPlugin
2024-12-12 20:14:17,099 [INFO] PluginManager:220 - loadIPPluginJar : add i3c
2024-12-12 20:14:17,208 [INFO] CADModel:165 - CPN selected for project level
2024-12-12 20:14:17,209 [INFO] CADModel:114 - Register for checkConnection events
2024-12-12 20:14:17,209 [FATAL] Updater:308 - Updater called before beeing initialized
2024-12-12 20:14:17,209 [ERROR] CADModel:125 - Updater not yet initialized, retry later 
2024-12-12 20:14:17,304 [INFO] CADModel:165 - CPN selected for project level
2024-12-12 20:14:17,304 [INFO] CADModel:114 - Register for checkConnection events
2024-12-12 20:14:17,304 [FATAL] Updater:308 - Updater called before beeing initialized
2024-12-12 20:14:17,304 [ERROR] CADModel:125 - Updater not yet initialized, retry later 
2024-12-12 20:14:17,307 [FATAL] Updater:308 - Updater called before beeing initialized
2024-12-12 20:14:17,373 [FATAL] Updater:308 - Updater called before beeing initialized
2024-12-12 20:14:17,379 [INFO] DbMcusAds:53 - JSON generation date=Fri Sep 20 18:34:38 IST 2024 (1726837478367)
2024-12-12 20:14:17,379 [FATAL] Updater:308 - Updater called before beeing initialized
2024-12-12 20:14:17,414 [WARN] DetailPanel:346 - Failed to get advertising image, set to default
2024-12-12 20:14:17,477 [FATAL] Updater:308 - Updater called before beeing initialized
2024-12-12 20:14:17,478 [FATAL] Updater:308 - Updater called before beeing initialized
2024-12-12 20:14:17,478 [FATAL] Updater:308 - Updater called before beeing initialized
2024-12-12 20:14:17,479 [WARN] DetailPanel:346 - Failed to get advertising image, set to default
2024-12-12 20:14:17,479 [FATAL] Updater:308 - Updater called before beeing initialized
2024-12-12 20:14:17,503 [ERROR] Updater:1120 - MainUpdater not yet initialized. External WinMGr cannot be set.
2024-12-12 20:14:17,505 [INFO] Updater:1056 - Updater Version found : 6.11.1
2024-12-12 20:14:17,518 [INFO] ApplicationProperties:184 - Using Application install path: /opt/st/stm32cubeide_1.15.1/plugins/com.st.stm32cube.common.mx_6.11.1.202404110753
2024-12-12 20:14:17,758 [INFO] MainUpdater:2873 - connection check result : 10
2024-12-12 20:14:17,758 [INFO] MainUpdater:3567 - Updater definition file requires update
2024-12-12 20:14:17,759 [INFO] MainUpdater:290 - Updater Check For Update Now.
2024-12-12 20:14:17,759 [INFO] MicroXplorer:498 - Change Database Version : DB.6.0.111
2024-12-12 20:14:17,761 [INFO] McuFinderGlobals:63 - Set McuFinder mode to 2 (CubeIDE integrated)
2024-12-12 20:14:17,761 [INFO] UserAuth:179 - activating auth plugin
2024-12-12 20:14:17,763 [INFO] UserAuth:415 - Internet connection configuration mode: 1
2024-12-12 20:14:17,771 [INFO] JxBrowserEngine:152 - Initiate JxBrowser Engine with user profile folder
2024-12-12 20:14:17,791 [INFO] ServerAccessManage:473 - Download File updaters.zip
2024-12-12 20:14:17,977 [INFO] FileExtend:240 - Unzip File : updaters.zip
2024-12-12 20:14:17,977 [INFO] FileExtend:255 - Standard Zip Deflate
2024-12-12 20:14:18,101 [INFO] ServerAccessManage:473 - Download File PacksControlFlags.xml
2024-12-12 20:14:18,170 [INFO] ServerAccessManage:473 - Download File cubemx.pidx
2024-12-12 20:14:18,633 [INFO] WebApp:161 - Instantiating new browser for Auth
2024-12-12 20:14:18,655 [INFO] ServerAccessManage:473 - Download File STMicroelectronics.X-CUBE-BLEMGR.pdsc
2024-12-12 20:14:19,157 [INFO] WebApp:779 - Register for checkConnection events
2024-12-12 20:14:19,157 [INFO] WebApp:414 - Apply proxy settings
2024-12-12 20:14:19,158 [INFO] WebApp:499 - Chromium requires no authentication
2024-12-12 20:14:19,161 [INFO] WebApp:442 - Direct internet connection detected
2024-12-12 20:14:19,256 [INFO] WebApp:192 - Starting web application
2024-12-12 20:14:19,256 [INFO] WebApp:544 - Web application path used /opt/st/stm32cubeide_1.15.1/plugins/com.st.stm32cube.common.mx_6.11.1.202404110753/db/plugins/mcufinder/reactClient1/index.html
2024-12-12 20:14:19,476 [WARN] MainUpdater:1194 - Updater busy. Cannot search thirdparties
2024-12-12 20:14:19,476 [INFO] ThirdPartyUpdaterWithRetryManager:96 - Updater plugin is busy. [1/15]
2024-12-12 20:14:19,527 [ERROR] ServerAccessManage:1089 - Problem, file not found on Server
2024-12-12 20:14:20,247 [INFO] ServerAccessManage:473 - Download File STMicroelectronics.X-CUBE-FREERTOS.pdsc
2024-12-12 20:14:20,841 [INFO] ServerAccessManage:473 - Download File STMicroelectronics.X-CUBE-TCPP.pdsc
2024-12-12 20:14:21,354 [WARN] PackLoader:240 - Cannot read IP mode file for STMicroelectronics.X-CUBE-BLEMGR.4.0.0
2024-12-12 20:14:21,370 [WARN] PackLoader:240 - Cannot read IP mode file for STMicroelectronics.X-CUBE-FREERTOS.1.3.0
2024-12-12 20:14:21,377 [WARN] PopulateThirdPartyThread:106 - Error when creating pack: /home/poojaa/.stm32cubemx/thirdparties/pdsc/STMicroelectronics.X-CUBE-TCPP.pdsc
2024-12-12 20:14:21,377 [INFO] PopulateThirdPartyThread:66 - Ending populate Thread
2024-12-12 20:14:21,379 [INFO] ThirdParty:1030 - CMSIS Pack Vendor :STMicroelectronics X-CUBE-BLEMGR 4.0.0
2024-12-12 20:14:21,379 [INFO] ThirdParty:1030 - CMSIS Pack Vendor :STMicroelectronics X-CUBE-FREERTOS 1.3.0
2024-12-12 20:14:21,380 [INFO] LoadServerUpdatesThread:375 - End of LoadServerUpdate Thread
2024-12-12 20:14:21,471 [INFO] CheckServerUpdateThread:120 - End of CheckServer Thread
2024-12-12 20:14:22,553 [WARN] PackLoader:240 - Cannot read IP mode file for STMicroelectronics.FP-SNS-MOTENVWB1.1.4.0
2024-12-12 20:14:22,556 [WARN] PackLoader:240 - Cannot read IP mode file for STMicroelectronics.FP-ATR-ASTRA1.2.0.1
2024-12-12 20:14:22,557 [WARN] PackLoader:240 - Cannot read IP mode file for STMicroelectronics.X-CUBE-SMBUS.2.1.0
2024-12-12 20:14:22,561 [WARN] PackLoader:240 - Cannot read IP mode file for STMicroelectronics.X-CUBE-WB05N.1.1.0
2024-12-12 20:14:22,576 [WARN] PackLoader:240 - Cannot read IP mode file for STMicroelectronics.X-CUBE-AZRTOS-F7.1.1.0
2024-12-12 20:14:22,619 [WARN] PackLoader:240 - Cannot read IP mode file for STMicroelectronics.X-CUBE-MEMS1.11.0.0
2024-12-12 20:14:22,706 [WARN] PackLoader:240 - Cannot read IP mode file for STMicroelectronics.FP-SNS-FLIGHT1.5.0.2
2024-12-12 20:14:22,709 [WARN] PackLoader:240 - Cannot read IP mode file for STMicroelectronics.X-CUBE-DISPLAY.3.0.0
2024-12-12 20:14:22,714 [WARN] PackLoader:240 - Cannot read IP mode file for STMicroelectronics.X-CUBE-BLE1.7.0.0
2024-12-12 20:14:22,718 [WARN] PackLoader:240 - Cannot read IP mode file for STMicroelectronics.X-CUBE-NFC10.1.0.0
2024-12-12 20:14:22,723 [WARN] PackLoader:240 - Cannot read IP mode file for STMicroelectronics.X-CUBE-BLEMGR.4.0.0
2024-12-12 20:14:22,727 [WARN] PackLoader:240 - Cannot read IP mode file for emotas.I-CUBE-CANOPEN.1.3.0
2024-12-12 20:14:22,731 [WARN] PackLoader:240 - Cannot read IP mode file for STMicroelectronics.X-CUBE-BLEMGR.3.1.0
2024-12-12 20:14:22,739 [WARN] PackLoader:240 - Cannot read IP mode file for STMicroelectronics.FP-SNS-SMARTAG2.1.2.0
2024-12-12 20:14:22,744 [INFO] LogOutputStream:77 - [STDOUT_REDIRECT] 1 : Invalid condition id : UX_CORESTACK_Condition cause : null
2024-12-12 20:14:22,745 [INFO] LogOutputStream:77 - [STDOUT_REDIRECT] 1 : Invalid condition id : UX_CORESTACK_Condition cause : null
2024-12-12 20:14:22,745 [INFO] LogOutputStream:77 - [STDOUT_REDIRECT] 1 : Invalid condition id : UX_CORESTACK_Condition cause : null
2024-12-12 20:14:22,745 [INFO] LogOutputStream:77 - [STDOUT_REDIRECT] 1 : Invalid condition id : UX_CORESTACK_Condition cause : null
2024-12-12 20:14:22,745 [INFO] LogOutputStream:77 - [STDOUT_REDIRECT] 1 : Invalid condition id : UX_CORESTACK_Condition cause : null
2024-12-12 20:14:22,747 [WARN] PackLoader:240 - Cannot read IP mode file for STMicroelectronics.X-CUBE-AZRTOS-WL.2.0.0
2024-12-12 20:14:22,751 [WARN] PackLoader:240 - Cannot read IP mode file for STMicroelectronics.FP-SNS-MOTENV1.5.0.0
2024-12-12 20:14:22,753 [WARN] PackLoader:240 - Cannot read IP mode file for wolfSSL.I-CUBE-wolfMQTT.1.19.0
2024-12-12 20:14:22,756 [WARN] PackLoader:240 - Cannot read IP mode file for WES.I-CUBE-Cesium.1.3.0
2024-12-12 20:14:22,758 [WARN] PackLoader:240 - Cannot read IP mode file for STMicroelectronics.X-CUBE-BLE2.3.3.0
2024-12-12 20:14:22,765 [WARN] PackLoader:240 - Cannot read IP mode file for STMicroelectronics.X-CUBE-NFC9.1.0.0
2024-12-12 20:14:22,770 [WARN] PackLoader:240 - Cannot read IP mode file for STMicroelectronics.X-CUBE-TCPP.4.1.0
2024-12-12 20:14:22,778 [WARN] PackLoader:240 - Cannot read IP mode file for STMicroelectronics.X-CUBE-AZRTOS-G0.1.1.0
2024-12-12 20:14:22,782 [WARN] PackLoader:240 - Cannot read IP mode file for STMicroelectronics.X-CUBE-SAFEA1.1.2.2
2024-12-12 20:14:22,785 [WARN] PackLoader:240 - Cannot read IP mode file for STMicroelectronics.X-CUBE-NFC4.3.0.0
2024-12-12 20:14:22,790 [WARN] PackLoader:240 - Cannot read IP mode file for EmbeddedOffice.I-CUBE-FS-RTOS.1.0.1
2024-12-12 20:14:22,791 [ERROR] ConditionMgr:805 - Attr not supported : Dmpu
2024-12-12 20:14:22,791 [ERROR] ConditionMgr:805 - Attr not supported : Dmpu
2024-12-12 20:14:22,791 [ERROR] ConditionMgr:805 - Attr not supported : Dmpu
2024-12-12 20:14:22,791 [ERROR] ConditionMgr:805 - Attr not supported : Dmpu
2024-12-12 20:14:22,791 [ERROR] ConditionMgr:805 - Attr not supported : Dmpu
2024-12-12 20:14:22,791 [ERROR] ConditionMgr:805 - Attr not supported : Dmpu
2024-12-12 20:14:22,791 [ERROR] ConditionMgr:805 - Attr not supported : Dmpu
2024-12-12 20:14:22,791 [ERROR] ConditionMgr:805 - Attr not supported : Dmpu
2024-12-12 20:14:22,791 [ERROR] ConditionMgr:805 - Attr not supported : Dmpu
2024-12-12 20:14:22,791 [ERROR] ConditionMgr:805 - Attr not supported : Dmpu
2024-12-12 20:14:22,791 [ERROR] ConditionMgr:805 - Attr not supported : Dmpu
2024-12-12 20:14:22,791 [ERROR] ConditionMgr:805 - Attr not supported : Dmpu
2024-12-12 20:14:22,791 [ERROR] ConditionMgr:805 - Attr not supported : Dmpu
2024-12-12 20:14:22,791 [ERROR] ConditionMgr:805 - Attr not supported : Dmpu
2024-12-12 20:14:22,791 [ERROR] ConditionMgr:805 - Attr not supported : Dmpu
2024-12-12 20:14:22,791 [ERROR] ConditionMgr:805 - Attr not supported : Dmpu
2024-12-12 20:14:22,791 [ERROR] ConditionMgr:805 - Attr not supported : Dmpu
2024-12-12 20:14:22,791 [ERROR] ConditionMgr:805 - Attr not supported : Dmpu
2024-12-12 20:14:22,791 [ERROR] ConditionMgr:805 - Attr not supported : Dmpu
2024-12-12 20:14:22,791 [ERROR] ConditionMgr:805 - Attr not supported : Dmpu
2024-12-12 20:14:22,791 [ERROR] ConditionMgr:805 - Attr not supported : Dmpu
2024-12-12 20:14:22,791 [ERROR] ConditionMgr:805 - Attr not supported : Dmpu
2024-12-12 20:14:22,791 [ERROR] ConditionMgr:805 - Attr not supported : Dmpu
2024-12-12 20:14:22,791 [ERROR] ConditionMgr:805 - Attr not supported : Dmpu
2024-12-12 20:14:22,791 [ERROR] ConditionMgr:805 - Attr not supported : Dmpu
2024-12-12 20:14:22,791 [ERROR] ConditionMgr:805 - Attr not supported : Dmpu
2024-12-12 20:14:22,791 [ERROR] ConditionMgr:805 - Attr not supported : Dmpu
2024-12-12 20:14:22,791 [ERROR] ConditionMgr:805 - Attr not supported : Dmpu
2024-12-12 20:14:22,791 [ERROR] ConditionMgr:805 - Attr not supported : Dmpu
2024-12-12 20:14:22,791 [ERROR] ConditionMgr:805 - Attr not supported : Dmpu
2024-12-12 20:14:22,791 [ERROR] ConditionMgr:805 - Attr not supported : Dmpu
2024-12-12 20:14:22,791 [ERROR] ConditionMgr:805 - Attr not supported : Dmpu
2024-12-12 20:14:22,791 [ERROR] ConditionMgr:805 - Attr not supported : Dmpu
2024-12-12 20:14:22,792 [ERROR] ConditionMgr:805 - Attr not supported : Dmpu
2024-12-12 20:14:22,792 [ERROR] ConditionMgr:805 - Attr not supported : Dmpu
2024-12-12 20:14:22,792 [ERROR] ConditionMgr:805 - Attr not supported : Dmpu
2024-12-12 20:14:22,792 [ERROR] ConditionMgr:805 - Attr not supported : Dmpu
2024-12-12 20:14:22,792 [ERROR] ConditionMgr:805 - Attr not supported : Dmpu
2024-12-12 20:14:22,792 [ERROR] ConditionMgr:805 - Attr not supported : Dmpu
2024-12-12 20:14:22,792 [ERROR] ConditionMgr:805 - Attr not supported : Dmpu
2024-12-12 20:14:22,792 [ERROR] ConditionMgr:805 - Attr not supported : Dmpu
2024-12-12 20:14:22,792 [ERROR] ConditionMgr:805 - Attr not supported : Dmpu
2024-12-12 20:14:22,792 [ERROR] ConditionMgr:805 - Attr not supported : Dmpu
2024-12-12 20:14:22,792 [ERROR] ConditionMgr:805 - Attr not supported : Dmpu
2024-12-12 20:14:22,792 [ERROR] ConditionMgr:805 - Attr not supported : Dmpu
2024-12-12 20:14:22,792 [ERROR] ConditionMgr:805 - Attr not supported : Dmpu
2024-12-12 20:14:22,792 [ERROR] ConditionMgr:805 - Attr not supported : Dmpu
2024-12-12 20:14:22,792 [ERROR] ConditionMgr:805 - Attr not supported : Dmpu
2024-12-12 20:14:22,792 [ERROR] ConditionMgr:805 - Attr not supported : Dmpu
2024-12-12 20:14:22,792 [ERROR] ConditionMgr:805 - Attr not supported : Dmpu
2024-12-12 20:14:22,792 [ERROR] ConditionMgr:805 - Attr not supported : Dmpu
2024-12-12 20:14:22,792 [ERROR] ConditionMgr:805 - Attr not supported : Dmpu
2024-12-12 20:14:22,792 [ERROR] ConditionMgr:805 - Attr not supported : Dmpu
2024-12-12 20:14:22,792 [ERROR] ConditionMgr:805 - Attr not supported : Dmpu
2024-12-12 20:14:22,792 [ERROR] ConditionMgr:805 - Attr not supported : Dmpu
2024-12-12 20:14:22,792 [ERROR] ConditionMgr:805 - Attr not supported : Dmpu
2024-12-12 20:14:22,792 [ERROR] ConditionMgr:805 - Attr not supported : Dmpu
2024-12-12 20:14:22,792 [ERROR] ConditionMgr:805 - Attr not supported : Dmpu
2024-12-12 20:14:22,792 [ERROR] ConditionMgr:805 - Attr not supported : Dmpu
2024-12-12 20:14:22,792 [ERROR] ConditionMgr:805 - Attr not supported : Dmpu
2024-12-12 20:14:22,792 [ERROR] ConditionMgr:805 - Attr not supported : Dmpu
2024-12-12 20:14:22,792 [ERROR] ConditionMgr:805 - Attr not supported : Dmpu
2024-12-12 20:14:22,792 [ERROR] ConditionMgr:805 - Attr not supported : Dmpu
2024-12-12 20:14:22,792 [ERROR] ConditionMgr:805 - Attr not supported : Dmpu
2024-12-12 20:14:22,794 [ERROR] Engine:466 - /home/poojaa/.stm32cubemx/thirdparties/pdsc/STMicroelectronics.X-CUBE-TCPP.4.2.0.pdsc: PDSC version is not supported
2024-12-12 20:14:22,797 [WARN] PackLoader:240 - Cannot read IP mode file for RealThread.X-CUBE-RT-Thread_Nano.4.1.1
2024-12-12 20:14:22,800 [WARN] PackLoader:240 - Cannot read IP mode file for wolfSSL.I-CUBE-wolfSSL.5.7.0
2024-12-12 20:14:22,802 [WARN] PackLoader:240 - Cannot read IP mode file for STMicroelectronics.FP-ATR-SIGFOX1.3.2.0
2024-12-12 20:14:22,804 [WARN] ConditionMgr:438 - getConditionDescription Invalid condition id : Cortex-A Device cause : null
2024-12-12 20:14:22,808 [WARN] ConditionMgr:1039 - genDependencies : Invalid condition id : Cortex-A Device cause : null
2024-12-12 20:14:22,808 [WARN] ConditionMgr:1039 - genDependencies : Invalid condition id : Cortex-A Device cause : null
2024-12-12 20:14:22,808 [WARN] ConditionMgr:1039 - genDependencies : Invalid condition id : Cortex-A Device cause : null
2024-12-12 20:14:22,811 [WARN] PackLoader:240 - Cannot read IP mode file for STMicroelectronics.X-CUBE-EEPRMA1.5.1.0
2024-12-12 20:14:22,816 [WARN] PackLoader:240 - Cannot read IP mode file for ITTIA_DB.I-CUBE-ITTIADB.8.9.0
2024-12-12 20:14:22,837 [WARN] PackLoader:240 - Cannot read IP mode file for SEGGER.I-CUBE-embOS.1.3.1
2024-12-12 20:14:22,863 [WARN] PackLoader:240 - Cannot read IP mode file for STMicroelectronics.X-CUBE-ALGOBUILD.1.4.0
2024-12-12 20:14:22,868 [WARN] PackLoader:240 - Cannot read IP mode file for STMicroelectronics.X-CUBE-GNSS1.6.0.0
2024-12-12 20:14:22,883 [WARN] PackLoader:240 - Cannot read IP mode file for STMicroelectronics.X-CUBE-AZRTOS-F4.1.1.0
2024-12-12 20:14:22,889 [WARN] PackLoader:240 - Cannot read IP mode file for STMicroelectronics.X-CUBE-ISPU.2.1.0
2024-12-12 20:14:22,891 [WARN] PackLoader:240 - Cannot read IP mode file for STMicroelectronics.X-CUBE-FREERTOS.1.2.0
2024-12-12 20:14:22,900 [WARN] PackLoader:240 - Cannot read IP mode file for STMicroelectronics.X-CUBE-AZRTOS-L5.2.0.0
2024-12-12 20:14:22,904 [WARN] PackLoader:240 - Cannot read IP mode file for STMicroelectronics.X-CUBE-NFC6.3.1.0
2024-12-12 20:14:22,909 [WARN] PackLoader:240 - Cannot read IP mode file for STMicroelectronics.X-CUBE-DPower.1.2.0
2024-12-12 20:14:22,911 [WARN] PackLoader:240 - Cannot read IP mode file for STMicroelectronics.X-CUBE-AI.9.0.0
2024-12-12 20:14:22,915 [WARN] PackLoader:240 - Cannot read IP mode file for STMicroelectronics.X-CUBE-FREERTOS.1.3.0
2024-12-12 20:14:22,917 [WARN] PackLoader:240 - Cannot read IP mode file for STMicroelectronics.X-CUBE-NFC7.1.0.1
2024-12-12 20:14:22,920 [WARN] PackLoader:240 - Cannot read IP mode file for wolfSSL.I-CUBE-wolfTPM.3.2.0
2024-12-12 20:14:22,927 [WARN] ConditionMgr:438 - getConditionDescription Invalid condition id : LAN8742 Phy interface Condition cause : null
2024-12-12 20:14:22,927 [WARN] PackLoader:240 - Cannot read IP mode file for STMicroelectronics.X-CUBE-AZRTOS-L4.2.0.0
2024-12-12 20:14:22,929 [WARN] ConditionMgr:1039 - genDependencies : Invalid condition id : LAN8742 Phy interface Condition cause : null
2024-12-12 20:14:22,929 [WARN] ConditionMgr:1039 - genDependencies : Invalid condition id : LAN8742 Phy interface Condition cause : null
2024-12-12 20:14:22,930 [WARN] ConditionMgr:1039 - genDependencies : Invalid condition id : LAN8742 Phy interface Condition cause : null
2024-12-12 20:14:22,935 [WARN] PackLoader:240 - Cannot read IP mode file for STMicroelectronics.X-CUBE-SFXS2LP1.4.0.0
2024-12-12 20:14:22,944 [WARN] PackLoader:240 - Cannot read IP mode file for STMicroelectronics.X-CUBE-AZRTOS-H7.3.3.0
2024-12-12 20:14:22,950 [WARN] PackLoader:240 - Cannot read IP mode file for STMicroelectronics.X-CUBE-IPS.3.0.0
2024-12-12 20:14:22,960 [WARN] ConditionMgr:438 - getConditionDescription Invalid condition id : UX DEVICE CLASS RTOS Condition cause : null
2024-12-12 20:14:22,960 [WARN] ConditionMgr:438 - getConditionDescription Invalid condition id : UX DEVICE CLASS RTOS Condition cause : null
2024-12-12 20:14:22,961 [WARN] PackLoader:240 - Cannot read IP mode file for STMicroelectronics.X-CUBE-AZRTOS-WB.2.0.0
2024-12-12 20:14:22,962 [WARN] ConditionMgr:1039 - genDependencies : Invalid condition id : UX DEVICE CLASS RTOS Condition cause : null
2024-12-12 20:14:22,962 [WARN] ConditionMgr:1039 - genDependencies : Invalid condition id : UX DEVICE CLASS RTOS Condition cause : null
2024-12-12 20:14:22,962 [WARN] ConditionMgr:1039 - genDependencies : Invalid condition id : UX DEVICE CLASS RTOS Condition cause : null
2024-12-12 20:14:22,962 [WARN] ConditionMgr:1039 - genDependencies : Invalid condition id : UX DEVICE CLASS RTOS Condition cause : null
2024-12-12 20:14:22,962 [WARN] ConditionMgr:1039 - genDependencies : Invalid condition id : UX DEVICE CLASS RTOS Condition cause : null
2024-12-12 20:14:22,966 [WARN] PackLoader:240 - Cannot read IP mode file for STMicroelectronics.X-CUBE-GNSS1.7.0.0
2024-12-12 20:14:22,969 [WARN] PackLoader:240 - Cannot read IP mode file for STMicroelectronics.FP-SNS-STBOX1.2.0.0
2024-12-12 20:14:22,974 [WARN] PackLoader:240 - Cannot read IP mode file for STMicroelectronics.X-CUBE-SUBG2.5.0.0
2024-12-12 20:14:22,979 [WARN] PackLoader:240 - Cannot read IP mode file for Cesanta.I-CUBE-Mongoose.7.13.0
2024-12-12 20:14:22,989 [WARN] PackLoader:240 - Cannot read IP mode file for STMicroelectronics.X-CUBE-AZRTOS-G4.2.0.0
2024-12-12 20:14:22,992 [WARN] PackLoader:240 - Cannot read IP mode file for STMicroelectronics.X-CUBE-ISPU.2.0.0
2024-12-12 20:14:22,994 [WARN] PackLoader:240 - Cannot read IP mode file for STMicroelectronics.X-CUBE-ALS.1.0.2
2024-12-12 20:14:23,012 [WARN] PackLoader:240 - Cannot read IP mode file for STMicroelectronics.X-CUBE-MEMS1.10.0.0
2024-12-12 20:14:23,070 [WARN] PackLoader:240 - Cannot read IP mode file for STMicroelectronics.X-CUBE-TOUCHGFX.4.24.0
2024-12-12 20:14:23,071 [WARN] PackLoader:240 - Cannot read IP mode file for STMicroelectronics.X-CUBE-TOUCHGFX.4.24.1
2024-12-12 20:14:23,073 [WARN] PackLoader:240 - Cannot read IP mode file for portGmbH.I-Cube-SoM-uGOAL.1.1.0
2024-12-12 20:14:23,081 [WARN] PackLoader:240 - Cannot read IP mode file for STMicroelectronics.X-CUBE-AZRTOS-H7RS.1.0.0
2024-12-12 20:14:23,084 [WARN] PackLoader:240 - Cannot read IP mode file for STMicroelectronics.FP-ATR-ASTRA1.2.0.0
2024-12-12 20:14:23,089 [WARN] PackLoader:240 - Cannot read IP mode file for STMicroelectronics.X-CUBE-TOF1.3.4.2
2024-12-12 20:14:23,101 [WARN] PackLoader:240 - Cannot read IP mode file for STMicroelectronics.X-CUBE-TOF1.3.4.1
2024-12-12 20:14:23,115 [WARN] PackLoader:240 - Cannot read IP mode file for STMicroelectronics.X-CUBE-AZRTOS-H7.3.2.0
2024-12-12 20:14:23,122 [WARN] PackLoader:240 - Cannot read IP mode file for Infineon.AIROC-Wi-Fi-Bluetooth-STM32.1.6.0
2024-12-12 20:14:23,125 [WARN] PackLoader:240 - Cannot read IP mode file for wolfSSL.I-CUBE-wolfSSH.1.4.17
2024-12-12 20:14:23,126 [INFO] ThirdParty:978 - Integrity check success = true
2024-12-12 20:14:23,126 [INFO] IntegrityCheckThread:100 - exiting critical section [integrity check]
2024-12-12 20:14:23,126 [INFO] IntegrityCheckThread:103 - End integrity checks thread
2024-12-12 23:35:20,024 [ERROR] ConfigurationRetriever:142 - IOException on connection: Read timed out
2024-12-12 23:35:35,431 [ERROR] AdobePublisher:162 - Exception while opening the connection: java.net.SocketTimeoutException: Connect timed out
2024-12-12 23:35:37,436 [ERROR] AdobePublisher:162 - Exception while opening the connection: java.net.SocketTimeoutException: Connect timed out
2024-12-12 23:35:39,441 [ERROR] AdobePublisher:162 - Exception while opening the connection: java.net.SocketTimeoutException: Connect timed out
2024-12-12 23:35:41,445 [ERROR] AdobePublisher:162 - Exception while opening the connection: java.net.SocketTimeoutException: Connect timed out
2024-12-12 23:35:43,449 [ERROR] AdobePublisher:162 - Exception while opening the connection: java.net.SocketTimeoutException: Connect timed out
2024-12-12 23:35:47,360 [ERROR] AdobePublisher:162 - Exception while opening the connection: java.net.SocketTimeoutException: Read timed out
2024-12-12 23:35:49,364 [ERROR] AdobePublisher:162 - Exception while opening the connection: java.net.SocketTimeoutException: Connect timed out
2024-12-12 23:35:53,297 [ERROR] AdobePublisher:162 - Exception while opening the connection: java.net.SocketTimeoutException: Read timed out
2024-12-12 23:35:56,750 [ERROR] AdobePublisher:162 - Exception while opening the connection: java.net.SocketTimeoutException: Read timed out
2024-12-12 23:35:58,753 [ERROR] AdobePublisher:162 - Exception while opening the connection: java.net.SocketTimeoutException: Connect timed out
