2025-01-25 21:53:07,809 [INFO] Activator:176 - 


2025-01-25 21:53:07,821 [INFO] Activator:177 - !SESSION log4j initialized
2025-01-25 21:53:14,965 [INFO] LogOutputStream:77 - [STDOUT_REDIRECT] 
2025-01-25 21:53:16,964 [INFO] ApplicationProperties:184 - Using Application install path: /opt/st/stm32cubeide_1.15.1/plugins/com.st.stm32cube.common.mx_6.11.1.202404110753
2025-01-25 21:53:17,020 [INFO] DbMcusXml:78 - Set database path to: /opt/st/stm32cubeide_1.15.1/plugins/com.st.stm32cube.common.mx_6.11.1.202404110753//db//mcu/
2025-01-25 21:53:17,021 [INFO] ApiDb:274 - Set plugin database path to: /opt/st/stm32cubeide_1.15.1/plugins/com.st.stm32cube.common.mx_6.11.1.202404110753//db//plugins/boardmanager/
2025-01-25 21:53:17,022 [WARN] ApiDb:259 - Overriding images path with different value:  => /opt/st/stm32cubeide_1.15.1/plugins/com.st.stm32cube.common.mx_6.11.1.202404110753//db//plugins/mcufinder/images/
2025-01-25 21:53:17,042 [INFO] ApiDb:250 - Set database path to: /home/poojaa/.stmcufinder/plugins/mcufinder//mcu/
2025-01-25 21:53:17,047 [INFO] DbMcusAds:125 - Set database path to: /home/poojaa/.stmcufinder/plugins/mcufinder//mcu/
2025-01-25 21:53:17,055 [INFO] CrossReferenceDbSqlite:203 - Set database path to: /home/poojaa/.stmcufinder/plugins/mcufinder//mcu/cs/
2025-01-25 21:53:17,352 [INFO] RulesReader:64 - Compatibility file has been processed (297 Rules)
2025-01-25 21:53:17,576 [INFO] DbMcusXml:78 - Set database path to: /opt/st/stm32cubeide_1.15.1/plugins/com.st.stm32cube.common.mx_6.11.1.202404110753//db//mcu/
2025-01-25 21:53:17,576 [INFO] ApiDb:274 - Set plugin database path to: /opt/st/stm32cubeide_1.15.1/plugins/com.st.stm32cube.common.mx_6.11.1.202404110753//db//plugins/boardmanager/
2025-01-25 21:53:17,577 [INFO] ApiDb:261 - Set plugin images path to: /opt/st/stm32cubeide_1.15.1/plugins/com.st.stm32cube.common.mx_6.11.1.202404110753//db//plugins/mcufinder/images/
2025-01-25 21:53:17,578 [WARN] DbFile:41 - Overriding database path with different value: /home/poojaa/.stmcufinder/plugins/mcufinder/ => /home/poojaa/.stmcufinder/plugins/mcufinder
2025-01-25 21:53:17,578 [INFO] ApiDb:250 - Set database path to: /home/poojaa/.stmcufinder/plugins/mcufinder//mcu/
2025-01-25 21:53:17,578 [WARN] DbFile:41 - Overriding database path with different value: /home/poojaa/.stmcufinder/plugins/mcufinder/ => /home/poojaa/.stmcufinder/plugins/mcufinder
2025-01-25 21:53:17,579 [INFO] DbMcusAds:125 - Set database path to: /home/poojaa/.stmcufinder/plugins/mcufinder//mcu/
2025-01-25 21:53:17,579 [WARN] DbFile:41 - Overriding database path with different value: /home/poojaa/.stmcufinder/plugins/mcufinder/ => /home/poojaa/.stmcufinder/plugins/mcufinder
2025-01-25 21:53:17,579 [WARN] DbFile:41 - Overriding database path with different value: /home/poojaa/.stmcufinder/plugins/mcufinder/ => /home/poojaa/.stmcufinder/plugins/mcufinder
2025-01-25 21:53:17,580 [INFO] CrossReferenceDbSqlite:203 - Set database path to: /home/poojaa/.stmcufinder/plugins/mcufinder//mcu/cs/
2025-01-25 21:53:17,744 [INFO] MainPanel:264 - HeapMemory: 268435456
2025-01-25 21:53:17,950 [INFO] DbMcusXml:78 - Set database path to: /opt/st/stm32cubeide_1.15.1/plugins/com.st.stm32cube.common.mx_6.11.1.202404110753//db//mcu/
2025-01-25 21:53:17,950 [INFO] ApiDb:274 - Set plugin database path to: /opt/st/stm32cubeide_1.15.1/plugins/com.st.stm32cube.common.mx_6.11.1.202404110753//db//plugins/boardmanager/
2025-01-25 21:53:17,951 [INFO] ApiDb:261 - Set plugin images path to: /opt/st/stm32cubeide_1.15.1/plugins/com.st.stm32cube.common.mx_6.11.1.202404110753//db//plugins/mcufinder/images/
2025-01-25 21:53:17,951 [WARN] DbFile:41 - Overriding database path with different value: /home/poojaa/.stmcufinder/plugins/mcufinder/ => /home/poojaa/.stmcufinder/plugins/mcufinder
2025-01-25 21:53:17,951 [INFO] ApiDb:250 - Set database path to: /home/poojaa/.stmcufinder/plugins/mcufinder//mcu/
2025-01-25 21:53:17,951 [WARN] DbFile:41 - Overriding database path with different value: /home/poojaa/.stmcufinder/plugins/mcufinder/ => /home/poojaa/.stmcufinder/plugins/mcufinder
2025-01-25 21:53:17,951 [INFO] DbMcusAds:125 - Set database path to: /home/poojaa/.stmcufinder/plugins/mcufinder//mcu/
2025-01-25 21:53:17,952 [WARN] DbFile:41 - Overriding database path with different value: /home/poojaa/.stmcufinder/plugins/mcufinder/ => /home/poojaa/.stmcufinder/plugins/mcufinder
2025-01-25 21:53:17,952 [WARN] DbFile:41 - Overriding database path with different value: /home/poojaa/.stmcufinder/plugins/mcufinder/ => /home/poojaa/.stmcufinder/plugins/mcufinder
2025-01-25 21:53:17,952 [INFO] CrossReferenceDbSqlite:203 - Set database path to: /home/poojaa/.stmcufinder/plugins/mcufinder//mcu/cs/
2025-01-25 21:53:17,973 [INFO] ApplicationProperties:184 - Using Application install path: /opt/st/stm32cubeide_1.15.1/plugins/com.st.stm32cube.common.mx_6.11.1.202404110753
2025-01-25 21:53:17,975 [INFO] PluginManage:196 - Search for loadable plugins [exclusion list=, ]
2025-01-25 21:53:17,977 [INFO] PluginManage:310 - Check plugin analytics
2025-01-25 21:53:18,244 [INFO] AnalyticsPlugin:253 - Accepted Software Licenses: 
2025-01-25 21:53:18,244 [INFO] AnalyticsPlugin:255 - Accepted CMSIS Pack Licenses: 
2025-01-25 21:53:18,244 [INFO] AnalyticsPlugin:257 - Accepted Firmware Licenses: 
2025-01-25 21:53:18,247 [INFO] PluginManage:359 - Loaded plugin analytics (category:tool,tabindex:-1)
2025-01-25 21:53:18,248 [INFO] PluginManage:310 - Check plugin cadmodel
2025-01-25 21:53:18,318 [INFO] CADModel:105 - Init CAD model plugin
2025-01-25 21:53:18,318 [INFO] PluginManage:359 - Loaded plugin cadmodel (category:power,tabindex:5)
2025-01-25 21:53:18,318 [INFO] PluginManage:310 - Check plugin clock
2025-01-25 21:53:18,337 [INFO] PluginManage:359 - Loaded plugin clock (category:base,tabindex:2)
2025-01-25 21:53:18,337 [INFO] PluginManage:310 - Check plugin ddr
2025-01-25 21:53:18,343 [INFO] PluginManage:359 - Loaded plugin ddr (category:tool,tabindex:6)
2025-01-25 21:53:18,343 [INFO] PluginManage:310 - Check plugin filemanager
2025-01-25 21:53:18,558 [INFO] PluginManage:359 - Loaded plugin filemanager (category:base,tabindex:10)
2025-01-25 21:53:18,558 [INFO] PluginManage:310 - Check plugin ipmanager
2025-01-25 21:53:18,565 [INFO] PluginManage:359 - Loaded plugin ipmanager (category:base,tabindex:5)
2025-01-25 21:53:18,566 [INFO] PluginManage:310 - Check plugin lpbam
2025-01-25 21:53:18,578 [INFO] PluginManage:359 - Loaded plugin lpbam (category:base,tabindex:0)
2025-01-25 21:53:18,578 [INFO] PluginManage:310 - Check plugin memorymap
2025-01-25 21:53:18,593 [INFO] PluginManage:359 - Loaded plugin memorymap (category:base,tabindex:4)
2025-01-25 21:53:18,593 [INFO] PluginManage:310 - Check plugin pinoutandconfiguration
2025-01-25 21:53:18,602 [INFO] PluginManage:359 - Loaded plugin pinoutandconfiguration (category:base,tabindex:1)
2025-01-25 21:53:18,603 [INFO] PluginManage:310 - Check plugin pinoutconfig
2025-01-25 21:53:18,715 [WARN] SupportedApi:132 - Cannot load RTOS API schema: s4s-elt-must-match.1: The content of 'definitions' must match (annotation?, (simpleType | complexType)?, (unique | key | keyref)*)). A problem was found starting at: attribute.
2025-01-25 21:53:18,946 [INFO] PluginManage:359 - Loaded plugin pinoutconfig (category:base,tabindex:0)
2025-01-25 21:53:18,947 [INFO] PluginManage:310 - Check plugin power
2025-01-25 21:53:18,961 [INFO] PluginManage:359 - Loaded plugin power (category:power,tabindex:4)
2025-01-25 21:53:18,961 [INFO] PluginManage:310 - Check plugin projectmanager
2025-01-25 21:53:18,986 [INFO] PluginManage:359 - Loaded plugin projectmanager (category:projectmanager,tabindex:3)
2025-01-25 21:53:18,987 [INFO] PluginManage:310 - Check plugin thirdparty
2025-01-25 21:53:19,182 [INFO] PluginManage:359 - Loaded plugin thirdparty (category:base,tabindex:-1)
2025-01-25 21:53:19,182 [WARN] IntegrityCheckThread:84 - waiting for thirdparty lock release [integrity check]
2025-01-25 21:53:19,183 [INFO] PluginManage:310 - Check plugin tools
2025-01-25 21:53:19,183 [INFO] IntegrityCheckThread:86 - entering critical section [integrity check]
2025-01-25 21:53:19,184 [INFO] ThirdPartyUpdaterWithRetryManager:70 - Updater plugin not ready yet. [1/15]
2025-01-25 21:53:19,187 [INFO] PluginManage:359 - Loaded plugin tools (category:base,tabindex:7)
2025-01-25 21:53:19,187 [INFO] PluginManage:310 - Check plugin tutovideos
2025-01-25 21:53:19,701 [INFO] PluginManage:359 - Loaded plugin tutovideos (category:base,tabindex:-1)
2025-01-25 21:53:19,701 [INFO] PluginManage:310 - Check plugin updater
2025-01-25 21:53:19,726 [INFO] PluginManage:359 - Loaded plugin updater (category:base,tabindex:12)
2025-01-25 21:53:19,726 [INFO] PluginManage:310 - Check plugin userauth
2025-01-25 21:53:19,744 [INFO] UserAuth:114 - Init User Auth plugin
2025-01-25 21:53:19,744 [INFO] PluginManage:359 - Loaded plugin userauth (category:base,tabindex:14)
2025-01-25 21:53:19,745 [INFO] PluginManage:283 - PluginManage : Loaded plugins [17]
2025-01-25 21:53:20,062 [INFO] PinOutPanel:1561 - setPackage(No Configuration,No Configuration)
2025-01-25 21:53:20,167 [INFO] CADModel:165 - CPN selected for project level
2025-01-25 21:53:20,167 [INFO] CADModel:114 - Register for checkConnection events
2025-01-25 21:53:20,188 [INFO] IPUIPlugin:80 - create IPUIPlugin
2025-01-25 21:53:20,189 [INFO] PluginManager:220 - loadIPPluginJar : add adc
2025-01-25 21:53:20,192 [INFO] IPUIPlugin:80 - create IPUIPlugin
2025-01-25 21:53:20,192 [INFO] PluginManager:220 - loadIPPluginJar : add dma3
2025-01-25 21:53:20,195 [INFO] IPUIPlugin:80 - create IPUIPlugin
2025-01-25 21:53:20,195 [INFO] PluginManager:220 - loadIPPluginJar : add opamp
2025-01-25 21:53:20,198 [INFO] IPUIPlugin:80 - create IPUIPlugin
2025-01-25 21:53:20,198 [INFO] PluginManager:220 - loadIPPluginJar : add pdm2pcm
2025-01-25 21:53:20,201 [INFO] IPUIPlugin:80 - create IPUIPlugin
2025-01-25 21:53:20,201 [INFO] PluginManager:220 - loadIPPluginJar : add i2c
2025-01-25 21:53:20,203 [INFO] IPUIPlugin:80 - create IPUIPlugin
2025-01-25 21:53:20,203 [INFO] PluginManager:220 - loadIPPluginJar : add i2s
2025-01-25 21:53:20,205 [INFO] IPUIPlugin:80 - create IPUIPlugin
2025-01-25 21:53:20,205 [INFO] PluginManager:220 - loadIPPluginJar : add gfxmmu
2025-01-25 21:53:20,207 [INFO] IPUIPlugin:80 - create IPUIPlugin
2025-01-25 21:53:20,207 [INFO] PluginManager:220 - loadIPPluginJar : add quadspi
2025-01-25 21:53:20,214 [INFO] IPUIPlugin:80 - create IPUIPlugin
2025-01-25 21:53:20,215 [INFO] PluginManager:220 - loadIPPluginJar : add mdma
2025-01-25 21:53:20,219 [INFO] IPUIPlugin:80 - create IPUIPlugin
2025-01-25 21:53:20,219 [INFO] PluginManager:220 - loadIPPluginJar : add nvic
2025-01-25 21:53:20,225 [INFO] IPUIPlugin:80 - create IPUIPlugin
2025-01-25 21:53:20,225 [INFO] PluginManager:220 - loadIPPluginJar : add dma
2025-01-25 21:53:20,228 [INFO] IPUIPlugin:80 - create IPUIPlugin
2025-01-25 21:53:20,228 [INFO] PluginManager:220 - loadIPPluginJar : add aes
2025-01-25 21:53:20,233 [INFO] IPUIPlugin:80 - create IPUIPlugin
2025-01-25 21:53:20,233 [INFO] PluginManager:220 - loadIPPluginJar : add stm32_wpan
2025-01-25 21:53:20,236 [INFO] IPUIPlugin:80 - create IPUIPlugin
2025-01-25 21:53:20,236 [INFO] PluginManager:220 - loadIPPluginJar : add usart
2025-01-25 21:53:20,237 [INFO] IPUIPlugin:80 - create IPUIPlugin
2025-01-25 21:53:20,238 [INFO] PluginManager:220 - loadIPPluginJar : add genericplugin
2025-01-25 21:53:20,241 [INFO] IPUIPlugin:80 - create IPUIPlugin
2025-01-25 21:53:20,241 [INFO] PluginManager:220 - loadIPPluginJar : add openamp
2025-01-25 21:53:20,245 [INFO] IPUIPlugin:80 - create IPUIPlugin
2025-01-25 21:53:20,245 [INFO] PluginManager:220 - loadIPPluginJar : add ipddr
2025-01-25 21:53:20,248 [INFO] IPUIPlugin:80 - create IPUIPlugin
2025-01-25 21:53:20,248 [INFO] PluginManager:220 - loadIPPluginJar : add lorawan
2025-01-25 21:53:20,251 [INFO] IPUIPlugin:80 - create IPUIPlugin
2025-01-25 21:53:20,251 [INFO] PluginManager:220 - loadIPPluginJar : add gtzc
2025-01-25 21:53:20,253 [INFO] IPUIPlugin:80 - create IPUIPlugin
2025-01-25 21:53:20,254 [INFO] PluginManager:220 - loadIPPluginJar : add can
2025-01-25 21:53:20,255 [INFO] IPUIPlugin:80 - create IPUIPlugin
2025-01-25 21:53:20,255 [INFO] PluginManager:220 - loadIPPluginJar : add fatfs
2025-01-25 21:53:20,260 [INFO] IPUIPlugin:80 - create IPUIPlugin
2025-01-25 21:53:20,260 [INFO] PluginManager:220 - loadIPPluginJar : add gpio
2025-01-25 21:53:20,262 [INFO] IPUIPlugin:80 - create IPUIPlugin
2025-01-25 21:53:20,262 [INFO] PluginManager:220 - loadIPPluginJar : add ts
2025-01-25 21:53:20,264 [INFO] IPUIPlugin:80 - create IPUIPlugin
2025-01-25 21:53:20,264 [INFO] PluginManager:220 - loadIPPluginJar : add dfsdm
2025-01-25 21:53:20,270 [INFO] IPUIPlugin:80 - create IPUIPlugin
2025-01-25 21:53:20,270 [INFO] PluginManager:220 - loadIPPluginJar : add gic
2025-01-25 21:53:20,279 [INFO] IPUIPlugin:80 - create IPUIPlugin
2025-01-25 21:53:20,279 [INFO] PluginManager:220 - loadIPPluginJar : add linkedlist
2025-01-25 21:53:20,281 [INFO] IPUIPlugin:80 - create IPUIPlugin
2025-01-25 21:53:20,281 [INFO] PluginManager:220 - loadIPPluginJar : add tim
2025-01-25 21:53:20,283 [INFO] IPUIPlugin:80 - create IPUIPlugin
2025-01-25 21:53:20,283 [INFO] PluginManager:220 - loadIPPluginJar : add tracer_emb
2025-01-25 21:53:20,287 [INFO] IPUIPlugin:80 - create IPUIPlugin
2025-01-25 21:53:20,287 [INFO] PluginManager:220 - loadIPPluginJar : add extmemmanager
2025-01-25 21:53:20,291 [INFO] IPUIPlugin:80 - create IPUIPlugin
2025-01-25 21:53:20,291 [INFO] PluginManager:220 - loadIPPluginJar : add spi
2025-01-25 21:53:20,293 [INFO] IPUIPlugin:80 - create IPUIPlugin
2025-01-25 21:53:20,293 [INFO] PluginManager:220 - loadIPPluginJar : add comp
2025-01-25 21:53:20,298 [INFO] IPUIPlugin:80 - create IPUIPlugin
2025-01-25 21:53:20,298 [INFO] PluginManager:220 - loadIPPluginJar : add sai
2025-01-25 21:53:20,300 [INFO] IPUIPlugin:80 - create IPUIPlugin
2025-01-25 21:53:20,300 [INFO] PluginManager:220 - loadIPPluginJar : add ucpd
2025-01-25 21:53:20,302 [INFO] IPUIPlugin:80 - create IPUIPlugin
2025-01-25 21:53:20,302 [INFO] PluginManager:220 - loadIPPluginJar : add ltdc
2025-01-25 21:53:20,305 [INFO] IPUIPlugin:80 - create IPUIPlugin
2025-01-25 21:53:20,305 [INFO] PluginManager:220 - loadIPPluginJar : add touchsensing
2025-01-25 21:53:20,314 [INFO] IPUIPlugin:80 - create IPUIPlugin
2025-01-25 21:53:20,317 [INFO] PluginManager:220 - loadIPPluginJar : add plateformsettings
2025-01-25 21:53:20,320 [INFO] IPUIPlugin:80 - create IPUIPlugin
2025-01-25 21:53:20,320 [INFO] PluginManager:220 - loadIPPluginJar : add resmgrutility
2025-01-25 21:53:20,323 [INFO] IPUIPlugin:80 - create IPUIPlugin
2025-01-25 21:53:20,323 [INFO] PluginManager:220 - loadIPPluginJar : add cryp
2025-01-25 21:53:20,328 [INFO] IPUIPlugin:80 - create IPUIPlugin
2025-01-25 21:53:20,328 [INFO] PluginManager:220 - loadIPPluginJar : add fmc
2025-01-25 21:53:20,330 [INFO] IPUIPlugin:80 - create IPUIPlugin
2025-01-25 21:53:20,330 [INFO] PluginManager:220 - loadIPPluginJar : add tsc
2025-01-25 21:53:20,332 [INFO] IPUIPlugin:80 - create IPUIPlugin
2025-01-25 21:53:20,332 [INFO] PluginManager:220 - loadIPPluginJar : add hash
2025-01-25 21:53:20,340 [INFO] IPUIPlugin:80 - create IPUIPlugin
2025-01-25 21:53:20,340 [INFO] PluginManager:220 - loadIPPluginJar : add freertos
2025-01-25 21:53:20,343 [INFO] IPUIPlugin:80 - create IPUIPlugin
2025-01-25 21:53:20,343 [INFO] PluginManager:220 - loadIPPluginJar : add usbx
2025-01-25 21:53:20,346 [INFO] IPUIPlugin:80 - create IPUIPlugin
2025-01-25 21:53:20,346 [INFO] PluginManager:220 - loadIPPluginJar : add i3c
2025-01-25 21:53:20,461 [INFO] CADModel:165 - CPN selected for project level
2025-01-25 21:53:20,461 [INFO] CADModel:114 - Register for checkConnection events
2025-01-25 21:53:20,461 [FATAL] Updater:308 - Updater called before beeing initialized
2025-01-25 21:53:20,461 [ERROR] CADModel:125 - Updater not yet initialized, retry later 
2025-01-25 21:53:20,635 [INFO] CADModel:165 - CPN selected for project level
2025-01-25 21:53:20,635 [INFO] CADModel:114 - Register for checkConnection events
2025-01-25 21:53:20,635 [FATAL] Updater:308 - Updater called before beeing initialized
2025-01-25 21:53:20,635 [ERROR] CADModel:125 - Updater not yet initialized, retry later 
2025-01-25 21:53:20,640 [FATAL] Updater:308 - Updater called before beeing initialized
2025-01-25 21:53:20,764 [FATAL] Updater:308 - Updater called before beeing initialized
2025-01-25 21:53:20,770 [INFO] DbMcusAds:53 - JSON generation date=Tue Dec 17 21:31:15 IST 2024 (1734451275143)
2025-01-25 21:53:20,770 [FATAL] Updater:308 - Updater called before beeing initialized
2025-01-25 21:53:20,819 [WARN] DetailPanel:346 - Failed to get advertising image, set to default
2025-01-25 21:53:20,930 [FATAL] Updater:308 - Updater called before beeing initialized
2025-01-25 21:53:20,931 [FATAL] Updater:308 - Updater called before beeing initialized
2025-01-25 21:53:20,932 [FATAL] Updater:308 - Updater called before beeing initialized
2025-01-25 21:53:20,932 [WARN] DetailPanel:346 - Failed to get advertising image, set to default
2025-01-25 21:53:20,933 [FATAL] Updater:308 - Updater called before beeing initialized
2025-01-25 21:53:20,972 [ERROR] Updater:1120 - MainUpdater not yet initialized. External WinMGr cannot be set.
2025-01-25 21:53:20,976 [INFO] Updater:1056 - Updater Version found : 6.11.1
2025-01-25 21:53:21,000 [INFO] ApplicationProperties:184 - Using Application install path: /opt/st/stm32cubeide_1.15.1/plugins/com.st.stm32cube.common.mx_6.11.1.202404110753
2025-01-25 21:53:21,487 [INFO] MainUpdater:2873 - connection check result : 10
2025-01-25 21:53:21,487 [INFO] MainUpdater:3567 - Updater definition file requires update
2025-01-25 21:53:21,488 [INFO] MainUpdater:290 - Updater Check For Update Now.
2025-01-25 21:53:21,489 [INFO] MicroXplorer:498 - Change Database Version : DB.6.0.111
2025-01-25 21:53:21,495 [INFO] McuFinderGlobals:63 - Set McuFinder mode to 2 (CubeIDE integrated)
2025-01-25 21:53:21,495 [INFO] UserAuth:179 - activating auth plugin
2025-01-25 21:53:21,501 [INFO] UserAuth:415 - Internet connection configuration mode: 1
2025-01-25 21:53:21,524 [INFO] JxBrowserEngine:152 - Initiate JxBrowser Engine with user profile folder
2025-01-25 21:53:21,542 [INFO] ServerAccessManage:473 - Download File updaters.zip
2025-01-25 21:53:21,697 [INFO] FileExtend:240 - Unzip File : updaters.zip
2025-01-25 21:53:21,697 [INFO] FileExtend:255 - Standard Zip Deflate
2025-01-25 21:53:22,186 [WARN] MainUpdater:1194 - Updater busy. Cannot search thirdparties
2025-01-25 21:53:22,187 [INFO] ThirdPartyUpdaterWithRetryManager:96 - Updater plugin is busy. [1/15]
2025-01-25 21:53:22,538 [INFO] ServerAccessManage:473 - Download File PacksControlFlags.xml
2025-01-25 21:53:23,153 [INFO] ServerAccessManage:473 - Download File cubemx.pidx
2025-01-25 21:53:23,199 [INFO] WebApp:161 - Instantiating new browser for Auth
2025-01-25 21:53:23,818 [INFO] ServerAccessManage:473 - Download File STMicroelectronics.X-CUBE-AI.pdsc
2025-01-25 21:53:24,394 [INFO] WebApp:779 - Register for checkConnection events
2025-01-25 21:53:24,394 [INFO] WebApp:414 - Apply proxy settings
2025-01-25 21:53:24,395 [INFO] WebApp:499 - Chromium requires no authentication
2025-01-25 21:53:24,402 [INFO] WebApp:442 - Direct internet connection detected
2025-01-25 21:53:24,595 [INFO] WebApp:192 - Starting web application
2025-01-25 21:53:24,596 [INFO] WebApp:544 - Web application path used /opt/st/stm32cubeide_1.15.1/plugins/com.st.stm32cube.common.mx_6.11.1.202404110753/db/plugins/mcufinder/reactClient1/index.html
2025-01-25 21:53:25,187 [WARN] MainUpdater:1194 - Updater busy. Cannot search thirdparties
2025-01-25 21:53:25,188 [INFO] ThirdPartyUpdaterWithRetryManager:96 - Updater plugin is busy. [2/15]
2025-01-25 21:53:26,932 [WARN] PackLoader:240 - Cannot read IP mode file for STMicroelectronics.X-CUBE-AI.10.0.0
2025-01-25 21:53:26,938 [INFO] PopulateThirdPartyThread:66 - Ending populate Thread
2025-01-25 21:53:26,942 [INFO] ThirdParty:1030 - CMSIS Pack Vendor :STMicroelectronics X-CUBE-AI 10.0.0
2025-01-25 21:53:26,942 [INFO] LoadServerUpdatesThread:375 - End of LoadServerUpdate Thread
2025-01-25 21:53:27,126 [INFO] CheckServerUpdateThread:120 - End of CheckServer Thread
2025-01-25 21:53:28,321 [WARN] PackLoader:240 - Cannot read IP mode file for STMicroelectronics.FP-SNS-MOTENVWB1.1.4.0
2025-01-25 21:53:28,328 [WARN] PackLoader:240 - Cannot read IP mode file for STMicroelectronics.FP-ATR-ASTRA1.2.0.1
2025-01-25 21:53:28,337 [WARN] PackLoader:240 - Cannot read IP mode file for STMicroelectronics.X-CUBE-SMBUS.2.1.0
2025-01-25 21:53:28,349 [WARN] PackLoader:240 - Cannot read IP mode file for STMicroelectronics.X-CUBE-WB05N.1.1.0
2025-01-25 21:53:28,397 [WARN] PackLoader:240 - Cannot read IP mode file for STMicroelectronics.X-CUBE-AZRTOS-F7.1.1.0
2025-01-25 21:53:28,522 [WARN] PackLoader:240 - Cannot read IP mode file for STMicroelectronics.X-CUBE-MEMS1.11.0.0
2025-01-25 21:53:28,748 [WARN] PackLoader:240 - Cannot read IP mode file for STMicroelectronics.FP-SNS-FLIGHT1.5.0.2
2025-01-25 21:53:28,759 [WARN] PackLoader:240 - Cannot read IP mode file for STMicroelectronics.X-CUBE-DISPLAY.3.0.0
2025-01-25 21:53:28,772 [WARN] PackLoader:240 - Cannot read IP mode file for STMicroelectronics.X-CUBE-BLE1.7.0.0
2025-01-25 21:53:28,781 [WARN] PackLoader:240 - Cannot read IP mode file for STMicroelectronics.X-CUBE-NFC10.1.0.0
2025-01-25 21:53:28,799 [WARN] PackLoader:240 - Cannot read IP mode file for STMicroelectronics.X-CUBE-BLEMGR.4.0.0
2025-01-25 21:53:28,812 [WARN] PackLoader:240 - Cannot read IP mode file for emotas.I-CUBE-CANOPEN.1.3.0
2025-01-25 21:53:28,828 [WARN] PackLoader:240 - Cannot read IP mode file for STMicroelectronics.X-CUBE-BLEMGR.3.1.0
2025-01-25 21:53:28,838 [WARN] PackLoader:240 - Cannot read IP mode file for STMicroelectronics.X-CUBE-AI.10.0.0
2025-01-25 21:53:28,845 [WARN] PackLoader:240 - Cannot read IP mode file for STMicroelectronics.FP-SNS-SMARTAG2.1.2.0
2025-01-25 21:53:28,936 [WARN] PackLoader:240 - Cannot read IP mode file for STMicroelectronics.X-CUBE-MEMS1.11.1.0
2025-01-25 21:53:29,168 [INFO] LogOutputStream:77 - [STDOUT_REDIRECT] 1 : Invalid condition id : UX_CORESTACK_Condition cause : null
2025-01-25 21:53:29,169 [INFO] LogOutputStream:77 - [STDOUT_REDIRECT] 1 : Invalid condition id : UX_CORESTACK_Condition cause : null
2025-01-25 21:53:29,169 [INFO] LogOutputStream:77 - [STDOUT_REDIRECT] 1 : Invalid condition id : UX_CORESTACK_Condition cause : null
2025-01-25 21:53:29,170 [INFO] LogOutputStream:77 - [STDOUT_REDIRECT] 1 : Invalid condition id : UX_CORESTACK_Condition cause : null
2025-01-25 21:53:29,170 [INFO] LogOutputStream:77 - [STDOUT_REDIRECT] 1 : Invalid condition id : UX_CORESTACK_Condition cause : null
2025-01-25 21:53:29,175 [WARN] PackLoader:240 - Cannot read IP mode file for STMicroelectronics.X-CUBE-AZRTOS-WL.2.0.0
2025-01-25 21:53:29,182 [WARN] PackLoader:240 - Cannot read IP mode file for STMicroelectronics.FP-SNS-MOTENV1.5.0.0
2025-01-25 21:53:29,188 [WARN] PackLoader:240 - Cannot read IP mode file for wolfSSL.I-CUBE-wolfMQTT.1.19.0
2025-01-25 21:53:29,196 [WARN] PackLoader:240 - Cannot read IP mode file for WES.I-CUBE-Cesium.1.3.0
2025-01-25 21:53:29,202 [WARN] PackLoader:240 - Cannot read IP mode file for STMicroelectronics.X-CUBE-BLE2.3.3.0
2025-01-25 21:53:29,214 [WARN] PackLoader:240 - Cannot read IP mode file for STMicroelectronics.X-CUBE-NFC9.1.0.0
2025-01-25 21:53:29,223 [WARN] PackLoader:240 - Cannot read IP mode file for STMicroelectronics.X-CUBE-TCPP.4.1.0
2025-01-25 21:53:29,246 [WARN] PackLoader:240 - Cannot read IP mode file for STMicroelectronics.X-CUBE-AZRTOS-G0.1.1.0
2025-01-25 21:53:29,257 [WARN] PackLoader:240 - Cannot read IP mode file for STMicroelectronics.X-CUBE-SAFEA1.1.2.2
2025-01-25 21:53:29,264 [WARN] PackLoader:240 - Cannot read IP mode file for STMicroelectronics.X-CUBE-NFC4.3.0.0
2025-01-25 21:53:29,278 [WARN] PackLoader:240 - Cannot read IP mode file for EmbeddedOffice.I-CUBE-FS-RTOS.1.0.1
2025-01-25 21:53:29,279 [ERROR] ConditionMgr:805 - Attr not supported : Dmpu
2025-01-25 21:53:29,279 [ERROR] ConditionMgr:805 - Attr not supported : Dmpu
2025-01-25 21:53:29,279 [ERROR] ConditionMgr:805 - Attr not supported : Dmpu
2025-01-25 21:53:29,279 [ERROR] ConditionMgr:805 - Attr not supported : Dmpu
2025-01-25 21:53:29,280 [ERROR] ConditionMgr:805 - Attr not supported : Dmpu
2025-01-25 21:53:29,280 [ERROR] ConditionMgr:805 - Attr not supported : Dmpu
2025-01-25 21:53:29,280 [ERROR] ConditionMgr:805 - Attr not supported : Dmpu
2025-01-25 21:53:29,280 [ERROR] ConditionMgr:805 - Attr not supported : Dmpu
2025-01-25 21:53:29,280 [ERROR] ConditionMgr:805 - Attr not supported : Dmpu
2025-01-25 21:53:29,280 [ERROR] ConditionMgr:805 - Attr not supported : Dmpu
2025-01-25 21:53:29,280 [ERROR] ConditionMgr:805 - Attr not supported : Dmpu
2025-01-25 21:53:29,280 [ERROR] ConditionMgr:805 - Attr not supported : Dmpu
2025-01-25 21:53:29,280 [ERROR] ConditionMgr:805 - Attr not supported : Dmpu
2025-01-25 21:53:29,281 [ERROR] ConditionMgr:805 - Attr not supported : Dmpu
2025-01-25 21:53:29,281 [ERROR] ConditionMgr:805 - Attr not supported : Dmpu
2025-01-25 21:53:29,281 [ERROR] ConditionMgr:805 - Attr not supported : Dmpu
2025-01-25 21:53:29,281 [ERROR] ConditionMgr:805 - Attr not supported : Dmpu
2025-01-25 21:53:29,281 [ERROR] ConditionMgr:805 - Attr not supported : Dmpu
2025-01-25 21:53:29,281 [ERROR] ConditionMgr:805 - Attr not supported : Dmpu
2025-01-25 21:53:29,281 [ERROR] ConditionMgr:805 - Attr not supported : Dmpu
2025-01-25 21:53:29,281 [ERROR] ConditionMgr:805 - Attr not supported : Dmpu
2025-01-25 21:53:29,281 [ERROR] ConditionMgr:805 - Attr not supported : Dmpu
2025-01-25 21:53:29,281 [ERROR] ConditionMgr:805 - Attr not supported : Dmpu
2025-01-25 21:53:29,281 [ERROR] ConditionMgr:805 - Attr not supported : Dmpu
2025-01-25 21:53:29,281 [ERROR] ConditionMgr:805 - Attr not supported : Dmpu
2025-01-25 21:53:29,281 [ERROR] ConditionMgr:805 - Attr not supported : Dmpu
2025-01-25 21:53:29,281 [ERROR] ConditionMgr:805 - Attr not supported : Dmpu
2025-01-25 21:53:29,282 [ERROR] ConditionMgr:805 - Attr not supported : Dmpu
2025-01-25 21:53:29,282 [ERROR] ConditionMgr:805 - Attr not supported : Dmpu
2025-01-25 21:53:29,282 [ERROR] ConditionMgr:805 - Attr not supported : Dmpu
2025-01-25 21:53:29,282 [ERROR] ConditionMgr:805 - Attr not supported : Dmpu
2025-01-25 21:53:29,282 [ERROR] ConditionMgr:805 - Attr not supported : Dmpu
2025-01-25 21:53:29,282 [ERROR] ConditionMgr:805 - Attr not supported : Dmpu
2025-01-25 21:53:29,282 [ERROR] ConditionMgr:805 - Attr not supported : Dmpu
2025-01-25 21:53:29,282 [ERROR] ConditionMgr:805 - Attr not supported : Dmpu
2025-01-25 21:53:29,282 [ERROR] ConditionMgr:805 - Attr not supported : Dmpu
2025-01-25 21:53:29,282 [ERROR] ConditionMgr:805 - Attr not supported : Dmpu
2025-01-25 21:53:29,282 [ERROR] ConditionMgr:805 - Attr not supported : Dmpu
2025-01-25 21:53:29,282 [ERROR] ConditionMgr:805 - Attr not supported : Dmpu
2025-01-25 21:53:29,283 [ERROR] ConditionMgr:805 - Attr not supported : Dmpu
2025-01-25 21:53:29,283 [ERROR] ConditionMgr:805 - Attr not supported : Dmpu
2025-01-25 21:53:29,283 [ERROR] ConditionMgr:805 - Attr not supported : Dmpu
2025-01-25 21:53:29,283 [ERROR] ConditionMgr:805 - Attr not supported : Dmpu
2025-01-25 21:53:29,283 [ERROR] ConditionMgr:805 - Attr not supported : Dmpu
2025-01-25 21:53:29,284 [ERROR] ConditionMgr:805 - Attr not supported : Dmpu
2025-01-25 21:53:29,284 [ERROR] ConditionMgr:805 - Attr not supported : Dmpu
2025-01-25 21:53:29,284 [ERROR] ConditionMgr:805 - Attr not supported : Dmpu
2025-01-25 21:53:29,284 [ERROR] ConditionMgr:805 - Attr not supported : Dmpu
2025-01-25 21:53:29,284 [ERROR] ConditionMgr:805 - Attr not supported : Dmpu
2025-01-25 21:53:29,284 [ERROR] ConditionMgr:805 - Attr not supported : Dmpu
2025-01-25 21:53:29,285 [ERROR] ConditionMgr:805 - Attr not supported : Dmpu
2025-01-25 21:53:29,285 [ERROR] ConditionMgr:805 - Attr not supported : Dmpu
2025-01-25 21:53:29,285 [ERROR] ConditionMgr:805 - Attr not supported : Dmpu
2025-01-25 21:53:29,285 [ERROR] ConditionMgr:805 - Attr not supported : Dmpu
2025-01-25 21:53:29,285 [ERROR] ConditionMgr:805 - Attr not supported : Dmpu
2025-01-25 21:53:29,285 [ERROR] ConditionMgr:805 - Attr not supported : Dmpu
2025-01-25 21:53:29,285 [ERROR] ConditionMgr:805 - Attr not supported : Dmpu
2025-01-25 21:53:29,286 [ERROR] ConditionMgr:805 - Attr not supported : Dmpu
2025-01-25 21:53:29,286 [ERROR] ConditionMgr:805 - Attr not supported : Dmpu
2025-01-25 21:53:29,286 [ERROR] ConditionMgr:805 - Attr not supported : Dmpu
2025-01-25 21:53:29,286 [ERROR] ConditionMgr:805 - Attr not supported : Dmpu
2025-01-25 21:53:29,286 [ERROR] ConditionMgr:805 - Attr not supported : Dmpu
2025-01-25 21:53:29,286 [ERROR] ConditionMgr:805 - Attr not supported : Dmpu
2025-01-25 21:53:29,287 [ERROR] ConditionMgr:805 - Attr not supported : Dmpu
2025-01-25 21:53:29,293 [ERROR] Engine:466 - /home/poojaa/.stm32cubemx/thirdparties/pdsc/STMicroelectronics.X-CUBE-TCPP.4.2.0.pdsc: PDSC version is not supported
2025-01-25 21:53:29,300 [WARN] PackLoader:240 - Cannot read IP mode file for RealThread.X-CUBE-RT-Thread_Nano.4.1.1
2025-01-25 21:53:29,307 [WARN] PackLoader:240 - Cannot read IP mode file for wolfSSL.I-CUBE-wolfSSL.5.7.0
2025-01-25 21:53:29,313 [WARN] PackLoader:240 - Cannot read IP mode file for STMicroelectronics.FP-ATR-SIGFOX1.3.2.0
2025-01-25 21:53:29,319 [WARN] ConditionMgr:438 - getConditionDescription Invalid condition id : Cortex-A Device cause : null
2025-01-25 21:53:29,341 [WARN] ConditionMgr:1039 - genDependencies : Invalid condition id : Cortex-A Device cause : null
2025-01-25 21:53:29,341 [WARN] ConditionMgr:1039 - genDependencies : Invalid condition id : Cortex-A Device cause : null
2025-01-25 21:53:29,342 [WARN] ConditionMgr:1039 - genDependencies : Invalid condition id : Cortex-A Device cause : null
2025-01-25 21:53:29,353 [WARN] PackLoader:240 - Cannot read IP mode file for STMicroelectronics.X-CUBE-EEPRMA1.5.1.0
2025-01-25 21:53:29,369 [WARN] PackLoader:240 - Cannot read IP mode file for ITTIA_DB.I-CUBE-ITTIADB.8.9.0
2025-01-25 21:53:29,446 [WARN] PackLoader:240 - Cannot read IP mode file for SEGGER.I-CUBE-embOS.1.3.1
2025-01-25 21:53:29,541 [WARN] PackLoader:240 - Cannot read IP mode file for STMicroelectronics.X-CUBE-ALGOBUILD.1.4.0
2025-01-25 21:53:29,551 [WARN] PackLoader:240 - Cannot read IP mode file for STMicroelectronics.X-CUBE-GNSS1.6.0.0
2025-01-25 21:53:29,583 [WARN] PackLoader:240 - Cannot read IP mode file for STMicroelectronics.X-CUBE-AZRTOS-F4.1.1.0
2025-01-25 21:53:29,597 [WARN] PackLoader:240 - Cannot read IP mode file for STMicroelectronics.X-CUBE-ISPU.2.1.0
2025-01-25 21:53:29,606 [WARN] PackLoader:240 - Cannot read IP mode file for STMicroelectronics.X-CUBE-FREERTOS.1.2.0
2025-01-25 21:53:29,638 [WARN] PackLoader:240 - Cannot read IP mode file for STMicroelectronics.X-CUBE-AZRTOS-L5.2.0.0
2025-01-25 21:53:29,658 [WARN] PackLoader:240 - Cannot read IP mode file for STMicroelectronics.X-CUBE-NFC6.3.1.0
2025-01-25 21:53:29,672 [WARN] PackLoader:240 - Cannot read IP mode file for STMicroelectronics.X-CUBE-DPower.1.2.0
2025-01-25 21:53:29,679 [WARN] PackLoader:240 - Cannot read IP mode file for STMicroelectronics.X-CUBE-AI.9.0.0
2025-01-25 21:53:29,687 [WARN] PackLoader:240 - Cannot read IP mode file for STMicroelectronics.X-CUBE-FREERTOS.1.3.0
2025-01-25 21:53:29,696 [WARN] PackLoader:240 - Cannot read IP mode file for STMicroelectronics.X-CUBE-NFC7.1.0.1
2025-01-25 21:53:29,705 [WARN] PackLoader:240 - Cannot read IP mode file for wolfSSL.I-CUBE-wolfTPM.3.2.0
2025-01-25 21:53:29,741 [WARN] ConditionMgr:438 - getConditionDescription Invalid condition id : LAN8742 Phy interface Condition cause : null
2025-01-25 21:53:29,743 [WARN] PackLoader:240 - Cannot read IP mode file for STMicroelectronics.X-CUBE-AZRTOS-L4.2.0.0
2025-01-25 21:53:29,746 [WARN] ConditionMgr:1039 - genDependencies : Invalid condition id : LAN8742 Phy interface Condition cause : null
2025-01-25 21:53:29,746 [WARN] ConditionMgr:1039 - genDependencies : Invalid condition id : LAN8742 Phy interface Condition cause : null
2025-01-25 21:53:29,748 [WARN] ConditionMgr:1039 - genDependencies : Invalid condition id : LAN8742 Phy interface Condition cause : null
2025-01-25 21:53:29,763 [WARN] PackLoader:240 - Cannot read IP mode file for STMicroelectronics.X-CUBE-SFXS2LP1.4.0.0
2025-01-25 21:53:29,808 [WARN] PackLoader:240 - Cannot read IP mode file for STMicroelectronics.X-CUBE-AZRTOS-H7.3.3.0
2025-01-25 21:53:29,848 [WARN] PackLoader:240 - Cannot read IP mode file for STMicroelectronics.X-CUBE-IPS.3.0.0
2025-01-25 21:53:29,884 [WARN] ConditionMgr:438 - getConditionDescription Invalid condition id : UX DEVICE CLASS RTOS Condition cause : null
2025-01-25 21:53:29,885 [WARN] ConditionMgr:438 - getConditionDescription Invalid condition id : UX DEVICE CLASS RTOS Condition cause : null
2025-01-25 21:53:29,891 [WARN] PackLoader:240 - Cannot read IP mode file for STMicroelectronics.X-CUBE-AZRTOS-WB.2.0.0
2025-01-25 21:53:29,893 [WARN] ConditionMgr:1039 - genDependencies : Invalid condition id : UX DEVICE CLASS RTOS Condition cause : null
2025-01-25 21:53:29,893 [WARN] ConditionMgr:1039 - genDependencies : Invalid condition id : UX DEVICE CLASS RTOS Condition cause : null
2025-01-25 21:53:29,894 [WARN] ConditionMgr:1039 - genDependencies : Invalid condition id : UX DEVICE CLASS RTOS Condition cause : null
2025-01-25 21:53:29,895 [WARN] ConditionMgr:1039 - genDependencies : Invalid condition id : UX DEVICE CLASS RTOS Condition cause : null
2025-01-25 21:53:29,895 [WARN] ConditionMgr:1039 - genDependencies : Invalid condition id : UX DEVICE CLASS RTOS Condition cause : null
2025-01-25 21:53:29,907 [WARN] PackLoader:240 - Cannot read IP mode file for STMicroelectronics.X-CUBE-GNSS1.7.0.0
2025-01-25 21:53:29,919 [WARN] PackLoader:240 - Cannot read IP mode file for STMicroelectronics.X-CUBE-GNSS1.7.0.1
2025-01-25 21:53:29,932 [WARN] PackLoader:240 - Cannot read IP mode file for STMicroelectronics.FP-SNS-STBOX1.2.0.0
2025-01-25 21:53:29,954 [WARN] PackLoader:240 - Cannot read IP mode file for STMicroelectronics.X-CUBE-SUBG2.5.0.0
2025-01-25 21:53:29,970 [WARN] PackLoader:240 - Cannot read IP mode file for Cesanta.I-CUBE-Mongoose.7.13.0
2025-01-25 21:53:29,995 [WARN] PackLoader:240 - Cannot read IP mode file for STMicroelectronics.X-CUBE-AZRTOS-G4.2.0.0
2025-01-25 21:53:30,006 [WARN] PackLoader:240 - Cannot read IP mode file for STMicroelectronics.X-CUBE-ISPU.2.0.0
2025-01-25 21:53:30,015 [ERROR] Engine:466 - /home/poojaa/.stm32cubemx/thirdparties/pdsc/STMicroelectronics.X-CUBE-IPS.3.1.0.pdsc: PDSC version is not supported
2025-01-25 21:53:30,021 [WARN] PackLoader:240 - Cannot read IP mode file for STMicroelectronics.X-CUBE-ALS.1.0.2
2025-01-25 21:53:30,084 [WARN] PackLoader:240 - Cannot read IP mode file for STMicroelectronics.X-CUBE-MEMS1.10.0.0
2025-01-25 21:53:30,256 [WARN] PackLoader:240 - Cannot read IP mode file for STMicroelectronics.X-CUBE-TOUCHGFX.4.24.0
2025-01-25 21:53:30,260 [WARN] PackLoader:240 - Cannot read IP mode file for STMicroelectronics.X-CUBE-TOUCHGFX.4.24.2
2025-01-25 21:53:30,263 [WARN] PackLoader:240 - Cannot read IP mode file for STMicroelectronics.X-CUBE-TOUCHGFX.4.24.1
2025-01-25 21:53:30,269 [WARN] PackLoader:240 - Cannot read IP mode file for portGmbH.I-Cube-SoM-uGOAL.1.1.0
2025-01-25 21:53:30,293 [WARN] PackLoader:240 - Cannot read IP mode file for STMicroelectronics.X-CUBE-AZRTOS-H7RS.1.0.0
2025-01-25 21:53:30,303 [WARN] PackLoader:240 - Cannot read IP mode file for STMicroelectronics.FP-ATR-ASTRA1.2.0.0
2025-01-25 21:53:30,317 [WARN] PackLoader:240 - Cannot read IP mode file for STMicroelectronics.X-CUBE-TOF1.3.4.2
2025-01-25 21:53:30,353 [WARN] PackLoader:240 - Cannot read IP mode file for STMicroelectronics.X-CUBE-TOF1.3.4.1
2025-01-25 21:53:30,384 [WARN] PackLoader:240 - Cannot read IP mode file for STMicroelectronics.X-CUBE-AZRTOS-H7.3.2.0
2025-01-25 21:53:30,400 [WARN] PackLoader:240 - Cannot read IP mode file for Infineon.AIROC-Wi-Fi-Bluetooth-STM32.1.6.0
2025-01-25 21:53:30,406 [WARN] PackLoader:240 - Cannot read IP mode file for wolfSSL.I-CUBE-wolfSSH.1.4.17
2025-01-25 21:53:30,407 [INFO] ThirdParty:978 - Integrity check success = true
2025-01-25 21:53:30,408 [INFO] IntegrityCheckThread:100 - exiting critical section [integrity check]
2025-01-25 21:53:30,408 [INFO] IntegrityCheckThread:103 - End integrity checks thread
