2024-11-05 16:12:01,700 [INFO] Activator:176 - 


2024-11-05 16:12:01,705 [INFO] Activator:177 - !SESSION log4j initialized
2024-11-05 16:12:05,788 [INFO] LogOutputStream:77 - [STDOUT_REDIRECT] 
2024-11-05 16:12:07,654 [INFO] ApplicationProperties:184 - Using Application install path: /opt/st/stm32cubeide_1.15.1/plugins/com.st.stm32cube.common.mx_6.11.1.202404110753
2024-11-05 16:12:07,677 [INFO] DbMcusXml:78 - Set database path to: /opt/st/stm32cubeide_1.15.1/plugins/com.st.stm32cube.common.mx_6.11.1.202404110753//db//mcu/
2024-11-05 16:12:07,677 [INFO] ApiDb:274 - Set plugin database path to: /opt/st/stm32cubeide_1.15.1/plugins/com.st.stm32cube.common.mx_6.11.1.202404110753//db//plugins/boardmanager/
2024-11-05 16:12:07,678 [WARN] ApiDb:259 - Overriding images path with different value:  => /opt/st/stm32cubeide_1.15.1/plugins/com.st.stm32cube.common.mx_6.11.1.202404110753//db//plugins/mcufinder/images/
2024-11-05 16:12:07,683 [INFO] ApiDb:250 - Set database path to: /home/poojaa/.stmcufinder/plugins/mcufinder//mcu/
2024-11-05 16:12:07,684 [INFO] DbMcusAds:125 - Set database path to: /home/poojaa/.stmcufinder/plugins/mcufinder//mcu/
2024-11-05 16:12:07,686 [INFO] CrossReferenceDbSqlite:203 - Set database path to: /home/poojaa/.stmcufinder/plugins/mcufinder//mcu/cs/
2024-11-05 16:12:07,807 [INFO] RulesReader:64 - Compatibility file has been processed (297 Rules)
2024-11-05 16:12:07,884 [INFO] DbMcusXml:78 - Set database path to: /opt/st/stm32cubeide_1.15.1/plugins/com.st.stm32cube.common.mx_6.11.1.202404110753//db//mcu/
2024-11-05 16:12:07,884 [INFO] ApiDb:274 - Set plugin database path to: /opt/st/stm32cubeide_1.15.1/plugins/com.st.stm32cube.common.mx_6.11.1.202404110753//db//plugins/boardmanager/
2024-11-05 16:12:07,884 [INFO] ApiDb:261 - Set plugin images path to: /opt/st/stm32cubeide_1.15.1/plugins/com.st.stm32cube.common.mx_6.11.1.202404110753//db//plugins/mcufinder/images/
2024-11-05 16:12:07,885 [WARN] DbFile:41 - Overriding database path with different value: /home/poojaa/.stmcufinder/plugins/mcufinder/ => /home/poojaa/.stmcufinder/plugins/mcufinder
2024-11-05 16:12:07,885 [INFO] ApiDb:250 - Set database path to: /home/poojaa/.stmcufinder/plugins/mcufinder//mcu/
2024-11-05 16:12:07,885 [WARN] DbFile:41 - Overriding database path with different value: /home/poojaa/.stmcufinder/plugins/mcufinder/ => /home/poojaa/.stmcufinder/plugins/mcufinder
2024-11-05 16:12:07,885 [INFO] DbMcusAds:125 - Set database path to: /home/poojaa/.stmcufinder/plugins/mcufinder//mcu/
2024-11-05 16:12:07,885 [WARN] DbFile:41 - Overriding database path with different value: /home/poojaa/.stmcufinder/plugins/mcufinder/ => /home/poojaa/.stmcufinder/plugins/mcufinder
2024-11-05 16:12:07,885 [WARN] DbFile:41 - Overriding database path with different value: /home/poojaa/.stmcufinder/plugins/mcufinder/ => /home/poojaa/.stmcufinder/plugins/mcufinder
2024-11-05 16:12:07,886 [INFO] CrossReferenceDbSqlite:203 - Set database path to: /home/poojaa/.stmcufinder/plugins/mcufinder//mcu/cs/
2024-11-05 16:12:07,953 [INFO] MainPanel:264 - HeapMemory: 268435456
2024-11-05 16:12:08,028 [INFO] DbMcusXml:78 - Set database path to: /opt/st/stm32cubeide_1.15.1/plugins/com.st.stm32cube.common.mx_6.11.1.202404110753//db//mcu/
2024-11-05 16:12:08,029 [INFO] ApiDb:274 - Set plugin database path to: /opt/st/stm32cubeide_1.15.1/plugins/com.st.stm32cube.common.mx_6.11.1.202404110753//db//plugins/boardmanager/
2024-11-05 16:12:08,029 [INFO] ApiDb:261 - Set plugin images path to: /opt/st/stm32cubeide_1.15.1/plugins/com.st.stm32cube.common.mx_6.11.1.202404110753//db//plugins/mcufinder/images/
2024-11-05 16:12:08,029 [WARN] DbFile:41 - Overriding database path with different value: /home/poojaa/.stmcufinder/plugins/mcufinder/ => /home/poojaa/.stmcufinder/plugins/mcufinder
2024-11-05 16:12:08,029 [INFO] ApiDb:250 - Set database path to: /home/poojaa/.stmcufinder/plugins/mcufinder//mcu/
2024-11-05 16:12:08,029 [WARN] DbFile:41 - Overriding database path with different value: /home/poojaa/.stmcufinder/plugins/mcufinder/ => /home/poojaa/.stmcufinder/plugins/mcufinder
2024-11-05 16:12:08,029 [INFO] DbMcusAds:125 - Set database path to: /home/poojaa/.stmcufinder/plugins/mcufinder//mcu/
2024-11-05 16:12:08,029 [WARN] DbFile:41 - Overriding database path with different value: /home/poojaa/.stmcufinder/plugins/mcufinder/ => /home/poojaa/.stmcufinder/plugins/mcufinder
2024-11-05 16:12:08,029 [WARN] DbFile:41 - Overriding database path with different value: /home/poojaa/.stmcufinder/plugins/mcufinder/ => /home/poojaa/.stmcufinder/plugins/mcufinder
2024-11-05 16:12:08,030 [INFO] CrossReferenceDbSqlite:203 - Set database path to: /home/poojaa/.stmcufinder/plugins/mcufinder//mcu/cs/
2024-11-05 16:12:08,047 [INFO] ApplicationProperties:184 - Using Application install path: /opt/st/stm32cubeide_1.15.1/plugins/com.st.stm32cube.common.mx_6.11.1.202404110753
2024-11-05 16:12:08,048 [INFO] PluginManage:196 - Search for loadable plugins [exclusion list=, ]
2024-11-05 16:12:08,049 [INFO] PluginManage:310 - Check plugin analytics
2024-11-05 16:12:08,160 [INFO] AnalyticsPlugin:253 - Accepted Software Licenses: 
2024-11-05 16:12:08,160 [INFO] AnalyticsPlugin:255 - Accepted CMSIS Pack Licenses: 
2024-11-05 16:12:08,161 [INFO] AnalyticsPlugin:257 - Accepted Firmware Licenses: 
2024-11-05 16:12:08,162 [INFO] PluginManage:359 - Loaded plugin analytics (category:tool,tabindex:-1)
2024-11-05 16:12:08,162 [INFO] PluginManage:310 - Check plugin cadmodel
2024-11-05 16:12:08,191 [INFO] CADModel:105 - Init CAD model plugin
2024-11-05 16:12:08,191 [INFO] PluginManage:359 - Loaded plugin cadmodel (category:power,tabindex:5)
2024-11-05 16:12:08,192 [INFO] PluginManage:310 - Check plugin clock
2024-11-05 16:12:08,206 [INFO] PluginManage:359 - Loaded plugin clock (category:base,tabindex:2)
2024-11-05 16:12:08,206 [INFO] PluginManage:310 - Check plugin ddr
2024-11-05 16:12:08,209 [INFO] PluginManage:359 - Loaded plugin ddr (category:tool,tabindex:6)
2024-11-05 16:12:08,209 [INFO] PluginManage:310 - Check plugin filemanager
2024-11-05 16:12:08,323 [INFO] PluginManage:359 - Loaded plugin filemanager (category:base,tabindex:10)
2024-11-05 16:12:08,323 [INFO] PluginManage:310 - Check plugin ipmanager
2024-11-05 16:12:08,327 [INFO] PluginManage:359 - Loaded plugin ipmanager (category:base,tabindex:5)
2024-11-05 16:12:08,327 [INFO] PluginManage:310 - Check plugin lpbam
2024-11-05 16:12:08,334 [INFO] PluginManage:359 - Loaded plugin lpbam (category:base,tabindex:0)
2024-11-05 16:12:08,334 [INFO] PluginManage:310 - Check plugin memorymap
2024-11-05 16:12:08,347 [INFO] PluginManage:359 - Loaded plugin memorymap (category:base,tabindex:4)
2024-11-05 16:12:08,347 [INFO] PluginManage:310 - Check plugin pinoutandconfiguration
2024-11-05 16:12:08,354 [INFO] PluginManage:359 - Loaded plugin pinoutandconfiguration (category:base,tabindex:1)
2024-11-05 16:12:08,355 [INFO] PluginManage:310 - Check plugin pinoutconfig
2024-11-05 16:12:08,413 [WARN] SupportedApi:132 - Cannot load RTOS API schema: s4s-elt-must-match.1: The content of 'definitions' must match (annotation?, (simpleType | complexType)?, (unique | key | keyref)*)). A problem was found starting at: attribute.
2024-11-05 16:12:08,518 [INFO] PluginManage:359 - Loaded plugin pinoutconfig (category:base,tabindex:0)
2024-11-05 16:12:08,518 [INFO] PluginManage:310 - Check plugin power
2024-11-05 16:12:08,524 [INFO] PluginManage:359 - Loaded plugin power (category:power,tabindex:4)
2024-11-05 16:12:08,524 [INFO] PluginManage:310 - Check plugin projectmanager
2024-11-05 16:12:08,534 [INFO] PluginManage:359 - Loaded plugin projectmanager (category:projectmanager,tabindex:3)
2024-11-05 16:12:08,534 [INFO] PluginManage:310 - Check plugin thirdparty
2024-11-05 16:12:08,630 [INFO] PluginManage:359 - Loaded plugin thirdparty (category:base,tabindex:-1)
2024-11-05 16:12:08,630 [WARN] IntegrityCheckThread:84 - waiting for thirdparty lock release [integrity check]
2024-11-05 16:12:08,630 [INFO] IntegrityCheckThread:86 - entering critical section [integrity check]
2024-11-05 16:12:08,630 [INFO] PluginManage:310 - Check plugin tools
2024-11-05 16:12:08,631 [INFO] ThirdPartyUpdaterWithRetryManager:70 - Updater plugin not ready yet. [1/15]
2024-11-05 16:12:08,633 [INFO] PluginManage:359 - Loaded plugin tools (category:base,tabindex:7)
2024-11-05 16:12:08,634 [INFO] PluginManage:310 - Check plugin tutovideos
2024-11-05 16:12:08,763 [INFO] PluginManage:359 - Loaded plugin tutovideos (category:base,tabindex:-1)
2024-11-05 16:12:08,763 [INFO] PluginManage:310 - Check plugin updater
2024-11-05 16:12:08,773 [INFO] PluginManage:359 - Loaded plugin updater (category:base,tabindex:12)
2024-11-05 16:12:08,773 [INFO] PluginManage:310 - Check plugin userauth
2024-11-05 16:12:08,778 [INFO] UserAuth:114 - Init User Auth plugin
2024-11-05 16:12:08,778 [INFO] PluginManage:359 - Loaded plugin userauth (category:base,tabindex:14)
2024-11-05 16:12:08,778 [INFO] PluginManage:283 - PluginManage : Loaded plugins [17]
2024-11-05 16:12:08,943 [INFO] PinOutPanel:1561 - setPackage(No Configuration,No Configuration)
2024-11-05 16:12:08,994 [INFO] CADModel:165 - CPN selected for project level
2024-11-05 16:12:08,994 [INFO] CADModel:114 - Register for checkConnection events
2024-11-05 16:12:09,012 [INFO] IPUIPlugin:80 - create IPUIPlugin
2024-11-05 16:12:09,012 [INFO] PluginManager:220 - loadIPPluginJar : add adc
2024-11-05 16:12:09,015 [INFO] IPUIPlugin:80 - create IPUIPlugin
2024-11-05 16:12:09,015 [INFO] PluginManager:220 - loadIPPluginJar : add dma3
2024-11-05 16:12:09,018 [INFO] IPUIPlugin:80 - create IPUIPlugin
2024-11-05 16:12:09,018 [INFO] PluginManager:220 - loadIPPluginJar : add opamp
2024-11-05 16:12:09,021 [INFO] IPUIPlugin:80 - create IPUIPlugin
2024-11-05 16:12:09,021 [INFO] PluginManager:220 - loadIPPluginJar : add pdm2pcm
2024-11-05 16:12:09,023 [INFO] IPUIPlugin:80 - create IPUIPlugin
2024-11-05 16:12:09,024 [INFO] PluginManager:220 - loadIPPluginJar : add i2c
2024-11-05 16:12:09,025 [INFO] IPUIPlugin:80 - create IPUIPlugin
2024-11-05 16:12:09,025 [INFO] PluginManager:220 - loadIPPluginJar : add i2s
2024-11-05 16:12:09,027 [INFO] IPUIPlugin:80 - create IPUIPlugin
2024-11-05 16:12:09,027 [INFO] PluginManager:220 - loadIPPluginJar : add gfxmmu
2024-11-05 16:12:09,028 [INFO] IPUIPlugin:80 - create IPUIPlugin
2024-11-05 16:12:09,028 [INFO] PluginManager:220 - loadIPPluginJar : add quadspi
2024-11-05 16:12:09,034 [INFO] IPUIPlugin:80 - create IPUIPlugin
2024-11-05 16:12:09,034 [INFO] PluginManager:220 - loadIPPluginJar : add mdma
2024-11-05 16:12:09,037 [INFO] IPUIPlugin:80 - create IPUIPlugin
2024-11-05 16:12:09,037 [INFO] PluginManager:220 - loadIPPluginJar : add nvic
2024-11-05 16:12:09,041 [INFO] IPUIPlugin:80 - create IPUIPlugin
2024-11-05 16:12:09,041 [INFO] PluginManager:220 - loadIPPluginJar : add dma
2024-11-05 16:12:09,043 [INFO] IPUIPlugin:80 - create IPUIPlugin
2024-11-05 16:12:09,043 [INFO] PluginManager:220 - loadIPPluginJar : add aes
2024-11-05 16:12:09,046 [INFO] IPUIPlugin:80 - create IPUIPlugin
2024-11-05 16:12:09,046 [INFO] PluginManager:220 - loadIPPluginJar : add stm32_wpan
2024-11-05 16:12:09,048 [INFO] IPUIPlugin:80 - create IPUIPlugin
2024-11-05 16:12:09,048 [INFO] PluginManager:220 - loadIPPluginJar : add usart
2024-11-05 16:12:09,050 [INFO] IPUIPlugin:80 - create IPUIPlugin
2024-11-05 16:12:09,050 [INFO] PluginManager:220 - loadIPPluginJar : add genericplugin
2024-11-05 16:12:09,053 [INFO] IPUIPlugin:80 - create IPUIPlugin
2024-11-05 16:12:09,053 [INFO] PluginManager:220 - loadIPPluginJar : add openamp
2024-11-05 16:12:09,057 [INFO] IPUIPlugin:80 - create IPUIPlugin
2024-11-05 16:12:09,057 [INFO] PluginManager:220 - loadIPPluginJar : add ipddr
2024-11-05 16:12:09,060 [INFO] IPUIPlugin:80 - create IPUIPlugin
2024-11-05 16:12:09,061 [INFO] PluginManager:220 - loadIPPluginJar : add lorawan
2024-11-05 16:12:09,063 [INFO] IPUIPlugin:80 - create IPUIPlugin
2024-11-05 16:12:09,063 [INFO] PluginManager:220 - loadIPPluginJar : add gtzc
2024-11-05 16:12:09,076 [INFO] IPUIPlugin:80 - create IPUIPlugin
2024-11-05 16:12:09,076 [INFO] PluginManager:220 - loadIPPluginJar : add can
2024-11-05 16:12:09,078 [INFO] IPUIPlugin:80 - create IPUIPlugin
2024-11-05 16:12:09,078 [INFO] PluginManager:220 - loadIPPluginJar : add fatfs
2024-11-05 16:12:09,084 [INFO] IPUIPlugin:80 - create IPUIPlugin
2024-11-05 16:12:09,085 [INFO] PluginManager:220 - loadIPPluginJar : add gpio
2024-11-05 16:12:09,088 [INFO] IPUIPlugin:80 - create IPUIPlugin
2024-11-05 16:12:09,088 [INFO] PluginManager:220 - loadIPPluginJar : add ts
2024-11-05 16:12:09,090 [INFO] IPUIPlugin:80 - create IPUIPlugin
2024-11-05 16:12:09,091 [INFO] PluginManager:220 - loadIPPluginJar : add dfsdm
2024-11-05 16:12:09,096 [INFO] IPUIPlugin:80 - create IPUIPlugin
2024-11-05 16:12:09,097 [INFO] PluginManager:220 - loadIPPluginJar : add gic
2024-11-05 16:12:09,107 [INFO] IPUIPlugin:80 - create IPUIPlugin
2024-11-05 16:12:09,107 [INFO] PluginManager:220 - loadIPPluginJar : add linkedlist
2024-11-05 16:12:09,134 [INFO] IPUIPlugin:80 - create IPUIPlugin
2024-11-05 16:12:09,134 [INFO] PluginManager:220 - loadIPPluginJar : add tim
2024-11-05 16:12:09,145 [INFO] IPUIPlugin:80 - create IPUIPlugin
2024-11-05 16:12:09,145 [INFO] PluginManager:220 - loadIPPluginJar : add tracer_emb
2024-11-05 16:12:09,149 [INFO] IPUIPlugin:80 - create IPUIPlugin
2024-11-05 16:12:09,149 [INFO] PluginManager:220 - loadIPPluginJar : add extmemmanager
2024-11-05 16:12:09,153 [INFO] IPUIPlugin:80 - create IPUIPlugin
2024-11-05 16:12:09,153 [INFO] PluginManager:220 - loadIPPluginJar : add spi
2024-11-05 16:12:09,155 [INFO] IPUIPlugin:80 - create IPUIPlugin
2024-11-05 16:12:09,155 [INFO] PluginManager:220 - loadIPPluginJar : add comp
2024-11-05 16:12:09,158 [INFO] IPUIPlugin:80 - create IPUIPlugin
2024-11-05 16:12:09,158 [INFO] PluginManager:220 - loadIPPluginJar : add sai
2024-11-05 16:12:09,161 [INFO] IPUIPlugin:80 - create IPUIPlugin
2024-11-05 16:12:09,161 [INFO] PluginManager:220 - loadIPPluginJar : add ucpd
2024-11-05 16:12:09,163 [INFO] IPUIPlugin:80 - create IPUIPlugin
2024-11-05 16:12:09,163 [INFO] PluginManager:220 - loadIPPluginJar : add ltdc
2024-11-05 16:12:09,168 [INFO] IPUIPlugin:80 - create IPUIPlugin
2024-11-05 16:12:09,168 [INFO] PluginManager:220 - loadIPPluginJar : add touchsensing
2024-11-05 16:12:09,177 [INFO] IPUIPlugin:80 - create IPUIPlugin
2024-11-05 16:12:09,179 [INFO] PluginManager:220 - loadIPPluginJar : add plateformsettings
2024-11-05 16:12:09,183 [INFO] IPUIPlugin:80 - create IPUIPlugin
2024-11-05 16:12:09,183 [INFO] PluginManager:220 - loadIPPluginJar : add resmgrutility
2024-11-05 16:12:09,185 [INFO] IPUIPlugin:80 - create IPUIPlugin
2024-11-05 16:12:09,185 [INFO] PluginManager:220 - loadIPPluginJar : add cryp
2024-11-05 16:12:09,189 [INFO] IPUIPlugin:80 - create IPUIPlugin
2024-11-05 16:12:09,189 [INFO] PluginManager:220 - loadIPPluginJar : add fmc
2024-11-05 16:12:09,190 [INFO] IPUIPlugin:80 - create IPUIPlugin
2024-11-05 16:12:09,190 [INFO] PluginManager:220 - loadIPPluginJar : add tsc
2024-11-05 16:12:09,192 [INFO] IPUIPlugin:80 - create IPUIPlugin
2024-11-05 16:12:09,192 [INFO] PluginManager:220 - loadIPPluginJar : add hash
2024-11-05 16:12:09,197 [INFO] IPUIPlugin:80 - create IPUIPlugin
2024-11-05 16:12:09,197 [INFO] PluginManager:220 - loadIPPluginJar : add freertos
2024-11-05 16:12:09,200 [INFO] IPUIPlugin:80 - create IPUIPlugin
2024-11-05 16:12:09,200 [INFO] PluginManager:220 - loadIPPluginJar : add usbx
2024-11-05 16:12:09,202 [INFO] IPUIPlugin:80 - create IPUIPlugin
2024-11-05 16:12:09,202 [INFO] PluginManager:220 - loadIPPluginJar : add i3c
2024-11-05 16:12:09,311 [INFO] CADModel:165 - CPN selected for project level
2024-11-05 16:12:09,311 [INFO] CADModel:114 - Register for checkConnection events
2024-11-05 16:12:09,311 [FATAL] Updater:308 - Updater called before beeing initialized
2024-11-05 16:12:09,312 [ERROR] CADModel:125 - Updater not yet initialized, retry later 
2024-11-05 16:12:09,447 [INFO] CADModel:165 - CPN selected for project level
2024-11-05 16:12:09,447 [INFO] CADModel:114 - Register for checkConnection events
2024-11-05 16:12:09,448 [FATAL] Updater:308 - Updater called before beeing initialized
2024-11-05 16:12:09,448 [ERROR] CADModel:125 - Updater not yet initialized, retry later 
2024-11-05 16:12:09,452 [FATAL] Updater:308 - Updater called before beeing initialized
2024-11-05 16:12:09,540 [FATAL] Updater:308 - Updater called before beeing initialized
2024-11-05 16:12:09,545 [INFO] DbMcusAds:53 - JSON generation date=Fri Sep 20 18:34:38 IST 2024 (1726837478367)
2024-11-05 16:12:09,545 [FATAL] Updater:308 - Updater called before beeing initialized
2024-11-05 16:12:09,591 [WARN] DetailPanel:346 - Failed to get advertising image, set to default
2024-11-05 16:12:09,702 [FATAL] Updater:308 - Updater called before beeing initialized
2024-11-05 16:12:09,704 [FATAL] Updater:308 - Updater called before beeing initialized
2024-11-05 16:12:09,704 [FATAL] Updater:308 - Updater called before beeing initialized
2024-11-05 16:12:09,705 [WARN] DetailPanel:346 - Failed to get advertising image, set to default
2024-11-05 16:12:09,705 [FATAL] Updater:308 - Updater called before beeing initialized
2024-11-05 16:12:09,743 [ERROR] Updater:1120 - MainUpdater not yet initialized. External WinMGr cannot be set.
