2025-01-17 16:27:12,989 [INFO] McuFinderGlobals:63 - Set McuFinder mode to 2 (CubeIDE integrated)
2025-01-17 16:27:13,155 [INFO] MainUpdater:2873 - connection check result : 10
2025-01-17 16:27:13,165 [INFO] McuFinderGlobals:76 - Set McuFinderConnectedMode to true
2025-01-17 16:27:13,752 [INFO] ServerAccessManage:473 - Download File mcusAds.json._tmp_
2025-01-17 16:27:13,860 [INFO] LoadUrlFilesThread:156 - End of LoadUrlFiles Thread
2025-01-17 16:27:14,095 [INFO] ServerAccessManage:473 - Download File cube-finder-db.zip
2025-01-17 16:27:19,631 [INFO] FileExtend:240 - Unzip File : cube-finder-db.zip
2025-01-17 16:27:19,631 [INFO] FileExtend:255 - Standard Zip Deflate
2025-01-17 16:27:20,166 [INFO] LoadUrlFilesThread:156 - End of LoadUrlFiles Thread
2025-01-17 16:27:23,667 [INFO] ServerAccessManage:473 - Download File crdb.zip
2025-01-17 16:27:26,204 [INFO] FileExtend:240 - Unzip File : crdb.zip
2025-01-17 16:27:26,204 [INFO] FileExtend:255 - Standard Zip Deflate
2025-01-17 16:27:26,340 [INFO] LoadUrlFilesThread:156 - End of LoadUrlFiles Thread
2025-01-17 16:27:26,620 [INFO] ServerAccessManage:473 - Download File tutoVideoDB.zip
2025-01-17 16:27:26,670 [INFO] FileExtend:240 - Unzip File : tutoVideoDB.zip
2025-01-17 16:27:26,670 [INFO] FileExtend:255 - Standard Zip Deflate
2025-01-17 16:27:26,781 [INFO] LoadUrlFilesThread:156 - End of LoadUrlFiles Thread
2025-01-17 16:27:26,785 [WARN] DbFile:41 - Overriding database path with different value: /home/poojaa/.stmcufinder/plugins/mcufinder/ => /home/poojaa/.stmcufinder/plugins/mcufinder
2025-01-17 16:27:26,920 [INFO] ServerAccessManage:473 - Download File api_config.json
2025-01-17 16:27:27,025 [INFO] LoadUrlFilesThread:156 - End of LoadUrlFiles Thread
2025-01-17 16:27:27,027 [INFO] DbMcusAds:53 - JSON generation date=Tue Dec 17 21:31:15 IST 2024 (1734451275143)
2025-01-17 16:27:27,137 [INFO] ServerAccessManage:473 - Download File 
2025-01-17 16:27:27,166 [INFO] LoadUrlFilesThread:185 - End of LoadServerUrlFiles without Thread
2025-01-17 16:27:27,167 [INFO] TargetSelectorAdapter:259 - Refresh data is successful
2025-01-17 16:27:27,241 [INFO] ApiDb:581 - Connected to CubeFinder SQLite database (/home/poojaa/.stmcufinder/plugins/mcufinder/mcu/cube-finder-db.db)
2025-01-17 16:27:27,268 [INFO] ApiDb:668 - CubeFinder database Data Model version=2.1
2025-01-17 16:27:27,268 [INFO] ApiDb:669 - CubeFinder database Configuration version=3.0.39
2025-01-17 16:27:27,269 [INFO] ApiDb:670 - CubeFinder database generation date=2024-12-10 (1733817889)
2025-01-17 16:27:27,269 [INFO] ApiDb:671 - CubeFinder database FW Pack versions=[FP-ATR-ASTRA1_V2.0.0, FP-SNS-FLIGHT1_V5.0.2, FP-SNS-MOTENV1_V5.0.0, FP-SNS-MOTENVWB1_V1.4.0, FP-SNS-SMARTAG2_V1.2.0, FP-SNS-STBOX1_V2.0.0, STM32Cube_FW_C0_V1.3.0, STM32Cube_FW_F4_V1.28.1, STM32Cube_FW_F7_V1.17.2, STM32Cube_FW_G0_V1.6.2, STM32Cube_FW_G4_V1.6.1, STM32Cube_FW_H5_V1.4.0, STM32Cube_FW_H7RS_V1.1.0, STM32Cube_FW_H7_V1.12.0, STM32Cube_FW_L0_V1.12.2, STM32Cube_FW_L4_V1.18.1, STM32Cube_FW_L5_V1.5.1, STM32Cube_FW_N6_V1.0.0, STM32Cube_FW_U0_V1.2.0, STM32Cube_FW_U3_V1.0.0, STM32Cube_FW_U5_V1.7.0, STM32Cube_FW_WB0_V1.1.0, STM32Cube_FW_WBA_V1.5.0, STM32Cube_FW_WB_V1.21.0, STM32Cube_FW_WL3_V1.0.0, STM32Cube_FW_WL_V1.3.0, X-CUBE-ALGOBUILD_V1.4.0, X-CUBE-ALS_V1.0.2, X-CUBE-AZRTOS-F4_V1.1.0, X-CUBE-AZRTOS-F7_V1.1.0, X-CUBE-AZRTOS-G0_V1.1.0, X-CUBE-AZRTOS-G4_V2.0.0, X-CUBE-AZRTOS-H7RS_V1.0.0, X-CUBE-AZRTOS-H7_V3.3.0, X-CUBE-AZRTOS-L4_V2.0.0, X-CUBE-AZRTOS-L5_V2.0.0, X-CUBE-AZRTOS-WB_V2.0.0, X-CUBE-AZRTOS-WL_V2.0.0, X-CUBE-BLE1_V7.0.0, X-CUBE-BLE2_V3.3.0, X-CUBE-BLEMGR_V3.1.0, X-CUBE-EEPRMA1_V5.1.0, X-CUBE-FREERTOS_V1.2.0, X-CUBE-GNSS1_V6.0.0, X-CUBE-MEMS1_V11.0.0, X-CUBE-NFC4_V3.0.0, X-CUBE-NFC7_V1.0.1, X-CUBE-SFXS2LP1_V4.0.0, X-CUBE-SUBG2_V5.0.0, X-CUBE-TOF1_V3.4.2]
2025-01-17 16:27:28,447 [INFO] ApiDb:240 - Found 483 in-development CPN: [B-G473E-ZEST1S, B-WB1M-WPAN1, B-WL5M-SUBG1, NUCLEO-C031C6, NUCLEO-H503RB, NUCLEO-H533RE, NUCLEO-H563ZI, NUCLEO-H7S3L8, NUCLEO-U031R8, NUCLEO-U083RC, NUCLEO-U545RE-Q, NUCLEO-U5A5ZJ-Q, NUCLEO-WBA52CG, NUCLEO-WBA55CG, STEVAL-PROTEUS1, STEVAL-SMARTAG2, STEVAL-STWINBX1, STM320518-EVAL, STM32C0116-DK, STM32C011D6Y3TR, STM32C011D6Y6TR, STM32C011F4P3, STM32C011F4P6, STM32C011F4U3, STM32C011F4U6TR, STM32C011F6P3, STM32C011F6P6, STM32C011F6U3, STM32C011F6U6TR, STM32C011J4M3, STM32C011J4M6, STM32C011J6M3, STM32C011J6M6, STM32C0316-DK, STM32C031C4T3, STM32C031C4T6, STM32C031C4U3, STM32C031C4U6, STM32C031C6T3, STM32C031C6T6, STM32C031C6U3, STM32C031C6U6, STM32C031F4P3, STM32C031F4P6, STM32C031F6P3, STM32C031F6P6, STM32C031G4U3, STM32C031G4U6, STM32C031G6U3, STM32C031G6U6, STM32C031K4T3, STM32C031K4T6, STM32C031K4U3, STM32C031K4U6, STM32C031K6T3, STM32C031K6T6, STM32C031K6U3, STM32C031K6U6, STM32G071K8TXN, STM32G071K8UXN, STM32G081GBU6N, STM32G081KBT6N, STM32G081KBUXN, STM32G0B1CCT6N, STM32G0B1KCT6, STM32G0B1NEY6TR, STM32G0B1RCT6N, STM32G0C1CCT6, STM32G0C1CCT6N, STM32G0C1CCU6N, STM32G0C1CET6N, STM32G0C1CEU6N, STM32G0C1KCT6, STM32G0C1NEY6TR, STM32G0C1RCI6N, STM32G0C1RCT6N, STM32G0C1REI6N, STM32G0C1RET6N, STM32G0C1VCI6, STM32G0C1VEI6, STM32G471CCT6, STM32G471CCU6, STM32G471CET3, STM32G471CET6, STM32G471CEU3, STM32G471CEU6, STM32G471MCT6, STM32G471MET3, STM32G471MET6, STM32G471MEY6TR, STM32G471QCT6, STM32G471QET3, STM32G471RCT6, STM32G471RET3, STM32G471RET6, STM32G471VCH6, STM32G471VCI6, STM32G471VCT6, STM32G471VEH3, STM32G471VEH6, STM32G471VEI3, STM32G471VEI6, STM32G471VET3, STM32G471VET6, STM32G474CCT6, STM32H503CBT6, STM32H503CBU6, STM32H503EBY6TR, STM32H503KBU6, STM32H503RBT6, STM32H523CCT6, STM32H523CCU6, STM32H523CET6, STM32H523CEU6, STM32H523HEY6TR, STM32H523RCT6, STM32H523RET6, STM32H523VCI6, STM32H523VCT6, STM32H523VEI6, STM32H523VET6, STM32H523ZCJ6, STM32H523ZCT6, STM32H523ZEJ6, STM32H523ZET6, STM32H533CET6, STM32H533CEU6, STM32H533HEY6TR, STM32H533RET6, STM32H533VEI6, STM32H533VET6, STM32H533ZEJ6, STM32H533ZET6, STM32H562AGI6, STM32H562AII6, STM32H562IGK6, STM32H562IGT6, STM32H562IIK6, STM32H562IIT6, STM32H562RGT6, STM32H562RGV6, STM32H562RIT6, STM32H562RIV6, STM32H562VGT6, STM32H562VIT6, STM32H562ZGT6, STM32H562ZIT6, STM32H563AGI6, STM32H563AII3Q, STM32H563AII6, STM32H563IGK6, STM32H563IGT6, STM32H563IIK3Q, STM32H563IIK6, STM32H563IIT3Q, STM32H563IIT6, STM32H563MIY3QTR, STM32H563RGT6, STM32H563RGV6, STM32H563RIT6, STM32H563RIV6, STM32H563VGT6, STM32H563VIT3Q, STM32H563VIT6, STM32H563ZGT6, STM32H563ZIT3Q, STM32H563ZIT6, STM32H573AII3Q, STM32H573AII6, STM32H573I-DK, STM32H573IIK3Q, STM32H573IIK6, STM32H573IIT3Q, STM32H573IIT6, STM32H573MIY3QTR, STM32H573RIT6, STM32H573RIV6, STM32H573VIT3Q, STM32H573VIT6, STM32H573ZIT3Q, STM32H573ZIT6, STM32H7R3A8I6, STM32H7R3I8K6, STM32H7R3I8T6, STM32H7R3L8H6, STM32H7R3L8H6H, STM32H7R3R8V6, STM32H7R3V8H6, STM32H7R3V8T6, STM32H7R3V8Y6, STM32H7R3Z8J6, STM32H7R3Z8T6, STM32H7R7A8I6, STM32H7R7I8K6, STM32H7R7I8T6, STM32H7R7L8H6, STM32H7R7L8H6H, STM32H7R7Z8J6, STM32H7S3A8I6, STM32H7S3I8K6, STM32H7S3I8T6, STM32H7S3L8H6, STM32H7S3L8H6H, STM32H7S3R8V6, STM32H7S3V8H6, STM32H7S3V8T6, STM32H7S3V8Y6, STM32H7S3Z8J6, STM32H7S3Z8T6, STM32H7S78-DK, STM32H7S7A8I6, STM32H7S7I8K6, STM32H7S7I8T6, STM32H7S7L8H6, STM32H7S7L8H6H, STM32H7S7Z8J6, STM32L4R5QGI6STR, STM32MP131AAE3, STM32MP131AAF3, STM32MP131AAG3, STM32MP131CAE3, STM32MP131CAF3, STM32MP131CAG3, STM32MP131DAE7, STM32MP131DAF7, STM32MP131DAG7, STM32MP131FAE7, STM32MP131FAF7, STM32MP131FAG7, STM32MP133AAE3, STM32MP133AAF3, STM32MP133AAG3, STM32MP133CAE3, STM32MP133CAF3, STM32MP133CAG3, STM32MP133DAE7, STM32MP133DAF7, STM32MP133DAG7, STM32MP133FAE7, STM32MP133FAF7, STM32MP133FAG7, STM32MP135AAE3, STM32MP135AAF3, STM32MP135AAG3, STM32MP135CAE3, STM32MP135CAF3, STM32MP135CAG3, STM32MP135DAE7, STM32MP135DAF7, STM32MP135DAG7, STM32MP135F-DK, STM32MP135FAE7, STM32MP135FAF7, STM32MP135FAF7T, STM32MP135FAF7U, STM32MP135FAG7, STM32U031C6T6, STM32U031C6U6, STM32U031C8T6, STM32U031C8U6, STM32U031F4P6, STM32U031F6P6, STM32U031F8P6, STM32U031G6Y6TR, STM32U031G8Y6TR, STM32U031K4U6, STM32U031K6U6, STM32U031K8U6, STM32U031R6I6, STM32U031R6T6, STM32U031R8I6, STM32U031R8T6, STM32U073C8T6, STM32U073C8U6, STM32U073CBT6, STM32U073CBU6, STM32U073CCT6, STM32U073CCU6, STM32U073H8Y6TR, STM32U073HBY6TR, STM32U073HCY6TR, STM32U073K8U6, STM32U073KBU6, STM32U073KCU6, STM32U073M8I6, STM32U073M8T6, STM32U073MBI6, STM32U073MBT6, STM32U073MCI6, STM32U073MCT6, STM32U073R8I6, STM32U073R8T6, STM32U073RBI6, STM32U073RBT6, STM32U073RCI6, STM32U073RCT6, STM32U083C-DK, STM32U083CCT6, STM32U083CCU6, STM32U083HCY6TR, STM32U083KCU6, STM32U083MCI6, STM32U083MCT6, STM32U083RCI6, STM32U083RCT6, STM32U535CBT6, STM32U535CBT6Q, STM32U535CBU6, STM32U535CBU6Q, STM32U535CCT6, STM32U535CCT6Q, STM32U535CCU6, STM32U535CCU6Q, STM32U535CET6, STM32U535CET6Q, STM32U535CEU6, STM32U535CEU6Q, STM32U535JEY6QTR, STM32U535NCY6QTR, STM32U535NEY6QTR, STM32U535RBI6, STM32U535RBI6Q, STM32U535RBT6, STM32U535RBT6Q, STM32U535RCI6, STM32U535RCI6Q, STM32U535RCT6, STM32U535RCT6Q, STM32U535REI6, STM32U535REI6Q, STM32U535RET6, STM32U535RET6Q, STM32U535VCI6, STM32U535VCI6Q, STM32U535VCT6, STM32U535VCT6Q, STM32U535VEI6, STM32U535VEI6Q, STM32U535VET6, STM32U535VET6Q, STM32U545CET6, STM32U545CET6Q, STM32U545CEU6, STM32U545CEU6Q, STM32U545JEY6QTR, STM32U545NEY6QTR, STM32U545REI6, STM32U545REI6Q, STM32U545RET6, STM32U545RET6Q, STM32U545VEI6, STM32U545VEI6Q, STM32U545VET6, STM32U545VET6Q, STM32U595AIH6, STM32U595AIH6Q, STM32U595AJH6, STM32U595AJH6Q, STM32U595QII6, STM32U595QII6Q, STM32U595QJI6, STM32U595QJI6Q, STM32U595RIT6, STM32U595RIT6Q, STM32U595RJT6, STM32U595RJT6Q, STM32U595VIT6, STM32U595VIT6Q, STM32U595VJT6, STM32U595VJT6Q, STM32U595ZIT6, STM32U595ZIT6Q, STM32U595ZIY6QTR, STM32U595ZJT6, STM32U595ZJT6Q, STM32U595ZJY6QTR, STM32U599BJY6QTR, STM32U599NIH6Q, STM32U599NJH6Q, STM32U599VIT6Q, STM32U599VJT6, STM32U599VJT6Q, STM32U599ZIT6Q, STM32U599ZIY6QTR, STM32U599ZJT6Q, STM32U599ZJY6QTR, STM32U5A5AJH6, STM32U5A5AJH6Q, STM32U5A5QII3Q , STM32U5A5QJI6, STM32U5A5QJI6Q, STM32U5A5RJT6, STM32U5A5RJT6Q, STM32U5A5VJT6, STM32U5A5VJT6Q, STM32U5A5ZJT6, STM32U5A5ZJT6Q, STM32U5A5ZJY6QTR, STM32U5A9BJY6QTR, STM32U5A9J-DK, STM32U5A9NJH6Q, STM32U5A9VJT6Q, STM32U5A9ZJT6Q, STM32U5A9ZJY6QTR, STM32U5F7VIT6, STM32U5F7VIT6Q, STM32U5F7VJT6, STM32U5F7VJT6Q, STM32U5F9BJY6QTR, STM32U5F9NJH6Q, STM32U5F9VIT6Q, STM32U5F9VJT6Q, STM32U5F9ZIJ6QTR, STM32U5F9ZIT6Q, STM32U5F9ZJJ6QTR, STM32U5F9ZJT6Q, STM32U5G7VJT6, STM32U5G7VJT6Q, STM32U5G9BJY6QTR, STM32U5G9J-DK1, STM32U5G9J-DK2, STM32U5G9NJH6Q, STM32U5G9VJT6Q, STM32U5G9ZJJ6QTR, STM32U5G9ZJT6Q, STM32WB1MMCH6, STM32WBA50KEU6, STM32WBA50KEU6TR, STM32WBA50KGU6, STM32WBA50KGU6TR, STM32WBA52CEU6, STM32WBA52CEU6TR, STM32WBA52CEU7, STM32WBA52CEU7TR, STM32WBA52CGU6, STM32WBA52CGU6TR, STM32WBA52CGU6U, STM32WBA52CGU7, STM32WBA52CGU7TR, STM32WBA52KEU6, STM32WBA52KEU6TR, STM32WBA52KGU6, STM32WBA52KGU6TR, STM32WBA54CEU6, STM32WBA54CEU6TR, STM32WBA54CEU7, STM32WBA54CEU7TR, STM32WBA54CGU6, STM32WBA54CGU6TR, STM32WBA54CGU7, STM32WBA54CGU7TR, STM32WBA54KEU6, STM32WBA54KEU6TR, STM32WBA54KEU7, STM32WBA54KEU7TR, STM32WBA54KGU6, STM32WBA54KGU6TR, STM32WBA54KGU7, STM32WBA54KGU7TR, STM32WBA55CEU6, STM32WBA55CEU6TR, STM32WBA55CEU7, STM32WBA55CEU7TR, STM32WBA55CGU6, STM32WBA55CGU6TR, STM32WBA55CGU6U, STM32WBA55CGU7, STM32WBA55CGU7TR, STM32WBA55G-DK1, STM32WBA55HEF6, STM32WBA55HEF7, STM32WBA55HGF6, STM32WBA55HGF7, STM32WBA55UEI6, STM32WBA55UEI6TR, STM32WBA55UEI7, STM32WBA55UEI7TR, STM32WBA55UGI6, STM32WBA55UGI6TR, STM32WBA55UGI7, STM32WBA55UGI7TR, STM32WL5MOCH6, STM32WL5MOCH6TR]
2025-01-17 16:27:28,450 [INFO] DbMcus:218 - Found 4404 MCUs, 4404 are supported
2025-01-17 16:27:28,451 [INFO] ApiDb:423 - Load user favorites file /home/poojaa/.stm32cubeide/favorites.mcus.txt: 0 item(s)
2025-01-17 16:27:28,451 [INFO] ApiDb:427 - User favorites MCUs=[]
2025-01-17 16:27:28,451 [INFO] DbMcus:224 - Set 0 / 0 favorites MCUs
2025-01-17 16:27:28,648 [INFO] ApiDb:668 - CubeFinder database Data Model version=2.1
2025-01-17 16:27:28,648 [INFO] ApiDb:669 - CubeFinder database Configuration version=3.0.39
2025-01-17 16:27:28,648 [INFO] ApiDb:670 - CubeFinder database generation date=2024-12-10 (1733817889)
2025-01-17 16:27:28,649 [INFO] ApiDb:671 - CubeFinder database FW Pack versions=[FP-ATR-ASTRA1_V2.0.0, FP-SNS-FLIGHT1_V5.0.2, FP-SNS-MOTENV1_V5.0.0, FP-SNS-MOTENVWB1_V1.4.0, FP-SNS-SMARTAG2_V1.2.0, FP-SNS-STBOX1_V2.0.0, STM32Cube_FW_C0_V1.3.0, STM32Cube_FW_F4_V1.28.1, STM32Cube_FW_F7_V1.17.2, STM32Cube_FW_G0_V1.6.2, STM32Cube_FW_G4_V1.6.1, STM32Cube_FW_H5_V1.4.0, STM32Cube_FW_H7RS_V1.1.0, STM32Cube_FW_H7_V1.12.0, STM32Cube_FW_L0_V1.12.2, STM32Cube_FW_L4_V1.18.1, STM32Cube_FW_L5_V1.5.1, STM32Cube_FW_N6_V1.0.0, STM32Cube_FW_U0_V1.2.0, STM32Cube_FW_U3_V1.0.0, STM32Cube_FW_U5_V1.7.0, STM32Cube_FW_WB0_V1.1.0, STM32Cube_FW_WBA_V1.5.0, STM32Cube_FW_WB_V1.21.0, STM32Cube_FW_WL3_V1.0.0, STM32Cube_FW_WL_V1.3.0, X-CUBE-ALGOBUILD_V1.4.0, X-CUBE-ALS_V1.0.2, X-CUBE-AZRTOS-F4_V1.1.0, X-CUBE-AZRTOS-F7_V1.1.0, X-CUBE-AZRTOS-G0_V1.1.0, X-CUBE-AZRTOS-G4_V2.0.0, X-CUBE-AZRTOS-H7RS_V1.0.0, X-CUBE-AZRTOS-H7_V3.3.0, X-CUBE-AZRTOS-L4_V2.0.0, X-CUBE-AZRTOS-L5_V2.0.0, X-CUBE-AZRTOS-WB_V2.0.0, X-CUBE-AZRTOS-WL_V2.0.0, X-CUBE-BLE1_V7.0.0, X-CUBE-BLE2_V3.3.0, X-CUBE-BLEMGR_V3.1.0, X-CUBE-EEPRMA1_V5.1.0, X-CUBE-FREERTOS_V1.2.0, X-CUBE-GNSS1_V6.0.0, X-CUBE-MEMS1_V11.0.0, X-CUBE-NFC4_V3.0.0, X-CUBE-NFC7_V1.0.1, X-CUBE-SFXS2LP1_V4.0.0, X-CUBE-SUBG2_V5.0.0, X-CUBE-TOF1_V3.4.2]
2025-01-17 16:27:28,674 [INFO] DbBoardsSqlite:226 - include board P-NUCLEO-WB55-NUCLEO as a kit item of type 'Nucleo-64'
2025-01-17 16:27:28,674 [INFO] DbBoardsSqlite:226 - include board P-NUCLEO-WB55-USBDONGLE as a kit item of type 'Nucleo USB Dongle'
2025-01-17 16:27:28,675 [INFO] DbBoardsSqlite:226 - include board STEVAL-IDP005V1 as a kit item of type 'Evaluation Board'
2025-01-17 16:27:28,675 [INFO] DbBoardsSqlite:226 - include board STEVAL-IDP005V2 as a kit item of type 'Evaluation Board'
2025-01-17 16:27:28,696 [INFO] ApiDb:240 - Found 483 in-development CPN: [B-G473E-ZEST1S, B-WB1M-WPAN1, B-WL5M-SUBG1, NUCLEO-C031C6, NUCLEO-H503RB, NUCLEO-H533RE, NUCLEO-H563ZI, NUCLEO-H7S3L8, NUCLEO-U031R8, NUCLEO-U083RC, NUCLEO-U545RE-Q, NUCLEO-U5A5ZJ-Q, NUCLEO-WBA52CG, NUCLEO-WBA55CG, STEVAL-PROTEUS1, STEVAL-SMARTAG2, STEVAL-STWINBX1, STM320518-EVAL, STM32C0116-DK, STM32C011D6Y3TR, STM32C011D6Y6TR, STM32C011F4P3, STM32C011F4P6, STM32C011F4U3, STM32C011F4U6TR, STM32C011F6P3, STM32C011F6P6, STM32C011F6U3, STM32C011F6U6TR, STM32C011J4M3, STM32C011J4M6, STM32C011J6M3, STM32C011J6M6, STM32C0316-DK, STM32C031C4T3, STM32C031C4T6, STM32C031C4U3, STM32C031C4U6, STM32C031C6T3, STM32C031C6T6, STM32C031C6U3, STM32C031C6U6, STM32C031F4P3, STM32C031F4P6, STM32C031F6P3, STM32C031F6P6, STM32C031G4U3, STM32C031G4U6, STM32C031G6U3, STM32C031G6U6, STM32C031K4T3, STM32C031K4T6, STM32C031K4U3, STM32C031K4U6, STM32C031K6T3, STM32C031K6T6, STM32C031K6U3, STM32C031K6U6, STM32G071K8TXN, STM32G071K8UXN, STM32G081GBU6N, STM32G081KBT6N, STM32G081KBUXN, STM32G0B1CCT6N, STM32G0B1KCT6, STM32G0B1NEY6TR, STM32G0B1RCT6N, STM32G0C1CCT6, STM32G0C1CCT6N, STM32G0C1CCU6N, STM32G0C1CET6N, STM32G0C1CEU6N, STM32G0C1KCT6, STM32G0C1NEY6TR, STM32G0C1RCI6N, STM32G0C1RCT6N, STM32G0C1REI6N, STM32G0C1RET6N, STM32G0C1VCI6, STM32G0C1VEI6, STM32G471CCT6, STM32G471CCU6, STM32G471CET3, STM32G471CET6, STM32G471CEU3, STM32G471CEU6, STM32G471MCT6, STM32G471MET3, STM32G471MET6, STM32G471MEY6TR, STM32G471QCT6, STM32G471QET3, STM32G471RCT6, STM32G471RET3, STM32G471RET6, STM32G471VCH6, STM32G471VCI6, STM32G471VCT6, STM32G471VEH3, STM32G471VEH6, STM32G471VEI3, STM32G471VEI6, STM32G471VET3, STM32G471VET6, STM32G474CCT6, STM32H503CBT6, STM32H503CBU6, STM32H503EBY6TR, STM32H503KBU6, STM32H503RBT6, STM32H523CCT6, STM32H523CCU6, STM32H523CET6, STM32H523CEU6, STM32H523HEY6TR, STM32H523RCT6, STM32H523RET6, STM32H523VCI6, STM32H523VCT6, STM32H523VEI6, STM32H523VET6, STM32H523ZCJ6, STM32H523ZCT6, STM32H523ZEJ6, STM32H523ZET6, STM32H533CET6, STM32H533CEU6, STM32H533HEY6TR, STM32H533RET6, STM32H533VEI6, STM32H533VET6, STM32H533ZEJ6, STM32H533ZET6, STM32H562AGI6, STM32H562AII6, STM32H562IGK6, STM32H562IGT6, STM32H562IIK6, STM32H562IIT6, STM32H562RGT6, STM32H562RGV6, STM32H562RIT6, STM32H562RIV6, STM32H562VGT6, STM32H562VIT6, STM32H562ZGT6, STM32H562ZIT6, STM32H563AGI6, STM32H563AII3Q, STM32H563AII6, STM32H563IGK6, STM32H563IGT6, STM32H563IIK3Q, STM32H563IIK6, STM32H563IIT3Q, STM32H563IIT6, STM32H563MIY3QTR, STM32H563RGT6, STM32H563RGV6, STM32H563RIT6, STM32H563RIV6, STM32H563VGT6, STM32H563VIT3Q, STM32H563VIT6, STM32H563ZGT6, STM32H563ZIT3Q, STM32H563ZIT6, STM32H573AII3Q, STM32H573AII6, STM32H573I-DK, STM32H573IIK3Q, STM32H573IIK6, STM32H573IIT3Q, STM32H573IIT6, STM32H573MIY3QTR, STM32H573RIT6, STM32H573RIV6, STM32H573VIT3Q, STM32H573VIT6, STM32H573ZIT3Q, STM32H573ZIT6, STM32H7R3A8I6, STM32H7R3I8K6, STM32H7R3I8T6, STM32H7R3L8H6, STM32H7R3L8H6H, STM32H7R3R8V6, STM32H7R3V8H6, STM32H7R3V8T6, STM32H7R3V8Y6, STM32H7R3Z8J6, STM32H7R3Z8T6, STM32H7R7A8I6, STM32H7R7I8K6, STM32H7R7I8T6, STM32H7R7L8H6, STM32H7R7L8H6H, STM32H7R7Z8J6, STM32H7S3A8I6, STM32H7S3I8K6, STM32H7S3I8T6, STM32H7S3L8H6, STM32H7S3L8H6H, STM32H7S3R8V6, STM32H7S3V8H6, STM32H7S3V8T6, STM32H7S3V8Y6, STM32H7S3Z8J6, STM32H7S3Z8T6, STM32H7S78-DK, STM32H7S7A8I6, STM32H7S7I8K6, STM32H7S7I8T6, STM32H7S7L8H6, STM32H7S7L8H6H, STM32H7S7Z8J6, STM32L4R5QGI6STR, STM32MP131AAE3, STM32MP131AAF3, STM32MP131AAG3, STM32MP131CAE3, STM32MP131CAF3, STM32MP131CAG3, STM32MP131DAE7, STM32MP131DAF7, STM32MP131DAG7, STM32MP131FAE7, STM32MP131FAF7, STM32MP131FAG7, STM32MP133AAE3, STM32MP133AAF3, STM32MP133AAG3, STM32MP133CAE3, STM32MP133CAF3, STM32MP133CAG3, STM32MP133DAE7, STM32MP133DAF7, STM32MP133DAG7, STM32MP133FAE7, STM32MP133FAF7, STM32MP133FAG7, STM32MP135AAE3, STM32MP135AAF3, STM32MP135AAG3, STM32MP135CAE3, STM32MP135CAF3, STM32MP135CAG3, STM32MP135DAE7, STM32MP135DAF7, STM32MP135DAG7, STM32MP135F-DK, STM32MP135FAE7, STM32MP135FAF7, STM32MP135FAF7T, STM32MP135FAF7U, STM32MP135FAG7, STM32U031C6T6, STM32U031C6U6, STM32U031C8T6, STM32U031C8U6, STM32U031F4P6, STM32U031F6P6, STM32U031F8P6, STM32U031G6Y6TR, STM32U031G8Y6TR, STM32U031K4U6, STM32U031K6U6, STM32U031K8U6, STM32U031R6I6, STM32U031R6T6, STM32U031R8I6, STM32U031R8T6, STM32U073C8T6, STM32U073C8U6, STM32U073CBT6, STM32U073CBU6, STM32U073CCT6, STM32U073CCU6, STM32U073H8Y6TR, STM32U073HBY6TR, STM32U073HCY6TR, STM32U073K8U6, STM32U073KBU6, STM32U073KCU6, STM32U073M8I6, STM32U073M8T6, STM32U073MBI6, STM32U073MBT6, STM32U073MCI6, STM32U073MCT6, STM32U073R8I6, STM32U073R8T6, STM32U073RBI6, STM32U073RBT6, STM32U073RCI6, STM32U073RCT6, STM32U083C-DK, STM32U083CCT6, STM32U083CCU6, STM32U083HCY6TR, STM32U083KCU6, STM32U083MCI6, STM32U083MCT6, STM32U083RCI6, STM32U083RCT6, STM32U535CBT6, STM32U535CBT6Q, STM32U535CBU6, STM32U535CBU6Q, STM32U535CCT6, STM32U535CCT6Q, STM32U535CCU6, STM32U535CCU6Q, STM32U535CET6, STM32U535CET6Q, STM32U535CEU6, STM32U535CEU6Q, STM32U535JEY6QTR, STM32U535NCY6QTR, STM32U535NEY6QTR, STM32U535RBI6, STM32U535RBI6Q, STM32U535RBT6, STM32U535RBT6Q, STM32U535RCI6, STM32U535RCI6Q, STM32U535RCT6, STM32U535RCT6Q, STM32U535REI6, STM32U535REI6Q, STM32U535RET6, STM32U535RET6Q, STM32U535VCI6, STM32U535VCI6Q, STM32U535VCT6, STM32U535VCT6Q, STM32U535VEI6, STM32U535VEI6Q, STM32U535VET6, STM32U535VET6Q, STM32U545CET6, STM32U545CET6Q, STM32U545CEU6, STM32U545CEU6Q, STM32U545JEY6QTR, STM32U545NEY6QTR, STM32U545REI6, STM32U545REI6Q, STM32U545RET6, STM32U545RET6Q, STM32U545VEI6, STM32U545VEI6Q, STM32U545VET6, STM32U545VET6Q, STM32U595AIH6, STM32U595AIH6Q, STM32U595AJH6, STM32U595AJH6Q, STM32U595QII6, STM32U595QII6Q, STM32U595QJI6, STM32U595QJI6Q, STM32U595RIT6, STM32U595RIT6Q, STM32U595RJT6, STM32U595RJT6Q, STM32U595VIT6, STM32U595VIT6Q, STM32U595VJT6, STM32U595VJT6Q, STM32U595ZIT6, STM32U595ZIT6Q, STM32U595ZIY6QTR, STM32U595ZJT6, STM32U595ZJT6Q, STM32U595ZJY6QTR, STM32U599BJY6QTR, STM32U599NIH6Q, STM32U599NJH6Q, STM32U599VIT6Q, STM32U599VJT6, STM32U599VJT6Q, STM32U599ZIT6Q, STM32U599ZIY6QTR, STM32U599ZJT6Q, STM32U599ZJY6QTR, STM32U5A5AJH6, STM32U5A5AJH6Q, STM32U5A5QII3Q , STM32U5A5QJI6, STM32U5A5QJI6Q, STM32U5A5RJT6, STM32U5A5RJT6Q, STM32U5A5VJT6, STM32U5A5VJT6Q, STM32U5A5ZJT6, STM32U5A5ZJT6Q, STM32U5A5ZJY6QTR, STM32U5A9BJY6QTR, STM32U5A9J-DK, STM32U5A9NJH6Q, STM32U5A9VJT6Q, STM32U5A9ZJT6Q, STM32U5A9ZJY6QTR, STM32U5F7VIT6, STM32U5F7VIT6Q, STM32U5F7VJT6, STM32U5F7VJT6Q, STM32U5F9BJY6QTR, STM32U5F9NJH6Q, STM32U5F9VIT6Q, STM32U5F9VJT6Q, STM32U5F9ZIJ6QTR, STM32U5F9ZIT6Q, STM32U5F9ZJJ6QTR, STM32U5F9ZJT6Q, STM32U5G7VJT6, STM32U5G7VJT6Q, STM32U5G9BJY6QTR, STM32U5G9J-DK1, STM32U5G9J-DK2, STM32U5G9NJH6Q, STM32U5G9VJT6Q, STM32U5G9ZJJ6QTR, STM32U5G9ZJT6Q, STM32WB1MMCH6, STM32WBA50KEU6, STM32WBA50KEU6TR, STM32WBA50KGU6, STM32WBA50KGU6TR, STM32WBA52CEU6, STM32WBA52CEU6TR, STM32WBA52CEU7, STM32WBA52CEU7TR, STM32WBA52CGU6, STM32WBA52CGU6TR, STM32WBA52CGU6U, STM32WBA52CGU7, STM32WBA52CGU7TR, STM32WBA52KEU6, STM32WBA52KEU6TR, STM32WBA52KGU6, STM32WBA52KGU6TR, STM32WBA54CEU6, STM32WBA54CEU6TR, STM32WBA54CEU7, STM32WBA54CEU7TR, STM32WBA54CGU6, STM32WBA54CGU6TR, STM32WBA54CGU7, STM32WBA54CGU7TR, STM32WBA54KEU6, STM32WBA54KEU6TR, STM32WBA54KEU7, STM32WBA54KEU7TR, STM32WBA54KGU6, STM32WBA54KGU6TR, STM32WBA54KGU7, STM32WBA54KGU7TR, STM32WBA55CEU6, STM32WBA55CEU6TR, STM32WBA55CEU7, STM32WBA55CEU7TR, STM32WBA55CGU6, STM32WBA55CGU6TR, STM32WBA55CGU6U, STM32WBA55CGU7, STM32WBA55CGU7TR, STM32WBA55G-DK1, STM32WBA55HEF6, STM32WBA55HEF7, STM32WBA55HGF6, STM32WBA55HGF7, STM32WBA55UEI6, STM32WBA55UEI6TR, STM32WBA55UEI7, STM32WBA55UEI7TR, STM32WBA55UGI6, STM32WBA55UGI6TR, STM32WBA55UGI7, STM32WBA55UGI7TR, STM32WL5MOCH6, STM32WL5MOCH6TR]
2025-01-17 16:27:28,712 [INFO] BoardInfo:889 - No configuration file found for board NUCLEO-C071RB
2025-01-17 16:27:28,712 [INFO] DbBoards:161 - Board is not supported: NUCLEO-C071RB
2025-01-17 16:27:28,743 [INFO] BoardInfo:889 - No configuration file found for board NUCLEO-N657X0-Q
2025-01-17 16:27:28,744 [INFO] DbBoards:161 - Board is not supported: NUCLEO-N657X0-Q
2025-01-17 16:27:28,746 [INFO] BoardInfo:889 - No configuration file found for board NUCLEO-WB05KZ
2025-01-17 16:27:28,746 [INFO] DbBoards:161 - Board is not supported: NUCLEO-WB05KZ
2025-01-17 16:27:28,747 [INFO] BoardInfo:889 - No configuration file found for board NUCLEO-WB07CC
2025-01-17 16:27:28,747 [INFO] DbBoards:161 - Board is not supported: NUCLEO-WB07CC
2025-01-17 16:27:28,747 [INFO] BoardInfo:889 - No configuration file found for board NUCLEO-WB09KE
2025-01-17 16:27:28,747 [INFO] DbBoards:161 - Board is not supported: NUCLEO-WB09KE
2025-01-17 16:27:28,751 [INFO] BoardInfo:889 - No configuration file found for board P-NUCLEO-WB55
2025-01-17 16:27:28,751 [INFO] DbBoards:161 - Kit is not supported: P-NUCLEO-WB55
2025-01-17 16:27:28,753 [INFO] BoardInfo:889 - No configuration file found for board STEVAL-BFA001V1B
2025-01-17 16:27:28,753 [INFO] DbBoards:161 - Kit is not supported: STEVAL-BFA001V1B
2025-01-17 16:27:28,753 [INFO] BoardInfo:889 - No configuration file found for board STEVAL-BFA001V2B
2025-01-17 16:27:28,753 [INFO] DbBoards:161 - Kit is not supported: STEVAL-BFA001V2B
2025-01-17 16:27:28,801 [INFO] BoardInfo:889 - No configuration file found for board STM32MP257F-DK
2025-01-17 16:27:28,801 [INFO] DbBoards:161 - Board is not supported: STM32MP257F-DK
2025-01-17 16:27:28,801 [INFO] BoardInfo:889 - No configuration file found for board STM32MP257F-EV1
2025-01-17 16:27:28,801 [INFO] DbBoards:161 - Board is not supported: STM32MP257F-EV1
2025-01-17 16:27:28,802 [INFO] BoardInfo:889 - No configuration file found for board STM32N6570-DK
2025-01-17 16:27:28,802 [INFO] DbBoards:161 - Board is not supported: STM32N6570-DK
2025-01-17 16:27:28,806 [INFO] DbBoards:168 - Found 203 boards, 192 are supported
2025-01-17 16:27:28,806 [INFO] DbBoards:169 - Found 203 boards, 8 of them is supported for  Bsp
2025-01-17 16:27:28,810 [INFO] ApiDb:423 - Load user favorites file /home/poojaa/.stm32cubeide/favorites.boards.txt: 1 item(s)
2025-01-17 16:27:28,810 [INFO] ApiDb:427 - User favorites Boards=[STM32F407G-DISC1]
2025-01-17 16:27:28,810 [INFO] DbBoards:198 - Set 1 / 1 favorites Boards
2025-01-17 16:27:28,811 [INFO] ApiDb:668 - CubeFinder database Data Model version=2.1
2025-01-17 16:27:28,811 [INFO] ApiDb:669 - CubeFinder database Configuration version=3.0.39
2025-01-17 16:27:28,811 [INFO] ApiDb:670 - CubeFinder database generation date=2024-12-10 (1733817889)
2025-01-17 16:27:28,811 [INFO] ApiDb:671 - CubeFinder database FW Pack versions=[FP-ATR-ASTRA1_V2.0.0, FP-SNS-FLIGHT1_V5.0.2, FP-SNS-MOTENV1_V5.0.0, FP-SNS-MOTENVWB1_V1.4.0, FP-SNS-SMARTAG2_V1.2.0, FP-SNS-STBOX1_V2.0.0, STM32Cube_FW_C0_V1.3.0, STM32Cube_FW_F4_V1.28.1, STM32Cube_FW_F7_V1.17.2, STM32Cube_FW_G0_V1.6.2, STM32Cube_FW_G4_V1.6.1, STM32Cube_FW_H5_V1.4.0, STM32Cube_FW_H7RS_V1.1.0, STM32Cube_FW_H7_V1.12.0, STM32Cube_FW_L0_V1.12.2, STM32Cube_FW_L4_V1.18.1, STM32Cube_FW_L5_V1.5.1, STM32Cube_FW_N6_V1.0.0, STM32Cube_FW_U0_V1.2.0, STM32Cube_FW_U3_V1.0.0, STM32Cube_FW_U5_V1.7.0, STM32Cube_FW_WB0_V1.1.0, STM32Cube_FW_WBA_V1.5.0, STM32Cube_FW_WB_V1.21.0, STM32Cube_FW_WL3_V1.0.0, STM32Cube_FW_WL_V1.3.0, X-CUBE-ALGOBUILD_V1.4.0, X-CUBE-ALS_V1.0.2, X-CUBE-AZRTOS-F4_V1.1.0, X-CUBE-AZRTOS-F7_V1.1.0, X-CUBE-AZRTOS-G0_V1.1.0, X-CUBE-AZRTOS-G4_V2.0.0, X-CUBE-AZRTOS-H7RS_V1.0.0, X-CUBE-AZRTOS-H7_V3.3.0, X-CUBE-AZRTOS-L4_V2.0.0, X-CUBE-AZRTOS-L5_V2.0.0, X-CUBE-AZRTOS-WB_V2.0.0, X-CUBE-AZRTOS-WL_V2.0.0, X-CUBE-BLE1_V7.0.0, X-CUBE-BLE2_V3.3.0, X-CUBE-BLEMGR_V3.1.0, X-CUBE-EEPRMA1_V5.1.0, X-CUBE-FREERTOS_V1.2.0, X-CUBE-GNSS1_V6.0.0, X-CUBE-MEMS1_V11.0.0, X-CUBE-NFC4_V3.0.0, X-CUBE-NFC7_V1.0.1, X-CUBE-SFXS2LP1_V4.0.0, X-CUBE-SUBG2_V5.0.0, X-CUBE-TOF1_V3.4.2]
2025-01-17 16:27:29,188 [ERROR] DbExamplesSqlite:437 - Missing JSON key: board_cpn
2025-01-17 16:27:29,188 [ERROR] DbExamplesSqlite:437 - Missing JSON key: board_cpn
2025-01-17 16:27:29,188 [ERROR] DbExamplesSqlite:437 - Missing JSON key: board_cpn
2025-01-17 16:27:29,188 [ERROR] DbExamplesSqlite:437 - Missing JSON key: board_cpn
2025-01-17 16:27:29,268 [ERROR] DbExamplesSqlite:437 - Missing JSON key: board_cpn
2025-01-17 16:27:29,268 [ERROR] DbExamplesSqlite:437 - Missing JSON key: board_cpn
2025-01-17 16:27:29,268 [ERROR] DbExamplesSqlite:437 - Missing JSON key: board_cpn
2025-01-17 16:27:29,268 [ERROR] DbExamplesSqlite:437 - Missing JSON key: board_cpn
2025-01-17 16:27:29,268 [ERROR] DbExamplesSqlite:437 - Missing JSON key: board_cpn
2025-01-17 16:27:29,268 [ERROR] DbExamplesSqlite:437 - Missing JSON key: board_cpn
2025-01-17 16:27:29,268 [ERROR] DbExamplesSqlite:437 - Missing JSON key: board_cpn
2025-01-17 16:27:29,268 [ERROR] DbExamplesSqlite:437 - Missing JSON key: board_cpn
2025-01-17 16:27:29,268 [ERROR] DbExamplesSqlite:437 - Missing JSON key: board_cpn
2025-01-17 16:27:29,355 [INFO] DbExamplesSqlite:395 - Ignored 77 examples not supported by CubeIDE
2025-01-17 16:27:29,356 [INFO] DbExamplesSqlite:396 - Found 10474 examples active
2025-01-17 16:27:29,356 [INFO] DbExamplesSqlite:397 - Found 0 examples obsolete
2025-01-17 16:27:29,356 [INFO] DbExamplesSqlite:398 - Found 0 examples under development
2025-01-17 16:27:29,356 [INFO] DbExamplesSqlite:399 - Found 43 examples not building
2025-01-17 16:27:29,357 [INFO] DbExamples:125 - Found 10440 examples
2025-01-17 16:27:29,416 [ERROR] DbExamples:208 - Found 551 examples with invalid data (board or MCU)
2025-01-17 16:27:29,417 [INFO] DbExamples:222 - Found 126 boards with related examples
2025-01-17 16:27:29,418 [INFO] DbExamples:235 - Found 106 MCUs with related examples
2025-01-17 16:27:29,435 [INFO] ApiDb:423 - Load user favorites file /home/poojaa/.stm32cubeide/favorites.examples.txt: 0 item(s)
2025-01-17 16:27:29,435 [INFO] ApiDb:427 - User favorites Examples=[]
2025-01-17 16:27:29,435 [INFO] DbExamples:250 - Set 0 / 0 favorites Examples
2025-01-17 16:27:29,552 [INFO] McuFinderGlobals:76 - Set McuFinderConnectedMode to true
2025-01-17 16:27:29,559 [INFO] MultiScanPanel:200 - Auto-refresh data requested => check proxy status ongoing
2025-01-17 16:27:29,561 [INFO] FinderPluginLoader:95 - Searching for filters in installed packs
2025-01-17 16:27:30,662 [INFO] LoadUrlFilesThread:185 - End of LoadServerUrlFiles without Thread
2025-01-17 16:27:30,686 [INFO] DetailPanel:341 - Set advertising image to /home/poojaa/STM32Cube/Repository//en.prom-stm32n6-mcu-finder.png
2025-01-17 16:27:36,261 [INFO] MultiScanPanel:200 - Auto-refresh data requested => check proxy status ongoing
2025-01-17 16:27:36,373 [INFO] LoadUrlFilesThread:185 - End of LoadServerUrlFiles without Thread
2025-01-17 16:27:36,374 [INFO] DetailPanel:341 - Set advertising image to /home/poojaa/STM32Cube/Repository//en.prom-stm32n6-mcu-finder.png
2025-01-17 16:27:36,388 [INFO] DbBoards:642 - Loading board mini-images...
2025-01-17 16:27:37,015 [ERROR] DbBoards:659 - Image file not found for board NUCLEO-WB05KZ: /home/poojaa/.stmcufinder/plugins/mcufinder//mcu//boards_images/NUCLEO-WB05KZ.jpg
2025-01-17 16:27:37,681 [INFO] DbBoards:665 - Loaded 202 board mini-images
2025-01-17 16:29:00,177 [INFO] BoardResultTable:719 - Unmark Board STM32F407G-DISC1 as favorite
2025-01-17 16:29:00,858 [INFO] BoardResultTable:719 - Mark Board STM32F407G-DISC1 as favorite
2025-01-17 16:29:54,069 [INFO] MainUpdater:2873 - connection check result : 10
2025-01-17 16:29:54,069 [INFO] MainUpdater:2873 - connection check result : 10
2025-01-17 16:29:54,080 [INFO] MicroXplorer:468 - Change Database Path : 
2025-01-17 16:29:54,080 [INFO] MicroXplorer:498 - Change Database Version : DB.6.0.111
2025-01-17 16:29:54,084 [WARN] ThirdParty:871 - waiting for thirdparty lock release [close project]
2025-01-17 16:29:54,084 [INFO] ThirdParty:873 - entering critical section [close project]
2025-01-17 16:29:54,085 [INFO] ThirdParty:883 - exiting critical section [close project]
2025-01-17 16:29:54,086 [INFO] PinOutPanel:1561 - setPackage(No Configuration,No Configuration)
2025-01-17 16:29:54,089 [INFO] UtilMem:75 - Begin LoadConfig() Used Memory: 486443928 Bytes (739246080)
2025-01-17 16:29:54,092 [INFO] OpenFileManager:312 - Change cursor
2025-01-17 16:29:54,114 [INFO] ProjectFactory:442 - No CPN specified for board STM32F407G-DISC1 => set CPN to STM32F407VGT6
2025-01-17 16:29:54,114 [INFO] Mcu:2021 - Initializing MCU STM32F407V(E-G)Tx STM32F407VGTx STM32F407VGT6
2025-01-17 16:29:55,167 [INFO] Context:663 - Trying to add GPIOservice into a context  which must be forbidden
2025-01-17 16:29:55,587 [INFO] Rule:228 - rule 117617 - U5Cobra4M][GTZC] default value MPCBB3 and MPCBB5 - Not Secured memory - MPCBB1 is applicable
2025-01-17 16:29:55,587 [INFO] Rule:228 - rule 117617 - U5Cobra4M][GTZC] default value MPCBB3 and MPCBB5 - Not Secured memory - MPCBB1 is applicable
2025-01-17 16:29:55,587 [INFO] Rule:228 - rule 117617 - U5Cobra4M][GTZC] default value MPCBB3 and MPCBB5 - Not Secured memory - MPCBB2 is applicable
2025-01-17 16:29:55,587 [INFO] Rule:228 - rule 117617 - U5Cobra4M][GTZC] default value MPCBB3 and MPCBB5 - Not Secured memory - MPCBB2 is applicable
2025-01-17 16:29:55,587 [INFO] Rule:228 - rule 117617 - U5Cobra4M][GTZC] default value MPCBB3 and MPCBB5 - Not Secured memory - MPCBB3 is applicable
2025-01-17 16:29:55,587 [INFO] Rule:228 - rule 117617 - U5Cobra4M][GTZC] default value MPCBB3 and MPCBB5 - Not Secured memory - MPCBB3 is applicable
2025-01-17 16:29:55,587 [INFO] Rule:228 - rule 117617 - U5Cobra4M][GTZC] default value MPCBB3 and MPCBB5 - Not Secured memory - MPCBB4 is applicable
2025-01-17 16:29:55,587 [INFO] Rule:228 - rule 117617 - U5Cobra4M][GTZC] default value MPCBB3 and MPCBB5 - Not Secured memory - MPCBB4 is applicable
2025-01-17 16:29:55,587 [INFO] Rule:228 - rule 117617 - U5Cobra4M][GTZC] default value MPCBB3 and MPCBB5 - Secured memory - MPCBB1 is applicable
2025-01-17 16:29:55,587 [INFO] Rule:228 - rule 117617 - U5Cobra4M][GTZC] default value MPCBB3 and MPCBB5 - Secured memory - MPCBB2 is applicable
2025-01-17 16:29:55,587 [INFO] Rule:228 - rule 117617 - U5Cobra4M][GTZC] default value MPCBB3 and MPCBB5 - Secured memory - MPCBB3 is applicable
2025-01-17 16:29:55,587 [INFO] Rule:228 - rule 117617 - U5Cobra4M][GTZC] default value MPCBB3 and MPCBB5 - Secured memory - MPCBB4 is applicable
2025-01-17 16:29:55,588 [INFO] Rule:228 - rule 117617 - U5Cobra4M][GTZC] default value MPCBB3 and MPCBB5 - Privileged memory - MPCBB1 is applicable
2025-01-17 16:29:55,588 [INFO] Rule:228 - rule 117617 - U5Cobra4M][GTZC] default value MPCBB3 and MPCBB5 - Privileged memory - MPCBB2 is applicable
2025-01-17 16:29:55,588 [INFO] Rule:228 - rule 117617 - U5Cobra4M][GTZC] default value MPCBB3 and MPCBB5 - Privileged memory - MPCBB3 is applicable
2025-01-17 16:29:55,588 [INFO] Rule:228 - rule 117617 - U5Cobra4M][GTZC] default value MPCBB3 and MPCBB5 - Privileged memory - MPCBB4 is applicable
2025-01-17 16:29:55,588 [INFO] Rule:228 - rule 117617 - U5Cobra4M][GTZC] default value MPCBB3 and MPCBB5 - Not Privileged memory - MPCBB1 is applicable
2025-01-17 16:29:55,588 [INFO] Rule:228 - rule 117617 - U5Cobra4M][GTZC] default value MPCBB3 and MPCBB5 - Not Privileged memory - MPCBB2 is applicable
2025-01-17 16:29:55,588 [INFO] Rule:228 - rule 117617 - U5Cobra4M][GTZC] default value MPCBB3 and MPCBB5 - Not Privileged memory - MPCBB3 is applicable
2025-01-17 16:29:55,588 [INFO] Rule:228 - rule 117617 - U5Cobra4M][GTZC] default value MPCBB3 and MPCBB5 - Not Privileged memory - MPCBB4 is applicable
2025-01-17 16:29:55,588 [INFO] Rule:228 - rule 117617 - U5Cobra4M][GTZC] default value MPCBB3 and MPCBB5 - Privileged memory - MPCBB1 is applicable
2025-01-17 16:29:55,588 [INFO] Rule:228 - rule 117617 - U5Cobra4M][GTZC] default value MPCBB3 and MPCBB5 - Privileged memory - MPCBB2 is applicable
2025-01-17 16:29:55,588 [INFO] Rule:228 - rule 117617 - U5Cobra4M][GTZC] default value MPCBB3 and MPCBB5 - Privileged memory - MPCBB3 is applicable
2025-01-17 16:29:55,588 [INFO] Rule:228 - rule 117617 - U5Cobra4M][GTZC] default value MPCBB3 and MPCBB5 - Privileged memory - MPCBB4 is applicable
2025-01-17 16:29:55,588 [INFO] Rule:228 - rule 117617 - U5Cobra4M][GTZC] default value MPCBB3 and MPCBB5 - Privileged memory - MPCBB1 is applicable
2025-01-17 16:29:55,588 [INFO] Rule:228 - rule 117617 - U5Cobra4M][GTZC] default value MPCBB3 and MPCBB5 - Privileged memory - MPCBB2 is applicable
2025-01-17 16:29:55,588 [INFO] Rule:228 - rule 117617 - U5Cobra4M][GTZC] default value MPCBB3 and MPCBB5 - Privileged memory - MPCBB3 is applicable
2025-01-17 16:29:55,588 [INFO] Rule:228 - rule 117617 - U5Cobra4M][GTZC] default value MPCBB3 and MPCBB5 - Privileged memory - MPCBB4 is applicable
2025-01-17 16:29:55,588 [INFO] Rule:228 - rule 117617 - U5Cobra4M][GTZC] default value MPCBB3 and MPCBB5 - Not Privileged memory - MPCBB1 is applicable
2025-01-17 16:29:55,588 [INFO] Rule:228 - rule 117617 - U5Cobra4M][GTZC] default value MPCBB3 and MPCBB5 - Not Privileged memory - MPCBB2 is applicable
2025-01-17 16:29:55,588 [INFO] Rule:228 - rule 117617 - U5Cobra4M][GTZC] default value MPCBB3 and MPCBB5 - Not Privileged memory - MPCBB3 is applicable
2025-01-17 16:29:55,589 [INFO] Rule:228 - rule 117617 - U5Cobra4M][GTZC] default value MPCBB3 and MPCBB5 - Not Privileged memory - MPCBB4 is applicable
2025-01-17 16:29:55,589 [INFO] Rule:228 - rule 117617 - U5Cobra4M][GTZC] default value MPCBB3 and MPCBB5 - Privileged memory - MPCBB1 is applicable
2025-01-17 16:29:55,589 [INFO] Rule:228 - rule 117617 - U5Cobra4M][GTZC] default value MPCBB3 and MPCBB5 - Privileged memory - MPCBB2 is applicable
2025-01-17 16:29:55,589 [INFO] Rule:228 - rule 117617 - U5Cobra4M][GTZC] default value MPCBB3 and MPCBB5 - Privileged memory - MPCBB3 is applicable
2025-01-17 16:29:55,589 [INFO] Rule:228 - rule 117617 - U5Cobra4M][GTZC] default value MPCBB3 and MPCBB5 - Privileged memory - MPCBB4 is applicable
2025-01-17 16:29:55,589 [INFO] Rule:228 - rule Rename SubGHz_Phy SUBGHZ_APPLICATION SUBGHZ_PINGPONG to SUBGHZ_ADV_APPLICATION is applicable
2025-01-17 16:29:55,589 [INFO] Rule:228 - rule Rename Enabled to IBEACON is applicable
2025-01-17 16:29:55,589 [INFO] Rule:228 - rule GTZC_S instance for project manager is applicable
2025-01-17 16:29:55,589 [INFO] Rule:228 - rule GTZC_S instance for context M33S is applicable
2025-01-17 16:29:55,589 [INFO] Rule:228 - rule GTZC_S instance value for IP GTZC is applicable
2025-01-17 16:29:55,589 [INFO] Rule:228 - rule GTZC_S instance for mcu.IP is applicable
2025-01-17 16:29:55,589 [INFO] Rule:228 - rule GTZC_S instance for VP is applicable
2025-01-17 16:29:55,589 [INFO] Rule:228 - rule GTZC_S instance for signal is applicable
2025-01-17 16:29:55,589 [INFO] Rule:228 - rule GTZC_S instance for mcu.Pin is applicable
2025-01-17 16:29:55,589 [INFO] Rule:228 - rule GTZC_S instance for VP is applicable
2025-01-17 16:29:55,589 [INFO] Rule:228 - rule GTZC_S instance for signal is applicable
2025-01-17 16:29:55,589 [INFO] Rule:228 - rule GTZC_S instance for mcu is applicable
2025-01-17 16:29:55,589 [INFO] Rule:228 - rule GTZC_S instance for mcu.Pin is applicable
2025-01-17 16:29:55,590 [INFO] Rule:228 - rule GTZC_S instance value for IP GTZC is applicable
2025-01-17 16:29:55,590 [INFO] Rule:228 - rule GTZC_S instance for project manager is applicable
2025-01-17 16:29:55,590 [INFO] Rule:228 - rule GTZC_S instance for context M33S is applicable
2025-01-17 16:29:55,590 [INFO] Rule:228 - rule GTZC_S instance for VP is applicable
2025-01-17 16:29:55,590 [INFO] Rule:228 - rule GTZC_S instance for signal is applicable
2025-01-17 16:29:55,590 [INFO] Rule:228 - rule SPDIFRX instance for mcu is applicable
2025-01-17 16:29:55,590 [INFO] Rule:228 - rule Rename Tracer Mode is applicable
2025-01-17 16:29:55,590 [INFO] Rule:228 - rule SPDIFRX instance value for IP SPDIFRX is applicable
2025-01-17 16:29:55,590 [INFO] Rule:228 - rule SPDIFRX instance for signal is applicable
2025-01-17 16:29:55,590 [INFO] Rule:228 - rule SPDIFRX instance for project manager is applicable
2025-01-17 16:29:55,590 [INFO] Rule:228 - rule SPDIFRX instance for project manager is applicable
2025-01-17 16:29:55,590 [INFO] Rule:228 - rule ADC Scan  fix with FW F7 is applicable
2025-01-17 16:29:55,590 [INFO] Rule:228 - rule ADC Scan  fix with FW F7 is applicable
2025-01-17 16:29:55,590 [INFO] Rule:228 - rule WakeUp0 Mode is applicable
2025-01-17 16:29:55,590 [INFO] Rule:228 - rule WakeUp0 SIGNAL is applicable
2025-01-17 16:29:55,591 [INFO] Rule:228 - rule WakeUp1 Mode is applicable
2025-01-17 16:29:55,591 [INFO] Rule:228 - rule WakeUp1 SIGNAL is applicable
2025-01-17 16:29:55,591 [INFO] Rule:228 - rule WakeUp2 Mode is applicable
2025-01-17 16:29:55,591 [INFO] Rule:228 - rule WakeUp2 SIGNAL is applicable
2025-01-17 16:29:55,591 [INFO] Rule:228 - rule WakeUp4 Mode is applicable
2025-01-17 16:29:55,591 [INFO] Rule:228 - rule WakeUp4 SIGNAL is applicable
2025-01-17 16:29:55,591 [INFO] Rule:228 - rule WakeUp5 Mode is applicable
2025-01-17 16:29:55,591 [INFO] Rule:228 - rule WakeUp5 SIGNAL is applicable
2025-01-17 16:29:55,591 [INFO] Rule:228 - rule Add RTC Activate Clock Source is applicable
2025-01-17 16:29:55,591 [INFO] Rule:228 - rule Add RTC Activate Calendar 1 is applicable
2025-01-17 16:29:55,591 [INFO] Rule:228 - rule Add RTC Activate Calendar 2 is applicable
2025-01-17 16:29:55,591 [INFO] Rule:228 - rule Add RTC Activate Calendar 3 is applicable
2025-01-17 16:29:55,591 [INFO] Rule:228 - rule UART/USART TX Mode is applicable
2025-01-17 16:29:55,591 [INFO] Rule:228 - rule UART/USART RX Mode is applicable
2025-01-17 16:29:55,591 [INFO] Rule:228 - rule UART/USART RX TX Mode is applicable
2025-01-17 16:29:55,591 [INFO] Rule:228 - rule UART/USART PARITY NONE is applicable
2025-01-17 16:29:55,591 [INFO] Rule:228 - rule UART/USART PARITY EVEN is applicable
2025-01-17 16:29:55,591 [INFO] Rule:228 - rule UART/USART PARITY ODD is applicable
2025-01-17 16:29:55,591 [INFO] Rule:228 - rule USART StopBits 1 is applicable
2025-01-17 16:29:55,592 [INFO] Rule:228 - rule USART StopBits 2 is applicable
2025-01-17 16:29:55,592 [INFO] Rule:228 - rule USART StopBits 1.5 is applicable
2025-01-17 16:29:55,592 [INFO] Rule:228 - rule USART StopBits 0.5 is applicable
2025-01-17 16:29:55,592 [INFO] Rule:228 - rule UART/USART WORD LENGTH 7 is applicable
2025-01-17 16:29:55,592 [INFO] Rule:228 - rule UART/USART WORD LENGTH 8 is applicable
2025-01-17 16:29:55,592 [INFO] Rule:228 - rule UART/USART WORD LENGTH 9 is applicable
2025-01-17 16:29:55,592 [INFO] Rule:228 - rule Rename FMC NAND NCE signal is applicable
2025-01-17 16:29:55,592 [INFO] Rule:228 - rule Rename FMC NAND INT signal is applicable
2025-01-17 16:29:55,592 [INFO] Rule:228 - rule Change Default Value for LSE Drive Capability for WB family is applicable
2025-01-17 16:29:55,592 [INFO] Rule:228 - rule Change Default Value for ADC Clock Prescaler G0 family is applicable
2025-01-17 16:29:55,592 [INFO] Rule:228 - rule Change Default Value for ADC ExternalTrigConv L4 family is applicable
2025-01-17 16:29:55,592 [INFO] Rule:228 - rule Change Default Value for ADC ExternalTrigInjecConv L4 family is applicable
2025-01-17 16:29:55,592 [INFO] Rule:228 - rule Change Default Value for ADC ExternalTrigConv F3 family is applicable
2025-01-17 16:29:55,592 [INFO] Rule:228 - rule Change Default Value for ADC ExternalTrigInjecConv F3 family is applicable
2025-01-17 16:29:55,592 [INFO] Rule:228 - rule Change Default Value for ADC ExternalTrigConv Goldfish serie is applicable
2025-01-17 16:29:55,592 [INFO] Rule:228 - rule Change Default Value for ADC ExternalTrigInjecConv Goldfish serie is applicable
2025-01-17 16:29:55,592 [INFO] Rule:228 - rule Change Default Value for ADC ExternalTrigConv L0 family is applicable
2025-01-17 16:29:55,592 [INFO] Rule:228 - rule Change Default Value for ADC ExternalTrigConv F0 family is applicable
2025-01-17 16:29:55,592 [INFO] Rule:228 - rule Change Default Value for ADC ExternalTrigConvn L1 family is applicable
2025-01-17 16:29:55,593 [INFO] Rule:228 - rule Change Default Value for ADC ExternalTrigInjecConv L1 family is applicable
2025-01-17 16:29:55,593 [INFO] Rule:228 - rule Change Default Value for ADC ExternalTrigConv F1 family is applicable
2025-01-17 16:29:55,593 [INFO] Rule:228 - rule Change Default Value for ADC ExternalTrigInjecConv F1 family is applicable
2025-01-17 16:29:55,593 [INFO] Rule:228 - rule Change Default Value for ADC ExternalTrigConv F7 family is applicable
2025-01-17 16:29:55,593 [INFO] Rule:228 - rule Change Default Value for ADC ExternalTrigInjecConv F7 family is applicable
2025-01-17 16:29:55,593 [INFO] Rule:228 - rule Change Default Value for ADC ExternalTrigConv F4 and F2 family is applicable
2025-01-17 16:29:55,593 [INFO] Rule:228 - rule Change Default Value for ADC ExternalTrigInjecConv F4 and F2 family is applicable
2025-01-17 16:29:55,593 [INFO] Rule:228 - rule ADC SamplingTime fix with FW L0  is applicable
2025-01-17 16:29:55,593 [INFO] Rule:228 - rule ADC SamplingTime fix with FW L0  is applicable
2025-01-17 16:29:55,593 [INFO] Rule:228 - rule ADC SamplingTime fix with FW L0 is applicable
2025-01-17 16:29:55,593 [INFO] Rule:228 - rule ADC SamplingTime fix with FW L0 is applicable
2025-01-17 16:29:55,593 [INFO] Rule:228 - rule ADC SamplingTime fix with FW L0  is applicable
2025-01-17 16:29:55,593 [INFO] Rule:228 - rule ADC SamplingTime fix with FW L0 is applicable
2025-01-17 16:29:55,593 [INFO] Rule:228 - rule Rename USB_OE Signal is applicable
2025-01-17 16:29:55,593 [INFO] Rule:228 - rule Rename Activate_OE Mode is applicable
2025-01-17 16:29:55,593 [INFO] Rule:228 - rule Rename DIE462/DIE415 pin PC14/OSC32_IN -> PC14-OSC32_IN (PC14) is applicable
2025-01-17 16:29:55,594 [INFO] Rule:228 - rule Rename DIE462/DIE415 pin PC15/OSC32_OUT -> PC15-OSC32_OUT (PC15) is applicable
2025-01-17 16:29:55,594 [INFO] Rule:228 - rule Rename DIE462/DIE415 pin PH0/OSC_IN -> PH0-OSC_IN (PH0) is applicable
2025-01-17 16:29:55,594 [INFO] Rule:228 - rule Rename DIE462/DIE415 pin PH1/OSC_OUT -> PH1-OSC_OUT (PH1) is applicable
2025-01-17 16:29:55,594 [INFO] Rule:228 - rule Rename DIE462 pin PA13 -> PA13 (JTMS/SWDIO) is applicable
2025-01-17 16:29:55,594 [INFO] Rule:228 - rule Rename DIE415 pin PA13 -> PA13 (JTMS/SWDIO) is applicable
2025-01-17 16:29:55,594 [INFO] Rule:228 - rule Rename DIE462 pin PA14 -> PA14 (JTCK/SWCLK) is applicable
2025-01-17 16:29:55,594 [INFO] Rule:228 - rule Rename DIE415 pin PA14 -> PA14 (JTCK/SWCLK) is applicable
2025-01-17 16:29:55,594 [INFO] Rule:228 - rule Rename DIE462/DIE415 pin PA15 -> PA15 (JTDI) is applicable
2025-01-17 16:29:55,594 [INFO] Rule:228 - rule Rename DIE462 pin PB3 -> PB3 (JTD0/TRACESWO) is applicable
2025-01-17 16:29:55,594 [INFO] Rule:228 - rule Rename DIE415 pin PB3 -> PB3 (JTD0-TRACESWO) is applicable
2025-01-17 16:29:55,594 [INFO] Rule:228 - rule Rename DIE462/DIE415 pin PB4 -> PB4 (NJTRST) is applicable
2025-01-17 16:29:55,594 [INFO] Rule:228 - rule Rename DIE462 pin PH3/BOOT0 -> PH3-BOOT0 (BOOT0) is applicable
2025-01-17 16:29:55,594 [INFO] Rule:228 - rule Rename CRYP DataEncryptionTypesList to Algorithm is applicable
2025-01-17 16:29:55,594 [INFO] Rule:228 - rule Rename AES DataEncryptionTypesList to Algorithm is applicable
2025-01-17 16:29:55,594 [INFO] Rule:228 - rule Rename TDESECB to CRYP_TDES_ECB is applicable
2025-01-17 16:29:55,594 [INFO] Rule:228 - rule Rename TDESCBC to CRYP_TDES_CBC is applicable
2025-01-17 16:29:55,594 [INFO] Rule:228 - rule Rename DESECB to CRYP_DES_ECB is applicable
2025-01-17 16:29:55,594 [INFO] Rule:228 - rule Rename DESCBC to CRYP_DES_CBC is applicable
2025-01-17 16:29:55,594 [INFO] Rule:228 - rule Rename AESECB to CRYP_AES_ECB is applicable
2025-01-17 16:29:55,595 [INFO] Rule:228 - rule Rename AESCBC to CRYP_AES_CBC is applicable
2025-01-17 16:29:55,595 [INFO] Rule:228 - rule Rename AESCTR to CRYP_AES_CTR is applicable
2025-01-17 16:29:55,595 [INFO] Rule:228 - rule Rename AESGCM to CRYP_AES_GCM is applicable
2025-01-17 16:29:55,595 [INFO] Rule:228 - rule Rename AESCCM to CRYP_AES_CCM is applicable
2025-01-17 16:29:55,595 [INFO] Rule:228 - rule Rename CAN TimeSeg1 to BS1 is applicable
2025-01-17 16:29:55,595 [INFO] Rule:228 - rule Rename CAN TimeSeg2 to BS2 is applicable
2025-01-17 16:29:55,595 [INFO] Rule:228 - rule Rename CAN SyncJumpWidth to SJW is applicable
2025-01-17 16:29:55,595 [INFO] Rule:228 - rule TimeTriggeredMode to TTCM is applicable
2025-01-17 16:29:55,595 [INFO] Rule:228 - rule Rename CAN AutoBusOff to ABOM is applicable
2025-01-17 16:29:55,595 [INFO] Rule:228 - rule Rename CAN AutoWakeUp to AWUM is applicable
2025-01-17 16:29:55,595 [INFO] Rule:228 - rule Rename CAN AutoRetransmission to NART is applicable
2025-01-17 16:29:55,595 [INFO] Rule:228 - rule Rename CAN ReceiveFifoLocked to RFLM is applicable
2025-01-17 16:29:55,595 [INFO] Rule:228 - rule Rename CAN TransmitFifoPriority to TXFP is applicable
2025-01-17 16:29:55,595 [INFO] Rule:228 - rule Rename HRTIMER HRTIM_OUTPUTFAULTLEVEL_HIGH in HRTIMER HRTIM_OUTPUTFAULTLEVEL_HIGHZ is applicable
2025-01-17 16:29:55,595 [INFO] Rule:228 - rule Rename TIMER TIM_CLEARINPUTSOURCE_OCREFCLR in  TIMER TIM_CLEARINPUTSOURCE_NONE for F7 family is applicable
2025-01-17 16:29:55,595 [INFO] Rule:228 - rule FDCAN_R1 - Rename FDCAN mode Master into Classic is applicable
2025-01-17 16:29:55,595 [INFO] Rule:228 - rule FDCAN_R2 - Rename FDCAN mode Slave into Classic is applicable
2025-01-17 16:29:55,595 [INFO] Rule:228 - rule FDCAN1_R3 - if PA10.Mode=FullDuplex, add Pin PA12 is applicable
2025-01-17 16:29:55,595 [INFO] Rule:228 - rule FDCAN1_R3 - if PA9.Mode=FullDuplex, add Pin PA11 is applicable
2025-01-17 16:29:55,595 [INFO] Rule:228 - rule FDCAN1_R3 - Alternatepin_1 - if PE1.Mode=FullDuplex, add Pin PB9 is applicable
2025-01-17 16:29:55,595 [INFO] Rule:228 - rule FDCAN1_R3 - Alternatepin_1 - if PE0.Mode=FullDuplex, add Pin PB8 is applicable
2025-01-17 16:29:55,595 [INFO] Rule:228 - rule FDCAN1_R3 - Alternatepin_2 - if PD5.Mode=FullDuplex, add Pin PD1 is applicable
2025-01-17 16:29:55,596 [INFO] Rule:228 - rule FDCAN1_R3 - Alternatepin_2 - if PD4.Mode=FullDuplex, add Pin PD0 is applicable
2025-01-17 16:29:55,596 [INFO] Rule:228 - rule FDCAN1_R4 - Rename Mode FullDuplex into Enable FDCAN_TXFD for pin PA10 is applicable
2025-01-17 16:29:55,596 [INFO] Rule:228 - rule FDCAN1_R4 - Rename Mode FullDuplex into Enable FDCAN_TXFD for pin PA9 is applicable
2025-01-17 16:29:55,596 [INFO] Rule:228 - rule FDCAN1_R4 - Alternatepin_1 - Rename Mode FullDuplex into Enable FDCAN_TXFD for pin PE1 is applicable
2025-01-17 16:29:55,596 [INFO] Rule:228 - rule FDCAN1_R4 - Alternatepin_1 - Rename Mode FullDuplex into Enable FDCAN_TXFD for pin PE0 is applicable
2025-01-17 16:29:55,596 [INFO] Rule:228 - rule FDCAN1_R4 - Alternatepin_2 - Rename Mode FullDuplex into Enable FDCAN_TXFD for pin PD5 is applicable
2025-01-17 16:29:55,596 [INFO] Rule:228 - rule FDCAN1_R4 - Alternatepin_2 - Rename Mode FullDuplex into Enable FDCAN_TXFD for pin PD4 is applicable
2025-01-17 16:29:55,596 [INFO] Rule:228 - rule FDCAN2_R3 - if PD10.Mode=FullDuplex, add Pin PB13 is applicable
2025-01-17 16:29:55,596 [INFO] Rule:228 - rule FDCAN2_R3 - if PD9.Mode=FullDuplex, add Pin PB12 is applicable
2025-01-17 16:29:55,596 [INFO] Rule:228 - rule FDCAN2_R3 - Alternatepin_1 - if PB7.Mode=FullDuplex, add Pin PB6 is applicable
2025-01-17 16:29:55,596 [INFO] Rule:228 - rule FDCAN2_R3 - Alternatepin_1 - if PD9.Mode=FullDuplex, add Pin PB12 is applicable
2025-01-17 16:29:55,596 [INFO] Rule:228 - rule FDCAN2_R4 - Rename Mode FullDuplex into Enable FDCAN_TXFD for pin PD10 is applicable
2025-01-17 16:29:55,596 [INFO] Rule:228 - rule FDCAN2_R4 - Rename Mode FullDuplex into Enable FDCAN_TXFD for pin PD9 is applicable
2025-01-17 16:29:55,596 [INFO] Rule:228 - rule FDCAN2_R4 - Alternatepin_1 - Rename Mode FullDuplex into Enable FDCAN_TXFD for pin PB7 is applicable
2025-01-17 16:29:55,596 [INFO] Rule:228 - rule FDCAN2_R4 - Alternatepin_1 - Rename Mode FullDuplex into Enable FDCAN_TXFD for pin PD6 is applicable
2025-01-17 16:29:55,596 [INFO] Rule:228 - rule USART TxPinLevelInvertParam Mode is applicable
2025-01-17 16:29:55,596 [INFO] Rule:228 - rule USART RxPinLevelInvertParam Mode is applicable
2025-01-17 16:29:55,596 [INFO] Rule:228 - rule USART DataInvertParam Mode is applicable
2025-01-17 16:29:55,596 [INFO] Rule:228 - rule USART SwapParam Mode is applicable
2025-01-17 16:29:55,596 [INFO] Rule:228 - rule USART OverrunDisableParam Mode is applicable
2025-01-17 16:29:55,596 [INFO] Rule:228 - rule USART DMADisableonRxErrorParam Mode is applicable
2025-01-17 16:29:55,596 [INFO] Rule:228 - rule USART MSBFirstParam Mode is applicable
2025-01-17 16:29:55,597 [INFO] Rule:228 - rule Update MwName for USB_DEVICE is applicable
2025-01-17 16:29:55,597 [INFO] Rule:228 - rule Change PWR_Regulator_Voltage_Scale Default Value for RCC  H7 family is applicable
2025-01-17 16:29:55,597 [INFO] Rule:228 - rule UART/USART IPParameter rename Prescaler parameter to ClockPrescaler is applicable
2025-01-17 16:29:55,597 [INFO] Rule:228 - rule UART/USART Prescaler rename Prescaler parameter to ClockPrescaler is applicable
2025-01-17 16:29:55,597 [INFO] Rule:228 - rule TIM1CLockSelection is applicable
2025-01-17 16:29:55,597 [INFO] Rule:228 - rule TIM15CLockSelection is applicable
2025-01-17 16:29:55,597 [INFO] Rule:228 - rule align RCC SDMMC3CLockSelection default value on MP1 is applicable
2025-01-17 16:29:55,597 [INFO] Rule:228 - rule align RCC SDMMC12CLockSelection default value on MP1 is applicable
2025-01-17 16:29:55,597 [INFO] Rule:228 - rule align RCC QSPICLockSelection default value on MP1 is applicable
2025-01-17 16:29:55,597 [INFO] Rule:228 - rule align RCC QSPICLockSelection default value on MP1 is applicable
2025-01-17 16:29:55,597 [INFO] Rule:228 - rule align RCC SPI6CLockSelection default value on MP1 is applicable
2025-01-17 16:29:55,597 [INFO] Rule:228 - rule align RCC LPTIM23CLockSelection default value on MP1 is applicable
2025-01-17 16:29:55,597 [INFO] Rule:228 - rule align RCC LPTIM1CLockSelection default value on MP1 is applicable
2025-01-17 16:29:55,597 [INFO] Rule:228 - rule align RCC USART1CLockSelection default value on MP1 is applicable
2025-01-17 16:29:55,597 [INFO] Rule:228 - rule align RCC USART24CLockSelection default value on MP1 is applicable
2025-01-17 16:29:55,597 [INFO] Rule:228 - rule align RCC USART6CLockSelection default value on MP1 is applicable
2025-01-17 16:29:55,597 [INFO] Rule:228 - rule align RCC UART78CLockSelection default value on MP1 is applicable
2025-01-17 16:29:55,597 [INFO] Rule:228 - rule align RCC USART35CLockSelection default value on MP1 is applicable
2025-01-17 16:29:55,597 [INFO] Rule:228 - rule align RCC SPI45CLockSelection default value on MP1 is applicable
2025-01-17 16:29:55,597 [INFO] Rule:228 - rule align RCC I2C46CLockSelection BCLK value on MP1 is applicable
2025-01-17 16:29:55,597 [INFO] Rule:228 - rule align RCC SPI45CLockSelection default value on MP1 is applicable
2025-01-17 16:29:55,597 [INFO] Rule:228 - rule align RCC I2C12CLockSelection default value on MP1 is applicable
2025-01-17 16:29:55,597 [INFO] Rule:228 - rule align RCC I2C35CLockSelection default value on MP1 is applicable
2025-01-17 16:29:55,597 [INFO] Rule:228 - rule align RCC LPTIM45CLockSelection default value on MP1 is applicable
2025-01-17 16:29:55,598 [INFO] Rule:228 - rule Rename DCMI PIXCK signal is applicable
2025-01-17 16:29:55,598 [INFO] Rule:228 - rule Change Default Value for I2C46CLockSelection MP1 family is applicable
2025-01-17 16:29:55,598 [INFO] Rule:228 - rule Change Default Value for UART for G4, G0 and WB families is applicable
2025-01-17 16:29:55,598 [INFO] Rule:228 - rule Change Default Value for USART for G4, G0 and WB families is applicable
2025-01-17 16:29:55,598 [INFO] Rule:228 - rule Change Default Value for USART for G4 family is applicable
2025-01-17 16:29:55,598 [INFO] Rule:228 - rule Change USART1CLockSelection refparam name for MP1 is applicable
2025-01-17 16:29:55,598 [INFO] Rule:228 - rule Change USART2CLockSelection refparam name for MP1 is applicable
2025-01-17 16:29:55,598 [INFO] Rule:228 - rule Change USART3CLockSelection refparam name for MP1 is applicable
2025-01-17 16:29:55,598 [INFO] Rule:228 - rule Change UART4CLockSelection refparam name for MP1 is applicable
2025-01-17 16:29:55,598 [INFO] Rule:228 - rule Change UART5CLockSelection refparam name for MP1 is applicable
2025-01-17 16:29:55,598 [INFO] Rule:228 - rule Change LPUART1CLockSelection refparam name for MP1 is applicable
2025-01-17 16:29:55,598 [INFO] Rule:228 - rule Change LPTIM1CLockSelection refparam name for MP1 is applicable
2025-01-17 16:29:55,598 [INFO] Rule:228 - rule Change LPTIM2CLockSelection refparam name for MP1 is applicable
2025-01-17 16:29:55,598 [INFO] Rule:228 - rule Change RCC_MCO1Source refparam name for MP1 is applicable
2025-01-17 16:29:55,598 [INFO] Rule:228 - rule Change LSCOSource1 refparam name for MP1 is applicable
2025-01-17 16:29:55,598 [INFO] Rule:228 - rule Change SMPSCLockSelection refparam name for MP1 is applicable
2025-01-17 16:29:55,598 [INFO] Rule:228 - rule Change LPTIM3CLockSelection refparam name for MP1 is applicable
2025-01-17 16:29:55,598 [INFO] Rule:228 - rule Change MPCBB* Default Template Mode to Parameters is applicable
2025-01-17 16:29:55,598 [INFO] Rule:228 - rule Change MPCWM* or MPCBB* Secure Mode to Parameters is applicable
2025-01-17 16:29:55,598 [INFO] Rule:228 - rule Change MPCWM* or MPCBB* No Secure Mode to Parameters is applicable
2025-01-17 16:29:55,598 [INFO] Rule:228 - rule Change TZSC IP Secure Mode to Parameters is applicable
2025-01-17 16:29:55,598 [INFO] Rule:228 - rule Change TZSC IP No Secure Mode to Parameters is applicable
2025-01-17 16:29:55,598 [INFO] Rule:228 - rule Change TZSC IP Privilege Mode to Parameters is applicable
2025-01-17 16:29:55,598 [INFO] Rule:228 - rule Change TZSC IP No Privilege Mode to Parameters is applicable
2025-01-17 16:29:55,598 [INFO] Rule:228 - rule Change TZIC IT Secure Mode to Parameters is applicable
2025-01-17 16:29:55,599 [INFO] Rule:228 - rule Change TZIC IT No Secure Mode to Parameters is applicable
2025-01-17 16:29:55,599 [INFO] Rule:228 - rule Add MPCBB1_NonSecureArea_Start_Address value with referenced to MPCBB1_NonSecureArea_Start value is applicable
2025-01-17 16:29:55,599 [INFO] Rule:228 - rule Add MPCBB2_NonSecureArea_Start_Address value with referenced to MPCBB2_NonSecureArea_Start value is applicable
2025-01-17 16:29:55,599 [INFO] Rule:228 - rule Add MPCWM1_NonSecureArea*_Start_Address value with referenced to MPCWM1_NonSecureArea*_Start value is applicable
2025-01-17 16:29:55,599 [INFO] Rule:228 - rule Add MPCWM2_NonSecureArea*_Start_Address value with referenced to MPCWM2_NonSecureArea*_Start value is applicable
2025-01-17 16:29:55,599 [INFO] Rule:228 - rule Add MPCWM3_NonSecureArea_Start_Address value with referenced to MPCWM3_NonSecureArea_Start value is applicable
2025-01-17 16:29:55,599 [INFO] Rule:228 - rule Change Default Value for PLL1UserDefinedConfig is applicable
2025-01-17 16:29:55,599 [INFO] Rule:228 - rule Change GPIO_PuPd Default Value for USART in async mode is applicable
2025-01-17 16:29:55,599 [INFO] Rule:228 - rule Change SMPSDivider Default Value is applicable
2025-01-17 16:29:55,599 [INFO] Rule:228 - rule OPAMP is applicable
2025-01-17 16:29:55,599 [INFO] Rule:228 - rule LPUART IPParameter rename Prescaler parameter to ClockPrescaler for STM32H7 is applicable
2025-01-17 16:29:55,599 [INFO] Rule:228 - rule LPUART IPParameter rename Prescaler parameter to ClockPrescaler for STM32H7 is applicable
2025-01-17 16:29:55,599 [INFO] Rule:228 - rule LPUART IPParameter rename Prescaler parameter to ClockPrescaler for STM32WB is applicable
2025-01-17 16:29:55,599 [INFO] Rule:228 - rule LPUART IPParameter rename Prescaler parameter to ClockPrescaler for STM32WB is applicable
2025-01-17 16:29:55,599 [INFO] Rule:228 - rule LPUART IPParameter rename Prescaler parameter to ClockPrescaler for STM32G4 is applicable
2025-01-17 16:29:55,599 [INFO] Rule:228 - rule LPUART IPParameter rename Prescaler parameter to ClockPrescaler for STM32G4 is applicable
2025-01-17 16:29:55,599 [INFO] Rule:228 - rule LPUART IPParameter rename Prescaler parameter to ClockPrescaler for STM32L5 is applicable
2025-01-17 16:29:55,599 [INFO] Rule:228 - rule LPUART IPParameter rename Prescaler parameter to ClockPrescaler for STM32L5 is applicable
2025-01-17 16:29:55,599 [INFO] Rule:228 - rule LPUART IPParameter rename Prescaler parameter to ClockPrescaler for STM32G4 is applicable
2025-01-17 16:29:55,599 [INFO] Rule:228 - rule LPUART IPParameter rename Prescaler parameter to ClockPrescaler for STM32G4 is applicable
2025-01-17 16:29:55,600 [INFO] Rule:228 - rule USB device lib V2.5.3 for L0 rename USBD_SUPPORT_USER_STRING parameter to USBD_SUPPORT_USER_STRING_DESC4 is applicable
2025-01-17 16:29:55,600 [INFO] Rule:228 - rule I2SCLockSelection clock entry align is applicable
2025-01-17 16:29:55,600 [INFO] Rule:228 - rule Assign TIMx context if used as SYS timebase is applicable
2025-01-17 16:29:55,600 [INFO] Rule:228 - rule Change GPIO_Pu Default Value for I2C is applicable
2025-01-17 16:29:55,600 [INFO] Rule:228 - rule Change GPIO_Pu Default Value for SMBus is applicable
2025-01-17 16:29:55,600 [INFO] Rule:228 - rule change FDCAN default value is applicable
2025-01-17 16:29:55,600 [INFO] Rule:228 - rule Change mode sai is applicable
2025-01-17 16:29:55,600 [INFO] Rule:228 - rule **Change sai mode is applicable
2025-01-17 16:29:55,600 [INFO] Rule:228 - rule Rename STM32WPAN CFG_BLE_IRK to CFG_BLE_IR is applicable
2025-01-17 16:29:55,600 [INFO] Rule:228 - rule Rename STM32WPAN CFG_BLE_ERK to CFG_BLE_ER is applicable
2025-01-17 16:29:55,600 [INFO] Rule:228 - rule Rename STM32WPAN CFG_BLE_IRK_HEX to CFG_BLE_IR_HEX is applicable
2025-01-17 16:29:55,600 [INFO] Rule:228 - rule Rename STM32WPAN CFG_BLE_ERK_HEX to CFG_BLE_ER_HEX is applicable
2025-01-17 16:29:55,627 [INFO] DbConfProperties:307 - Apply Compatibility (50/262 Rules)
2025-01-17 16:29:55,654 [INFO] ImportTextPane:194 - (OptionalMessage_ERROR) Unable to find key (Mcu.ThirdPartyNb) in loaded IOC file
2025-01-17 16:29:55,839 [INFO] RtosManager:555 - Registered RTOS mode: class=CMSIS, group=RTOS, mode=CMSIS_V1, owner=FREERTOS
2025-01-17 16:29:55,839 [INFO] RtosManager:555 - Registered RTOS mode: class=CMSIS, group=RTOS2, mode=CMSIS_V2, owner=FREERTOS
2025-01-17 16:29:55,839 [INFO] RtosManager:555 - Registered RTOS mode: class=RTOS, group=Core, mode=CMSIS_V1, owner=FREERTOS
2025-01-17 16:29:55,839 [INFO] RtosManager:555 - Registered RTOS mode: class=RTOS, group=Core, mode=CMSIS_V2, owner=FREERTOS
2025-01-17 16:29:55,839 [WARN] ModelIntegratedComponent:184 - Missing modes for component STMicroelectronics:FreeRTOS:0.0.1:STMicroelectronics:RTOS:FreeRTOS:Core:::10.2.0:
2025-01-17 16:29:55,850 [WARN] ModelIntegratedComponent:63 - No mode defined for component null
2025-01-17 16:29:55,850 [WARN] ModelIntegratedComponent:63 - No mode defined for component null
2025-01-17 16:29:55,850 [WARN] ModelIntegratedComponent:63 - No mode defined for component null
2025-01-17 16:29:55,851 [WARN] ModelIntegratedComponent:63 - No mode defined for component null
2025-01-17 16:29:55,851 [WARN] ModelIntegratedComponent:63 - No mode defined for component null
2025-01-17 16:29:55,851 [WARN] ModelIntegratedComponent:63 - No mode defined for component null
2025-01-17 16:29:55,851 [WARN] ModelIntegratedComponent:63 - No mode defined for component null
2025-01-17 16:29:55,851 [WARN] ModelIntegratedComponent:63 - No mode defined for component null
2025-01-17 16:29:55,851 [WARN] ModelIntegratedComponent:63 - No mode defined for component null
2025-01-17 16:29:55,851 [WARN] ModelIntegratedComponent:63 - No mode defined for component null
2025-01-17 16:29:55,851 [WARN] ModelIntegratedComponent:63 - No mode defined for component null
2025-01-17 16:29:55,851 [WARN] ModelIntegratedComponent:63 - No mode defined for component null
2025-01-17 16:29:55,851 [WARN] ModelIntegratedComponent:63 - No mode defined for component null
2025-01-17 16:29:55,851 [WARN] ModelIntegratedComponent:63 - No mode defined for component null
2025-01-17 16:29:55,851 [WARN] ModelIntegratedComponent:63 - No mode defined for component null
2025-01-17 16:29:55,851 [WARN] ModelIntegratedComponent:63 - No mode defined for component null
2025-01-17 16:29:55,851 [WARN] ModelIntegratedComponent:63 - No mode defined for component null
2025-01-17 16:29:55,851 [WARN] ModelIntegratedComponent:63 - No mode defined for component null
2025-01-17 16:29:55,851 [WARN] ModelIntegratedComponent:63 - No mode defined for component null
2025-01-17 16:29:55,851 [WARN] ModelIntegratedComponent:63 - No mode defined for component null
2025-01-17 16:29:55,851 [WARN] ModelIntegratedComponent:63 - No mode defined for component null
2025-01-17 16:29:55,851 [WARN] ModelIntegratedComponent:63 - No mode defined for component null
2025-01-17 16:29:55,851 [WARN] ModelIntegratedComponent:63 - No mode defined for component null
2025-01-17 16:29:55,852 [WARN] ModelIntegratedComponent:63 - No mode defined for component null
2025-01-17 16:29:55,852 [WARN] ModelIntegratedComponent:63 - No mode defined for component null
2025-01-17 16:29:55,852 [WARN] ModelIntegratedComponent:63 - No mode defined for component null
2025-01-17 16:29:55,852 [WARN] ModelIntegratedComponent:63 - No mode defined for component null
2025-01-17 16:29:55,852 [WARN] ModelIntegratedComponent:63 - No mode defined for component null
2025-01-17 16:29:55,852 [WARN] ModelIntegratedComponent:63 - No mode defined for component null
2025-01-17 16:29:55,852 [WARN] ModelIntegratedComponent:63 - No mode defined for component null
2025-01-17 16:29:55,852 [WARN] ModelIntegratedComponent:63 - No mode defined for component null
2025-01-17 16:29:55,852 [WARN] ModelIntegratedComponent:63 - No mode defined for component null
2025-01-17 16:29:55,852 [WARN] ModelIntegratedComponent:63 - No mode defined for component null
2025-01-17 16:29:55,852 [WARN] ModelIntegratedComponent:63 - No mode defined for component null
2025-01-17 16:29:56,016 [INFO] ThirdPartyModel:298 - Start build external matchings
2025-01-17 16:29:56,744 [INFO] ThirdPartyModel:316 - End build external matchings
2025-01-17 16:29:56,762 [INFO] ImportTextPane:194 - (OptionalMessage_ERROR) IP (RCC) : Parameter (RTCHSEDivFreq_Value) has invalid value (4000000)
2025-01-17 16:29:56,911 [INFO] UtilMem:75 - End LoadConfig() Used Memory: 703040896 Bytes (1001390080)
2025-01-17 16:29:57,034 [WARN] ThirdParty:833 - waiting for thirdparty lock release [change project]
2025-01-17 16:29:57,034 [INFO] ThirdParty:835 - entering critical section [change project]
2025-01-17 16:29:57,034 [INFO] ThirdParty:1030 - CMSIS Pack Vendor :STMicroelectronics USBPD 4.1
2025-01-17 16:29:57,034 [INFO] ThirdParty:1030 - CMSIS Pack Vendor :STMicroelectronics X-CUBE-AZRTOS-H7 3.3.0
2025-01-17 16:29:57,034 [INFO] ThirdParty:1030 - CMSIS Pack Vendor :STMicroelectronics X-CUBE-NFC9 1.0.0
2025-01-17 16:29:57,034 [INFO] ThirdParty:1030 - CMSIS Pack Vendor :STMicroelectronics X-CUBE-GNSS1 6.0.0
2025-01-17 16:29:57,034 [INFO] ThirdParty:1030 - CMSIS Pack Vendor :STMicroelectronics USB_HOST 2.0.0
2025-01-17 16:29:57,034 [INFO] ThirdParty:1030 - CMSIS Pack Vendor :STMicroelectronics FP-SNS-MOTENVWB1 1.4.0
2025-01-17 16:29:57,034 [INFO] ThirdParty:1030 - CMSIS Pack Vendor :STMicroelectronics X-CUBE-AZRTOS-F4 1.1.0
2025-01-17 16:29:57,034 [INFO] ThirdParty:1030 - CMSIS Pack Vendor :STMicroelectronics LIBJPEG 8.0.0
2025-01-17 16:29:57,034 [INFO] ThirdParty:1030 - CMSIS Pack Vendor :STMicroelectronics FP-ATR-ASTRA1 2.0.1
2025-01-17 16:29:57,034 [INFO] ThirdParty:1030 - CMSIS Pack Vendor :STMicroelectronics X-CUBE-SMBUS 2.1.0
2025-01-17 16:29:57,035 [INFO] ThirdParty:1030 - CMSIS Pack Vendor :STMicroelectronics X-CUBE-WB05N 1.1.0
2025-01-17 16:29:57,035 [INFO] ThirdParty:1030 - CMSIS Pack Vendor :STMicroelectronics USB_DEVICE 3.0.0
2025-01-17 16:29:57,035 [INFO] ThirdParty:1030 - CMSIS Pack Vendor :STMicroelectronics X-CUBE-TCPP 4.1.0
2025-01-17 16:29:57,035 [INFO] ThirdParty:1030 - CMSIS Pack Vendor :STMicroelectronics X-CUBE-ISPU 2.1.0
2025-01-17 16:29:57,035 [INFO] ThirdParty:1030 - CMSIS Pack Vendor :STMicroelectronics X-CUBE-FREERTOS 1.2.0
2025-01-17 16:29:57,035 [INFO] ThirdParty:1030 - CMSIS Pack Vendor :STMicroelectronics X-CUBE-IPS 3.0.0
2025-01-17 16:29:57,035 [INFO] ThirdParty:1030 - CMSIS Pack Vendor :STMicroelectronics X-CUBE-AZRTOS-WB 2.0.0
2025-01-17 16:29:57,035 [INFO] ThirdParty:1030 - CMSIS Pack Vendor :STMicroelectronics X-CUBE-GNSS1 7.0.0
2025-01-17 16:29:57,035 [INFO] ThirdParty:1030 - CMSIS Pack Vendor :STMicroelectronics X-CUBE-GNSS1 7.0.1
2025-01-17 16:29:57,035 [INFO] ThirdParty:1030 - CMSIS Pack Vendor :STMicroelectronics X-CUBE-AZRTOS-F7 1.1.0
2025-01-17 16:29:57,035 [INFO] ThirdParty:1030 - CMSIS Pack Vendor :STMicroelectronics X-CUBE-AZRTOS-L5 2.0.0
2025-01-17 16:29:57,035 [INFO] ThirdParty:1030 - CMSIS Pack Vendor :STMicroelectronics USB_DEVICE 2.0.0
2025-01-17 16:29:57,035 [INFO] ThirdParty:1030 - CMSIS Pack Vendor :STMicroelectronics X-CUBE-NFC6 3.1.0
2025-01-17 16:29:57,035 [INFO] ThirdParty:1030 - CMSIS Pack Vendor :STMicroelectronics FP-SNS-STBOX1 2.0.0
2025-01-17 16:29:57,035 [INFO] ThirdParty:1030 - CMSIS Pack Vendor :STMicroelectronics X-CUBE-MEMS1 11.0.0
2025-01-17 16:29:57,035 [INFO] ThirdParty:1030 - CMSIS Pack Vendor :STMicroelectronics FreeRTOS 0.0.1
2025-01-17 16:29:57,035 [INFO] ThirdParty:1030 - CMSIS Pack Vendor :STMicroelectronics X-CUBE-AZRTOS-G0 1.1.0
2025-01-17 16:29:57,035 [INFO] ThirdParty:1030 - CMSIS Pack Vendor :STMicroelectronics X-CUBE-SAFEA1 1.2.2
2025-01-17 16:29:57,035 [INFO] ThirdParty:1030 - CMSIS Pack Vendor :STMicroelectronics X-CUBE-NFC4 3.0.0
2025-01-17 16:29:57,035 [INFO] ThirdParty:1030 - CMSIS Pack Vendor :STMicroelectronics X-CUBE-DPower 1.2.0
2025-01-17 16:29:57,035 [INFO] ThirdParty:1030 - CMSIS Pack Vendor :STMicroelectronics X-CUBE-SUBG2 5.0.0
2025-01-17 16:29:57,036 [INFO] ThirdParty:1030 - CMSIS Pack Vendor :STMicroelectronics STM32_WPAN 1.0.0
2025-01-17 16:29:57,036 [INFO] ThirdParty:1030 - CMSIS Pack Vendor :EmbeddedOffice I-CUBE-FS-RTOS 1.0.1
2025-01-17 16:29:57,036 [INFO] ThirdParty:1030 - CMSIS Pack Vendor :STMicroelectronics lwIP 2.0.3
2025-01-17 16:29:57,036 [INFO] ThirdParty:1030 - CMSIS Pack Vendor :STMicroelectronics FP-SNS-FLIGHT1 5.0.2
2025-01-17 16:29:57,036 [INFO] ThirdParty:1030 - CMSIS Pack Vendor :Cesanta I-CUBE-Mongoose 7.13.0
2025-01-17 16:29:57,036 [INFO] ThirdParty:1030 - CMSIS Pack Vendor :STMicroelectronics USB_HOST 1.0.0
2025-01-17 16:29:57,036 [INFO] ThirdParty:1030 - CMSIS Pack Vendor :STMicroelectronics X-CUBE-AI 9.0.0
2025-01-17 16:29:57,036 [INFO] ThirdParty:1030 - CMSIS Pack Vendor :STMicroelectronics X-CUBE-AZRTOS-G4 2.0.0
2025-01-17 16:29:57,036 [INFO] ThirdParty:1030 - CMSIS Pack Vendor :STMicroelectronics PDM2PCM 3.1.0
2025-01-17 16:29:57,036 [INFO] ThirdParty:1030 - CMSIS Pack Vendor :STMicroelectronics PDM2PCM 3.3.0
2025-01-17 16:29:57,036 [INFO] ThirdParty:1030 - CMSIS Pack Vendor :STMicroelectronics X-CUBE-DISPLAY 3.0.0
2025-01-17 16:29:57,036 [INFO] ThirdParty:1030 - CMSIS Pack Vendor :RealThread X-CUBE-RT-Thread_Nano 4.1.1
2025-01-17 16:29:57,036 [INFO] ThirdParty:1030 - CMSIS Pack Vendor :wolfSSL I-CUBE-wolfSSL 5.7.0
2025-01-17 16:29:57,036 [INFO] ThirdParty:1030 - CMSIS Pack Vendor :STMicroelectronics X-CUBE-BLE1 7.0.0
2025-01-17 16:29:57,036 [INFO] ThirdParty:1030 - CMSIS Pack Vendor :STMicroelectronics FP-ATR-SIGFOX1 3.2.0
2025-01-17 16:29:57,036 [INFO] ThirdParty:1030 - CMSIS Pack Vendor :STMicroelectronics X-CUBE-NFC10 1.0.0
2025-01-17 16:29:57,036 [INFO] ThirdParty:1030 - CMSIS Pack Vendor :quantropi X-CUBE-qispace-sdk-base 1.9.3
2025-01-17 16:29:57,036 [INFO] ThirdParty:1030 - CMSIS Pack Vendor :STMicroelectronics X-CUBE-ISPU 2.0.0
2025-01-17 16:29:57,036 [INFO] ThirdParty:1030 - CMSIS Pack Vendor :STMicroelectronics X-CUBE-BLEMGR 4.0.0
2025-01-17 16:29:57,036 [INFO] ThirdParty:1030 - CMSIS Pack Vendor :STMicroelectronics X-CUBE-EEPRMA1 5.1.0
2025-01-17 16:29:57,036 [INFO] ThirdParty:1030 - CMSIS Pack Vendor :STMicroelectronics HAL Drivers 0.0.0
2025-01-17 16:29:57,036 [INFO] ThirdParty:1030 - CMSIS Pack Vendor :STMicroelectronics MBEDTLS 2.16.2
2025-01-17 16:29:57,036 [INFO] ThirdParty:1030 - CMSIS Pack Vendor :STMicroelectronics X-CUBE-ALS 1.0.2
2025-01-17 16:29:57,036 [INFO] ThirdParty:1030 - CMSIS Pack Vendor :emotas I-CUBE-CANOPEN 1.3.0
2025-01-17 16:29:57,036 [INFO] ThirdParty:1030 - CMSIS Pack Vendor :STMicroelectronics X-CUBE-FREERTOS 1.3.0
2025-01-17 16:29:57,036 [INFO] ThirdParty:1030 - CMSIS Pack Vendor :STMicroelectronics X-CUBE-MEMS1 10.0.0
2025-01-17 16:29:57,036 [INFO] ThirdParty:1030 - CMSIS Pack Vendor :STMicroelectronics X-CUBE-NFC7 1.0.1
2025-01-17 16:29:57,036 [INFO] ThirdParty:1030 - CMSIS Pack Vendor :STMicroelectronics MBEDTLS 2.14.1
2025-01-17 16:29:57,036 [INFO] ThirdParty:1030 - CMSIS Pack Vendor :STMicroelectronics X-CUBE-TOUCHGFX 4.24.0
2025-01-17 16:29:57,037 [INFO] ThirdParty:1030 - CMSIS Pack Vendor :ITTIA_DB I-CUBE-ITTIADB 8.9.0
2025-01-17 16:29:57,037 [INFO] ThirdParty:1030 - CMSIS Pack Vendor :wolfSSL I-CUBE-wolfTPM 3.2.0
2025-01-17 16:29:57,037 [INFO] ThirdParty:1030 - CMSIS Pack Vendor :STMicroelectronics X-CUBE-TOUCHGFX 4.24.2
2025-01-17 16:29:57,037 [INFO] ThirdParty:1030 - CMSIS Pack Vendor :STMicroelectronics X-CUBE-TOUCHGFX 4.24.1
2025-01-17 16:29:57,037 [INFO] ThirdParty:1030 - CMSIS Pack Vendor :portGmbH I-Cube-SoM-uGOAL 1.1.0
2025-01-17 16:29:57,037 [INFO] ThirdParty:1030 - CMSIS Pack Vendor :STMicroelectronics X-CUBE-BLEMGR 3.1.0
2025-01-17 16:29:57,037 [INFO] ThirdParty:1030 - CMSIS Pack Vendor :STMicroelectronics ThreadX 1.0.0
2025-01-17 16:29:57,037 [INFO] ThirdParty:1030 - CMSIS Pack Vendor :STMicroelectronics FP-SNS-SMARTAG2 1.2.0
2025-01-17 16:29:57,037 [INFO] ThirdParty:1030 - CMSIS Pack Vendor :STMicroelectronics X-CUBE-MEMS1 11.1.0
2025-01-17 16:29:57,037 [INFO] ThirdParty:1030 - CMSIS Pack Vendor :STMicroelectronics X-CUBE-AZRTOS-WL 2.0.0
2025-01-17 16:29:57,037 [INFO] ThirdParty:1030 - CMSIS Pack Vendor :SEGGER I-CUBE-embOS 1.3.1
2025-01-17 16:29:57,037 [INFO] ThirdParty:1030 - CMSIS Pack Vendor :STMicroelectronics X-CUBE-ALGOBUILD 1.4.0
2025-01-17 16:29:57,037 [INFO] ThirdParty:1030 - CMSIS Pack Vendor :STMicroelectronics FP-SNS-MOTENV1 5.0.0
2025-01-17 16:29:57,037 [INFO] ThirdParty:1030 - CMSIS Pack Vendor :STMicroelectronics USB_DEVICE 1.0.0
2025-01-17 16:29:57,037 [INFO] ThirdParty:1030 - CMSIS Pack Vendor :STMicroelectronics X-CUBE-AZRTOS-H7RS 1.0.0
2025-01-17 16:29:57,037 [INFO] ThirdParty:1030 - CMSIS Pack Vendor :wolfSSL I-CUBE-wolfMQTT 1.19.0
2025-01-17 16:29:57,037 [INFO] ThirdParty:1030 - CMSIS Pack Vendor :STMicroelectronics X-CUBE-AZRTOS-L4 2.0.0
2025-01-17 16:29:57,037 [INFO] ThirdParty:1030 - CMSIS Pack Vendor :STMicroelectronics ThreadX 0.0.2
2025-01-17 16:29:57,037 [INFO] ThirdParty:1030 - CMSIS Pack Vendor :WES I-CUBE-Cesium 1.3.0
2025-01-17 16:29:57,037 [INFO] ThirdParty:1030 - CMSIS Pack Vendor :STMicroelectronics FP-ATR-ASTRA1 2.0.0
2025-01-17 16:29:57,037 [INFO] ThirdParty:1030 - CMSIS Pack Vendor :STMicroelectronics lwIP 2.1.2
2025-01-17 16:29:57,037 [INFO] ThirdParty:1030 - CMSIS Pack Vendor :STMicroelectronics X-CUBE-SFXS2LP1 4.0.0
2025-01-17 16:29:57,037 [INFO] ThirdParty:1030 - CMSIS Pack Vendor :STMicroelectronics X-CUBE-BLE2 3.3.0
2025-01-17 16:29:57,037 [INFO] ThirdParty:1030 - CMSIS Pack Vendor :STMicroelectronics X-CUBE-TOF1 3.4.2
2025-01-17 16:29:57,037 [INFO] ThirdParty:1030 - CMSIS Pack Vendor :STMicroelectronics X-CUBE-TOF1 3.4.1
2025-01-17 16:29:57,037 [INFO] ThirdParty:1030 - CMSIS Pack Vendor :STMicroelectronics X-CUBE-AZRTOS-H7 3.2.0
2025-01-17 16:29:57,038 [INFO] ThirdParty:1030 - CMSIS Pack Vendor :Infineon AIROC-Wi-Fi-Bluetooth-STM32 1.6.0
2025-01-17 16:29:57,038 [INFO] ThirdParty:1030 - CMSIS Pack Vendor :STMicroelectronics PDM2PCM 3.2.0
2025-01-17 16:29:57,038 [INFO] ThirdParty:1030 - CMSIS Pack Vendor :wolfSSL I-CUBE-wolfSSH 1.4.17
2025-01-17 16:29:57,038 [INFO] ThirdParty:841 - exiting critical section [change project]
2025-01-17 16:29:57,326 [INFO] PinOutPanel:1561 - setPackage(No Configuration,No Configuration)
2025-01-17 16:29:57,327 [INFO] PinOutPanel:1561 - setPackage(STM32F407VGTx,LQFP100)
2025-01-17 16:29:57,611 [INFO] UtilMem:75 - Before build in PCC Used Memory: 528299832 Bytes (1001390080)
2025-01-17 16:29:58,100 [INFO] UtilMem:75 - After build in PCC Used Memory: 639448888 Bytes (1001390080)
2025-01-17 16:29:58,154 [INFO] ApiDbMcu:508 - Load IP Config File for USB_HOST
2025-01-17 16:29:58,155 [INFO] Middleware:617 - instanceName : USB_HOST bspName : Drive_VBUS_FS check condition success for : SW_VBUS_DRIVE_AUDIO_FS = false
2025-01-17 16:29:58,155 [INFO] Middleware:617 - instanceName : USB_HOST bspName : Drive_VBUS_FS check condition success for : SW_VBUS_DRIVE_AUDIO_FS = false
2025-01-17 16:29:58,155 [INFO] Middleware:617 - instanceName : USB_HOST bspName : Drive_VBUS_HS check condition success for : SW_VBUS_DRIVE_AUDIO_HS = false
2025-01-17 16:29:58,155 [INFO] Middleware:617 - instanceName : USB_HOST bspName : Drive_VBUS_HS check condition success for : SW_VBUS_DRIVE_AUDIO_HS = false
2025-01-17 16:29:58,155 [INFO] Middleware:617 - instanceName : USB_HOST bspName : Drive_VBUS_FS check condition success for : SW_VBUS_DRIVE_CDC_FS = false
2025-01-17 16:29:58,155 [INFO] Middleware:617 - instanceName : USB_HOST bspName : Drive_VBUS_FS check condition success for : SW_VBUS_DRIVE_CDC_FS = false
2025-01-17 16:29:58,155 [INFO] Middleware:617 - instanceName : USB_HOST bspName : Drive_VBUS_FS check condition success for : SW_VBUS_DRIVE_CDC_FS = false
2025-01-17 16:29:58,155 [INFO] Middleware:617 - instanceName : USB_HOST bspName : Drive_VBUS_HS check condition success for : SW_VBUS_DRIVE_CDC_HS = false
2025-01-17 16:29:58,155 [INFO] Middleware:617 - instanceName : USB_HOST bspName : Drive_VBUS_HS check condition success for : SW_VBUS_DRIVE_CDC_HS = false
2025-01-17 16:29:58,155 [INFO] Middleware:617 - instanceName : USB_HOST bspName : Drive_VBUS_FS check condition success for : SW_VBUS_DRIVE_HID_FS = false
2025-01-17 16:29:58,155 [INFO] Middleware:617 - instanceName : USB_HOST bspName : Drive_VBUS_FS check condition success for : SW_VBUS_DRIVE_HID_FS = false
2025-01-17 16:29:58,155 [INFO] Middleware:617 - instanceName : USB_HOST bspName : Drive_VBUS_HS check condition success for : SW_VBUS_DRIVE_HID_HS = false
2025-01-17 16:29:58,155 [INFO] Middleware:617 - instanceName : USB_HOST bspName : Drive_VBUS_HS check condition success for : SW_VBUS_DRIVE_HID_HS = false
2025-01-17 16:29:58,155 [INFO] Middleware:617 - instanceName : USB_HOST bspName : Drive_VBUS_FS check condition success for : SW_VBUS_DRIVE_MSC_FS = false
2025-01-17 16:29:58,155 [INFO] Middleware:617 - instanceName : USB_HOST bspName : Drive_VBUS_FS check condition success for : SW_VBUS_DRIVE_MSC_FS = false
2025-01-17 16:29:58,155 [INFO] Middleware:617 - instanceName : USB_HOST bspName : Drive_VBUS_HS check condition success for : SW_VBUS_DRIVE_MSC_HS = false
2025-01-17 16:29:58,155 [INFO] Middleware:617 - instanceName : USB_HOST bspName : Drive_VBUS_HS check condition success for : SW_VBUS_DRIVE_MSC_HS = false
2025-01-17 16:29:58,156 [INFO] Middleware:617 - instanceName : USB_HOST bspName : Drive_VBUS_FS check condition success for : ALL_SW_VBUS_DRIVE_FS = false
2025-01-17 16:29:58,156 [INFO] Middleware:617 - instanceName : USB_HOST bspName : Drive_VBUS_FS check condition success for : ALL_SW_VBUS_DRIVE_FS = false
2025-01-17 16:29:58,156 [INFO] Middleware:617 - instanceName : USB_HOST bspName : Drive_VBUS_HS check condition success for : ALL_SW_VBUS_DRIVE_HS = false
2025-01-17 16:29:58,156 [INFO] Middleware:617 - instanceName : USB_HOST bspName : Drive_VBUS_HS check condition success for : ALL_SW_VBUS_DRIVE_HS = false
2025-01-17 16:29:58,156 [INFO] Middleware:617 - instanceName : USB_HOST bspName : Drive_VBUS_FS check condition success for : SW_VBUS_DRIVE_MTP_FS = false
2025-01-17 16:29:58,156 [INFO] Middleware:617 - instanceName : USB_HOST bspName : Drive_VBUS_FS check condition success for : SW_VBUS_DRIVE_MTP_FS = false
2025-01-17 16:29:58,156 [INFO] Middleware:617 - instanceName : USB_HOST bspName : Drive_VBUS_HS check condition success for : SW_VBUS_DRIVE_MTP_HS = false
2025-01-17 16:29:58,156 [INFO] Middleware:617 - instanceName : USB_HOST bspName : Drive_VBUS_HS check condition success for : SW_VBUS_DRIVE_MTP_HS = false
2025-01-17 16:29:58,157 [WARN] BspModel:444 - BSP dependency skipped because of component: name='IOExpander', api='Unknown'
2025-01-17 16:29:58,191 [INFO] IPUIPlugin:80 - create IPUIPlugin
2025-01-17 16:29:58,191 [INFO] IPUIPlugin:80 - create IPUIPlugin
2025-01-17 16:29:58,191 [INFO] IPUIPlugin:80 - create IPUIPlugin
2025-01-17 16:29:58,191 [INFO] IPUIPlugin:80 - create IPUIPlugin
2025-01-17 16:29:58,191 [INFO] IPUIPlugin:80 - create IPUIPlugin
2025-01-17 16:29:58,191 [INFO] IPUIPlugin:80 - create IPUIPlugin
2025-01-17 16:29:58,191 [INFO] IPUIPlugin:80 - create IPUIPlugin
2025-01-17 16:29:58,192 [INFO] IPUIPlugin:80 - create IPUIPlugin
2025-01-17 16:29:58,192 [INFO] IPUIPlugin:80 - create IPUIPlugin
2025-01-17 16:29:58,192 [INFO] IPUIPlugin:80 - create IPUIPlugin
2025-01-17 16:29:58,192 [INFO] IPUIPlugin:80 - create IPUIPlugin
2025-01-17 16:29:58,192 [INFO] IPUIPlugin:80 - create IPUIPlugin
2025-01-17 16:29:58,192 [INFO] IPUIPlugin:80 - create IPUIPlugin
2025-01-17 16:29:58,192 [INFO] IPUIPlugin:80 - create IPUIPlugin
2025-01-17 16:29:58,192 [INFO] IPUIPlugin:80 - create IPUIPlugin
2025-01-17 16:29:58,192 [INFO] IPUIPlugin:80 - create IPUIPlugin
2025-01-17 16:29:58,192 [INFO] IPUIPlugin:80 - create IPUIPlugin
2025-01-17 16:29:58,192 [INFO] IPUIPlugin:80 - create IPUIPlugin
2025-01-17 16:29:58,192 [INFO] IPUIPlugin:80 - create IPUIPlugin
2025-01-17 16:29:58,192 [INFO] IPUIPlugin:80 - create IPUIPlugin
2025-01-17 16:29:58,192 [INFO] IPUIPlugin:80 - create IPUIPlugin
2025-01-17 16:29:58,192 [INFO] IPUIPlugin:80 - create IPUIPlugin
2025-01-17 16:29:58,193 [INFO] IPUIPlugin:80 - create IPUIPlugin
2025-01-17 16:29:58,193 [INFO] IPUIPlugin:80 - create IPUIPlugin
2025-01-17 16:29:58,193 [INFO] IPUIPlugin:80 - create IPUIPlugin
2025-01-17 16:29:58,193 [INFO] IPUIPlugin:80 - create IPUIPlugin
2025-01-17 16:29:58,193 [INFO] IPUIPlugin:80 - create IPUIPlugin
2025-01-17 16:29:58,193 [INFO] IPUIPlugin:80 - create IPUIPlugin
2025-01-17 16:29:58,193 [INFO] IPUIPlugin:80 - create IPUIPlugin
2025-01-17 16:29:58,193 [INFO] IPUIPlugin:80 - create IPUIPlugin
2025-01-17 16:29:58,193 [INFO] IPUIPlugin:80 - create IPUIPlugin
2025-01-17 16:29:58,193 [INFO] IPUIPlugin:80 - create IPUIPlugin
2025-01-17 16:29:58,193 [INFO] IPUIPlugin:80 - create IPUIPlugin
2025-01-17 16:29:58,194 [INFO] IPUIPlugin:80 - create IPUIPlugin
2025-01-17 16:29:58,194 [INFO] IPUIPlugin:80 - create IPUIPlugin
2025-01-17 16:29:58,194 [INFO] IPUIPlugin:80 - create IPUIPlugin
2025-01-17 16:29:58,194 [INFO] IPUIPlugin:80 - create IPUIPlugin
2025-01-17 16:29:58,194 [INFO] IPUIPlugin:80 - create IPUIPlugin
2025-01-17 16:29:58,194 [INFO] IPUIPlugin:80 - create IPUIPlugin
2025-01-17 16:29:58,194 [INFO] IPUIPlugin:80 - create IPUIPlugin
2025-01-17 16:29:58,194 [INFO] IPUIPlugin:80 - create IPUIPlugin
2025-01-17 16:29:58,194 [INFO] IPUIPlugin:80 - create IPUIPlugin
2025-01-17 16:29:58,194 [INFO] IPUIPlugin:80 - create IPUIPlugin
2025-01-17 16:29:58,194 [INFO] IPUIPlugin:80 - create IPUIPlugin
2025-01-17 16:29:58,195 [INFO] IPUIPlugin:80 - create IPUIPlugin
2025-01-17 16:29:58,195 [INFO] IPUIPlugin:80 - create IPUIPlugin
2025-01-17 16:29:58,195 [INFO] IPUIPlugin:80 - create IPUIPlugin
2025-01-17 16:29:58,195 [INFO] IPUIPlugin:80 - create IPUIPlugin
2025-01-17 16:29:58,195 [INFO] IPUIPlugin:80 - create IPUIPlugin
2025-01-17 16:29:58,195 [INFO] IPUIPlugin:80 - create IPUIPlugin
2025-01-17 16:29:58,195 [INFO] IPUIPlugin:80 - create IPUIPlugin
2025-01-17 16:29:58,195 [INFO] IPUIPlugin:80 - create IPUIPlugin
2025-01-17 16:29:58,195 [INFO] IPUIPlugin:80 - create IPUIPlugin
2025-01-17 16:29:58,195 [INFO] IPUIPlugin:80 - create IPUIPlugin
2025-01-17 16:29:58,195 [INFO] IPUIPlugin:80 - create IPUIPlugin
2025-01-17 16:29:58,196 [INFO] IPUIPlugin:80 - create IPUIPlugin
2025-01-17 16:29:58,196 [INFO] IPUIPlugin:80 - create IPUIPlugin
2025-01-17 16:29:58,196 [INFO] IPUIPlugin:80 - create IPUIPlugin
2025-01-17 16:29:58,201 [INFO] ApiDbMcu:508 - Load IP Config File for PDM2PCM
2025-01-17 16:29:58,205 [WARN] IP:2120 - I2C_Coeff_DF not found: check if there is a RefParameter without a condition.
2025-01-17 16:29:58,205 [WARN] IP:2120 - Analog_Filter not found: check if there is a RefParameter without a condition.
2025-01-17 16:29:58,211 [INFO] I2sManager:658 - 9.6E7
2025-01-17 16:29:58,212 [INFO] I2sManager:195 - I2S Clock Value : 9.6E7
2025-01-17 16:29:58,213 [INFO] I2sManager:553 - AudioClock : 93750Divider : 2Odd : 0
2025-01-17 16:29:58,325 [INFO] CADModel:165 - CPN selected for project levelSTM32F407VGT6
2025-01-17 16:29:58,325 [INFO] CADModel:114 - Register for checkConnection events
2025-01-17 16:29:58,366 [INFO] OpenFileManager:343 - Restore cursor
2025-01-17 16:29:58,509 [WARN] IP:2120 - I2C_Coeff_DF not found: check if there is a RefParameter without a condition.
2025-01-17 16:29:58,509 [WARN] IP:2120 - Analog_Filter not found: check if there is a RefParameter without a condition.
2025-01-17 16:29:58,510 [WARN] IP:2120 - I2C_Coeff_DF not found: check if there is a RefParameter without a condition.
2025-01-17 16:29:58,510 [WARN] IP:2120 - Analog_Filter not found: check if there is a RefParameter without a condition.
2025-01-17 16:29:58,526 [INFO] Middleware:617 - instanceName : USB_HOST bspName : Drive_VBUS_FS check condition success for : SW_VBUS_DRIVE_AUDIO_FS = false
2025-01-17 16:29:58,526 [INFO] Middleware:617 - instanceName : USB_HOST bspName : Drive_VBUS_FS check condition success for : SW_VBUS_DRIVE_AUDIO_FS = false
2025-01-17 16:29:58,526 [INFO] Middleware:617 - instanceName : USB_HOST bspName : Drive_VBUS_HS check condition success for : SW_VBUS_DRIVE_AUDIO_HS = false
2025-01-17 16:29:58,526 [INFO] Middleware:617 - instanceName : USB_HOST bspName : Drive_VBUS_HS check condition success for : SW_VBUS_DRIVE_AUDIO_HS = false
2025-01-17 16:29:58,526 [INFO] Middleware:617 - instanceName : USB_HOST bspName : Drive_VBUS_FS check condition success for : SW_VBUS_DRIVE_CDC_FS = false
2025-01-17 16:29:58,526 [INFO] Middleware:617 - instanceName : USB_HOST bspName : Drive_VBUS_FS check condition success for : SW_VBUS_DRIVE_CDC_FS = false
2025-01-17 16:29:58,527 [INFO] Middleware:617 - instanceName : USB_HOST bspName : Drive_VBUS_FS check condition success for : SW_VBUS_DRIVE_CDC_FS = false
2025-01-17 16:29:58,527 [INFO] Middleware:617 - instanceName : USB_HOST bspName : Drive_VBUS_HS check condition success for : SW_VBUS_DRIVE_CDC_HS = false
2025-01-17 16:29:58,527 [INFO] Middleware:617 - instanceName : USB_HOST bspName : Drive_VBUS_HS check condition success for : SW_VBUS_DRIVE_CDC_HS = false
2025-01-17 16:29:58,527 [INFO] Middleware:617 - instanceName : USB_HOST bspName : Drive_VBUS_FS check condition success for : SW_VBUS_DRIVE_HID_FS = false
2025-01-17 16:29:58,527 [INFO] Middleware:617 - instanceName : USB_HOST bspName : Drive_VBUS_FS check condition success for : SW_VBUS_DRIVE_HID_FS = false
2025-01-17 16:29:58,527 [INFO] Middleware:617 - instanceName : USB_HOST bspName : Drive_VBUS_HS check condition success for : SW_VBUS_DRIVE_HID_HS = false
2025-01-17 16:29:58,527 [INFO] Middleware:617 - instanceName : USB_HOST bspName : Drive_VBUS_HS check condition success for : SW_VBUS_DRIVE_HID_HS = false
2025-01-17 16:29:58,527 [INFO] Middleware:617 - instanceName : USB_HOST bspName : Drive_VBUS_FS check condition success for : SW_VBUS_DRIVE_MSC_FS = false
2025-01-17 16:29:58,527 [INFO] Middleware:617 - instanceName : USB_HOST bspName : Drive_VBUS_FS check condition success for : SW_VBUS_DRIVE_MSC_FS = false
2025-01-17 16:29:58,527 [INFO] Middleware:617 - instanceName : USB_HOST bspName : Drive_VBUS_HS check condition success for : SW_VBUS_DRIVE_MSC_HS = false
2025-01-17 16:29:58,527 [INFO] Middleware:617 - instanceName : USB_HOST bspName : Drive_VBUS_HS check condition success for : SW_VBUS_DRIVE_MSC_HS = false
2025-01-17 16:29:58,527 [INFO] Middleware:617 - instanceName : USB_HOST bspName : Drive_VBUS_FS check condition success for : ALL_SW_VBUS_DRIVE_FS = false
2025-01-17 16:29:58,527 [INFO] Middleware:617 - instanceName : USB_HOST bspName : Drive_VBUS_FS check condition success for : ALL_SW_VBUS_DRIVE_FS = false
2025-01-17 16:29:58,527 [INFO] Middleware:617 - instanceName : USB_HOST bspName : Drive_VBUS_HS check condition success for : ALL_SW_VBUS_DRIVE_HS = false
2025-01-17 16:29:58,527 [INFO] Middleware:617 - instanceName : USB_HOST bspName : Drive_VBUS_HS check condition success for : ALL_SW_VBUS_DRIVE_HS = false
2025-01-17 16:29:58,527 [INFO] Middleware:617 - instanceName : USB_HOST bspName : Drive_VBUS_FS check condition success for : SW_VBUS_DRIVE_MTP_FS = false
2025-01-17 16:29:58,527 [INFO] Middleware:617 - instanceName : USB_HOST bspName : Drive_VBUS_FS check condition success for : SW_VBUS_DRIVE_MTP_FS = false
2025-01-17 16:29:58,527 [INFO] Middleware:617 - instanceName : USB_HOST bspName : Drive_VBUS_HS check condition success for : SW_VBUS_DRIVE_MTP_HS = false
2025-01-17 16:29:58,527 [INFO] Middleware:617 - instanceName : USB_HOST bspName : Drive_VBUS_HS check condition success for : SW_VBUS_DRIVE_MTP_HS = false
2025-01-17 16:29:58,773 [INFO] UtilMem:75 - End SaveConfig() Used Memory: 809297760 Bytes (1001390080)
2025-01-17 16:30:06,423 [INFO] McuFinderGlobals:76 - Set McuFinderConnectedMode to true
2025-01-17 16:30:06,425 [INFO] ApiDb:448 - Save user favorites file /home/poojaa/.stm32cubeide/favorites.mcus.txt: 0 item(s)
2025-01-17 16:30:06,425 [INFO] ApiDb:452 - User favorites MCUs=[]
2025-01-17 16:30:06,426 [INFO] ApiDb:448 - Save user favorites file /home/poojaa/.stm32cubeide/favorites.boards.txt: 1 item(s)
2025-01-17 16:30:06,426 [INFO] ApiDb:452 - User favorites Boards=[STM32F407G-DISC1]
2025-01-17 16:30:54,395 [INFO] MainUpdater:2873 - connection check result : 10
2025-01-17 16:30:54,476 [INFO] McuFinderGlobals:76 - Set McuFinderConnectedMode to true
2025-01-17 16:30:54,477 [INFO] MultiScanPanel:200 - Auto-refresh data requested => check proxy status ongoing
2025-01-17 16:30:54,477 [INFO] FinderPluginLoader:95 - Searching for filters in installed packs
2025-01-17 16:30:55,349 [INFO] LoadUrlFilesThread:185 - End of LoadServerUrlFiles without Thread
2025-01-17 16:30:55,349 [INFO] DetailPanel:341 - Set advertising image to /home/poojaa/STM32Cube/Repository//en.prom-stm32n6-mcu-finder.png
2025-01-17 16:31:16,588 [INFO] ApiDb:581 - Connected to CubeFinder SQLite database (/home/poojaa/.stmcufinder/plugins/mcufinder/mcu/cube-finder-db.db)
2025-01-17 16:31:35,315 [INFO] MultiScanPanel:200 - Auto-refresh data requested => check proxy status ongoing
2025-01-17 16:31:35,363 [INFO] LoadUrlFilesThread:185 - End of LoadServerUrlFiles without Thread
2025-01-17 16:31:35,363 [INFO] DetailPanel:341 - Set advertising image to /home/poojaa/STM32Cube/Repository//en.prom-stm32n6-mcu-finder.png
2025-01-17 16:32:19,644 [INFO] McuFinderGlobals:76 - Set McuFinderConnectedMode to true
2025-01-17 16:32:19,648 [INFO] ApiDb:448 - Save user favorites file /home/poojaa/.stm32cubeide/favorites.mcus.txt: 0 item(s)
2025-01-17 16:32:19,648 [INFO] ApiDb:452 - User favorites MCUs=[]
2025-01-17 16:32:19,650 [INFO] ApiDb:448 - Save user favorites file /home/poojaa/.stm32cubeide/favorites.boards.txt: 1 item(s)
2025-01-17 16:32:19,650 [INFO] ApiDb:452 - User favorites Boards=[STM32F407G-DISC1]
