2024-11-04 09:42:04,387 [INFO] Activator:176 - 


2024-11-04 09:42:04,391 [INFO] Activator:177 - !SESSION log4j initialized
2024-11-04 09:42:08,632 [INFO] LogOutputStream:77 - [STDOUT_REDIRECT] 
2024-11-04 09:42:09,994 [INFO] ApplicationProperties:184 - Using Application install path: /opt/st/stm32cubeide_1.15.1/plugins/com.st.stm32cube.common.mx_6.11.1.202404110753
2024-11-04 09:42:10,017 [INFO] DbMcusXml:78 - Set database path to: /opt/st/stm32cubeide_1.15.1/plugins/com.st.stm32cube.common.mx_6.11.1.202404110753//db//mcu/
2024-11-04 09:42:10,017 [INFO] ApiDb:274 - Set plugin database path to: /opt/st/stm32cubeide_1.15.1/plugins/com.st.stm32cube.common.mx_6.11.1.202404110753//db//plugins/boardmanager/
2024-11-04 09:42:10,017 [WARN] ApiDb:259 - Overriding images path with different value:  => /opt/st/stm32cubeide_1.15.1/plugins/com.st.stm32cube.common.mx_6.11.1.202404110753//db//plugins/mcufinder/images/
2024-11-04 09:42:10,024 [INFO] ApiDb:250 - Set database path to: /home/poojaa/.stmcufinder/plugins/mcufinder//mcu/
2024-11-04 09:42:10,025 [INFO] DbMcusAds:125 - Set database path to: /home/poojaa/.stmcufinder/plugins/mcufinder//mcu/
2024-11-04 09:42:10,027 [INFO] CrossReferenceDbSqlite:203 - Set database path to: /home/poojaa/.stmcufinder/plugins/mcufinder//mcu/cs/
2024-11-04 09:42:10,121 [INFO] RulesReader:64 - Compatibility file has been processed (297 Rules)
2024-11-04 09:42:10,182 [INFO] DbMcusXml:78 - Set database path to: /opt/st/stm32cubeide_1.15.1/plugins/com.st.stm32cube.common.mx_6.11.1.202404110753//db//mcu/
2024-11-04 09:42:10,182 [INFO] ApiDb:274 - Set plugin database path to: /opt/st/stm32cubeide_1.15.1/plugins/com.st.stm32cube.common.mx_6.11.1.202404110753//db//plugins/boardmanager/
2024-11-04 09:42:10,182 [INFO] ApiDb:261 - Set plugin images path to: /opt/st/stm32cubeide_1.15.1/plugins/com.st.stm32cube.common.mx_6.11.1.202404110753//db//plugins/mcufinder/images/
2024-11-04 09:42:10,182 [WARN] DbFile:41 - Overriding database path with different value: /home/poojaa/.stmcufinder/plugins/mcufinder/ => /home/poojaa/.stmcufinder/plugins/mcufinder
2024-11-04 09:42:10,183 [INFO] ApiDb:250 - Set database path to: /home/poojaa/.stmcufinder/plugins/mcufinder//mcu/
2024-11-04 09:42:10,183 [WARN] DbFile:41 - Overriding database path with different value: /home/poojaa/.stmcufinder/plugins/mcufinder/ => /home/poojaa/.stmcufinder/plugins/mcufinder
2024-11-04 09:42:10,183 [INFO] DbMcusAds:125 - Set database path to: /home/poojaa/.stmcufinder/plugins/mcufinder//mcu/
2024-11-04 09:42:10,183 [WARN] DbFile:41 - Overriding database path with different value: /home/poojaa/.stmcufinder/plugins/mcufinder/ => /home/poojaa/.stmcufinder/plugins/mcufinder
2024-11-04 09:42:10,183 [WARN] DbFile:41 - Overriding database path with different value: /home/poojaa/.stmcufinder/plugins/mcufinder/ => /home/poojaa/.stmcufinder/plugins/mcufinder
2024-11-04 09:42:10,183 [INFO] CrossReferenceDbSqlite:203 - Set database path to: /home/poojaa/.stmcufinder/plugins/mcufinder//mcu/cs/
2024-11-04 09:42:10,249 [INFO] MainPanel:264 - HeapMemory: 268435456
2024-11-04 09:42:10,327 [INFO] DbMcusXml:78 - Set database path to: /opt/st/stm32cubeide_1.15.1/plugins/com.st.stm32cube.common.mx_6.11.1.202404110753//db//mcu/
2024-11-04 09:42:10,327 [INFO] ApiDb:274 - Set plugin database path to: /opt/st/stm32cubeide_1.15.1/plugins/com.st.stm32cube.common.mx_6.11.1.202404110753//db//plugins/boardmanager/
2024-11-04 09:42:10,327 [INFO] ApiDb:261 - Set plugin images path to: /opt/st/stm32cubeide_1.15.1/plugins/com.st.stm32cube.common.mx_6.11.1.202404110753//db//plugins/mcufinder/images/
2024-11-04 09:42:10,327 [WARN] DbFile:41 - Overriding database path with different value: /home/poojaa/.stmcufinder/plugins/mcufinder/ => /home/poojaa/.stmcufinder/plugins/mcufinder
2024-11-04 09:42:10,327 [INFO] ApiDb:250 - Set database path to: /home/poojaa/.stmcufinder/plugins/mcufinder//mcu/
2024-11-04 09:42:10,328 [WARN] DbFile:41 - Overriding database path with different value: /home/poojaa/.stmcufinder/plugins/mcufinder/ => /home/poojaa/.stmcufinder/plugins/mcufinder
2024-11-04 09:42:10,328 [INFO] DbMcusAds:125 - Set database path to: /home/poojaa/.stmcufinder/plugins/mcufinder//mcu/
2024-11-04 09:42:10,328 [WARN] DbFile:41 - Overriding database path with different value: /home/poojaa/.stmcufinder/plugins/mcufinder/ => /home/poojaa/.stmcufinder/plugins/mcufinder
2024-11-04 09:42:10,328 [WARN] DbFile:41 - Overriding database path with different value: /home/poojaa/.stmcufinder/plugins/mcufinder/ => /home/poojaa/.stmcufinder/plugins/mcufinder
2024-11-04 09:42:10,328 [INFO] CrossReferenceDbSqlite:203 - Set database path to: /home/poojaa/.stmcufinder/plugins/mcufinder//mcu/cs/
2024-11-04 09:42:10,339 [INFO] ApplicationProperties:184 - Using Application install path: /opt/st/stm32cubeide_1.15.1/plugins/com.st.stm32cube.common.mx_6.11.1.202404110753
2024-11-04 09:42:10,341 [INFO] PluginManage:196 - Search for loadable plugins [exclusion list=, ]
2024-11-04 09:42:10,342 [INFO] PluginManage:310 - Check plugin analytics
2024-11-04 09:42:10,472 [INFO] AnalyticsPlugin:253 - Accepted Software Licenses: 
2024-11-04 09:42:10,472 [INFO] AnalyticsPlugin:255 - Accepted CMSIS Pack Licenses: 
2024-11-04 09:42:10,472 [INFO] AnalyticsPlugin:257 - Accepted Firmware Licenses: 
2024-11-04 09:42:10,474 [INFO] PluginManage:359 - Loaded plugin analytics (category:tool,tabindex:-1)
2024-11-04 09:42:10,475 [INFO] PluginManage:310 - Check plugin cadmodel
2024-11-04 09:42:10,506 [INFO] CADModel:105 - Init CAD model plugin
2024-11-04 09:42:10,506 [INFO] PluginManage:359 - Loaded plugin cadmodel (category:power,tabindex:5)
2024-11-04 09:42:10,506 [INFO] PluginManage:310 - Check plugin clock
2024-11-04 09:42:10,517 [INFO] PluginManage:359 - Loaded plugin clock (category:base,tabindex:2)
2024-11-04 09:42:10,517 [INFO] PluginManage:310 - Check plugin ddr
2024-11-04 09:42:10,520 [INFO] PluginManage:359 - Loaded plugin ddr (category:tool,tabindex:6)
2024-11-04 09:42:10,520 [INFO] PluginManage:310 - Check plugin filemanager
2024-11-04 09:42:10,625 [INFO] PluginManage:359 - Loaded plugin filemanager (category:base,tabindex:10)
2024-11-04 09:42:10,625 [INFO] PluginManage:310 - Check plugin ipmanager
2024-11-04 09:42:10,628 [INFO] PluginManage:359 - Loaded plugin ipmanager (category:base,tabindex:5)
2024-11-04 09:42:10,629 [INFO] PluginManage:310 - Check plugin lpbam
2024-11-04 09:42:10,634 [INFO] PluginManage:359 - Loaded plugin lpbam (category:base,tabindex:0)
2024-11-04 09:42:10,634 [INFO] PluginManage:310 - Check plugin memorymap
2024-11-04 09:42:10,643 [INFO] PluginManage:359 - Loaded plugin memorymap (category:base,tabindex:4)
2024-11-04 09:42:10,643 [INFO] PluginManage:310 - Check plugin pinoutandconfiguration
2024-11-04 09:42:10,649 [INFO] PluginManage:359 - Loaded plugin pinoutandconfiguration (category:base,tabindex:1)
2024-11-04 09:42:10,649 [INFO] PluginManage:310 - Check plugin pinoutconfig
2024-11-04 09:42:10,698 [WARN] SupportedApi:132 - Cannot load RTOS API schema: s4s-elt-must-match.1: The content of 'definitions' must match (annotation?, (simpleType | complexType)?, (unique | key | keyref)*)). A problem was found starting at: attribute.
2024-11-04 09:42:10,808 [INFO] PluginManage:359 - Loaded plugin pinoutconfig (category:base,tabindex:0)
2024-11-04 09:42:10,808 [INFO] PluginManage:310 - Check plugin power
2024-11-04 09:42:10,813 [INFO] PluginManage:359 - Loaded plugin power (category:power,tabindex:4)
2024-11-04 09:42:10,814 [INFO] PluginManage:310 - Check plugin projectmanager
2024-11-04 09:42:10,823 [INFO] PluginManage:359 - Loaded plugin projectmanager (category:projectmanager,tabindex:3)
2024-11-04 09:42:10,823 [INFO] PluginManage:310 - Check plugin thirdparty
2024-11-04 09:42:10,897 [INFO] PluginManage:359 - Loaded plugin thirdparty (category:base,tabindex:-1)
2024-11-04 09:42:10,897 [INFO] PluginManage:310 - Check plugin tools
2024-11-04 09:42:10,897 [WARN] IntegrityCheckThread:84 - waiting for thirdparty lock release [integrity check]
2024-11-04 09:42:10,897 [INFO] IntegrityCheckThread:86 - entering critical section [integrity check]
2024-11-04 09:42:10,898 [INFO] ThirdPartyUpdaterWithRetryManager:70 - Updater plugin not ready yet. [1/15]
2024-11-04 09:42:10,898 [INFO] PluginManage:359 - Loaded plugin tools (category:base,tabindex:7)
2024-11-04 09:42:10,899 [INFO] PluginManage:310 - Check plugin tutovideos
2024-11-04 09:42:11,025 [INFO] PluginManage:359 - Loaded plugin tutovideos (category:base,tabindex:-1)
2024-11-04 09:42:11,025 [INFO] PluginManage:310 - Check plugin updater
2024-11-04 09:42:11,033 [INFO] PluginManage:359 - Loaded plugin updater (category:base,tabindex:12)
2024-11-04 09:42:11,033 [INFO] PluginManage:310 - Check plugin userauth
2024-11-04 09:42:11,038 [INFO] UserAuth:114 - Init User Auth plugin
2024-11-04 09:42:11,038 [INFO] PluginManage:359 - Loaded plugin userauth (category:base,tabindex:14)
2024-11-04 09:42:11,038 [INFO] PluginManage:283 - PluginManage : Loaded plugins [17]
2024-11-04 09:42:11,180 [INFO] PinOutPanel:1561 - setPackage(No Configuration,No Configuration)
2024-11-04 09:42:11,218 [INFO] CADModel:165 - CPN selected for project level
2024-11-04 09:42:11,218 [INFO] CADModel:114 - Register for checkConnection events
2024-11-04 09:42:11,234 [INFO] IPUIPlugin:80 - create IPUIPlugin
2024-11-04 09:42:11,234 [INFO] PluginManager:220 - loadIPPluginJar : add adc
2024-11-04 09:42:11,236 [INFO] IPUIPlugin:80 - create IPUIPlugin
2024-11-04 09:42:11,236 [INFO] PluginManager:220 - loadIPPluginJar : add dma3
2024-11-04 09:42:11,239 [INFO] IPUIPlugin:80 - create IPUIPlugin
2024-11-04 09:42:11,239 [INFO] PluginManager:220 - loadIPPluginJar : add opamp
2024-11-04 09:42:11,241 [INFO] IPUIPlugin:80 - create IPUIPlugin
2024-11-04 09:42:11,242 [INFO] PluginManager:220 - loadIPPluginJar : add pdm2pcm
2024-11-04 09:42:11,243 [INFO] IPUIPlugin:80 - create IPUIPlugin
2024-11-04 09:42:11,244 [INFO] PluginManager:220 - loadIPPluginJar : add i2c
2024-11-04 09:42:11,245 [INFO] IPUIPlugin:80 - create IPUIPlugin
2024-11-04 09:42:11,245 [INFO] PluginManager:220 - loadIPPluginJar : add i2s
2024-11-04 09:42:11,247 [INFO] IPUIPlugin:80 - create IPUIPlugin
2024-11-04 09:42:11,247 [INFO] PluginManager:220 - loadIPPluginJar : add gfxmmu
2024-11-04 09:42:11,248 [INFO] IPUIPlugin:80 - create IPUIPlugin
2024-11-04 09:42:11,248 [INFO] PluginManager:220 - loadIPPluginJar : add quadspi
2024-11-04 09:42:11,252 [INFO] IPUIPlugin:80 - create IPUIPlugin
2024-11-04 09:42:11,253 [INFO] PluginManager:220 - loadIPPluginJar : add mdma
2024-11-04 09:42:11,255 [INFO] IPUIPlugin:80 - create IPUIPlugin
2024-11-04 09:42:11,255 [INFO] PluginManager:220 - loadIPPluginJar : add nvic
2024-11-04 09:42:11,259 [INFO] IPUIPlugin:80 - create IPUIPlugin
2024-11-04 09:42:11,259 [INFO] PluginManager:220 - loadIPPluginJar : add dma
2024-11-04 09:42:11,260 [INFO] IPUIPlugin:80 - create IPUIPlugin
2024-11-04 09:42:11,260 [INFO] PluginManager:220 - loadIPPluginJar : add aes
2024-11-04 09:42:11,263 [INFO] IPUIPlugin:80 - create IPUIPlugin
2024-11-04 09:42:11,263 [INFO] PluginManager:220 - loadIPPluginJar : add stm32_wpan
2024-11-04 09:42:11,272 [INFO] IPUIPlugin:80 - create IPUIPlugin
2024-11-04 09:42:11,272 [INFO] PluginManager:220 - loadIPPluginJar : add usart
2024-11-04 09:42:11,273 [INFO] IPUIPlugin:80 - create IPUIPlugin
2024-11-04 09:42:11,273 [INFO] PluginManager:220 - loadIPPluginJar : add genericplugin
2024-11-04 09:42:11,276 [INFO] IPUIPlugin:80 - create IPUIPlugin
2024-11-04 09:42:11,276 [INFO] PluginManager:220 - loadIPPluginJar : add openamp
2024-11-04 09:42:11,278 [INFO] IPUIPlugin:80 - create IPUIPlugin
2024-11-04 09:42:11,278 [INFO] PluginManager:220 - loadIPPluginJar : add ipddr
2024-11-04 09:42:11,280 [INFO] IPUIPlugin:80 - create IPUIPlugin
2024-11-04 09:42:11,280 [INFO] PluginManager:220 - loadIPPluginJar : add lorawan
2024-11-04 09:42:11,282 [INFO] IPUIPlugin:80 - create IPUIPlugin
2024-11-04 09:42:11,282 [INFO] PluginManager:220 - loadIPPluginJar : add gtzc
2024-11-04 09:42:11,284 [INFO] IPUIPlugin:80 - create IPUIPlugin
2024-11-04 09:42:11,284 [INFO] PluginManager:220 - loadIPPluginJar : add can
2024-11-04 09:42:11,285 [INFO] IPUIPlugin:80 - create IPUIPlugin
2024-11-04 09:42:11,285 [INFO] PluginManager:220 - loadIPPluginJar : add fatfs
2024-11-04 09:42:11,289 [INFO] IPUIPlugin:80 - create IPUIPlugin
2024-11-04 09:42:11,289 [INFO] PluginManager:220 - loadIPPluginJar : add gpio
2024-11-04 09:42:11,290 [INFO] IPUIPlugin:80 - create IPUIPlugin
2024-11-04 09:42:11,290 [INFO] PluginManager:220 - loadIPPluginJar : add ts
2024-11-04 09:42:11,292 [INFO] IPUIPlugin:80 - create IPUIPlugin
2024-11-04 09:42:11,292 [INFO] PluginManager:220 - loadIPPluginJar : add dfsdm
2024-11-04 09:42:11,304 [INFO] IPUIPlugin:80 - create IPUIPlugin
2024-11-04 09:42:11,304 [INFO] PluginManager:220 - loadIPPluginJar : add gic
2024-11-04 09:42:11,311 [INFO] IPUIPlugin:80 - create IPUIPlugin
2024-11-04 09:42:11,311 [INFO] PluginManager:220 - loadIPPluginJar : add linkedlist
2024-11-04 09:42:11,312 [INFO] IPUIPlugin:80 - create IPUIPlugin
2024-11-04 09:42:11,312 [INFO] PluginManager:220 - loadIPPluginJar : add tim
2024-11-04 09:42:11,313 [INFO] IPUIPlugin:80 - create IPUIPlugin
2024-11-04 09:42:11,314 [INFO] PluginManager:220 - loadIPPluginJar : add tracer_emb
2024-11-04 09:42:11,316 [INFO] IPUIPlugin:80 - create IPUIPlugin
2024-11-04 09:42:11,316 [INFO] PluginManager:220 - loadIPPluginJar : add extmemmanager
2024-11-04 09:42:11,317 [INFO] IPUIPlugin:80 - create IPUIPlugin
2024-11-04 09:42:11,317 [INFO] PluginManager:220 - loadIPPluginJar : add spi
2024-11-04 09:42:11,318 [INFO] IPUIPlugin:80 - create IPUIPlugin
2024-11-04 09:42:11,318 [INFO] PluginManager:220 - loadIPPluginJar : add comp
2024-11-04 09:42:11,328 [INFO] IPUIPlugin:80 - create IPUIPlugin
2024-11-04 09:42:11,328 [INFO] PluginManager:220 - loadIPPluginJar : add sai
2024-11-04 09:42:11,330 [INFO] IPUIPlugin:80 - create IPUIPlugin
2024-11-04 09:42:11,330 [INFO] PluginManager:220 - loadIPPluginJar : add ucpd
2024-11-04 09:42:11,331 [INFO] IPUIPlugin:80 - create IPUIPlugin
2024-11-04 09:42:11,331 [INFO] PluginManager:220 - loadIPPluginJar : add ltdc
2024-11-04 09:42:11,333 [INFO] IPUIPlugin:80 - create IPUIPlugin
2024-11-04 09:42:11,333 [INFO] PluginManager:220 - loadIPPluginJar : add touchsensing
2024-11-04 09:42:11,338 [INFO] IPUIPlugin:80 - create IPUIPlugin
2024-11-04 09:42:11,340 [INFO] PluginManager:220 - loadIPPluginJar : add plateformsettings
2024-11-04 09:42:11,342 [INFO] IPUIPlugin:80 - create IPUIPlugin
2024-11-04 09:42:11,342 [INFO] PluginManager:220 - loadIPPluginJar : add resmgrutility
2024-11-04 09:42:11,343 [INFO] IPUIPlugin:80 - create IPUIPlugin
2024-11-04 09:42:11,344 [INFO] PluginManager:220 - loadIPPluginJar : add cryp
2024-11-04 09:42:11,346 [INFO] IPUIPlugin:80 - create IPUIPlugin
2024-11-04 09:42:11,346 [INFO] PluginManager:220 - loadIPPluginJar : add fmc
2024-11-04 09:42:11,347 [INFO] IPUIPlugin:80 - create IPUIPlugin
2024-11-04 09:42:11,347 [INFO] PluginManager:220 - loadIPPluginJar : add tsc
2024-11-04 09:42:11,348 [INFO] IPUIPlugin:80 - create IPUIPlugin
2024-11-04 09:42:11,348 [INFO] PluginManager:220 - loadIPPluginJar : add hash
2024-11-04 09:42:11,353 [INFO] IPUIPlugin:80 - create IPUIPlugin
2024-11-04 09:42:11,353 [INFO] PluginManager:220 - loadIPPluginJar : add freertos
2024-11-04 09:42:11,354 [INFO] IPUIPlugin:80 - create IPUIPlugin
2024-11-04 09:42:11,355 [INFO] PluginManager:220 - loadIPPluginJar : add usbx
2024-11-04 09:42:11,356 [INFO] IPUIPlugin:80 - create IPUIPlugin
2024-11-04 09:42:11,356 [INFO] PluginManager:220 - loadIPPluginJar : add i3c
2024-11-04 09:42:11,451 [INFO] CADModel:165 - CPN selected for project level
2024-11-04 09:42:11,451 [INFO] CADModel:114 - Register for checkConnection events
2024-11-04 09:42:11,451 [FATAL] Updater:308 - Updater called before beeing initialized
2024-11-04 09:42:11,451 [ERROR] CADModel:125 - Updater not yet initialized, retry later 
2024-11-04 09:42:11,546 [INFO] CADModel:165 - CPN selected for project level
2024-11-04 09:42:11,546 [INFO] CADModel:114 - Register for checkConnection events
2024-11-04 09:42:11,546 [FATAL] Updater:308 - Updater called before beeing initialized
2024-11-04 09:42:11,546 [ERROR] CADModel:125 - Updater not yet initialized, retry later 
2024-11-04 09:42:11,548 [FATAL] Updater:308 - Updater called before beeing initialized
2024-11-04 09:42:11,605 [FATAL] Updater:308 - Updater called before beeing initialized
2024-11-04 09:42:11,607 [INFO] DbMcusAds:53 - JSON generation date=Fri Sep 20 18:34:38 IST 2024 (1726837478367)
2024-11-04 09:42:11,607 [FATAL] Updater:308 - Updater called before beeing initialized
2024-11-04 09:42:11,628 [WARN] DetailPanel:346 - Failed to get advertising image, set to default
2024-11-04 09:42:11,677 [FATAL] Updater:308 - Updater called before beeing initialized
2024-11-04 09:42:11,678 [FATAL] Updater:308 - Updater called before beeing initialized
2024-11-04 09:42:11,678 [FATAL] Updater:308 - Updater called before beeing initialized
2024-11-04 09:42:11,678 [WARN] DetailPanel:346 - Failed to get advertising image, set to default
2024-11-04 09:42:11,679 [FATAL] Updater:308 - Updater called before beeing initialized
2024-11-04 09:42:11,695 [ERROR] Updater:1120 - MainUpdater not yet initialized. External WinMGr cannot be set.
2024-11-04 09:42:11,696 [INFO] Updater:1056 - Updater Version found : 6.11.1
2024-11-04 09:42:11,709 [INFO] ApplicationProperties:184 - Using Application install path: /opt/st/stm32cubeide_1.15.1/plugins/com.st.stm32cube.common.mx_6.11.1.202404110753
2024-11-04 09:42:12,032 [INFO] MainUpdater:2873 - connection check result : 10
2024-11-04 09:42:12,033 [INFO] MainUpdater:290 - Updater Check For Update Now.
2024-11-04 09:42:12,033 [INFO] MicroXplorer:498 - Change Database Version : DB.6.0.111
2024-11-04 09:42:12,038 [INFO] McuFinderGlobals:63 - Set McuFinder mode to 2 (CubeIDE integrated)
2024-11-04 09:42:12,038 [INFO] UserAuth:179 - activating auth plugin
2024-11-04 09:42:12,043 [INFO] UserAuth:415 - Internet connection configuration mode: 1
2024-11-04 09:42:12,054 [INFO] JxBrowserEngine:152 - Initiate JxBrowser Engine with user profile folder
2024-11-04 09:42:12,188 [INFO] CheckServerUpdateThread:120 - End of CheckServer Thread
2024-11-04 09:42:12,880 [INFO] WebApp:161 - Instantiating new browser for Auth
2024-11-04 09:42:13,354 [INFO] WebApp:779 - Register for checkConnection events
2024-11-04 09:42:13,354 [INFO] WebApp:414 - Apply proxy settings
2024-11-04 09:42:13,355 [INFO] WebApp:499 - Chromium requires no authentication
2024-11-04 09:42:13,360 [INFO] WebApp:442 - Direct internet connection detected
2024-11-04 09:42:13,457 [INFO] WebApp:192 - Starting web application
2024-11-04 09:42:13,457 [INFO] WebApp:544 - Web application path used /opt/st/stm32cubeide_1.15.1/plugins/com.st.stm32cube.common.mx_6.11.1.202404110753/db/plugins/mcufinder/reactClient1/index.html
2024-11-04 09:42:13,981 [WARN] PackLoader:240 - Cannot read IP mode file for STMicroelectronics.FP-SNS-MOTENVWB1.1.4.0
2024-11-04 09:42:13,986 [WARN] PackLoader:240 - Cannot read IP mode file for STMicroelectronics.X-CUBE-SMBUS.2.1.0
2024-11-04 09:42:13,999 [WARN] PackLoader:240 - Cannot read IP mode file for STMicroelectronics.X-CUBE-AZRTOS-F7.1.1.0
2024-11-04 09:42:14,031 [WARN] PackLoader:240 - Cannot read IP mode file for STMicroelectronics.X-CUBE-MEMS1.11.0.0
2024-11-04 09:42:14,131 [WARN] PackLoader:240 - Cannot read IP mode file for STMicroelectronics.FP-SNS-FLIGHT1.5.0.2
2024-11-04 09:42:14,139 [WARN] PackLoader:240 - Cannot read IP mode file for STMicroelectronics.X-CUBE-DISPLAY.3.0.0
2024-11-04 09:42:14,160 [WARN] PackLoader:240 - Cannot read IP mode file for STMicroelectronics.X-CUBE-BLE1.7.0.0
2024-11-04 09:42:14,166 [WARN] PackLoader:240 - Cannot read IP mode file for emotas.I-CUBE-CANOPEN.1.3.0
2024-11-04 09:42:14,175 [WARN] PackLoader:240 - Cannot read IP mode file for STMicroelectronics.X-CUBE-BLEMGR.3.1.0
2024-11-04 09:42:14,183 [WARN] PackLoader:240 - Cannot read IP mode file for STMicroelectronics.FP-SNS-SMARTAG2.1.2.0
2024-11-04 09:42:14,196 [INFO] LogOutputStream:77 - [STDOUT_REDIRECT] 1 : Invalid condition id : UX_CORESTACK_Condition cause : null
2024-11-04 09:42:14,197 [INFO] LogOutputStream:77 - [STDOUT_REDIRECT] 1 : Invalid condition id : UX_CORESTACK_Condition cause : null
2024-11-04 09:42:14,197 [INFO] LogOutputStream:77 - [STDOUT_REDIRECT] 1 : Invalid condition id : UX_CORESTACK_Condition cause : null
2024-11-04 09:42:14,197 [INFO] LogOutputStream:77 - [STDOUT_REDIRECT] 1 : Invalid condition id : UX_CORESTACK_Condition cause : null
2024-11-04 09:42:14,197 [INFO] LogOutputStream:77 - [STDOUT_REDIRECT] 1 : Invalid condition id : UX_CORESTACK_Condition cause : null
2024-11-04 09:42:14,200 [WARN] PackLoader:240 - Cannot read IP mode file for STMicroelectronics.X-CUBE-AZRTOS-WL.2.0.0
2024-11-04 09:42:14,205 [WARN] PackLoader:240 - Cannot read IP mode file for STMicroelectronics.FP-SNS-MOTENV1.5.0.0
2024-11-04 09:42:14,208 [WARN] PackLoader:240 - Cannot read IP mode file for wolfSSL.I-CUBE-wolfMQTT.1.19.0
2024-11-04 09:42:14,213 [WARN] PackLoader:240 - Cannot read IP mode file for WES.I-CUBE-Cesium.1.3.0
2024-11-04 09:42:14,217 [WARN] PackLoader:240 - Cannot read IP mode file for STMicroelectronics.X-CUBE-BLE2.3.3.0
2024-11-04 09:42:14,221 [WARN] PackLoader:240 - Cannot read IP mode file for STMicroelectronics.X-CUBE-TCPP.4.1.0
2024-11-04 09:42:14,235 [WARN] PackLoader:240 - Cannot read IP mode file for STMicroelectronics.X-CUBE-AZRTOS-G0.1.1.0
2024-11-04 09:42:14,242 [WARN] PackLoader:240 - Cannot read IP mode file for STMicroelectronics.X-CUBE-SAFEA1.1.2.2
2024-11-04 09:42:14,246 [WARN] PackLoader:240 - Cannot read IP mode file for STMicroelectronics.X-CUBE-NFC4.3.0.0
2024-11-04 09:42:14,255 [WARN] PackLoader:240 - Cannot read IP mode file for EmbeddedOffice.I-CUBE-FS-RTOS.1.0.1
2024-11-04 09:42:14,255 [ERROR] ConditionMgr:805 - Attr not supported : Dmpu
2024-11-04 09:42:14,255 [ERROR] ConditionMgr:805 - Attr not supported : Dmpu
2024-11-04 09:42:14,255 [ERROR] ConditionMgr:805 - Attr not supported : Dmpu
2024-11-04 09:42:14,255 [ERROR] ConditionMgr:805 - Attr not supported : Dmpu
2024-11-04 09:42:14,255 [ERROR] ConditionMgr:805 - Attr not supported : Dmpu
2024-11-04 09:42:14,255 [ERROR] ConditionMgr:805 - Attr not supported : Dmpu
2024-11-04 09:42:14,255 [ERROR] ConditionMgr:805 - Attr not supported : Dmpu
2024-11-04 09:42:14,255 [ERROR] ConditionMgr:805 - Attr not supported : Dmpu
2024-11-04 09:42:14,256 [ERROR] ConditionMgr:805 - Attr not supported : Dmpu
2024-11-04 09:42:14,256 [ERROR] ConditionMgr:805 - Attr not supported : Dmpu
2024-11-04 09:42:14,256 [ERROR] ConditionMgr:805 - Attr not supported : Dmpu
2024-11-04 09:42:14,256 [ERROR] ConditionMgr:805 - Attr not supported : Dmpu
2024-11-04 09:42:14,256 [ERROR] ConditionMgr:805 - Attr not supported : Dmpu
2024-11-04 09:42:14,256 [ERROR] ConditionMgr:805 - Attr not supported : Dmpu
2024-11-04 09:42:14,256 [ERROR] ConditionMgr:805 - Attr not supported : Dmpu
2024-11-04 09:42:14,256 [ERROR] ConditionMgr:805 - Attr not supported : Dmpu
2024-11-04 09:42:14,256 [ERROR] ConditionMgr:805 - Attr not supported : Dmpu
2024-11-04 09:42:14,256 [ERROR] ConditionMgr:805 - Attr not supported : Dmpu
2024-11-04 09:42:14,256 [ERROR] ConditionMgr:805 - Attr not supported : Dmpu
2024-11-04 09:42:14,256 [ERROR] ConditionMgr:805 - Attr not supported : Dmpu
2024-11-04 09:42:14,256 [ERROR] ConditionMgr:805 - Attr not supported : Dmpu
2024-11-04 09:42:14,256 [ERROR] ConditionMgr:805 - Attr not supported : Dmpu
2024-11-04 09:42:14,256 [ERROR] ConditionMgr:805 - Attr not supported : Dmpu
2024-11-04 09:42:14,256 [ERROR] ConditionMgr:805 - Attr not supported : Dmpu
2024-11-04 09:42:14,257 [ERROR] ConditionMgr:805 - Attr not supported : Dmpu
2024-11-04 09:42:14,257 [ERROR] ConditionMgr:805 - Attr not supported : Dmpu
2024-11-04 09:42:14,257 [ERROR] ConditionMgr:805 - Attr not supported : Dmpu
2024-11-04 09:42:14,257 [ERROR] ConditionMgr:805 - Attr not supported : Dmpu
2024-11-04 09:42:14,257 [ERROR] ConditionMgr:805 - Attr not supported : Dmpu
2024-11-04 09:42:14,257 [ERROR] ConditionMgr:805 - Attr not supported : Dmpu
2024-11-04 09:42:14,257 [ERROR] ConditionMgr:805 - Attr not supported : Dmpu
2024-11-04 09:42:14,257 [ERROR] ConditionMgr:805 - Attr not supported : Dmpu
2024-11-04 09:42:14,257 [ERROR] ConditionMgr:805 - Attr not supported : Dmpu
2024-11-04 09:42:14,257 [ERROR] ConditionMgr:805 - Attr not supported : Dmpu
2024-11-04 09:42:14,257 [ERROR] ConditionMgr:805 - Attr not supported : Dmpu
2024-11-04 09:42:14,257 [ERROR] ConditionMgr:805 - Attr not supported : Dmpu
2024-11-04 09:42:14,257 [ERROR] ConditionMgr:805 - Attr not supported : Dmpu
2024-11-04 09:42:14,258 [ERROR] ConditionMgr:805 - Attr not supported : Dmpu
2024-11-04 09:42:14,258 [ERROR] ConditionMgr:805 - Attr not supported : Dmpu
2024-11-04 09:42:14,258 [ERROR] ConditionMgr:805 - Attr not supported : Dmpu
2024-11-04 09:42:14,258 [ERROR] ConditionMgr:805 - Attr not supported : Dmpu
2024-11-04 09:42:14,258 [ERROR] ConditionMgr:805 - Attr not supported : Dmpu
2024-11-04 09:42:14,258 [ERROR] ConditionMgr:805 - Attr not supported : Dmpu
2024-11-04 09:42:14,258 [ERROR] ConditionMgr:805 - Attr not supported : Dmpu
2024-11-04 09:42:14,258 [ERROR] ConditionMgr:805 - Attr not supported : Dmpu
2024-11-04 09:42:14,258 [ERROR] ConditionMgr:805 - Attr not supported : Dmpu
2024-11-04 09:42:14,258 [ERROR] ConditionMgr:805 - Attr not supported : Dmpu
2024-11-04 09:42:14,258 [ERROR] ConditionMgr:805 - Attr not supported : Dmpu
2024-11-04 09:42:14,258 [ERROR] ConditionMgr:805 - Attr not supported : Dmpu
2024-11-04 09:42:14,259 [ERROR] ConditionMgr:805 - Attr not supported : Dmpu
2024-11-04 09:42:14,259 [ERROR] ConditionMgr:805 - Attr not supported : Dmpu
2024-11-04 09:42:14,259 [ERROR] ConditionMgr:805 - Attr not supported : Dmpu
2024-11-04 09:42:14,259 [ERROR] ConditionMgr:805 - Attr not supported : Dmpu
2024-11-04 09:42:14,259 [ERROR] ConditionMgr:805 - Attr not supported : Dmpu
2024-11-04 09:42:14,259 [ERROR] ConditionMgr:805 - Attr not supported : Dmpu
2024-11-04 09:42:14,259 [ERROR] ConditionMgr:805 - Attr not supported : Dmpu
2024-11-04 09:42:14,259 [ERROR] ConditionMgr:805 - Attr not supported : Dmpu
2024-11-04 09:42:14,259 [ERROR] ConditionMgr:805 - Attr not supported : Dmpu
2024-11-04 09:42:14,259 [ERROR] ConditionMgr:805 - Attr not supported : Dmpu
2024-11-04 09:42:14,259 [ERROR] ConditionMgr:805 - Attr not supported : Dmpu
2024-11-04 09:42:14,259 [ERROR] ConditionMgr:805 - Attr not supported : Dmpu
2024-11-04 09:42:14,259 [ERROR] ConditionMgr:805 - Attr not supported : Dmpu
2024-11-04 09:42:14,259 [ERROR] ConditionMgr:805 - Attr not supported : Dmpu
2024-11-04 09:42:14,260 [ERROR] ConditionMgr:805 - Attr not supported : Dmpu
2024-11-04 09:42:14,263 [WARN] PackLoader:240 - Cannot read IP mode file for RealThread.X-CUBE-RT-Thread_Nano.4.1.1
2024-11-04 09:42:14,266 [WARN] PackLoader:240 - Cannot read IP mode file for wolfSSL.I-CUBE-wolfSSL.5.7.0
2024-11-04 09:42:14,268 [WARN] PackLoader:240 - Cannot read IP mode file for STMicroelectronics.FP-ATR-SIGFOX1.3.2.0
2024-11-04 09:42:14,272 [WARN] PackLoader:240 - Cannot read IP mode file for STMicroelectronics.X-CUBE-EEPRMA1.5.1.0
2024-11-04 09:42:14,277 [WARN] PackLoader:240 - Cannot read IP mode file for ITTIA_DB.I-CUBE-ITTIADB.8.9.0
2024-11-04 09:42:14,306 [WARN] PackLoader:240 - Cannot read IP mode file for SEGGER.I-CUBE-embOS.1.3.1
2024-11-04 09:42:14,339 [WARN] PackLoader:240 - Cannot read IP mode file for STMicroelectronics.X-CUBE-ALGOBUILD.1.4.0
2024-11-04 09:42:14,342 [WARN] PackLoader:240 - Cannot read IP mode file for STMicroelectronics.X-CUBE-GNSS1.6.0.0
2024-11-04 09:42:14,349 [WARN] PackLoader:240 - Cannot read IP mode file for STMicroelectronics.X-CUBE-AZRTOS-F4.1.1.0
2024-11-04 09:42:14,352 [WARN] PackLoader:240 - Cannot read IP mode file for STMicroelectronics.X-CUBE-ISPU.2.1.0
2024-11-04 09:42:14,355 [WARN] PackLoader:240 - Cannot read IP mode file for STMicroelectronics.X-CUBE-FREERTOS.1.2.0
2024-11-04 09:42:14,363 [WARN] PackLoader:240 - Cannot read IP mode file for STMicroelectronics.X-CUBE-AZRTOS-L5.2.0.0
2024-11-04 09:42:14,367 [WARN] PackLoader:240 - Cannot read IP mode file for STMicroelectronics.X-CUBE-NFC6.3.1.0
2024-11-04 09:42:14,371 [WARN] PackLoader:240 - Cannot read IP mode file for STMicroelectronics.X-CUBE-DPower.1.2.0
2024-11-04 09:42:14,373 [WARN] PackLoader:240 - Cannot read IP mode file for STMicroelectronics.X-CUBE-AI.9.0.0
2024-11-04 09:42:14,375 [WARN] PackLoader:240 - Cannot read IP mode file for STMicroelectronics.X-CUBE-NFC7.1.0.1
2024-11-04 09:42:14,377 [WARN] PackLoader:240 - Cannot read IP mode file for wolfSSL.I-CUBE-wolfTPM.3.2.0
2024-11-04 09:42:14,390 [WARN] ConditionMgr:438 - getConditionDescription Invalid condition id : LAN8742 Phy interface Condition cause : null
2024-11-04 09:42:14,391 [WARN] PackLoader:240 - Cannot read IP mode file for STMicroelectronics.X-CUBE-AZRTOS-L4.2.0.0
2024-11-04 09:42:14,392 [WARN] ConditionMgr:1039 - genDependencies : Invalid condition id : LAN8742 Phy interface Condition cause : null
2024-11-04 09:42:14,392 [WARN] ConditionMgr:1039 - genDependencies : Invalid condition id : LAN8742 Phy interface Condition cause : null
2024-11-04 09:42:14,393 [WARN] ConditionMgr:1039 - genDependencies : Invalid condition id : LAN8742 Phy interface Condition cause : null
2024-11-04 09:42:14,399 [WARN] PackLoader:240 - Cannot read IP mode file for STMicroelectronics.X-CUBE-SFXS2LP1.4.0.0
2024-11-04 09:42:14,415 [WARN] PackLoader:240 - Cannot read IP mode file for STMicroelectronics.X-CUBE-AZRTOS-H7.3.3.0
2024-11-04 09:42:14,427 [WARN] ConditionMgr:438 - getConditionDescription Invalid condition id : UX DEVICE CLASS RTOS Condition cause : null
2024-11-04 09:42:14,428 [WARN] ConditionMgr:438 - getConditionDescription Invalid condition id : UX DEVICE CLASS RTOS Condition cause : null
2024-11-04 09:42:14,429 [WARN] PackLoader:240 - Cannot read IP mode file for STMicroelectronics.X-CUBE-AZRTOS-WB.2.0.0
2024-11-04 09:42:14,430 [WARN] ConditionMgr:1039 - genDependencies : Invalid condition id : UX DEVICE CLASS RTOS Condition cause : null
2024-11-04 09:42:14,430 [WARN] ConditionMgr:1039 - genDependencies : Invalid condition id : UX DEVICE CLASS RTOS Condition cause : null
2024-11-04 09:42:14,430 [WARN] ConditionMgr:1039 - genDependencies : Invalid condition id : UX DEVICE CLASS RTOS Condition cause : null
2024-11-04 09:42:14,431 [WARN] ConditionMgr:1039 - genDependencies : Invalid condition id : UX DEVICE CLASS RTOS Condition cause : null
2024-11-04 09:42:14,431 [WARN] ConditionMgr:1039 - genDependencies : Invalid condition id : UX DEVICE CLASS RTOS Condition cause : null
2024-11-04 09:42:14,435 [WARN] PackLoader:240 - Cannot read IP mode file for STMicroelectronics.X-CUBE-GNSS1.7.0.0
2024-11-04 09:42:14,441 [WARN] PackLoader:240 - Cannot read IP mode file for STMicroelectronics.FP-SNS-STBOX1.2.0.0
2024-11-04 09:42:14,453 [WARN] PackLoader:240 - Cannot read IP mode file for STMicroelectronics.X-CUBE-SUBG2.5.0.0
2024-11-04 09:42:14,461 [WARN] PackLoader:240 - Cannot read IP mode file for Cesanta.I-CUBE-Mongoose.7.13.0
2024-11-04 09:42:14,473 [WARN] PackLoader:240 - Cannot read IP mode file for STMicroelectronics.X-CUBE-AZRTOS-G4.2.0.0
2024-11-04 09:42:14,477 [WARN] PackLoader:240 - Cannot read IP mode file for STMicroelectronics.X-CUBE-ISPU.2.0.0
2024-11-04 09:42:14,481 [WARN] PackLoader:240 - Cannot read IP mode file for STMicroelectronics.X-CUBE-ALS.1.0.2
2024-11-04 09:42:14,514 [WARN] PackLoader:240 - Cannot read IP mode file for STMicroelectronics.X-CUBE-MEMS1.10.0.0
2024-11-04 09:42:14,582 [WARN] PackLoader:240 - Cannot read IP mode file for STMicroelectronics.X-CUBE-TOUCHGFX.4.24.0
2024-11-04 09:42:14,584 [WARN] PackLoader:240 - Cannot read IP mode file for STMicroelectronics.X-CUBE-TOUCHGFX.4.24.1
2024-11-04 09:42:14,586 [WARN] PackLoader:240 - Cannot read IP mode file for portGmbH.I-Cube-SoM-uGOAL.1.1.0
2024-11-04 09:42:14,594 [WARN] PackLoader:240 - Cannot read IP mode file for STMicroelectronics.X-CUBE-AZRTOS-H7RS.1.0.0
2024-11-04 09:42:14,597 [WARN] PackLoader:240 - Cannot read IP mode file for STMicroelectronics.FP-ATR-ASTRA1.2.0.0
2024-11-04 09:42:14,602 [WARN] PackLoader:240 - Cannot read IP mode file for STMicroelectronics.X-CUBE-TOF1.3.4.2
2024-11-04 09:42:14,612 [WARN] PackLoader:240 - Cannot read IP mode file for STMicroelectronics.X-CUBE-TOF1.3.4.1
2024-11-04 09:42:14,625 [WARN] PackLoader:240 - Cannot read IP mode file for STMicroelectronics.X-CUBE-AZRTOS-H7.3.2.0
2024-11-04 09:42:14,632 [WARN] PackLoader:240 - Cannot read IP mode file for Infineon.AIROC-Wi-Fi-Bluetooth-STM32.1.6.0
2024-11-04 09:42:14,635 [WARN] PackLoader:240 - Cannot read IP mode file for wolfSSL.I-CUBE-wolfSSH.1.4.17
2024-11-04 09:42:14,636 [INFO] ThirdParty:978 - Integrity check success = true
2024-11-04 09:42:14,636 [INFO] IntegrityCheckThread:100 - exiting critical section [integrity check]
2024-11-04 09:42:14,636 [INFO] IntegrityCheckThread:103 - End integrity checks thread
