2024-11-02 07:34:12,814 [ERROR] LogOutputStream:75 - [STDERR_REDIRECT] 
2024-11-02 07:43:25,348 [INFO] Activator:176 - 


2024-11-02 07:43:25,349 [INFO] Activator:177 - !SESSION log4j initialized
2024-11-02 07:43:40,144 [INFO] LogOutputStream:77 - [STDOUT_REDIRECT] 
2024-11-02 07:43:59,605 [INFO] ApplicationProperties:184 - Using Application install path: /opt/st/stm32cubeide_1.15.1/plugins/com.st.stm32cube.common.mx_6.11.1.202404110753
2024-11-02 07:43:59,629 [INFO] DbMcusXml:78 - Set database path to: /opt/st/stm32cubeide_1.15.1/plugins/com.st.stm32cube.common.mx_6.11.1.202404110753//db//mcu/
2024-11-02 07:43:59,629 [INFO] ApiDb:274 - Set plugin database path to: /opt/st/stm32cubeide_1.15.1/plugins/com.st.stm32cube.common.mx_6.11.1.202404110753//db//plugins/boardmanager/
2024-11-02 07:43:59,629 [WARN] ApiDb:259 - Overriding images path with different value:  => /opt/st/stm32cubeide_1.15.1/plugins/com.st.stm32cube.common.mx_6.11.1.202404110753//db//plugins/mcufinder/images/
2024-11-02 07:43:59,637 [INFO] ApiDb:250 - Set database path to: /home/poojaa/.stmcufinder/plugins/mcufinder//mcu/
2024-11-02 07:43:59,638 [INFO] DbMcusAds:125 - Set database path to: /home/poojaa/.stmcufinder/plugins/mcufinder//mcu/
2024-11-02 07:43:59,640 [INFO] CrossReferenceDbSqlite:203 - Set database path to: /home/poojaa/.stmcufinder/plugins/mcufinder//mcu/cs/
2024-11-02 07:43:59,722 [INFO] RulesReader:64 - Compatibility file has been processed (297 Rules)
2024-11-02 07:43:59,768 [INFO] DbMcusXml:78 - Set database path to: /opt/st/stm32cubeide_1.15.1/plugins/com.st.stm32cube.common.mx_6.11.1.202404110753//db//mcu/
2024-11-02 07:43:59,768 [INFO] ApiDb:274 - Set plugin database path to: /opt/st/stm32cubeide_1.15.1/plugins/com.st.stm32cube.common.mx_6.11.1.202404110753//db//plugins/boardmanager/
2024-11-02 07:43:59,768 [INFO] ApiDb:261 - Set plugin images path to: /opt/st/stm32cubeide_1.15.1/plugins/com.st.stm32cube.common.mx_6.11.1.202404110753//db//plugins/mcufinder/images/
2024-11-02 07:43:59,768 [WARN] DbFile:41 - Overriding database path with different value: /home/poojaa/.stmcufinder/plugins/mcufinder/ => /home/poojaa/.stmcufinder/plugins/mcufinder
2024-11-02 07:43:59,768 [INFO] ApiDb:250 - Set database path to: /home/poojaa/.stmcufinder/plugins/mcufinder//mcu/
2024-11-02 07:43:59,768 [WARN] DbFile:41 - Overriding database path with different value: /home/poojaa/.stmcufinder/plugins/mcufinder/ => /home/poojaa/.stmcufinder/plugins/mcufinder
2024-11-02 07:43:59,768 [INFO] DbMcusAds:125 - Set database path to: /home/poojaa/.stmcufinder/plugins/mcufinder//mcu/
2024-11-02 07:43:59,768 [WARN] DbFile:41 - Overriding database path with different value: /home/poojaa/.stmcufinder/plugins/mcufinder/ => /home/poojaa/.stmcufinder/plugins/mcufinder
2024-11-02 07:43:59,768 [WARN] DbFile:41 - Overriding database path with different value: /home/poojaa/.stmcufinder/plugins/mcufinder/ => /home/poojaa/.stmcufinder/plugins/mcufinder
2024-11-02 07:43:59,768 [INFO] CrossReferenceDbSqlite:203 - Set database path to: /home/poojaa/.stmcufinder/plugins/mcufinder//mcu/cs/
2024-11-02 07:43:59,825 [INFO] MainPanel:264 - HeapMemory: 268435456
2024-11-02 07:43:59,888 [INFO] DbMcusXml:78 - Set database path to: /opt/st/stm32cubeide_1.15.1/plugins/com.st.stm32cube.common.mx_6.11.1.202404110753//db//mcu/
2024-11-02 07:43:59,888 [INFO] ApiDb:274 - Set plugin database path to: /opt/st/stm32cubeide_1.15.1/plugins/com.st.stm32cube.common.mx_6.11.1.202404110753//db//plugins/boardmanager/
2024-11-02 07:43:59,888 [INFO] ApiDb:261 - Set plugin images path to: /opt/st/stm32cubeide_1.15.1/plugins/com.st.stm32cube.common.mx_6.11.1.202404110753//db//plugins/mcufinder/images/
2024-11-02 07:43:59,888 [WARN] DbFile:41 - Overriding database path with different value: /home/poojaa/.stmcufinder/plugins/mcufinder/ => /home/poojaa/.stmcufinder/plugins/mcufinder
2024-11-02 07:43:59,889 [INFO] ApiDb:250 - Set database path to: /home/poojaa/.stmcufinder/plugins/mcufinder//mcu/
2024-11-02 07:43:59,889 [WARN] DbFile:41 - Overriding database path with different value: /home/poojaa/.stmcufinder/plugins/mcufinder/ => /home/poojaa/.stmcufinder/plugins/mcufinder
2024-11-02 07:43:59,889 [INFO] DbMcusAds:125 - Set database path to: /home/poojaa/.stmcufinder/plugins/mcufinder//mcu/
2024-11-02 07:43:59,889 [WARN] DbFile:41 - Overriding database path with different value: /home/poojaa/.stmcufinder/plugins/mcufinder/ => /home/poojaa/.stmcufinder/plugins/mcufinder
2024-11-02 07:43:59,889 [WARN] DbFile:41 - Overriding database path with different value: /home/poojaa/.stmcufinder/plugins/mcufinder/ => /home/poojaa/.stmcufinder/plugins/mcufinder
2024-11-02 07:43:59,889 [INFO] CrossReferenceDbSqlite:203 - Set database path to: /home/poojaa/.stmcufinder/plugins/mcufinder//mcu/cs/
2024-11-02 07:43:59,906 [INFO] ApplicationProperties:184 - Using Application install path: /opt/st/stm32cubeide_1.15.1/plugins/com.st.stm32cube.common.mx_6.11.1.202404110753
2024-11-02 07:43:59,907 [INFO] PluginManage:196 - Search for loadable plugins [exclusion list=, ]
2024-11-02 07:43:59,909 [INFO] PluginManage:310 - Check plugin analytics
2024-11-02 07:44:00,032 [INFO] AnalyticsPlugin:253 - Accepted Software Licenses: 
2024-11-02 07:44:00,033 [INFO] AnalyticsPlugin:255 - Accepted CMSIS Pack Licenses: 
2024-11-02 07:44:00,033 [INFO] AnalyticsPlugin:257 - Accepted Firmware Licenses: 
2024-11-02 07:44:00,035 [INFO] PluginManage:359 - Loaded plugin analytics (category:tool,tabindex:-1)
2024-11-02 07:44:00,036 [INFO] PluginManage:310 - Check plugin cadmodel
2024-11-02 07:44:00,067 [INFO] CADModel:105 - Init CAD model plugin
2024-11-02 07:44:00,067 [INFO] PluginManage:359 - Loaded plugin cadmodel (category:power,tabindex:5)
2024-11-02 07:44:00,068 [INFO] PluginManage:310 - Check plugin clock
2024-11-02 07:44:00,079 [INFO] PluginManage:359 - Loaded plugin clock (category:base,tabindex:2)
2024-11-02 07:44:00,079 [INFO] PluginManage:310 - Check plugin ddr
2024-11-02 07:44:00,082 [INFO] PluginManage:359 - Loaded plugin ddr (category:tool,tabindex:6)
2024-11-02 07:44:00,082 [INFO] PluginManage:310 - Check plugin filemanager
2024-11-02 07:44:00,192 [INFO] PluginManage:359 - Loaded plugin filemanager (category:base,tabindex:10)
2024-11-02 07:44:00,192 [INFO] PluginManage:310 - Check plugin ipmanager
2024-11-02 07:44:00,196 [INFO] PluginManage:359 - Loaded plugin ipmanager (category:base,tabindex:5)
2024-11-02 07:44:00,196 [INFO] PluginManage:310 - Check plugin lpbam
2024-11-02 07:44:00,201 [INFO] PluginManage:359 - Loaded plugin lpbam (category:base,tabindex:0)
2024-11-02 07:44:00,201 [INFO] PluginManage:310 - Check plugin memorymap
2024-11-02 07:44:00,211 [INFO] PluginManage:359 - Loaded plugin memorymap (category:base,tabindex:4)
2024-11-02 07:44:00,211 [INFO] PluginManage:310 - Check plugin pinoutandconfiguration
2024-11-02 07:44:00,220 [INFO] PluginManage:359 - Loaded plugin pinoutandconfiguration (category:base,tabindex:1)
2024-11-02 07:44:00,220 [INFO] PluginManage:310 - Check plugin pinoutconfig
2024-11-02 07:44:00,276 [WARN] SupportedApi:132 - Cannot load RTOS API schema: s4s-elt-must-match.1: The content of 'definitions' must match (annotation?, (simpleType | complexType)?, (unique | key | keyref)*)). A problem was found starting at: attribute.
2024-11-02 07:44:00,382 [INFO] PluginManage:359 - Loaded plugin pinoutconfig (category:base,tabindex:0)
2024-11-02 07:44:00,382 [INFO] PluginManage:310 - Check plugin power
2024-11-02 07:44:00,391 [INFO] PluginManage:359 - Loaded plugin power (category:power,tabindex:4)
2024-11-02 07:44:00,391 [INFO] PluginManage:310 - Check plugin projectmanager
2024-11-02 07:44:00,401 [INFO] PluginManage:359 - Loaded plugin projectmanager (category:projectmanager,tabindex:3)
2024-11-02 07:44:00,402 [INFO] PluginManage:310 - Check plugin thirdparty
2024-11-02 07:44:00,475 [INFO] PluginManage:359 - Loaded plugin thirdparty (category:base,tabindex:-1)
2024-11-02 07:44:00,475 [INFO] PluginManage:310 - Check plugin tools
2024-11-02 07:44:00,475 [WARN] IntegrityCheckThread:84 - waiting for thirdparty lock release [integrity check]
2024-11-02 07:44:00,476 [INFO] IntegrityCheckThread:86 - entering critical section [integrity check]
2024-11-02 07:44:00,476 [INFO] ThirdPartyUpdaterWithRetryManager:70 - Updater plugin not ready yet. [1/15]
2024-11-02 07:44:00,477 [INFO] PluginManage:359 - Loaded plugin tools (category:base,tabindex:7)
2024-11-02 07:44:00,477 [INFO] PluginManage:310 - Check plugin tutovideos
2024-11-02 07:44:00,596 [INFO] PluginManage:359 - Loaded plugin tutovideos (category:base,tabindex:-1)
2024-11-02 07:44:00,596 [INFO] PluginManage:310 - Check plugin updater
2024-11-02 07:44:00,604 [INFO] PluginManage:359 - Loaded plugin updater (category:base,tabindex:12)
2024-11-02 07:44:00,604 [INFO] PluginManage:310 - Check plugin userauth
2024-11-02 07:44:00,608 [INFO] UserAuth:114 - Init User Auth plugin
2024-11-02 07:44:00,609 [INFO] PluginManage:359 - Loaded plugin userauth (category:base,tabindex:14)
2024-11-02 07:44:00,609 [INFO] PluginManage:283 - PluginManage : Loaded plugins [17]
2024-11-02 07:44:00,744 [INFO] PinOutPanel:1561 - setPackage(No Configuration,No Configuration)
2024-11-02 07:44:00,792 [INFO] CADModel:165 - CPN selected for project level
2024-11-02 07:44:00,793 [INFO] CADModel:114 - Register for checkConnection events
2024-11-02 07:44:00,804 [INFO] IPUIPlugin:80 - create IPUIPlugin
2024-11-02 07:44:00,805 [INFO] PluginManager:220 - loadIPPluginJar : add adc
2024-11-02 07:44:00,806 [INFO] IPUIPlugin:80 - create IPUIPlugin
2024-11-02 07:44:00,806 [INFO] PluginManager:220 - loadIPPluginJar : add dma3
2024-11-02 07:44:00,808 [INFO] IPUIPlugin:80 - create IPUIPlugin
2024-11-02 07:44:00,808 [INFO] PluginManager:220 - loadIPPluginJar : add opamp
2024-11-02 07:44:00,810 [INFO] IPUIPlugin:80 - create IPUIPlugin
2024-11-02 07:44:00,810 [INFO] PluginManager:220 - loadIPPluginJar : add pdm2pcm
2024-11-02 07:44:00,811 [INFO] IPUIPlugin:80 - create IPUIPlugin
2024-11-02 07:44:00,811 [INFO] PluginManager:220 - loadIPPluginJar : add i2c
2024-11-02 07:44:00,812 [INFO] IPUIPlugin:80 - create IPUIPlugin
2024-11-02 07:44:00,812 [INFO] PluginManager:220 - loadIPPluginJar : add i2s
2024-11-02 07:44:00,813 [INFO] IPUIPlugin:80 - create IPUIPlugin
2024-11-02 07:44:00,813 [INFO] PluginManager:220 - loadIPPluginJar : add gfxmmu
2024-11-02 07:44:00,813 [INFO] IPUIPlugin:80 - create IPUIPlugin
2024-11-02 07:44:00,814 [INFO] PluginManager:220 - loadIPPluginJar : add quadspi
2024-11-02 07:44:00,818 [INFO] IPUIPlugin:80 - create IPUIPlugin
2024-11-02 07:44:00,818 [INFO] PluginManager:220 - loadIPPluginJar : add mdma
2024-11-02 07:44:00,820 [INFO] IPUIPlugin:80 - create IPUIPlugin
2024-11-02 07:44:00,820 [INFO] PluginManager:220 - loadIPPluginJar : add nvic
2024-11-02 07:44:00,823 [INFO] IPUIPlugin:80 - create IPUIPlugin
2024-11-02 07:44:00,823 [INFO] PluginManager:220 - loadIPPluginJar : add dma
2024-11-02 07:44:00,825 [INFO] IPUIPlugin:80 - create IPUIPlugin
2024-11-02 07:44:00,825 [INFO] PluginManager:220 - loadIPPluginJar : add aes
2024-11-02 07:44:00,828 [INFO] IPUIPlugin:80 - create IPUIPlugin
2024-11-02 07:44:00,828 [INFO] PluginManager:220 - loadIPPluginJar : add stm32_wpan
2024-11-02 07:44:00,829 [INFO] IPUIPlugin:80 - create IPUIPlugin
2024-11-02 07:44:00,829 [INFO] PluginManager:220 - loadIPPluginJar : add usart
2024-11-02 07:44:00,830 [INFO] IPUIPlugin:80 - create IPUIPlugin
2024-11-02 07:44:00,830 [INFO] PluginManager:220 - loadIPPluginJar : add genericplugin
2024-11-02 07:44:00,832 [INFO] IPUIPlugin:80 - create IPUIPlugin
2024-11-02 07:44:00,832 [INFO] PluginManager:220 - loadIPPluginJar : add openamp
2024-11-02 07:44:00,833 [INFO] IPUIPlugin:80 - create IPUIPlugin
2024-11-02 07:44:00,833 [INFO] PluginManager:220 - loadIPPluginJar : add ipddr
2024-11-02 07:44:00,835 [INFO] IPUIPlugin:80 - create IPUIPlugin
2024-11-02 07:44:00,835 [INFO] PluginManager:220 - loadIPPluginJar : add lorawan
2024-11-02 07:44:00,836 [INFO] IPUIPlugin:80 - create IPUIPlugin
2024-11-02 07:44:00,836 [INFO] PluginManager:220 - loadIPPluginJar : add gtzc
2024-11-02 07:44:00,837 [INFO] IPUIPlugin:80 - create IPUIPlugin
2024-11-02 07:44:00,837 [INFO] PluginManager:220 - loadIPPluginJar : add can
2024-11-02 07:44:00,838 [INFO] IPUIPlugin:80 - create IPUIPlugin
2024-11-02 07:44:00,838 [INFO] PluginManager:220 - loadIPPluginJar : add fatfs
2024-11-02 07:44:00,841 [INFO] IPUIPlugin:80 - create IPUIPlugin
2024-11-02 07:44:00,841 [INFO] PluginManager:220 - loadIPPluginJar : add gpio
2024-11-02 07:44:00,842 [INFO] IPUIPlugin:80 - create IPUIPlugin
2024-11-02 07:44:00,842 [INFO] PluginManager:220 - loadIPPluginJar : add ts
2024-11-02 07:44:00,844 [INFO] IPUIPlugin:80 - create IPUIPlugin
2024-11-02 07:44:00,844 [INFO] PluginManager:220 - loadIPPluginJar : add dfsdm
2024-11-02 07:44:00,846 [INFO] IPUIPlugin:80 - create IPUIPlugin
2024-11-02 07:44:00,847 [INFO] PluginManager:220 - loadIPPluginJar : add gic
2024-11-02 07:44:00,851 [INFO] IPUIPlugin:80 - create IPUIPlugin
2024-11-02 07:44:00,851 [INFO] PluginManager:220 - loadIPPluginJar : add linkedlist
2024-11-02 07:44:00,852 [INFO] IPUIPlugin:80 - create IPUIPlugin
2024-11-02 07:44:00,852 [INFO] PluginManager:220 - loadIPPluginJar : add tim
2024-11-02 07:44:00,853 [INFO] IPUIPlugin:80 - create IPUIPlugin
2024-11-02 07:44:00,853 [INFO] PluginManager:220 - loadIPPluginJar : add tracer_emb
2024-11-02 07:44:00,854 [INFO] IPUIPlugin:80 - create IPUIPlugin
2024-11-02 07:44:00,855 [INFO] PluginManager:220 - loadIPPluginJar : add extmemmanager
2024-11-02 07:44:00,855 [INFO] IPUIPlugin:80 - create IPUIPlugin
2024-11-02 07:44:00,856 [INFO] PluginManager:220 - loadIPPluginJar : add spi
2024-11-02 07:44:00,856 [INFO] IPUIPlugin:80 - create IPUIPlugin
2024-11-02 07:44:00,856 [INFO] PluginManager:220 - loadIPPluginJar : add comp
2024-11-02 07:44:00,858 [INFO] IPUIPlugin:80 - create IPUIPlugin
2024-11-02 07:44:00,858 [INFO] PluginManager:220 - loadIPPluginJar : add sai
2024-11-02 07:44:00,859 [INFO] IPUIPlugin:80 - create IPUIPlugin
2024-11-02 07:44:00,859 [INFO] PluginManager:220 - loadIPPluginJar : add ucpd
2024-11-02 07:44:00,860 [INFO] IPUIPlugin:80 - create IPUIPlugin
2024-11-02 07:44:00,860 [INFO] PluginManager:220 - loadIPPluginJar : add ltdc
2024-11-02 07:44:00,862 [INFO] IPUIPlugin:80 - create IPUIPlugin
2024-11-02 07:44:00,862 [INFO] PluginManager:220 - loadIPPluginJar : add touchsensing
2024-11-02 07:44:00,866 [INFO] IPUIPlugin:80 - create IPUIPlugin
2024-11-02 07:44:00,868 [INFO] PluginManager:220 - loadIPPluginJar : add plateformsettings
2024-11-02 07:44:00,869 [INFO] IPUIPlugin:80 - create IPUIPlugin
2024-11-02 07:44:00,870 [INFO] PluginManager:220 - loadIPPluginJar : add resmgrutility
2024-11-02 07:44:00,871 [INFO] IPUIPlugin:80 - create IPUIPlugin
2024-11-02 07:44:00,871 [INFO] PluginManager:220 - loadIPPluginJar : add cryp
2024-11-02 07:44:00,873 [INFO] IPUIPlugin:80 - create IPUIPlugin
2024-11-02 07:44:00,874 [INFO] PluginManager:220 - loadIPPluginJar : add fmc
2024-11-02 07:44:00,874 [INFO] IPUIPlugin:80 - create IPUIPlugin
2024-11-02 07:44:00,874 [INFO] PluginManager:220 - loadIPPluginJar : add tsc
2024-11-02 07:44:00,875 [INFO] IPUIPlugin:80 - create IPUIPlugin
2024-11-02 07:44:00,876 [INFO] PluginManager:220 - loadIPPluginJar : add hash
2024-11-02 07:44:00,880 [INFO] IPUIPlugin:80 - create IPUIPlugin
2024-11-02 07:44:00,880 [INFO] PluginManager:220 - loadIPPluginJar : add freertos
2024-11-02 07:44:00,881 [INFO] IPUIPlugin:80 - create IPUIPlugin
2024-11-02 07:44:00,881 [INFO] PluginManager:220 - loadIPPluginJar : add usbx
2024-11-02 07:44:00,882 [INFO] IPUIPlugin:80 - create IPUIPlugin
2024-11-02 07:44:00,882 [INFO] PluginManager:220 - loadIPPluginJar : add i3c
2024-11-02 07:44:00,976 [INFO] CADModel:165 - CPN selected for project level
2024-11-02 07:44:00,976 [INFO] CADModel:114 - Register for checkConnection events
2024-11-02 07:44:00,977 [FATAL] Updater:308 - Updater called before beeing initialized
2024-11-02 07:44:00,977 [ERROR] CADModel:125 - Updater not yet initialized, retry later 
2024-11-02 07:44:01,059 [INFO] CADModel:165 - CPN selected for project level
2024-11-02 07:44:01,059 [INFO] CADModel:114 - Register for checkConnection events
2024-11-02 07:44:01,059 [FATAL] Updater:308 - Updater called before beeing initialized
2024-11-02 07:44:01,059 [ERROR] CADModel:125 - Updater not yet initialized, retry later 
2024-11-02 07:44:01,062 [FATAL] Updater:308 - Updater called before beeing initialized
2024-11-02 07:44:01,108 [FATAL] Updater:308 - Updater called before beeing initialized
2024-11-02 07:44:01,112 [INFO] DbMcusAds:53 - JSON generation date=Fri Sep 20 18:34:38 IST 2024 (1726837478367)
2024-11-02 07:44:01,112 [FATAL] Updater:308 - Updater called before beeing initialized
2024-11-02 07:44:01,133 [WARN] DetailPanel:346 - Failed to get advertising image, set to default
2024-11-02 07:44:01,182 [FATAL] Updater:308 - Updater called before beeing initialized
2024-11-02 07:44:01,184 [FATAL] Updater:308 - Updater called before beeing initialized
2024-11-02 07:44:01,184 [FATAL] Updater:308 - Updater called before beeing initialized
2024-11-02 07:44:01,184 [WARN] DetailPanel:346 - Failed to get advertising image, set to default
2024-11-02 07:44:01,184 [FATAL] Updater:308 - Updater called before beeing initialized
2024-11-02 07:44:01,202 [ERROR] Updater:1120 - MainUpdater not yet initialized. External WinMGr cannot be set.
2024-11-02 07:44:01,203 [INFO] Updater:1056 - Updater Version found : 6.11.1
2024-11-02 07:44:01,217 [INFO] ApplicationProperties:184 - Using Application install path: /opt/st/stm32cubeide_1.15.1/plugins/com.st.stm32cube.common.mx_6.11.1.202404110753
2024-11-02 07:44:03,477 [INFO] ThirdPartyUpdaterWithRetryManager:70 - Updater plugin not ready yet. [2/15]
2024-11-02 07:44:06,225 [ERROR] ConfigurationRetriever:142 - IOException on connection: Read timed out
2024-11-02 07:44:06,478 [FATAL] Updater:308 - Updater called before beeing initialized
2024-11-02 07:44:06,479 [ERROR] IntegrityCheckThread:130 - Cannot retrieve database content from updater: error 21
2024-11-02 07:44:06,480 [INFO] ThirdParty:978 - Integrity check success = false
2024-11-02 07:44:06,481 [INFO] IntegrityCheckThread:100 - exiting critical section [integrity check]
2024-11-02 07:44:06,481 [INFO] IntegrityCheckThread:103 - End integrity checks thread
2024-11-02 07:44:07,658 [INFO] MainUpdater:2873 - connection check result : 10
2024-11-02 07:44:07,658 [INFO] MainUpdater:290 - Updater Check For Update Now.
2024-11-02 07:44:07,659 [INFO] MicroXplorer:498 - Change Database Version : DB.6.0.111
2024-11-02 07:44:07,662 [INFO] McuFinderGlobals:63 - Set McuFinder mode to 2 (CubeIDE integrated)
2024-11-02 07:44:07,662 [INFO] UserAuth:179 - activating auth plugin
2024-11-02 07:44:07,666 [INFO] UserAuth:415 - Internet connection configuration mode: 1
2024-11-02 07:44:07,679 [ERROR] ConfigurationRetriever:142 - IOException on connection: Read timed out
2024-11-02 07:44:07,680 [INFO] JxBrowserEngine:152 - Initiate JxBrowser Engine with user profile folder
2024-11-02 07:44:07,828 [INFO] CheckServerUpdateThread:120 - End of CheckServer Thread
2024-11-02 07:44:08,435 [INFO] WebApp:161 - Instantiating new browser for Auth
2024-11-02 07:44:08,920 [INFO] WebApp:779 - Register for checkConnection events
2024-11-02 07:44:08,920 [INFO] WebApp:414 - Apply proxy settings
2024-11-02 07:44:08,920 [INFO] WebApp:499 - Chromium requires no authentication
2024-11-02 07:44:08,924 [INFO] WebApp:442 - Direct internet connection detected
2024-11-02 07:44:09,014 [INFO] WebApp:192 - Starting web application
2024-11-02 07:44:09,015 [INFO] WebApp:544 - Web application path used /opt/st/stm32cubeide_1.15.1/plugins/com.st.stm32cube.common.mx_6.11.1.202404110753/db/plugins/mcufinder/reactClient1/index.html
2024-11-02 07:44:12,410 [ERROR] ConfigurationRetriever:142 - IOException on connection: Read timed out
