2026-01-06 19:43:22,184 [INFO] Activator:176 - 


2026-01-06 19:43:22,189 [INFO] Activator:177 - !SESSION log4j initialized
2026-01-06 19:43:26,309 [INFO] LogOutputStream:77 - [STDOUT_REDIRECT] 
2026-01-06 19:43:27,342 [INFO] ApplicationProperties:184 - Using Application install path: /opt/st/stm32cubeide_1.15.1/plugins/com.st.stm32cube.common.mx_6.11.1.202404110753
2026-01-06 19:43:27,358 [INFO] DbMcusXml:78 - Set database path to: /opt/st/stm32cubeide_1.15.1/plugins/com.st.stm32cube.common.mx_6.11.1.202404110753//db//mcu/
2026-01-06 19:43:27,358 [INFO] ApiDb:274 - Set plugin database path to: /opt/st/stm32cubeide_1.15.1/plugins/com.st.stm32cube.common.mx_6.11.1.202404110753//db//plugins/boardmanager/
2026-01-06 19:43:27,359 [WARN] ApiDb:259 - Overriding images path with different value:  => /opt/st/stm32cubeide_1.15.1/plugins/com.st.stm32cube.common.mx_6.11.1.202404110753//db//plugins/mcufinder/images/
2026-01-06 19:43:27,364 [INFO] ApiDb:250 - Set database path to: /home/poojaa/.stmcufinder/plugins/mcufinder//mcu/
2026-01-06 19:43:27,365 [INFO] DbMcusAds:125 - Set database path to: /home/poojaa/.stmcufinder/plugins/mcufinder//mcu/
2026-01-06 19:43:27,367 [INFO] CrossReferenceDbSqlite:203 - Set database path to: /home/poojaa/.stmcufinder/plugins/mcufinder//mcu/cs/
2026-01-06 19:43:27,488 [INFO] RulesReader:64 - Compatibility file has been processed (297 Rules)
2026-01-06 19:43:27,560 [INFO] DbMcusXml:78 - Set database path to: /opt/st/stm32cubeide_1.15.1/plugins/com.st.stm32cube.common.mx_6.11.1.202404110753//db//mcu/
2026-01-06 19:43:27,560 [INFO] ApiDb:274 - Set plugin database path to: /opt/st/stm32cubeide_1.15.1/plugins/com.st.stm32cube.common.mx_6.11.1.202404110753//db//plugins/boardmanager/
2026-01-06 19:43:27,560 [INFO] ApiDb:261 - Set plugin images path to: /opt/st/stm32cubeide_1.15.1/plugins/com.st.stm32cube.common.mx_6.11.1.202404110753//db//plugins/mcufinder/images/
2026-01-06 19:43:27,561 [WARN] DbFile:41 - Overriding database path with different value: /home/poojaa/.stmcufinder/plugins/mcufinder/ => /home/poojaa/.stmcufinder/plugins/mcufinder
2026-01-06 19:43:27,561 [INFO] ApiDb:250 - Set database path to: /home/poojaa/.stmcufinder/plugins/mcufinder//mcu/
2026-01-06 19:43:27,561 [WARN] DbFile:41 - Overriding database path with different value: /home/poojaa/.stmcufinder/plugins/mcufinder/ => /home/poojaa/.stmcufinder/plugins/mcufinder
2026-01-06 19:43:27,561 [INFO] DbMcusAds:125 - Set database path to: /home/poojaa/.stmcufinder/plugins/mcufinder//mcu/
2026-01-06 19:43:27,561 [WARN] DbFile:41 - Overriding database path with different value: /home/poojaa/.stmcufinder/plugins/mcufinder/ => /home/poojaa/.stmcufinder/plugins/mcufinder
2026-01-06 19:43:27,561 [WARN] DbFile:41 - Overriding database path with different value: /home/poojaa/.stmcufinder/plugins/mcufinder/ => /home/poojaa/.stmcufinder/plugins/mcufinder
2026-01-06 19:43:27,561 [INFO] CrossReferenceDbSqlite:203 - Set database path to: /home/poojaa/.stmcufinder/plugins/mcufinder//mcu/cs/
2026-01-06 19:43:27,637 [INFO] MainPanel:264 - HeapMemory: 268435456
2026-01-06 19:43:27,714 [INFO] DbMcusXml:78 - Set database path to: /opt/st/stm32cubeide_1.15.1/plugins/com.st.stm32cube.common.mx_6.11.1.202404110753//db//mcu/
2026-01-06 19:43:27,715 [INFO] ApiDb:274 - Set plugin database path to: /opt/st/stm32cubeide_1.15.1/plugins/com.st.stm32cube.common.mx_6.11.1.202404110753//db//plugins/boardmanager/
2026-01-06 19:43:27,715 [INFO] ApiDb:261 - Set plugin images path to: /opt/st/stm32cubeide_1.15.1/plugins/com.st.stm32cube.common.mx_6.11.1.202404110753//db//plugins/mcufinder/images/
2026-01-06 19:43:27,715 [WARN] DbFile:41 - Overriding database path with different value: /home/poojaa/.stmcufinder/plugins/mcufinder/ => /home/poojaa/.stmcufinder/plugins/mcufinder
2026-01-06 19:43:27,715 [INFO] ApiDb:250 - Set database path to: /home/poojaa/.stmcufinder/plugins/mcufinder//mcu/
2026-01-06 19:43:27,716 [WARN] DbFile:41 - Overriding database path with different value: /home/poojaa/.stmcufinder/plugins/mcufinder/ => /home/poojaa/.stmcufinder/plugins/mcufinder
2026-01-06 19:43:27,716 [INFO] DbMcusAds:125 - Set database path to: /home/poojaa/.stmcufinder/plugins/mcufinder//mcu/
2026-01-06 19:43:27,716 [WARN] DbFile:41 - Overriding database path with different value: /home/poojaa/.stmcufinder/plugins/mcufinder/ => /home/poojaa/.stmcufinder/plugins/mcufinder
2026-01-06 19:43:27,716 [WARN] DbFile:41 - Overriding database path with different value: /home/poojaa/.stmcufinder/plugins/mcufinder/ => /home/poojaa/.stmcufinder/plugins/mcufinder
2026-01-06 19:43:27,716 [INFO] CrossReferenceDbSqlite:203 - Set database path to: /home/poojaa/.stmcufinder/plugins/mcufinder//mcu/cs/
2026-01-06 19:43:27,736 [INFO] ApplicationProperties:184 - Using Application install path: /opt/st/stm32cubeide_1.15.1/plugins/com.st.stm32cube.common.mx_6.11.1.202404110753
2026-01-06 19:43:27,737 [INFO] PluginManage:196 - Search for loadable plugins [exclusion list=, ]
2026-01-06 19:43:27,737 [INFO] PluginManage:310 - Check plugin analytics
2026-01-06 19:43:27,857 [INFO] AnalyticsPlugin:253 - Accepted Software Licenses: 
2026-01-06 19:43:27,858 [INFO] AnalyticsPlugin:255 - Accepted CMSIS Pack Licenses: 
2026-01-06 19:43:27,858 [INFO] AnalyticsPlugin:257 - Accepted Firmware Licenses: FW.F4.1.28.0
2026-01-06 19:43:27,860 [INFO] PluginManage:359 - Loaded plugin analytics (category:tool,tabindex:-1)
2026-01-06 19:43:27,860 [INFO] PluginManage:310 - Check plugin cadmodel
2026-01-06 19:43:27,883 [INFO] CADModel:105 - Init CAD model plugin
2026-01-06 19:43:27,884 [INFO] PluginManage:359 - Loaded plugin cadmodel (category:power,tabindex:5)
2026-01-06 19:43:27,884 [INFO] PluginManage:310 - Check plugin clock
2026-01-06 19:43:27,893 [INFO] PluginManage:359 - Loaded plugin clock (category:base,tabindex:2)
2026-01-06 19:43:27,893 [INFO] PluginManage:310 - Check plugin ddr
2026-01-06 19:43:27,895 [INFO] PluginManage:359 - Loaded plugin ddr (category:tool,tabindex:6)
2026-01-06 19:43:27,895 [INFO] PluginManage:310 - Check plugin filemanager
2026-01-06 19:43:27,994 [INFO] PluginManage:359 - Loaded plugin filemanager (category:base,tabindex:10)
2026-01-06 19:43:27,995 [INFO] PluginManage:310 - Check plugin ipmanager
2026-01-06 19:43:27,998 [INFO] PluginManage:359 - Loaded plugin ipmanager (category:base,tabindex:5)
2026-01-06 19:43:27,998 [INFO] PluginManage:310 - Check plugin lpbam
2026-01-06 19:43:28,004 [INFO] PluginManage:359 - Loaded plugin lpbam (category:base,tabindex:0)
2026-01-06 19:43:28,004 [INFO] PluginManage:310 - Check plugin memorymap
2026-01-06 19:43:28,011 [INFO] PluginManage:359 - Loaded plugin memorymap (category:base,tabindex:4)
2026-01-06 19:43:28,011 [INFO] PluginManage:310 - Check plugin pinoutandconfiguration
2026-01-06 19:43:28,016 [INFO] PluginManage:359 - Loaded plugin pinoutandconfiguration (category:base,tabindex:1)
2026-01-06 19:43:28,016 [INFO] PluginManage:310 - Check plugin pinoutconfig
2026-01-06 19:43:28,070 [WARN] SupportedApi:132 - Cannot load RTOS API schema: s4s-elt-must-match.1: The content of 'definitions' must match (annotation?, (simpleType | complexType)?, (unique | key | keyref)*)). A problem was found starting at: attribute.
2026-01-06 19:43:28,151 [INFO] PluginManage:359 - Loaded plugin pinoutconfig (category:base,tabindex:0)
2026-01-06 19:43:28,151 [INFO] PluginManage:310 - Check plugin power
2026-01-06 19:43:28,157 [INFO] PluginManage:359 - Loaded plugin power (category:power,tabindex:4)
2026-01-06 19:43:28,157 [INFO] PluginManage:310 - Check plugin projectmanager
2026-01-06 19:43:28,166 [INFO] PluginManage:359 - Loaded plugin projectmanager (category:projectmanager,tabindex:3)
2026-01-06 19:43:28,167 [INFO] PluginManage:310 - Check plugin thirdparty
2026-01-06 19:43:28,272 [INFO] PluginManage:359 - Loaded plugin thirdparty (category:base,tabindex:-1)
2026-01-06 19:43:28,272 [WARN] IntegrityCheckThread:84 - waiting for thirdparty lock release [integrity check]
2026-01-06 19:43:28,272 [INFO] IntegrityCheckThread:86 - entering critical section [integrity check]
2026-01-06 19:43:28,272 [INFO] PluginManage:310 - Check plugin tools
2026-01-06 19:43:28,272 [INFO] ThirdPartyUpdaterWithRetryManager:70 - Updater plugin not ready yet. [1/15]
2026-01-06 19:43:28,275 [INFO] PluginManage:359 - Loaded plugin tools (category:base,tabindex:7)
2026-01-06 19:43:28,275 [INFO] PluginManage:310 - Check plugin tutovideos
2026-01-06 19:43:28,386 [INFO] PluginManage:359 - Loaded plugin tutovideos (category:base,tabindex:-1)
2026-01-06 19:43:28,386 [INFO] PluginManage:310 - Check plugin updater
2026-01-06 19:43:28,396 [INFO] PluginManage:359 - Loaded plugin updater (category:base,tabindex:12)
2026-01-06 19:43:28,396 [INFO] PluginManage:310 - Check plugin userauth
2026-01-06 19:43:28,401 [INFO] UserAuth:114 - Init User Auth plugin
2026-01-06 19:43:28,401 [INFO] PluginManage:359 - Loaded plugin userauth (category:base,tabindex:14)
2026-01-06 19:43:28,401 [INFO] PluginManage:283 - PluginManage : Loaded plugins [17]
2026-01-06 19:43:28,550 [INFO] PinOutPanel:1561 - setPackage(No Configuration,No Configuration)
2026-01-06 19:43:28,596 [INFO] CADModel:165 - CPN selected for project level
2026-01-06 19:43:28,596 [INFO] CADModel:114 - Register for checkConnection events
2026-01-06 19:43:28,606 [INFO] IPUIPlugin:80 - create IPUIPlugin
2026-01-06 19:43:28,606 [INFO] PluginManager:220 - loadIPPluginJar : add adc
2026-01-06 19:43:28,608 [INFO] IPUIPlugin:80 - create IPUIPlugin
2026-01-06 19:43:28,608 [INFO] PluginManager:220 - loadIPPluginJar : add dma3
2026-01-06 19:43:28,610 [INFO] IPUIPlugin:80 - create IPUIPlugin
2026-01-06 19:43:28,610 [INFO] PluginManager:220 - loadIPPluginJar : add opamp
2026-01-06 19:43:28,611 [INFO] IPUIPlugin:80 - create IPUIPlugin
2026-01-06 19:43:28,611 [INFO] PluginManager:220 - loadIPPluginJar : add pdm2pcm
2026-01-06 19:43:28,612 [INFO] IPUIPlugin:80 - create IPUIPlugin
2026-01-06 19:43:28,612 [INFO] PluginManager:220 - loadIPPluginJar : add i2c
2026-01-06 19:43:28,613 [INFO] IPUIPlugin:80 - create IPUIPlugin
2026-01-06 19:43:28,613 [INFO] PluginManager:220 - loadIPPluginJar : add i2s
2026-01-06 19:43:28,614 [INFO] IPUIPlugin:80 - create IPUIPlugin
2026-01-06 19:43:28,614 [INFO] PluginManager:220 - loadIPPluginJar : add gfxmmu
2026-01-06 19:43:28,615 [INFO] IPUIPlugin:80 - create IPUIPlugin
2026-01-06 19:43:28,615 [INFO] PluginManager:220 - loadIPPluginJar : add quadspi
2026-01-06 19:43:28,620 [INFO] IPUIPlugin:80 - create IPUIPlugin
2026-01-06 19:43:28,620 [INFO] PluginManager:220 - loadIPPluginJar : add mdma
2026-01-06 19:43:28,622 [INFO] IPUIPlugin:80 - create IPUIPlugin
2026-01-06 19:43:28,622 [INFO] PluginManager:220 - loadIPPluginJar : add nvic
2026-01-06 19:43:28,626 [INFO] IPUIPlugin:80 - create IPUIPlugin
2026-01-06 19:43:28,626 [INFO] PluginManager:220 - loadIPPluginJar : add dma
2026-01-06 19:43:28,627 [INFO] IPUIPlugin:80 - create IPUIPlugin
2026-01-06 19:43:28,627 [INFO] PluginManager:220 - loadIPPluginJar : add aes
2026-01-06 19:43:28,631 [INFO] IPUIPlugin:80 - create IPUIPlugin
2026-01-06 19:43:28,631 [INFO] PluginManager:220 - loadIPPluginJar : add stm32_wpan
2026-01-06 19:43:28,632 [INFO] IPUIPlugin:80 - create IPUIPlugin
2026-01-06 19:43:28,632 [INFO] PluginManager:220 - loadIPPluginJar : add usart
2026-01-06 19:43:28,633 [INFO] IPUIPlugin:80 - create IPUIPlugin
2026-01-06 19:43:28,633 [INFO] PluginManager:220 - loadIPPluginJar : add genericplugin
2026-01-06 19:43:28,635 [INFO] IPUIPlugin:80 - create IPUIPlugin
2026-01-06 19:43:28,635 [INFO] PluginManager:220 - loadIPPluginJar : add openamp
2026-01-06 19:43:28,638 [INFO] IPUIPlugin:80 - create IPUIPlugin
2026-01-06 19:43:28,638 [INFO] PluginManager:220 - loadIPPluginJar : add ipddr
2026-01-06 19:43:28,640 [INFO] IPUIPlugin:80 - create IPUIPlugin
2026-01-06 19:43:28,640 [INFO] PluginManager:220 - loadIPPluginJar : add lorawan
2026-01-06 19:43:28,643 [INFO] IPUIPlugin:80 - create IPUIPlugin
2026-01-06 19:43:28,643 [INFO] PluginManager:220 - loadIPPluginJar : add gtzc
2026-01-06 19:43:28,645 [INFO] IPUIPlugin:80 - create IPUIPlugin
2026-01-06 19:43:28,645 [INFO] PluginManager:220 - loadIPPluginJar : add can
2026-01-06 19:43:28,646 [INFO] IPUIPlugin:80 - create IPUIPlugin
2026-01-06 19:43:28,646 [INFO] PluginManager:220 - loadIPPluginJar : add fatfs
2026-01-06 19:43:28,650 [INFO] IPUIPlugin:80 - create IPUIPlugin
2026-01-06 19:43:28,650 [INFO] PluginManager:220 - loadIPPluginJar : add gpio
2026-01-06 19:43:28,652 [INFO] IPUIPlugin:80 - create IPUIPlugin
2026-01-06 19:43:28,652 [INFO] PluginManager:220 - loadIPPluginJar : add ts
2026-01-06 19:43:28,653 [INFO] IPUIPlugin:80 - create IPUIPlugin
2026-01-06 19:43:28,653 [INFO] PluginManager:220 - loadIPPluginJar : add dfsdm
2026-01-06 19:43:28,657 [INFO] IPUIPlugin:80 - create IPUIPlugin
2026-01-06 19:43:28,657 [INFO] PluginManager:220 - loadIPPluginJar : add gic
2026-01-06 19:43:28,662 [INFO] IPUIPlugin:80 - create IPUIPlugin
2026-01-06 19:43:28,662 [INFO] PluginManager:220 - loadIPPluginJar : add linkedlist
2026-01-06 19:43:28,664 [INFO] IPUIPlugin:80 - create IPUIPlugin
2026-01-06 19:43:28,664 [INFO] PluginManager:220 - loadIPPluginJar : add tim
2026-01-06 19:43:28,665 [INFO] IPUIPlugin:80 - create IPUIPlugin
2026-01-06 19:43:28,666 [INFO] PluginManager:220 - loadIPPluginJar : add tracer_emb
2026-01-06 19:43:28,668 [INFO] IPUIPlugin:80 - create IPUIPlugin
2026-01-06 19:43:28,668 [INFO] PluginManager:220 - loadIPPluginJar : add extmemmanager
2026-01-06 19:43:28,670 [INFO] IPUIPlugin:80 - create IPUIPlugin
2026-01-06 19:43:28,671 [INFO] PluginManager:220 - loadIPPluginJar : add spi
2026-01-06 19:43:28,672 [INFO] IPUIPlugin:80 - create IPUIPlugin
2026-01-06 19:43:28,672 [INFO] PluginManager:220 - loadIPPluginJar : add comp
2026-01-06 19:43:28,675 [INFO] IPUIPlugin:80 - create IPUIPlugin
2026-01-06 19:43:28,675 [INFO] PluginManager:220 - loadIPPluginJar : add sai
2026-01-06 19:43:28,677 [INFO] IPUIPlugin:80 - create IPUIPlugin
2026-01-06 19:43:28,677 [INFO] PluginManager:220 - loadIPPluginJar : add ucpd
2026-01-06 19:43:28,678 [INFO] IPUIPlugin:80 - create IPUIPlugin
2026-01-06 19:43:28,678 [INFO] PluginManager:220 - loadIPPluginJar : add ltdc
2026-01-06 19:43:28,681 [INFO] IPUIPlugin:80 - create IPUIPlugin
2026-01-06 19:43:28,681 [INFO] PluginManager:220 - loadIPPluginJar : add touchsensing
2026-01-06 19:43:28,686 [INFO] IPUIPlugin:80 - create IPUIPlugin
2026-01-06 19:43:28,688 [INFO] PluginManager:220 - loadIPPluginJar : add plateformsettings
2026-01-06 19:43:28,691 [INFO] IPUIPlugin:80 - create IPUIPlugin
2026-01-06 19:43:28,692 [INFO] PluginManager:220 - loadIPPluginJar : add resmgrutility
2026-01-06 19:43:28,693 [INFO] IPUIPlugin:80 - create IPUIPlugin
2026-01-06 19:43:28,693 [INFO] PluginManager:220 - loadIPPluginJar : add cryp
2026-01-06 19:43:28,696 [INFO] IPUIPlugin:80 - create IPUIPlugin
2026-01-06 19:43:28,697 [INFO] PluginManager:220 - loadIPPluginJar : add fmc
2026-01-06 19:43:28,699 [INFO] IPUIPlugin:80 - create IPUIPlugin
2026-01-06 19:43:28,699 [INFO] PluginManager:220 - loadIPPluginJar : add tsc
2026-01-06 19:43:28,701 [INFO] IPUIPlugin:80 - create IPUIPlugin
2026-01-06 19:43:28,701 [INFO] PluginManager:220 - loadIPPluginJar : add hash
2026-01-06 19:43:28,705 [INFO] IPUIPlugin:80 - create IPUIPlugin
2026-01-06 19:43:28,705 [INFO] PluginManager:220 - loadIPPluginJar : add freertos
2026-01-06 19:43:28,707 [INFO] IPUIPlugin:80 - create IPUIPlugin
2026-01-06 19:43:28,707 [INFO] PluginManager:220 - loadIPPluginJar : add usbx
2026-01-06 19:43:28,708 [INFO] IPUIPlugin:80 - create IPUIPlugin
2026-01-06 19:43:28,708 [INFO] PluginManager:220 - loadIPPluginJar : add i3c
2026-01-06 19:43:28,813 [INFO] CADModel:165 - CPN selected for project level
2026-01-06 19:43:28,813 [INFO] CADModel:114 - Register for checkConnection events
2026-01-06 19:43:28,813 [FATAL] Updater:308 - Updater called before beeing initialized
2026-01-06 19:43:28,814 [ERROR] CADModel:125 - Updater not yet initialized, retry later 
2026-01-06 19:43:28,925 [INFO] CADModel:165 - CPN selected for project level
2026-01-06 19:43:28,925 [INFO] CADModel:114 - Register for checkConnection events
2026-01-06 19:43:28,925 [FATAL] Updater:308 - Updater called before beeing initialized
2026-01-06 19:43:28,925 [ERROR] CADModel:125 - Updater not yet initialized, retry later 
2026-01-06 19:43:28,927 [FATAL] Updater:308 - Updater called before beeing initialized
2026-01-06 19:43:29,015 [FATAL] Updater:308 - Updater called before beeing initialized
2026-01-06 19:43:29,019 [INFO] DbMcusAds:53 - JSON generation date=Tue Dec 16 04:41:46 IST 2025 (1765840306612)
2026-01-06 19:43:29,019 [FATAL] Updater:308 - Updater called before beeing initialized
2026-01-06 19:43:29,050 [WARN] DetailPanel:346 - Failed to get advertising image, set to default
2026-01-06 19:43:29,119 [FATAL] Updater:308 - Updater called before beeing initialized
2026-01-06 19:43:29,121 [FATAL] Updater:308 - Updater called before beeing initialized
2026-01-06 19:43:29,121 [FATAL] Updater:308 - Updater called before beeing initialized
2026-01-06 19:43:29,121 [WARN] DetailPanel:346 - Failed to get advertising image, set to default
2026-01-06 19:43:29,122 [FATAL] Updater:308 - Updater called before beeing initialized
2026-01-06 19:43:29,144 [ERROR] Updater:1120 - MainUpdater not yet initialized. External WinMGr cannot be set.
2026-01-06 19:43:29,145 [INFO] Updater:1056 - Updater Version found : 6.11.1
2026-01-06 19:43:29,165 [INFO] ApplicationProperties:184 - Using Application install path: /opt/st/stm32cubeide_1.15.1/plugins/com.st.stm32cube.common.mx_6.11.1.202404110753
2026-01-06 19:43:29,410 [INFO] MainUpdater:2873 - connection check result : 10
2026-01-06 19:43:29,411 [INFO] MainUpdater:290 - Updater Check For Update Now.
2026-01-06 19:43:29,411 [INFO] MicroXplorer:498 - Change Database Version : DB.6.0.111
2026-01-06 19:43:29,413 [INFO] McuFinderGlobals:63 - Set McuFinder mode to 2 (CubeIDE integrated)
2026-01-06 19:43:29,419 [INFO] UserAuth:415 - Internet connection configuration mode: 1
2026-01-06 19:43:29,438 [INFO] JxBrowserEngine:152 - Initiate JxBrowser Engine with user profile folder
2026-01-06 19:43:29,620 [INFO] CheckServerUpdateThread:120 - End of CheckServer Thread
2026-01-06 19:43:30,566 [INFO] WebApp:161 - Instantiating new browser for Auth
2026-01-06 19:43:31,130 [INFO] WebApp:779 - Register for checkConnection events
2026-01-06 19:43:31,130 [INFO] WebApp:414 - Apply proxy settings
2026-01-06 19:43:31,130 [INFO] WebApp:499 - Chromium requires no authentication
2026-01-06 19:43:31,134 [INFO] WebApp:442 - Direct internet connection detected
2026-01-06 19:43:31,241 [INFO] WebApp:192 - Starting web application
2026-01-06 19:43:31,242 [INFO] WebApp:544 - Web application path used /opt/st/stm32cubeide_1.15.1/plugins/com.st.stm32cube.common.mx_6.11.1.202404110753/db/plugins/mcufinder/reactClient1/index.html
2026-01-06 19:43:31,391 [WARN] PackLoader:240 - Cannot read IP mode file for STMicroelectronics.FP-SNS-MOTENVWB1.1.4.0
2026-01-06 19:43:31,398 [WARN] PackLoader:240 - Cannot read IP mode file for STMicroelectronics.FP-ATR-ASTRA1.2.0.2
2026-01-06 19:43:31,401 [WARN] PackLoader:240 - Cannot read IP mode file for STMicroelectronics.FP-ATR-ASTRA1.2.0.1
2026-01-06 19:43:31,406 [WARN] PackLoader:240 - Cannot read IP mode file for STMicroelectronics.X-CUBE-SMBUS.2.1.0
2026-01-06 19:43:31,411 [WARN] PackLoader:240 - Cannot read IP mode file for STMicroelectronics.X-CUBE-WB05N.1.1.0
2026-01-06 19:43:31,414 [ERROR] Engine:466 - /home/poojaa/.stm32cubemx/thirdparties/pdsc/STMicroelectronics.X-CUBE-ST60.1.0.0.pdsc: PDSC version is not supported
2026-01-06 19:43:31,436 [WARN] PackLoader:240 - Cannot read IP mode file for STMicroelectronics.X-CUBE-AZRTOS-F7.1.1.0
2026-01-06 19:43:31,480 [WARN] PackLoader:240 - Cannot read IP mode file for STMicroelectronics.X-CUBE-MEMS1.11.0.0
2026-01-06 19:43:31,617 [ERROR] Engine:466 - /home/poojaa/.stm32cubemx/thirdparties/pdsc/STMicroelectronics.FP-SNS-MOTENV1.5.1.0.pdsc: PDSC version is not supported
2026-01-06 19:43:31,624 [WARN] PackLoader:240 - Cannot read IP mode file for STMicroelectronics.FP-SNS-FLIGHT1.5.0.2
2026-01-06 19:43:31,664 [WARN] PackLoader:240 - Cannot read IP mode file for STMicroelectronics.X-CUBE-AZRTOS-H7.3.4.0
2026-01-06 19:43:31,678 [WARN] PackLoader:240 - Cannot read IP mode file for STMicroelectronics.X-CUBE-DISPLAY.3.0.0
2026-01-06 19:43:31,688 [WARN] PackLoader:240 - Cannot read IP mode file for STMicroelectronics.X-CUBE-BLE1.7.0.0
2026-01-06 19:43:31,697 [WARN] PackLoader:240 - Cannot read IP mode file for STMicroelectronics.X-CUBE-NFC10.1.0.0
2026-01-06 19:43:31,711 [WARN] PackLoader:240 - Cannot read IP mode file for STMicroelectronics.X-CUBE-BLEMGR.4.0.0
2026-01-06 19:43:31,719 [ERROR] Engine:466 - /home/poojaa/.stm32cubemx/thirdparties/pdsc/STMicroelectronics.X-CUBE-ST60.1.1.0.pdsc: PDSC version is not supported
2026-01-06 19:43:31,722 [WARN] PackLoader:240 - Cannot read IP mode file for emotas.I-CUBE-CANOPEN.1.3.0
2026-01-06 19:43:31,727 [WARN] PackLoader:240 - Cannot read IP mode file for STMicroelectronics.X-CUBE-GNSS1.7.1.0
2026-01-06 19:43:31,734 [WARN] PackLoader:240 - Cannot read IP mode file for STMicroelectronics.X-CUBE-BLEMGR.3.1.0
2026-01-06 19:43:31,743 [WARN] PackLoader:240 - Cannot read IP mode file for STMicroelectronics.X-CUBE-AI.10.0.0
2026-01-06 19:43:31,745 [ERROR] Engine:466 - /home/poojaa/.stm32cubemx/thirdparties/pdsc/STMicroelectronics.FP-SNS-STBOX1.2.1.0.pdsc: PDSC version is not supported
2026-01-06 19:43:31,748 [WARN] PackLoader:240 - Cannot read IP mode file for STMicroelectronics.FP-SNS-SMARTAG2.1.2.0
2026-01-06 19:43:31,749 [ERROR] Engine:466 - /home/poojaa/.stm32cubemx/thirdparties/pdsc/STMicroelectronics.FP-SNS-FLIGHT1.5.1.0.pdsc: PDSC version is not supported
2026-01-06 19:43:31,778 [WARN] PackLoader:240 - Cannot read IP mode file for STMicroelectronics.X-CUBE-MEMS1.11.1.0
2026-01-06 19:43:31,860 [INFO] LogOutputStream:77 - [STDOUT_REDIRECT] 1 : Invalid condition id : UX_CORESTACK_Condition cause : null
2026-01-06 19:43:31,861 [INFO] LogOutputStream:77 - [STDOUT_REDIRECT] 1 : Invalid condition id : UX_CORESTACK_Condition cause : null
2026-01-06 19:43:31,861 [INFO] LogOutputStream:77 - [STDOUT_REDIRECT] 1 : Invalid condition id : UX_CORESTACK_Condition cause : null
2026-01-06 19:43:31,861 [INFO] LogOutputStream:77 - [STDOUT_REDIRECT] 1 : Invalid condition id : UX_CORESTACK_Condition cause : null
2026-01-06 19:43:31,862 [INFO] LogOutputStream:77 - [STDOUT_REDIRECT] 1 : Invalid condition id : UX_CORESTACK_Condition cause : null
2026-01-06 19:43:31,864 [WARN] PackLoader:240 - Cannot read IP mode file for STMicroelectronics.X-CUBE-AZRTOS-WL.2.0.0
2026-01-06 19:43:31,868 [WARN] PackLoader:240 - Cannot read IP mode file for STMicroelectronics.FP-SNS-MOTENV1.5.0.0
2026-01-06 19:43:31,878 [WARN] PackLoader:240 - Cannot read IP mode file for STMicroelectronics.X-CUBE-AZRTOS-H7RS.1.2.0
2026-01-06 19:43:31,881 [WARN] PackLoader:240 - Cannot read IP mode file for wolfSSL.I-CUBE-wolfMQTT.1.19.0
2026-01-06 19:43:31,887 [WARN] PackLoader:240 - Cannot read IP mode file for WES.I-CUBE-Cesium.1.3.0
2026-01-06 19:43:31,891 [WARN] PackLoader:240 - Cannot read IP mode file for STMicroelectronics.X-CUBE-BLE2.3.3.0
2026-01-06 19:43:31,894 [ERROR] Engine:466 - /home/poojaa/.stm32cubemx/thirdparties/pdsc/Avnet-IOTCONNECT.X-CUBE-iotc-st67-sdk.1.0.0.pdsc: PDSC version is not supported
2026-01-06 19:43:31,899 [WARN] PackLoader:240 - Cannot read IP mode file for STMicroelectronics.X-CUBE-NFC9.1.0.0
2026-01-06 19:43:31,903 [WARN] PackLoader:240 - Cannot read IP mode file for STMicroelectronics.X-CUBE-BLE1.7.1.0
2026-01-06 19:43:31,908 [WARN] PackLoader:240 - Cannot read IP mode file for STMicroelectronics.X-CUBE-TCPP.4.1.0
2026-01-06 19:43:31,919 [ERROR] Engine:466 - /home/poojaa/.stm32cubemx/thirdparties/pdsc/STMicroelectronics.X-CUBE-FREERTOS.1.4.0.pdsc: PDSC version is not supported
2026-01-06 19:43:31,925 [WARN] PackLoader:240 - Cannot read IP mode file for STMicroelectronics.X-CUBE-EEPRMA1.5.2.0
2026-01-06 19:43:31,930 [ERROR] Engine:466 - /home/poojaa/.stm32cubemx/thirdparties/pdsc/STMicroelectronics.X-CUBE-ST67W61.1.1.0.pdsc: PDSC version is not supported
2026-01-06 19:43:31,983 [WARN] PackLoader:240 - Cannot read IP mode file for STMicroelectronics.X-CUBE-MEMS1.12.0.0
2026-01-06 19:43:32,103 [WARN] PackLoader:240 - Cannot read IP mode file for STMicroelectronics.X-CUBE-MEMS1.11.2.0
2026-01-06 19:43:32,172 [WARN] PackLoader:240 - Cannot read IP mode file for STMicroelectronics.X-CUBE-AZRTOS-G0.1.1.0
2026-01-06 19:43:32,177 [WARN] PackLoader:240 - Cannot read IP mode file for STMicroelectronics.X-CUBE-SAFEA1.1.2.2
2026-01-06 19:43:32,180 [WARN] PackLoader:240 - Cannot read IP mode file for STMicroelectronics.X-CUBE-NFC4.3.0.0
2026-01-06 19:43:32,189 [WARN] PackLoader:240 - Cannot read IP mode file for EmbeddedOffice.I-CUBE-FS-RTOS.1.0.1
2026-01-06 19:43:32,190 [ERROR] ConditionMgr:805 - Attr not supported : Dmpu
2026-01-06 19:43:32,190 [ERROR] ConditionMgr:805 - Attr not supported : Dmpu
2026-01-06 19:43:32,190 [ERROR] ConditionMgr:805 - Attr not supported : Dmpu
2026-01-06 19:43:32,190 [ERROR] ConditionMgr:805 - Attr not supported : Dmpu
2026-01-06 19:43:32,190 [ERROR] ConditionMgr:805 - Attr not supported : Dmpu
2026-01-06 19:43:32,190 [ERROR] ConditionMgr:805 - Attr not supported : Dmpu
2026-01-06 19:43:32,191 [ERROR] ConditionMgr:805 - Attr not supported : Dmpu
2026-01-06 19:43:32,191 [ERROR] ConditionMgr:805 - Attr not supported : Dmpu
2026-01-06 19:43:32,191 [ERROR] ConditionMgr:805 - Attr not supported : Dmpu
2026-01-06 19:43:32,191 [ERROR] ConditionMgr:805 - Attr not supported : Dmpu
2026-01-06 19:43:32,191 [ERROR] ConditionMgr:805 - Attr not supported : Dmpu
2026-01-06 19:43:32,191 [ERROR] ConditionMgr:805 - Attr not supported : Dmpu
2026-01-06 19:43:32,191 [ERROR] ConditionMgr:805 - Attr not supported : Dmpu
2026-01-06 19:43:32,191 [ERROR] ConditionMgr:805 - Attr not supported : Dmpu
2026-01-06 19:43:32,191 [ERROR] ConditionMgr:805 - Attr not supported : Dmpu
2026-01-06 19:43:32,191 [ERROR] ConditionMgr:805 - Attr not supported : Dmpu
2026-01-06 19:43:32,193 [ERROR] ConditionMgr:805 - Attr not supported : Dmpu
2026-01-06 19:43:32,193 [ERROR] ConditionMgr:805 - Attr not supported : Dmpu
2026-01-06 19:43:32,193 [ERROR] ConditionMgr:805 - Attr not supported : Dmpu
2026-01-06 19:43:32,193 [ERROR] ConditionMgr:805 - Attr not supported : Dmpu
2026-01-06 19:43:32,193 [ERROR] ConditionMgr:805 - Attr not supported : Dmpu
2026-01-06 19:43:32,193 [ERROR] ConditionMgr:805 - Attr not supported : Dmpu
2026-01-06 19:43:32,193 [ERROR] ConditionMgr:805 - Attr not supported : Dmpu
2026-01-06 19:43:32,193 [ERROR] ConditionMgr:805 - Attr not supported : Dmpu
2026-01-06 19:43:32,194 [ERROR] ConditionMgr:805 - Attr not supported : Dmpu
2026-01-06 19:43:32,194 [ERROR] ConditionMgr:805 - Attr not supported : Dmpu
2026-01-06 19:43:32,194 [ERROR] ConditionMgr:805 - Attr not supported : Dmpu
2026-01-06 19:43:32,194 [ERROR] ConditionMgr:805 - Attr not supported : Dmpu
2026-01-06 19:43:32,194 [ERROR] ConditionMgr:805 - Attr not supported : Dmpu
2026-01-06 19:43:32,194 [ERROR] ConditionMgr:805 - Attr not supported : Dmpu
2026-01-06 19:43:32,194 [ERROR] ConditionMgr:805 - Attr not supported : Dmpu
2026-01-06 19:43:32,194 [ERROR] ConditionMgr:805 - Attr not supported : Dmpu
2026-01-06 19:43:32,194 [ERROR] ConditionMgr:805 - Attr not supported : Dmpu
2026-01-06 19:43:32,194 [ERROR] ConditionMgr:805 - Attr not supported : Dmpu
2026-01-06 19:43:32,194 [ERROR] ConditionMgr:805 - Attr not supported : Dmpu
2026-01-06 19:43:32,194 [ERROR] ConditionMgr:805 - Attr not supported : Dmpu
2026-01-06 19:43:32,195 [ERROR] ConditionMgr:805 - Attr not supported : Dmpu
2026-01-06 19:43:32,195 [ERROR] ConditionMgr:805 - Attr not supported : Dmpu
2026-01-06 19:43:32,195 [ERROR] ConditionMgr:805 - Attr not supported : Dmpu
2026-01-06 19:43:32,195 [ERROR] ConditionMgr:805 - Attr not supported : Dmpu
2026-01-06 19:43:32,195 [ERROR] ConditionMgr:805 - Attr not supported : Dmpu
2026-01-06 19:43:32,195 [ERROR] ConditionMgr:805 - Attr not supported : Dmpu
2026-01-06 19:43:32,195 [ERROR] ConditionMgr:805 - Attr not supported : Dmpu
2026-01-06 19:43:32,195 [ERROR] ConditionMgr:805 - Attr not supported : Dmpu
2026-01-06 19:43:32,196 [ERROR] ConditionMgr:805 - Attr not supported : Dmpu
2026-01-06 19:43:32,196 [ERROR] ConditionMgr:805 - Attr not supported : Dmpu
2026-01-06 19:43:32,196 [ERROR] ConditionMgr:805 - Attr not supported : Dmpu
2026-01-06 19:43:32,196 [ERROR] ConditionMgr:805 - Attr not supported : Dmpu
2026-01-06 19:43:32,196 [ERROR] ConditionMgr:805 - Attr not supported : Dmpu
2026-01-06 19:43:32,196 [ERROR] ConditionMgr:805 - Attr not supported : Dmpu
2026-01-06 19:43:32,196 [ERROR] ConditionMgr:805 - Attr not supported : Dmpu
2026-01-06 19:43:32,196 [ERROR] ConditionMgr:805 - Attr not supported : Dmpu
2026-01-06 19:43:32,196 [ERROR] ConditionMgr:805 - Attr not supported : Dmpu
2026-01-06 19:43:32,196 [ERROR] ConditionMgr:805 - Attr not supported : Dmpu
2026-01-06 19:43:32,197 [ERROR] ConditionMgr:805 - Attr not supported : Dmpu
2026-01-06 19:43:32,197 [ERROR] ConditionMgr:805 - Attr not supported : Dmpu
2026-01-06 19:43:32,197 [ERROR] ConditionMgr:805 - Attr not supported : Dmpu
2026-01-06 19:43:32,197 [ERROR] ConditionMgr:805 - Attr not supported : Dmpu
2026-01-06 19:43:32,197 [ERROR] ConditionMgr:805 - Attr not supported : Dmpu
2026-01-06 19:43:32,197 [ERROR] ConditionMgr:805 - Attr not supported : Dmpu
2026-01-06 19:43:32,197 [ERROR] ConditionMgr:805 - Attr not supported : Dmpu
2026-01-06 19:43:32,197 [ERROR] ConditionMgr:805 - Attr not supported : Dmpu
2026-01-06 19:43:32,197 [ERROR] ConditionMgr:805 - Attr not supported : Dmpu
2026-01-06 19:43:32,198 [ERROR] ConditionMgr:805 - Attr not supported : Dmpu
2026-01-06 19:43:32,202 [WARN] PackLoader:240 - Cannot read IP mode file for STMicroelectronics.X-CUBE-WB05N.2.0.0
2026-01-06 19:43:32,206 [ERROR] Engine:466 - /home/poojaa/.stm32cubemx/thirdparties/pdsc/STMicroelectronics.X-CUBE-TCPP.4.2.0.pdsc: PDSC version is not supported
2026-01-06 19:43:32,210 [WARN] PackLoader:240 - Cannot read IP mode file for RealThread.X-CUBE-RT-Thread_Nano.4.1.1
2026-01-06 19:43:32,213 [WARN] PackLoader:240 - Cannot read IP mode file for wolfSSL.I-CUBE-wolfSSL.5.7.0
2026-01-06 19:43:32,216 [WARN] PackLoader:240 - Cannot read IP mode file for STMicroelectronics.FP-ATR-SIGFOX1.3.2.0
2026-01-06 19:43:32,219 [WARN] ConditionMgr:438 - getConditionDescription Invalid condition id : Cortex-A Device cause : null
2026-01-06 19:43:32,232 [WARN] ConditionMgr:1039 - genDependencies : Invalid condition id : Cortex-A Device cause : null
2026-01-06 19:43:32,233 [WARN] ConditionMgr:1039 - genDependencies : Invalid condition id : Cortex-A Device cause : null
2026-01-06 19:43:32,233 [WARN] ConditionMgr:1039 - genDependencies : Invalid condition id : Cortex-A Device cause : null
2026-01-06 19:43:32,238 [WARN] PackLoader:240 - Cannot read IP mode file for STMicroelectronics.X-CUBE-EEPRMA1.5.1.0
2026-01-06 19:43:32,244 [WARN] PackLoader:240 - Cannot read IP mode file for ITTIA_DB.I-CUBE-ITTIADB.8.9.0
2026-01-06 19:43:32,247 [ERROR] Engine:466 - /home/poojaa/.stm32cubemx/thirdparties/pdsc/STMicroelectronics.X-CUBE-ST67W61.1.0.0.pdsc: PDSC version is not supported
2026-01-06 19:43:32,250 [WARN] PackLoader:240 - Cannot read IP mode file for STMicroelectronics.X-CUBE-AI.10.2.0
2026-01-06 19:43:32,299 [WARN] PackLoader:240 - Cannot read IP mode file for SEGGER.I-CUBE-embOS.1.3.1
2026-01-06 19:43:32,364 [WARN] PackLoader:240 - Cannot read IP mode file for STMicroelectronics.X-CUBE-ALGOBUILD.1.4.0
2026-01-06 19:43:32,410 [WARN] PackLoader:240 - Cannot read IP mode file for STMicroelectronics.X-CUBE-MEMS1.11.3.0
2026-01-06 19:43:32,551 [WARN] PackLoader:240 - Cannot read IP mode file for STMicroelectronics.X-CUBE-AI.9.1.0
2026-01-06 19:43:32,555 [WARN] PackLoader:240 - Cannot read IP mode file for STMicroelectronics.X-CUBE-PM33A1.1.0.0
2026-01-06 19:43:32,562 [WARN] PackLoader:240 - Cannot read IP mode file for STMicroelectronics.X-CUBE-GNSS1.6.0.0
2026-01-06 19:43:32,584 [WARN] PackLoader:240 - Cannot read IP mode file for STMicroelectronics.X-CUBE-AZRTOS-F4.1.1.0
2026-01-06 19:43:32,593 [ERROR] Engine:466 - /home/poojaa/.stm32cubemx/thirdparties/pdsc/Avnet-IotConnect.X-CUBE-IoTC-DA16k-PMOD.1.0.0.pdsc: PDSC version is not supported
2026-01-06 19:43:32,599 [WARN] PackLoader:240 - Cannot read IP mode file for STMicroelectronics.X-CUBE-ISPU.2.1.0
2026-01-06 19:43:32,607 [ERROR] Engine:466 - /home/poojaa/.stm32cubemx/thirdparties/pdsc/STMicroelectronics.X-CUBE-IPS.3.2.0.pdsc: PDSC version is not supported
2026-01-06 19:43:32,612 [WARN] PackLoader:240 - Cannot read IP mode file for STMicroelectronics.X-CUBE-FREERTOS.1.2.0
2026-01-06 19:43:32,622 [WARN] PackLoader:240 - Cannot read IP mode file for STMicroelectronics.X-CUBE-NFC12.1.0.0
2026-01-06 19:43:32,650 [WARN] PackLoader:240 - Cannot read IP mode file for STMicroelectronics.X-CUBE-AZRTOS-L5.2.0.0
2026-01-06 19:43:32,664 [WARN] PackLoader:240 - Cannot read IP mode file for STMicroelectronics.X-CUBE-NFC6.3.1.0
2026-01-06 19:43:32,670 [WARN] PackLoader:240 - Cannot read IP mode file for STMicroelectronics.X-CUBE-DPower.1.2.0
2026-01-06 19:43:32,674 [WARN] PackLoader:240 - Cannot read IP mode file for STMicroelectronics.X-CUBE-AI.9.0.0
2026-01-06 19:43:32,680 [WARN] PackLoader:240 - Cannot read IP mode file for STMicroelectronics.X-CUBE-FREERTOS.1.3.1
2026-01-06 19:43:32,683 [WARN] PackLoader:240 - Cannot read IP mode file for STMicroelectronics.X-CUBE-FREERTOS.1.3.0
2026-01-06 19:43:32,687 [WARN] PackLoader:240 - Cannot read IP mode file for STMicroelectronics.X-CUBE-NFC7.1.0.1
2026-01-06 19:43:32,690 [WARN] PackLoader:240 - Cannot read IP mode file for wolfSSL.I-CUBE-wolfTPM.3.2.0
2026-01-06 19:43:32,695 [WARN] PackLoader:240 - Cannot read IP mode file for STMicroelectronics.X-CUBE-TOUCHGFX.4.26.0
2026-01-06 19:43:32,698 [ERROR] Engine:466 - /home/poojaa/.stm32cubemx/thirdparties/pdsc/STMicroelectronics.FP-SNS-STAIOTCFT.1.0.0.pdsc: PDSC version is not supported
2026-01-06 19:43:32,702 [WARN] PackLoader:240 - Cannot read IP mode file for STMicroelectronics.X-CUBE-DPower.1.3.0
2026-01-06 19:43:32,713 [WARN] ConditionMgr:438 - getConditionDescription Invalid condition id : LAN8742 Phy interface Condition cause : null
2026-01-06 19:43:32,714 [WARN] PackLoader:240 - Cannot read IP mode file for STMicroelectronics.X-CUBE-AZRTOS-L4.2.0.0
2026-01-06 19:43:32,715 [WARN] ConditionMgr:1039 - genDependencies : Invalid condition id : LAN8742 Phy interface Condition cause : null
2026-01-06 19:43:32,716 [WARN] ConditionMgr:1039 - genDependencies : Invalid condition id : LAN8742 Phy interface Condition cause : null
2026-01-06 19:43:32,716 [WARN] ConditionMgr:1039 - genDependencies : Invalid condition id : LAN8742 Phy interface Condition cause : null
2026-01-06 19:43:32,721 [WARN] PackLoader:240 - Cannot read IP mode file for STMicroelectronics.X-CUBE-SFXS2LP1.4.0.0
2026-01-06 19:43:32,736 [WARN] PackLoader:240 - Cannot read IP mode file for STMicroelectronics.X-CUBE-AZRTOS-H7.3.3.0
2026-01-06 19:43:32,742 [ERROR] Engine:466 - /home/poojaa/.stm32cubemx/thirdparties/pdsc/STMicroelectronics.X-CUBE-BLEMGR.4.1.0.pdsc: PDSC version is not supported
2026-01-06 19:43:32,751 [WARN] PackLoader:240 - Cannot read IP mode file for STMicroelectronics.X-CUBE-IPS.3.0.0
2026-01-06 19:43:32,768 [WARN] ConditionMgr:438 - getConditionDescription Invalid condition id : UX DEVICE CLASS RTOS Condition cause : null
2026-01-06 19:43:32,768 [WARN] ConditionMgr:438 - getConditionDescription Invalid condition id : UX DEVICE CLASS RTOS Condition cause : null
2026-01-06 19:43:32,770 [WARN] PackLoader:240 - Cannot read IP mode file for STMicroelectronics.X-CUBE-AZRTOS-WB.2.0.0
2026-01-06 19:43:32,771 [WARN] ConditionMgr:1039 - genDependencies : Invalid condition id : UX DEVICE CLASS RTOS Condition cause : null
2026-01-06 19:43:32,771 [WARN] ConditionMgr:1039 - genDependencies : Invalid condition id : UX DEVICE CLASS RTOS Condition cause : null
2026-01-06 19:43:32,772 [WARN] ConditionMgr:1039 - genDependencies : Invalid condition id : UX DEVICE CLASS RTOS Condition cause : null
2026-01-06 19:43:32,772 [WARN] ConditionMgr:1039 - genDependencies : Invalid condition id : UX DEVICE CLASS RTOS Condition cause : null
2026-01-06 19:43:32,772 [WARN] ConditionMgr:1039 - genDependencies : Invalid condition id : UX DEVICE CLASS RTOS Condition cause : null
2026-01-06 19:43:32,775 [WARN] PackLoader:240 - Cannot read IP mode file for STMicroelectronics.X-CUBE-GNSS1.7.0.0
2026-01-06 19:43:32,779 [WARN] PackLoader:240 - Cannot read IP mode file for STMicroelectronics.X-CUBE-GNSS1.7.0.1
2026-01-06 19:43:32,782 [WARN] PackLoader:240 - Cannot read IP mode file for STMicroelectronics.X-CUBE-TOUCHGFX.4.25.0
2026-01-06 19:43:32,786 [WARN] PackLoader:240 - Cannot read IP mode file for STMicroelectronics.FP-SNS-STBOX1.2.0.0
2026-01-06 19:43:32,797 [WARN] PackLoader:240 - Cannot read IP mode file for STMicroelectronics.X-CUBE-SUBG2.5.0.0
2026-01-06 19:43:32,810 [WARN] PackLoader:240 - Cannot read IP mode file for STMicroelectronics.X-CUBE-AZRTOS-H7RS.1.1.0
2026-01-06 19:43:32,814 [WARN] PackLoader:240 - Cannot read IP mode file for Cesanta.I-CUBE-Mongoose.7.13.0
2026-01-06 19:43:32,821 [WARN] PackLoader:240 - Cannot read IP mode file for STMicroelectronics.X-CUBE-AZRTOS-G4.2.0.0
2026-01-06 19:43:32,825 [WARN] PackLoader:240 - Cannot read IP mode file for STMicroelectronics.X-CUBE-NFC7.2.0.0
2026-01-06 19:43:32,827 [WARN] PackLoader:240 - Cannot read IP mode file for STMicroelectronics.X-CUBE-ISPU.2.0.0
2026-01-06 19:43:32,831 [ERROR] Engine:466 - /home/poojaa/.stm32cubemx/thirdparties/pdsc/STMicroelectronics.X-CUBE-IPS.3.1.0.pdsc: PDSC version is not supported
2026-01-06 19:43:32,833 [WARN] PackLoader:240 - Cannot read IP mode file for STMicroelectronics.X-CUBE-ALS.1.0.2
2026-01-06 19:43:32,853 [WARN] PackLoader:240 - Cannot read IP mode file for STMicroelectronics.X-CUBE-MEMS1.10.0.0
2026-01-06 19:43:32,915 [WARN] PackLoader:240 - Cannot read IP mode file for STMicroelectronics.X-CUBE-TOUCHGFX.4.24.0
2026-01-06 19:43:32,917 [WARN] PackLoader:240 - Cannot read IP mode file for STMicroelectronics.X-CUBE-TOUCHGFX.4.24.2
2026-01-06 19:43:32,920 [WARN] PackLoader:240 - Cannot read IP mode file for STMicroelectronics.X-CUBE-TOUCHGFX.4.24.1
2026-01-06 19:43:32,923 [WARN] PackLoader:240 - Cannot read IP mode file for STMicroelectronics.X-CUBE-STSE01.1.0.0
2026-01-06 19:43:32,927 [WARN] PackLoader:240 - Cannot read IP mode file for portGmbH.I-Cube-SoM-uGOAL.1.1.0
2026-01-06 19:43:32,937 [WARN] PackLoader:240 - Cannot read IP mode file for STMicroelectronics.X-CUBE-AZRTOS-H7RS.1.0.0
2026-01-06 19:43:32,940 [WARN] PackLoader:240 - Cannot read IP mode file for STMicroelectronics.FP-ATR-ASTRA1.2.0.0
2026-01-06 19:43:32,946 [WARN] PackLoader:240 - Cannot read IP mode file for STMicroelectronics.X-CUBE-TOF1.3.4.2
2026-01-06 19:43:32,953 [ERROR] Engine:466 - /home/poojaa/.stm32cubemx/thirdparties/pdsc/STMicroelectronics.X-CUBE-TOF1.3.4.3.pdsc: PDSC version is not supported
2026-01-06 19:43:32,959 [WARN] PackLoader:240 - Cannot read IP mode file for STMicroelectronics.X-CUBE-TOF1.3.4.1
2026-01-06 19:43:32,983 [WARN] PackLoader:240 - Cannot read IP mode file for STMicroelectronics.X-CUBE-AZRTOS-H7.3.2.0
2026-01-06 19:43:32,997 [WARN] PackLoader:240 - Cannot read IP mode file for Infineon.AIROC-Wi-Fi-Bluetooth-STM32.1.6.0
2026-01-06 19:43:33,003 [WARN] PackLoader:240 - Cannot read IP mode file for wolfSSL.I-CUBE-wolfSSH.1.4.17
2026-01-06 19:43:33,003 [INFO] ThirdParty:978 - Integrity check success = true
2026-01-06 19:43:33,004 [INFO] IntegrityCheckThread:100 - exiting critical section [integrity check]
2026-01-06 19:43:33,004 [INFO] IntegrityCheckThread:103 - End integrity checks thread
2026-01-06 21:16:50,081 [INFO] LogOutputStream:77 - [STDOUT_REDIRECT] StartTraceHandler.execute(), success : Collect=false
2026-01-06 21:16:51,025 [INFO] LogOutputStream:77 - [STDOUT_REDIRECT] StartTraceHandler.execute(), success : Collect=true
