2024-07-21 14:01:30,772 [INFO] Activator:176 - 


2024-07-21 14:01:30,775 [INFO] Activator:177 - !SESSION log4j initialized
2024-07-21 14:01:33,818 [INFO] LogOutputStream:77 - [STDOUT_REDIRECT] 
2024-07-21 14:01:34,259 [INFO] ApplicationProperties:184 - Using Application install path: /opt/st/stm32cubeide_1.15.1/plugins/com.st.stm32cube.common.mx_6.11.1.202404110753
2024-07-21 14:01:34,289 [INFO] DbMcusXml:78 - Set database path to: /opt/st/stm32cubeide_1.15.1/plugins/com.st.stm32cube.common.mx_6.11.1.202404110753//db//mcu/
2024-07-21 14:01:34,289 [INFO] ApiDb:274 - Set plugin database path to: /opt/st/stm32cubeide_1.15.1/plugins/com.st.stm32cube.common.mx_6.11.1.202404110753//db//plugins/boardmanager/
2024-07-21 14:01:34,290 [WARN] ApiDb:259 - Overriding images path with different value:  => /opt/st/stm32cubeide_1.15.1/plugins/com.st.stm32cube.common.mx_6.11.1.202404110753//db//plugins/mcufinder/images/
2024-07-21 14:01:34,301 [INFO] ApiDb:250 - Set database path to: /home/poojaa/.stmcufinder/plugins/mcufinder//mcu/
2024-07-21 14:01:34,302 [INFO] DbMcusAds:125 - Set database path to: /home/poojaa/.stmcufinder/plugins/mcufinder//mcu/
2024-07-21 14:01:34,305 [INFO] CrossReferenceDbSqlite:203 - Set database path to: /home/poojaa/.stmcufinder/plugins/mcufinder//mcu/cs/
2024-07-21 14:01:34,403 [INFO] RulesReader:64 - Compatibility file has been processed (297 Rules)
2024-07-21 14:01:34,466 [INFO] DbMcusXml:78 - Set database path to: /opt/st/stm32cubeide_1.15.1/plugins/com.st.stm32cube.common.mx_6.11.1.202404110753//db//mcu/
2024-07-21 14:01:34,466 [INFO] ApiDb:274 - Set plugin database path to: /opt/st/stm32cubeide_1.15.1/plugins/com.st.stm32cube.common.mx_6.11.1.202404110753//db//plugins/boardmanager/
2024-07-21 14:01:34,466 [INFO] ApiDb:261 - Set plugin images path to: /opt/st/stm32cubeide_1.15.1/plugins/com.st.stm32cube.common.mx_6.11.1.202404110753//db//plugins/mcufinder/images/
2024-07-21 14:01:34,466 [WARN] DbFile:41 - Overriding database path with different value: /home/poojaa/.stmcufinder/plugins/mcufinder/ => /home/poojaa/.stmcufinder/plugins/mcufinder
2024-07-21 14:01:34,466 [INFO] ApiDb:250 - Set database path to: /home/poojaa/.stmcufinder/plugins/mcufinder//mcu/
2024-07-21 14:01:34,466 [WARN] DbFile:41 - Overriding database path with different value: /home/poojaa/.stmcufinder/plugins/mcufinder/ => /home/poojaa/.stmcufinder/plugins/mcufinder
2024-07-21 14:01:34,466 [INFO] DbMcusAds:125 - Set database path to: /home/poojaa/.stmcufinder/plugins/mcufinder//mcu/
2024-07-21 14:01:34,466 [WARN] DbFile:41 - Overriding database path with different value: /home/poojaa/.stmcufinder/plugins/mcufinder/ => /home/poojaa/.stmcufinder/plugins/mcufinder
2024-07-21 14:01:34,467 [WARN] DbFile:41 - Overriding database path with different value: /home/poojaa/.stmcufinder/plugins/mcufinder/ => /home/poojaa/.stmcufinder/plugins/mcufinder
2024-07-21 14:01:34,467 [INFO] CrossReferenceDbSqlite:203 - Set database path to: /home/poojaa/.stmcufinder/plugins/mcufinder//mcu/cs/
2024-07-21 14:01:34,514 [INFO] MainPanel:264 - HeapMemory: 268435456
2024-07-21 14:01:34,570 [INFO] DbMcusXml:78 - Set database path to: /opt/st/stm32cubeide_1.15.1/plugins/com.st.stm32cube.common.mx_6.11.1.202404110753//db//mcu/
2024-07-21 14:01:34,570 [INFO] ApiDb:274 - Set plugin database path to: /opt/st/stm32cubeide_1.15.1/plugins/com.st.stm32cube.common.mx_6.11.1.202404110753//db//plugins/boardmanager/
2024-07-21 14:01:34,570 [INFO] ApiDb:261 - Set plugin images path to: /opt/st/stm32cubeide_1.15.1/plugins/com.st.stm32cube.common.mx_6.11.1.202404110753//db//plugins/mcufinder/images/
2024-07-21 14:01:34,570 [WARN] DbFile:41 - Overriding database path with different value: /home/poojaa/.stmcufinder/plugins/mcufinder/ => /home/poojaa/.stmcufinder/plugins/mcufinder
2024-07-21 14:01:34,570 [INFO] ApiDb:250 - Set database path to: /home/poojaa/.stmcufinder/plugins/mcufinder//mcu/
2024-07-21 14:01:34,570 [WARN] DbFile:41 - Overriding database path with different value: /home/poojaa/.stmcufinder/plugins/mcufinder/ => /home/poojaa/.stmcufinder/plugins/mcufinder
2024-07-21 14:01:34,570 [INFO] DbMcusAds:125 - Set database path to: /home/poojaa/.stmcufinder/plugins/mcufinder//mcu/
2024-07-21 14:01:34,570 [WARN] DbFile:41 - Overriding database path with different value: /home/poojaa/.stmcufinder/plugins/mcufinder/ => /home/poojaa/.stmcufinder/plugins/mcufinder
2024-07-21 14:01:34,570 [WARN] DbFile:41 - Overriding database path with different value: /home/poojaa/.stmcufinder/plugins/mcufinder/ => /home/poojaa/.stmcufinder/plugins/mcufinder
2024-07-21 14:01:34,570 [INFO] CrossReferenceDbSqlite:203 - Set database path to: /home/poojaa/.stmcufinder/plugins/mcufinder//mcu/cs/
2024-07-21 14:01:34,579 [INFO] ApplicationProperties:184 - Using Application install path: /opt/st/stm32cubeide_1.15.1/plugins/com.st.stm32cube.common.mx_6.11.1.202404110753
2024-07-21 14:01:34,580 [INFO] PluginManage:196 - Search for loadable plugins [exclusion list=, ]
2024-07-21 14:01:34,581 [INFO] PluginManage:310 - Check plugin analytics
2024-07-21 14:01:34,670 [INFO] AnalyticsPlugin:253 - Accepted Software Licenses: 
2024-07-21 14:01:34,670 [INFO] AnalyticsPlugin:255 - Accepted CMSIS Pack Licenses: 
2024-07-21 14:01:34,670 [INFO] AnalyticsPlugin:257 - Accepted Firmware Licenses: 
2024-07-21 14:01:34,672 [INFO] PluginManage:359 - Loaded plugin analytics (category:tool,tabindex:-1)
2024-07-21 14:01:34,672 [INFO] PluginManage:310 - Check plugin cadmodel
2024-07-21 14:01:34,699 [INFO] CADModel:105 - Init CAD model plugin
2024-07-21 14:01:34,699 [INFO] PluginManage:359 - Loaded plugin cadmodel (category:power,tabindex:5)
2024-07-21 14:01:34,699 [INFO] PluginManage:310 - Check plugin clock
2024-07-21 14:01:34,708 [INFO] PluginManage:359 - Loaded plugin clock (category:base,tabindex:2)
2024-07-21 14:01:34,709 [INFO] PluginManage:310 - Check plugin ddr
2024-07-21 14:01:34,711 [INFO] PluginManage:359 - Loaded plugin ddr (category:tool,tabindex:6)
2024-07-21 14:01:34,711 [INFO] PluginManage:310 - Check plugin filemanager
2024-07-21 14:01:34,804 [INFO] PluginManage:359 - Loaded plugin filemanager (category:base,tabindex:10)
2024-07-21 14:01:34,804 [INFO] PluginManage:310 - Check plugin ipmanager
2024-07-21 14:01:34,807 [INFO] PluginManage:359 - Loaded plugin ipmanager (category:base,tabindex:5)
2024-07-21 14:01:34,807 [INFO] PluginManage:310 - Check plugin lpbam
2024-07-21 14:01:34,813 [INFO] PluginManage:359 - Loaded plugin lpbam (category:base,tabindex:0)
2024-07-21 14:01:34,813 [INFO] PluginManage:310 - Check plugin memorymap
2024-07-21 14:01:34,820 [INFO] PluginManage:359 - Loaded plugin memorymap (category:base,tabindex:4)
2024-07-21 14:01:34,820 [INFO] PluginManage:310 - Check plugin pinoutandconfiguration
2024-07-21 14:01:34,826 [INFO] PluginManage:359 - Loaded plugin pinoutandconfiguration (category:base,tabindex:1)
2024-07-21 14:01:34,826 [INFO] PluginManage:310 - Check plugin pinoutconfig
2024-07-21 14:01:34,870 [WARN] SupportedApi:132 - Cannot load RTOS API schema: s4s-elt-must-match.1: The content of 'definitions' must match (annotation?, (simpleType | complexType)?, (unique | key | keyref)*)). A problem was found starting at: attribute.
2024-07-21 14:01:34,948 [INFO] PluginManage:359 - Loaded plugin pinoutconfig (category:base,tabindex:0)
2024-07-21 14:01:34,948 [INFO] PluginManage:310 - Check plugin power
2024-07-21 14:01:34,953 [INFO] PluginManage:359 - Loaded plugin power (category:power,tabindex:4)
2024-07-21 14:01:34,953 [INFO] PluginManage:310 - Check plugin projectmanager
2024-07-21 14:01:34,962 [INFO] PluginManage:359 - Loaded plugin projectmanager (category:projectmanager,tabindex:3)
2024-07-21 14:01:34,962 [INFO] PluginManage:310 - Check plugin thirdparty
2024-07-21 14:01:35,062 [INFO] PluginManage:359 - Loaded plugin thirdparty (category:base,tabindex:-1)
2024-07-21 14:01:35,062 [WARN] IntegrityCheckThread:84 - waiting for thirdparty lock release [integrity check]
2024-07-21 14:01:35,063 [INFO] IntegrityCheckThread:86 - entering critical section [integrity check]
2024-07-21 14:01:35,063 [INFO] PluginManage:310 - Check plugin tools
2024-07-21 14:01:35,063 [INFO] ThirdPartyUpdaterWithRetryManager:70 - Updater plugin not ready yet. [1/15]
2024-07-21 14:01:35,064 [INFO] PluginManage:359 - Loaded plugin tools (category:base,tabindex:7)
2024-07-21 14:01:35,065 [INFO] PluginManage:310 - Check plugin tutovideos
2024-07-21 14:01:35,177 [INFO] PluginManage:359 - Loaded plugin tutovideos (category:base,tabindex:-1)
2024-07-21 14:01:35,177 [INFO] PluginManage:310 - Check plugin updater
2024-07-21 14:01:35,188 [INFO] PluginManage:359 - Loaded plugin updater (category:base,tabindex:12)
2024-07-21 14:01:35,188 [INFO] PluginManage:310 - Check plugin userauth
2024-07-21 14:01:35,192 [INFO] UserAuth:114 - Init User Auth plugin
2024-07-21 14:01:35,192 [INFO] PluginManage:359 - Loaded plugin userauth (category:base,tabindex:14)
2024-07-21 14:01:35,192 [INFO] PluginManage:283 - PluginManage : Loaded plugins [17]
2024-07-21 14:01:35,342 [INFO] PinOutPanel:1561 - setPackage(No Configuration,No Configuration)
2024-07-21 14:01:35,387 [INFO] CADModel:165 - CPN selected for project level
2024-07-21 14:01:35,387 [INFO] CADModel:114 - Register for checkConnection events
2024-07-21 14:01:35,401 [INFO] IPUIPlugin:80 - create IPUIPlugin
2024-07-21 14:01:35,401 [INFO] PluginManager:220 - loadIPPluginJar : add adc
2024-07-21 14:01:35,403 [INFO] IPUIPlugin:80 - create IPUIPlugin
2024-07-21 14:01:35,403 [INFO] PluginManager:220 - loadIPPluginJar : add dma3
2024-07-21 14:01:35,405 [INFO] IPUIPlugin:80 - create IPUIPlugin
2024-07-21 14:01:35,405 [INFO] PluginManager:220 - loadIPPluginJar : add opamp
2024-07-21 14:01:35,406 [INFO] IPUIPlugin:80 - create IPUIPlugin
2024-07-21 14:01:35,407 [INFO] PluginManager:220 - loadIPPluginJar : add pdm2pcm
2024-07-21 14:01:35,408 [INFO] IPUIPlugin:80 - create IPUIPlugin
2024-07-21 14:01:35,408 [INFO] PluginManager:220 - loadIPPluginJar : add i2c
2024-07-21 14:01:35,409 [INFO] IPUIPlugin:80 - create IPUIPlugin
2024-07-21 14:01:35,409 [INFO] PluginManager:220 - loadIPPluginJar : add i2s
2024-07-21 14:01:35,410 [INFO] IPUIPlugin:80 - create IPUIPlugin
2024-07-21 14:01:35,410 [INFO] PluginManager:220 - loadIPPluginJar : add gfxmmu
2024-07-21 14:01:35,411 [INFO] IPUIPlugin:80 - create IPUIPlugin
2024-07-21 14:01:35,411 [INFO] PluginManager:220 - loadIPPluginJar : add quadspi
2024-07-21 14:01:35,415 [INFO] IPUIPlugin:80 - create IPUIPlugin
2024-07-21 14:01:35,415 [INFO] PluginManager:220 - loadIPPluginJar : add mdma
2024-07-21 14:01:35,417 [INFO] IPUIPlugin:80 - create IPUIPlugin
2024-07-21 14:01:35,417 [INFO] PluginManager:220 - loadIPPluginJar : add nvic
2024-07-21 14:01:35,420 [INFO] IPUIPlugin:80 - create IPUIPlugin
2024-07-21 14:01:35,420 [INFO] PluginManager:220 - loadIPPluginJar : add dma
2024-07-21 14:01:35,422 [INFO] IPUIPlugin:80 - create IPUIPlugin
2024-07-21 14:01:35,422 [INFO] PluginManager:220 - loadIPPluginJar : add aes
2024-07-21 14:01:35,425 [INFO] IPUIPlugin:80 - create IPUIPlugin
2024-07-21 14:01:35,425 [INFO] PluginManager:220 - loadIPPluginJar : add stm32_wpan
2024-07-21 14:01:35,427 [INFO] IPUIPlugin:80 - create IPUIPlugin
2024-07-21 14:01:35,427 [INFO] PluginManager:220 - loadIPPluginJar : add usart
2024-07-21 14:01:35,428 [INFO] IPUIPlugin:80 - create IPUIPlugin
2024-07-21 14:01:35,428 [INFO] PluginManager:220 - loadIPPluginJar : add genericplugin
2024-07-21 14:01:35,430 [INFO] IPUIPlugin:80 - create IPUIPlugin
2024-07-21 14:01:35,430 [INFO] PluginManager:220 - loadIPPluginJar : add openamp
2024-07-21 14:01:35,433 [INFO] IPUIPlugin:80 - create IPUIPlugin
2024-07-21 14:01:35,433 [INFO] PluginManager:220 - loadIPPluginJar : add ipddr
2024-07-21 14:01:35,435 [INFO] IPUIPlugin:80 - create IPUIPlugin
2024-07-21 14:01:35,435 [INFO] PluginManager:220 - loadIPPluginJar : add lorawan
2024-07-21 14:01:35,437 [INFO] IPUIPlugin:80 - create IPUIPlugin
2024-07-21 14:01:35,437 [INFO] PluginManager:220 - loadIPPluginJar : add gtzc
2024-07-21 14:01:35,439 [INFO] IPUIPlugin:80 - create IPUIPlugin
2024-07-21 14:01:35,439 [INFO] PluginManager:220 - loadIPPluginJar : add can
2024-07-21 14:01:35,440 [INFO] IPUIPlugin:80 - create IPUIPlugin
2024-07-21 14:01:35,440 [INFO] PluginManager:220 - loadIPPluginJar : add fatfs
2024-07-21 14:01:35,443 [INFO] IPUIPlugin:80 - create IPUIPlugin
2024-07-21 14:01:35,443 [INFO] PluginManager:220 - loadIPPluginJar : add gpio
2024-07-21 14:01:35,444 [INFO] IPUIPlugin:80 - create IPUIPlugin
2024-07-21 14:01:35,444 [INFO] PluginManager:220 - loadIPPluginJar : add ts
2024-07-21 14:01:35,446 [INFO] IPUIPlugin:80 - create IPUIPlugin
2024-07-21 14:01:35,446 [INFO] PluginManager:220 - loadIPPluginJar : add dfsdm
2024-07-21 14:01:35,450 [INFO] IPUIPlugin:80 - create IPUIPlugin
2024-07-21 14:01:35,450 [INFO] PluginManager:220 - loadIPPluginJar : add gic
2024-07-21 14:01:35,456 [INFO] IPUIPlugin:80 - create IPUIPlugin
2024-07-21 14:01:35,456 [INFO] PluginManager:220 - loadIPPluginJar : add linkedlist
2024-07-21 14:01:35,457 [INFO] IPUIPlugin:80 - create IPUIPlugin
2024-07-21 14:01:35,457 [INFO] PluginManager:220 - loadIPPluginJar : add tim
2024-07-21 14:01:35,458 [INFO] IPUIPlugin:80 - create IPUIPlugin
2024-07-21 14:01:35,459 [INFO] PluginManager:220 - loadIPPluginJar : add tracer_emb
2024-07-21 14:01:35,461 [INFO] IPUIPlugin:80 - create IPUIPlugin
2024-07-21 14:01:35,461 [INFO] PluginManager:220 - loadIPPluginJar : add extmemmanager
2024-07-21 14:01:35,462 [INFO] IPUIPlugin:80 - create IPUIPlugin
2024-07-21 14:01:35,462 [INFO] PluginManager:220 - loadIPPluginJar : add spi
2024-07-21 14:01:35,463 [INFO] IPUIPlugin:80 - create IPUIPlugin
2024-07-21 14:01:35,464 [INFO] PluginManager:220 - loadIPPluginJar : add comp
2024-07-21 14:01:35,466 [INFO] IPUIPlugin:80 - create IPUIPlugin
2024-07-21 14:01:35,466 [INFO] PluginManager:220 - loadIPPluginJar : add sai
2024-07-21 14:01:35,467 [INFO] IPUIPlugin:80 - create IPUIPlugin
2024-07-21 14:01:35,467 [INFO] PluginManager:220 - loadIPPluginJar : add ucpd
2024-07-21 14:01:35,469 [INFO] IPUIPlugin:80 - create IPUIPlugin
2024-07-21 14:01:35,469 [INFO] PluginManager:220 - loadIPPluginJar : add ltdc
2024-07-21 14:01:35,471 [INFO] IPUIPlugin:80 - create IPUIPlugin
2024-07-21 14:01:35,472 [INFO] PluginManager:220 - loadIPPluginJar : add touchsensing
2024-07-21 14:01:35,478 [INFO] IPUIPlugin:80 - create IPUIPlugin
2024-07-21 14:01:35,481 [INFO] PluginManager:220 - loadIPPluginJar : add plateformsettings
2024-07-21 14:01:35,484 [INFO] IPUIPlugin:80 - create IPUIPlugin
2024-07-21 14:01:35,484 [INFO] PluginManager:220 - loadIPPluginJar : add resmgrutility
2024-07-21 14:01:35,486 [INFO] IPUIPlugin:80 - create IPUIPlugin
2024-07-21 14:01:35,486 [INFO] PluginManager:220 - loadIPPluginJar : add cryp
2024-07-21 14:01:35,490 [INFO] IPUIPlugin:80 - create IPUIPlugin
2024-07-21 14:01:35,491 [INFO] PluginManager:220 - loadIPPluginJar : add fmc
2024-07-21 14:01:35,492 [INFO] IPUIPlugin:80 - create IPUIPlugin
2024-07-21 14:01:35,492 [INFO] PluginManager:220 - loadIPPluginJar : add tsc
2024-07-21 14:01:35,494 [INFO] IPUIPlugin:80 - create IPUIPlugin
2024-07-21 14:01:35,494 [INFO] PluginManager:220 - loadIPPluginJar : add hash
2024-07-21 14:01:35,499 [INFO] IPUIPlugin:80 - create IPUIPlugin
2024-07-21 14:01:35,500 [INFO] PluginManager:220 - loadIPPluginJar : add freertos
2024-07-21 14:01:35,502 [INFO] IPUIPlugin:80 - create IPUIPlugin
2024-07-21 14:01:35,502 [INFO] PluginManager:220 - loadIPPluginJar : add usbx
2024-07-21 14:01:35,504 [INFO] IPUIPlugin:80 - create IPUIPlugin
2024-07-21 14:01:35,505 [INFO] PluginManager:220 - loadIPPluginJar : add i3c
2024-07-21 14:01:35,606 [INFO] CADModel:165 - CPN selected for project level
2024-07-21 14:01:35,606 [INFO] CADModel:114 - Register for checkConnection events
2024-07-21 14:01:35,607 [FATAL] Updater:308 - Updater called before beeing initialized
2024-07-21 14:01:35,607 [ERROR] CADModel:125 - Updater not yet initialized, retry later 
2024-07-21 14:01:35,681 [INFO] CADModel:165 - CPN selected for project level
2024-07-21 14:01:35,681 [INFO] CADModel:114 - Register for checkConnection events
2024-07-21 14:01:35,681 [FATAL] Updater:308 - Updater called before beeing initialized
2024-07-21 14:01:35,681 [ERROR] CADModel:125 - Updater not yet initialized, retry later 
2024-07-21 14:01:35,683 [FATAL] Updater:308 - Updater called before beeing initialized
2024-07-21 14:01:35,726 [FATAL] Updater:308 - Updater called before beeing initialized
2024-07-21 14:01:35,729 [INFO] DbMcusAds:53 - JSON generation date=Thu May 16 14:52:00 IST 2024 (1715851320667)
2024-07-21 14:01:35,729 [FATAL] Updater:308 - Updater called before beeing initialized
2024-07-21 14:01:35,751 [WARN] DetailPanel:346 - Failed to get advertising image, set to default
2024-07-21 14:01:35,804 [FATAL] Updater:308 - Updater called before beeing initialized
2024-07-21 14:01:35,805 [FATAL] Updater:308 - Updater called before beeing initialized
2024-07-21 14:01:35,805 [FATAL] Updater:308 - Updater called before beeing initialized
2024-07-21 14:01:35,805 [WARN] DetailPanel:346 - Failed to get advertising image, set to default
2024-07-21 14:01:35,806 [FATAL] Updater:308 - Updater called before beeing initialized
2024-07-21 14:01:35,823 [ERROR] Updater:1120 - MainUpdater not yet initialized. External WinMGr cannot be set.
2024-07-21 14:01:35,825 [INFO] Updater:1056 - Updater Version found : 6.11.1
2024-07-21 14:01:35,838 [INFO] ApplicationProperties:184 - Using Application install path: /opt/st/stm32cubeide_1.15.1/plugins/com.st.stm32cube.common.mx_6.11.1.202404110753
2024-07-21 14:01:36,249 [INFO] MainUpdater:2873 - connection check result : 10
2024-07-21 14:01:36,251 [INFO] MainUpdater:290 - Updater Check For Update Now.
2024-07-21 14:01:36,251 [INFO] MicroXplorer:498 - Change Database Version : DB.6.0.111
2024-07-21 14:01:36,261 [INFO] McuFinderGlobals:63 - Set McuFinder mode to 2 (CubeIDE integrated)
2024-07-21 14:01:36,261 [INFO] UserAuth:179 - activating auth plugin
2024-07-21 14:01:36,264 [INFO] UserAuth:415 - Internet connection configuration mode: 1
2024-07-21 14:01:36,276 [INFO] JxBrowserEngine:152 - Initiate JxBrowser Engine with user profile folder
2024-07-21 14:01:36,422 [INFO] CheckServerUpdateThread:120 - End of CheckServer Thread
2024-07-21 14:01:36,989 [INFO] WebApp:161 - Instantiating new browser for Auth
2024-07-21 14:01:37,425 [INFO] WebApp:779 - Register for checkConnection events
2024-07-21 14:01:37,425 [INFO] WebApp:414 - Apply proxy settings
2024-07-21 14:01:37,425 [INFO] WebApp:499 - Chromium requires no authentication
2024-07-21 14:01:37,429 [INFO] WebApp:442 - Direct internet connection detected
2024-07-21 14:01:37,504 [INFO] WebApp:192 - Starting web application
2024-07-21 14:01:37,504 [INFO] WebApp:544 - Web application path used /opt/st/stm32cubeide_1.15.1/plugins/com.st.stm32cube.common.mx_6.11.1.202404110753/db/plugins/mcufinder/reactClient1/index.html
2024-07-21 14:01:38,152 [WARN] PackLoader:240 - Cannot read IP mode file for STMicroelectronics.FP-SNS-MOTENVWB1.1.4.0
2024-07-21 14:01:38,161 [WARN] PackLoader:240 - Cannot read IP mode file for STMicroelectronics.X-CUBE-SMBUS.2.1.0
2024-07-21 14:01:38,197 [WARN] PackLoader:240 - Cannot read IP mode file for STMicroelectronics.X-CUBE-AZRTOS-F7.1.1.0
2024-07-21 14:01:38,209 [WARN] PackLoader:240 - Cannot read IP mode file for STMicroelectronics.FP-SNS-FLIGHT1.5.0.2
2024-07-21 14:01:38,219 [WARN] PackLoader:240 - Cannot read IP mode file for STMicroelectronics.X-CUBE-DISPLAY.3.0.0
2024-07-21 14:01:38,246 [WARN] PackLoader:240 - Cannot read IP mode file for STMicroelectronics.X-CUBE-BLE1.7.0.0
2024-07-21 14:01:38,253 [WARN] PackLoader:240 - Cannot read IP mode file for emotas.I-CUBE-CANOPEN.1.3.0
2024-07-21 14:01:38,270 [WARN] PackLoader:240 - Cannot read IP mode file for STMicroelectronics.X-CUBE-BLEMGR.3.1.0
2024-07-21 14:01:38,279 [WARN] PackLoader:240 - Cannot read IP mode file for STMicroelectronics.FP-SNS-SMARTAG2.1.2.0
2024-07-21 14:01:38,289 [INFO] LogOutputStream:77 - [STDOUT_REDIRECT] 1 : Invalid condition id : UX_CORESTACK_Condition cause : null
2024-07-21 14:01:38,290 [INFO] LogOutputStream:77 - [STDOUT_REDIRECT] 1 : Invalid condition id : UX_CORESTACK_Condition cause : null
2024-07-21 14:01:38,290 [INFO] LogOutputStream:77 - [STDOUT_REDIRECT] 1 : Invalid condition id : UX_CORESTACK_Condition cause : null
2024-07-21 14:01:38,291 [INFO] LogOutputStream:77 - [STDOUT_REDIRECT] 1 : Invalid condition id : UX_CORESTACK_Condition cause : null
2024-07-21 14:01:38,291 [INFO] LogOutputStream:77 - [STDOUT_REDIRECT] 1 : Invalid condition id : UX_CORESTACK_Condition cause : null
2024-07-21 14:01:38,295 [WARN] PackLoader:240 - Cannot read IP mode file for STMicroelectronics.X-CUBE-AZRTOS-WL.2.0.0
2024-07-21 14:01:38,302 [WARN] PackLoader:240 - Cannot read IP mode file for STMicroelectronics.FP-SNS-MOTENV1.5.0.0
2024-07-21 14:01:38,307 [WARN] PackLoader:240 - Cannot read IP mode file for wolfSSL.I-CUBE-wolfMQTT.1.19.0
2024-07-21 14:01:38,313 [WARN] PackLoader:240 - Cannot read IP mode file for WES.I-CUBE-Cesium.1.3.0
2024-07-21 14:01:38,318 [WARN] PackLoader:240 - Cannot read IP mode file for STMicroelectronics.X-CUBE-BLE2.3.3.0
2024-07-21 14:01:38,323 [WARN] PackLoader:240 - Cannot read IP mode file for STMicroelectronics.X-CUBE-TCPP.4.1.0
2024-07-21 14:01:38,339 [WARN] PackLoader:240 - Cannot read IP mode file for STMicroelectronics.X-CUBE-AZRTOS-G0.1.1.0
2024-07-21 14:01:38,347 [WARN] PackLoader:240 - Cannot read IP mode file for STMicroelectronics.X-CUBE-SAFEA1.1.2.2
2024-07-21 14:01:38,352 [WARN] PackLoader:240 - Cannot read IP mode file for STMicroelectronics.X-CUBE-NFC4.3.0.0
2024-07-21 14:01:38,359 [WARN] PackLoader:240 - Cannot read IP mode file for EmbeddedOffice.I-CUBE-FS-RTOS.1.0.1
2024-07-21 14:01:38,359 [ERROR] ConditionMgr:805 - Attr not supported : Dmpu
2024-07-21 14:01:38,359 [ERROR] ConditionMgr:805 - Attr not supported : Dmpu
2024-07-21 14:01:38,360 [ERROR] ConditionMgr:805 - Attr not supported : Dmpu
2024-07-21 14:01:38,360 [ERROR] ConditionMgr:805 - Attr not supported : Dmpu
2024-07-21 14:01:38,360 [ERROR] ConditionMgr:805 - Attr not supported : Dmpu
2024-07-21 14:01:38,360 [ERROR] ConditionMgr:805 - Attr not supported : Dmpu
2024-07-21 14:01:38,360 [ERROR] ConditionMgr:805 - Attr not supported : Dmpu
2024-07-21 14:01:38,360 [ERROR] ConditionMgr:805 - Attr not supported : Dmpu
2024-07-21 14:01:38,360 [ERROR] ConditionMgr:805 - Attr not supported : Dmpu
2024-07-21 14:01:38,360 [ERROR] ConditionMgr:805 - Attr not supported : Dmpu
2024-07-21 14:01:38,360 [ERROR] ConditionMgr:805 - Attr not supported : Dmpu
2024-07-21 14:01:38,360 [ERROR] ConditionMgr:805 - Attr not supported : Dmpu
2024-07-21 14:01:38,360 [ERROR] ConditionMgr:805 - Attr not supported : Dmpu
2024-07-21 14:01:38,360 [ERROR] ConditionMgr:805 - Attr not supported : Dmpu
2024-07-21 14:01:38,360 [ERROR] ConditionMgr:805 - Attr not supported : Dmpu
2024-07-21 14:01:38,360 [ERROR] ConditionMgr:805 - Attr not supported : Dmpu
2024-07-21 14:01:38,360 [ERROR] ConditionMgr:805 - Attr not supported : Dmpu
2024-07-21 14:01:38,360 [ERROR] ConditionMgr:805 - Attr not supported : Dmpu
2024-07-21 14:01:38,360 [ERROR] ConditionMgr:805 - Attr not supported : Dmpu
2024-07-21 14:01:38,360 [ERROR] ConditionMgr:805 - Attr not supported : Dmpu
2024-07-21 14:01:38,360 [ERROR] ConditionMgr:805 - Attr not supported : Dmpu
2024-07-21 14:01:38,360 [ERROR] ConditionMgr:805 - Attr not supported : Dmpu
2024-07-21 14:01:38,360 [ERROR] ConditionMgr:805 - Attr not supported : Dmpu
2024-07-21 14:01:38,360 [ERROR] ConditionMgr:805 - Attr not supported : Dmpu
2024-07-21 14:01:38,360 [ERROR] ConditionMgr:805 - Attr not supported : Dmpu
2024-07-21 14:01:38,360 [ERROR] ConditionMgr:805 - Attr not supported : Dmpu
2024-07-21 14:01:38,360 [ERROR] ConditionMgr:805 - Attr not supported : Dmpu
2024-07-21 14:01:38,360 [ERROR] ConditionMgr:805 - Attr not supported : Dmpu
2024-07-21 14:01:38,360 [ERROR] ConditionMgr:805 - Attr not supported : Dmpu
2024-07-21 14:01:38,360 [ERROR] ConditionMgr:805 - Attr not supported : Dmpu
2024-07-21 14:01:38,360 [ERROR] ConditionMgr:805 - Attr not supported : Dmpu
2024-07-21 14:01:38,360 [ERROR] ConditionMgr:805 - Attr not supported : Dmpu
2024-07-21 14:01:38,360 [ERROR] ConditionMgr:805 - Attr not supported : Dmpu
2024-07-21 14:01:38,360 [ERROR] ConditionMgr:805 - Attr not supported : Dmpu
2024-07-21 14:01:38,361 [ERROR] ConditionMgr:805 - Attr not supported : Dmpu
2024-07-21 14:01:38,361 [ERROR] ConditionMgr:805 - Attr not supported : Dmpu
2024-07-21 14:01:38,361 [ERROR] ConditionMgr:805 - Attr not supported : Dmpu
2024-07-21 14:01:38,361 [ERROR] ConditionMgr:805 - Attr not supported : Dmpu
2024-07-21 14:01:38,361 [ERROR] ConditionMgr:805 - Attr not supported : Dmpu
2024-07-21 14:01:38,361 [ERROR] ConditionMgr:805 - Attr not supported : Dmpu
2024-07-21 14:01:38,361 [ERROR] ConditionMgr:805 - Attr not supported : Dmpu
2024-07-21 14:01:38,361 [ERROR] ConditionMgr:805 - Attr not supported : Dmpu
2024-07-21 14:01:38,361 [ERROR] ConditionMgr:805 - Attr not supported : Dmpu
2024-07-21 14:01:38,361 [ERROR] ConditionMgr:805 - Attr not supported : Dmpu
2024-07-21 14:01:38,361 [ERROR] ConditionMgr:805 - Attr not supported : Dmpu
2024-07-21 14:01:38,361 [ERROR] ConditionMgr:805 - Attr not supported : Dmpu
2024-07-21 14:01:38,361 [ERROR] ConditionMgr:805 - Attr not supported : Dmpu
2024-07-21 14:01:38,361 [ERROR] ConditionMgr:805 - Attr not supported : Dmpu
2024-07-21 14:01:38,361 [ERROR] ConditionMgr:805 - Attr not supported : Dmpu
2024-07-21 14:01:38,361 [ERROR] ConditionMgr:805 - Attr not supported : Dmpu
2024-07-21 14:01:38,361 [ERROR] ConditionMgr:805 - Attr not supported : Dmpu
2024-07-21 14:01:38,361 [ERROR] ConditionMgr:805 - Attr not supported : Dmpu
2024-07-21 14:01:38,361 [ERROR] ConditionMgr:805 - Attr not supported : Dmpu
2024-07-21 14:01:38,361 [ERROR] ConditionMgr:805 - Attr not supported : Dmpu
2024-07-21 14:01:38,361 [ERROR] ConditionMgr:805 - Attr not supported : Dmpu
2024-07-21 14:01:38,362 [ERROR] ConditionMgr:805 - Attr not supported : Dmpu
2024-07-21 14:01:38,362 [ERROR] ConditionMgr:805 - Attr not supported : Dmpu
2024-07-21 14:01:38,362 [ERROR] ConditionMgr:805 - Attr not supported : Dmpu
2024-07-21 14:01:38,362 [ERROR] ConditionMgr:805 - Attr not supported : Dmpu
2024-07-21 14:01:38,362 [ERROR] ConditionMgr:805 - Attr not supported : Dmpu
2024-07-21 14:01:38,362 [ERROR] ConditionMgr:805 - Attr not supported : Dmpu
2024-07-21 14:01:38,362 [ERROR] ConditionMgr:805 - Attr not supported : Dmpu
2024-07-21 14:01:38,362 [ERROR] ConditionMgr:805 - Attr not supported : Dmpu
2024-07-21 14:01:38,362 [ERROR] ConditionMgr:805 - Attr not supported : Dmpu
2024-07-21 14:01:38,364 [WARN] PackLoader:240 - Cannot read IP mode file for RealThread.X-CUBE-RT-Thread_Nano.4.1.1
2024-07-21 14:01:38,366 [WARN] PackLoader:240 - Cannot read IP mode file for wolfSSL.I-CUBE-wolfSSL.5.7.0
2024-07-21 14:01:38,368 [WARN] PackLoader:240 - Cannot read IP mode file for STMicroelectronics.FP-ATR-SIGFOX1.3.2.0
2024-07-21 14:01:38,373 [WARN] PackLoader:240 - Cannot read IP mode file for STMicroelectronics.X-CUBE-EEPRMA1.5.1.0
2024-07-21 14:01:38,379 [WARN] PackLoader:240 - Cannot read IP mode file for ITTIA_DB.I-CUBE-ITTIADB.8.9.0
2024-07-21 14:01:38,401 [WARN] PackLoader:240 - Cannot read IP mode file for SEGGER.I-CUBE-embOS.1.3.1
2024-07-21 14:01:38,423 [WARN] PackLoader:240 - Cannot read IP mode file for STMicroelectronics.X-CUBE-ALGOBUILD.1.4.0
2024-07-21 14:01:38,426 [WARN] PackLoader:240 - Cannot read IP mode file for STMicroelectronics.X-CUBE-GNSS1.6.0.0
2024-07-21 14:01:38,439 [WARN] PackLoader:240 - Cannot read IP mode file for STMicroelectronics.X-CUBE-AZRTOS-F4.1.1.0
2024-07-21 14:01:38,443 [WARN] PackLoader:240 - Cannot read IP mode file for STMicroelectronics.X-CUBE-FREERTOS.1.2.0
2024-07-21 14:01:38,459 [WARN] PackLoader:240 - Cannot read IP mode file for STMicroelectronics.X-CUBE-AZRTOS-L5.2.0.0
2024-07-21 14:01:38,468 [WARN] PackLoader:240 - Cannot read IP mode file for STMicroelectronics.X-CUBE-NFC6.3.1.0
2024-07-21 14:01:38,475 [WARN] PackLoader:240 - Cannot read IP mode file for STMicroelectronics.X-CUBE-DPower.1.2.0
2024-07-21 14:01:38,478 [WARN] PackLoader:240 - Cannot read IP mode file for STMicroelectronics.X-CUBE-AI.9.0.0
2024-07-21 14:01:38,482 [WARN] PackLoader:240 - Cannot read IP mode file for STMicroelectronics.X-CUBE-NFC7.1.0.1
2024-07-21 14:01:38,486 [WARN] PackLoader:240 - Cannot read IP mode file for wolfSSL.I-CUBE-wolfTPM.3.2.0
2024-07-21 14:01:38,500 [WARN] ConditionMgr:438 - getConditionDescription Invalid condition id : LAN8742 Phy interface Condition cause : null
2024-07-21 14:01:38,500 [WARN] PackLoader:240 - Cannot read IP mode file for STMicroelectronics.X-CUBE-AZRTOS-L4.2.0.0
2024-07-21 14:01:38,502 [WARN] ConditionMgr:1039 - genDependencies : Invalid condition id : LAN8742 Phy interface Condition cause : null
2024-07-21 14:01:38,502 [WARN] ConditionMgr:1039 - genDependencies : Invalid condition id : LAN8742 Phy interface Condition cause : null
2024-07-21 14:01:38,502 [WARN] ConditionMgr:1039 - genDependencies : Invalid condition id : LAN8742 Phy interface Condition cause : null
2024-07-21 14:01:38,508 [WARN] PackLoader:240 - Cannot read IP mode file for STMicroelectronics.X-CUBE-SFXS2LP1.4.0.0
2024-07-21 14:01:38,518 [WARN] ConditionMgr:438 - getConditionDescription Invalid condition id : UX DEVICE CLASS RTOS Condition cause : null
2024-07-21 14:01:38,518 [WARN] ConditionMgr:438 - getConditionDescription Invalid condition id : UX DEVICE CLASS RTOS Condition cause : null
2024-07-21 14:01:38,520 [WARN] PackLoader:240 - Cannot read IP mode file for STMicroelectronics.X-CUBE-AZRTOS-WB.2.0.0
2024-07-21 14:01:38,521 [WARN] ConditionMgr:1039 - genDependencies : Invalid condition id : UX DEVICE CLASS RTOS Condition cause : null
2024-07-21 14:01:38,521 [WARN] ConditionMgr:1039 - genDependencies : Invalid condition id : UX DEVICE CLASS RTOS Condition cause : null
2024-07-21 14:01:38,521 [WARN] ConditionMgr:1039 - genDependencies : Invalid condition id : UX DEVICE CLASS RTOS Condition cause : null
2024-07-21 14:01:38,522 [WARN] ConditionMgr:1039 - genDependencies : Invalid condition id : UX DEVICE CLASS RTOS Condition cause : null
2024-07-21 14:01:38,522 [WARN] ConditionMgr:1039 - genDependencies : Invalid condition id : UX DEVICE CLASS RTOS Condition cause : null
2024-07-21 14:01:38,530 [WARN] PackLoader:240 - Cannot read IP mode file for STMicroelectronics.X-CUBE-SUBG2.5.0.0
2024-07-21 14:01:38,536 [WARN] PackLoader:240 - Cannot read IP mode file for Cesanta.I-CUBE-Mongoose.7.13.0
2024-07-21 14:01:38,547 [WARN] PackLoader:240 - Cannot read IP mode file for STMicroelectronics.X-CUBE-AZRTOS-G4.2.0.0
2024-07-21 14:01:38,552 [WARN] PackLoader:240 - Cannot read IP mode file for STMicroelectronics.X-CUBE-ISPU.2.0.0
2024-07-21 14:01:38,555 [WARN] PackLoader:240 - Cannot read IP mode file for STMicroelectronics.X-CUBE-ALS.1.0.2
2024-07-21 14:01:38,588 [WARN] PackLoader:240 - Cannot read IP mode file for STMicroelectronics.X-CUBE-MEMS1.10.0.0
2024-07-21 14:01:38,692 [WARN] PackLoader:240 - Cannot read IP mode file for STMicroelectronics.X-CUBE-TOUCHGFX.4.24.0
2024-07-21 14:01:38,696 [WARN] PackLoader:240 - Cannot read IP mode file for portGmbH.I-Cube-SoM-uGOAL.1.1.0
2024-07-21 14:01:38,710 [WARN] PackLoader:240 - Cannot read IP mode file for STMicroelectronics.X-CUBE-AZRTOS-H7RS.1.0.0
2024-07-21 14:01:38,715 [WARN] PackLoader:240 - Cannot read IP mode file for STMicroelectronics.FP-ATR-ASTRA1.2.0.0
2024-07-21 14:01:38,723 [WARN] PackLoader:240 - Cannot read IP mode file for STMicroelectronics.X-CUBE-TOF1.3.4.1
2024-07-21 14:01:38,746 [WARN] PackLoader:240 - Cannot read IP mode file for STMicroelectronics.X-CUBE-AZRTOS-H7.3.2.0
2024-07-21 14:01:38,757 [WARN] PackLoader:240 - Cannot read IP mode file for Infineon.AIROC-Wi-Fi-Bluetooth-STM32.1.6.0
2024-07-21 14:01:38,760 [INFO] ThirdParty:978 - Integrity check success = true
2024-07-21 14:01:38,760 [INFO] IntegrityCheckThread:100 - exiting critical section [integrity check]
2024-07-21 14:01:38,761 [INFO] IntegrityCheckThread:103 - End integrity checks thread
2024-07-21 17:08:53,529 [ERROR] LogOutputStream:75 - [STDERR_REDIRECT] 
