2024-07-23 06:03:15,641 [INFO] Activator:176 - 


2024-07-23 06:03:15,645 [INFO] Activator:177 - !SESSION log4j initialized
2024-07-23 06:03:23,624 [INFO] LogOutputStream:77 - [STDOUT_REDIRECT] 
2024-07-23 06:03:24,150 [INFO] ApplicationProperties:184 - Using Application install path: /opt/st/stm32cubeide_1.15.1/plugins/com.st.stm32cube.common.mx_6.11.1.202404110753
2024-07-23 06:03:24,163 [INFO] DbMcusXml:78 - Set database path to: /opt/st/stm32cubeide_1.15.1/plugins/com.st.stm32cube.common.mx_6.11.1.202404110753//db//mcu/
2024-07-23 06:03:24,163 [INFO] ApiDb:274 - Set plugin database path to: /opt/st/stm32cubeide_1.15.1/plugins/com.st.stm32cube.common.mx_6.11.1.202404110753//db//plugins/boardmanager/
2024-07-23 06:03:24,163 [WARN] ApiDb:259 - Overriding images path with different value:  => /opt/st/stm32cubeide_1.15.1/plugins/com.st.stm32cube.common.mx_6.11.1.202404110753//db//plugins/mcufinder/images/
2024-07-23 06:03:24,169 [INFO] ApiDb:250 - Set database path to: /home/poojaa/.stmcufinder/plugins/mcufinder//mcu/
2024-07-23 06:03:24,170 [INFO] DbMcusAds:125 - Set database path to: /home/poojaa/.stmcufinder/plugins/mcufinder//mcu/
2024-07-23 06:03:24,171 [INFO] CrossReferenceDbSqlite:203 - Set database path to: /home/poojaa/.stmcufinder/plugins/mcufinder//mcu/cs/
2024-07-23 06:03:24,262 [INFO] RulesReader:64 - Compatibility file has been processed (297 Rules)
2024-07-23 06:03:24,319 [INFO] DbMcusXml:78 - Set database path to: /opt/st/stm32cubeide_1.15.1/plugins/com.st.stm32cube.common.mx_6.11.1.202404110753//db//mcu/
2024-07-23 06:03:24,319 [INFO] ApiDb:274 - Set plugin database path to: /opt/st/stm32cubeide_1.15.1/plugins/com.st.stm32cube.common.mx_6.11.1.202404110753//db//plugins/boardmanager/
2024-07-23 06:03:24,320 [INFO] ApiDb:261 - Set plugin images path to: /opt/st/stm32cubeide_1.15.1/plugins/com.st.stm32cube.common.mx_6.11.1.202404110753//db//plugins/mcufinder/images/
2024-07-23 06:03:24,320 [WARN] DbFile:41 - Overriding database path with different value: /home/poojaa/.stmcufinder/plugins/mcufinder/ => /home/poojaa/.stmcufinder/plugins/mcufinder
2024-07-23 06:03:24,320 [INFO] ApiDb:250 - Set database path to: /home/poojaa/.stmcufinder/plugins/mcufinder//mcu/
2024-07-23 06:03:24,320 [WARN] DbFile:41 - Overriding database path with different value: /home/poojaa/.stmcufinder/plugins/mcufinder/ => /home/poojaa/.stmcufinder/plugins/mcufinder
2024-07-23 06:03:24,320 [INFO] DbMcusAds:125 - Set database path to: /home/poojaa/.stmcufinder/plugins/mcufinder//mcu/
2024-07-23 06:03:24,320 [WARN] DbFile:41 - Overriding database path with different value: /home/poojaa/.stmcufinder/plugins/mcufinder/ => /home/poojaa/.stmcufinder/plugins/mcufinder
2024-07-23 06:03:24,320 [WARN] DbFile:41 - Overriding database path with different value: /home/poojaa/.stmcufinder/plugins/mcufinder/ => /home/poojaa/.stmcufinder/plugins/mcufinder
2024-07-23 06:03:24,320 [INFO] CrossReferenceDbSqlite:203 - Set database path to: /home/poojaa/.stmcufinder/plugins/mcufinder//mcu/cs/
2024-07-23 06:03:24,383 [INFO] MainPanel:264 - HeapMemory: 268435456
2024-07-23 06:03:24,447 [INFO] DbMcusXml:78 - Set database path to: /opt/st/stm32cubeide_1.15.1/plugins/com.st.stm32cube.common.mx_6.11.1.202404110753//db//mcu/
2024-07-23 06:03:24,447 [INFO] ApiDb:274 - Set plugin database path to: /opt/st/stm32cubeide_1.15.1/plugins/com.st.stm32cube.common.mx_6.11.1.202404110753//db//plugins/boardmanager/
2024-07-23 06:03:24,447 [INFO] ApiDb:261 - Set plugin images path to: /opt/st/stm32cubeide_1.15.1/plugins/com.st.stm32cube.common.mx_6.11.1.202404110753//db//plugins/mcufinder/images/
2024-07-23 06:03:24,447 [WARN] DbFile:41 - Overriding database path with different value: /home/poojaa/.stmcufinder/plugins/mcufinder/ => /home/poojaa/.stmcufinder/plugins/mcufinder
2024-07-23 06:03:24,447 [INFO] ApiDb:250 - Set database path to: /home/poojaa/.stmcufinder/plugins/mcufinder//mcu/
2024-07-23 06:03:24,447 [WARN] DbFile:41 - Overriding database path with different value: /home/poojaa/.stmcufinder/plugins/mcufinder/ => /home/poojaa/.stmcufinder/plugins/mcufinder
2024-07-23 06:03:24,447 [INFO] DbMcusAds:125 - Set database path to: /home/poojaa/.stmcufinder/plugins/mcufinder//mcu/
2024-07-23 06:03:24,447 [WARN] DbFile:41 - Overriding database path with different value: /home/poojaa/.stmcufinder/plugins/mcufinder/ => /home/poojaa/.stmcufinder/plugins/mcufinder
2024-07-23 06:03:24,447 [WARN] DbFile:41 - Overriding database path with different value: /home/poojaa/.stmcufinder/plugins/mcufinder/ => /home/poojaa/.stmcufinder/plugins/mcufinder
2024-07-23 06:03:24,447 [INFO] CrossReferenceDbSqlite:203 - Set database path to: /home/poojaa/.stmcufinder/plugins/mcufinder//mcu/cs/
2024-07-23 06:03:24,457 [INFO] ApplicationProperties:184 - Using Application install path: /opt/st/stm32cubeide_1.15.1/plugins/com.st.stm32cube.common.mx_6.11.1.202404110753
2024-07-23 06:03:24,458 [INFO] PluginManage:196 - Search for loadable plugins [exclusion list=, ]
2024-07-23 06:03:24,459 [INFO] PluginManage:310 - Check plugin analytics
2024-07-23 06:03:24,560 [INFO] AnalyticsPlugin:253 - Accepted Software Licenses: 
2024-07-23 06:03:24,560 [INFO] AnalyticsPlugin:255 - Accepted CMSIS Pack Licenses: 
2024-07-23 06:03:24,560 [INFO] AnalyticsPlugin:257 - Accepted Firmware Licenses: 
2024-07-23 06:03:24,562 [INFO] PluginManage:359 - Loaded plugin analytics (category:tool,tabindex:-1)
2024-07-23 06:03:24,562 [INFO] PluginManage:310 - Check plugin cadmodel
2024-07-23 06:03:24,584 [INFO] CADModel:105 - Init CAD model plugin
2024-07-23 06:03:24,584 [INFO] PluginManage:359 - Loaded plugin cadmodel (category:power,tabindex:5)
2024-07-23 06:03:24,585 [INFO] PluginManage:310 - Check plugin clock
2024-07-23 06:03:24,591 [INFO] PluginManage:359 - Loaded plugin clock (category:base,tabindex:2)
2024-07-23 06:03:24,591 [INFO] PluginManage:310 - Check plugin ddr
2024-07-23 06:03:24,593 [INFO] PluginManage:359 - Loaded plugin ddr (category:tool,tabindex:6)
2024-07-23 06:03:24,593 [INFO] PluginManage:310 - Check plugin filemanager
2024-07-23 06:03:24,695 [INFO] PluginManage:359 - Loaded plugin filemanager (category:base,tabindex:10)
2024-07-23 06:03:24,695 [INFO] PluginManage:310 - Check plugin ipmanager
2024-07-23 06:03:24,699 [INFO] PluginManage:359 - Loaded plugin ipmanager (category:base,tabindex:5)
2024-07-23 06:03:24,699 [INFO] PluginManage:310 - Check plugin lpbam
2024-07-23 06:03:24,704 [INFO] PluginManage:359 - Loaded plugin lpbam (category:base,tabindex:0)
2024-07-23 06:03:24,705 [INFO] PluginManage:310 - Check plugin memorymap
2024-07-23 06:03:24,712 [INFO] PluginManage:359 - Loaded plugin memorymap (category:base,tabindex:4)
2024-07-23 06:03:24,712 [INFO] PluginManage:310 - Check plugin pinoutandconfiguration
2024-07-23 06:03:24,717 [INFO] PluginManage:359 - Loaded plugin pinoutandconfiguration (category:base,tabindex:1)
2024-07-23 06:03:24,717 [INFO] PluginManage:310 - Check plugin pinoutconfig
2024-07-23 06:03:24,763 [WARN] SupportedApi:132 - Cannot load RTOS API schema: s4s-elt-must-match.1: The content of 'definitions' must match (annotation?, (simpleType | complexType)?, (unique | key | keyref)*)). A problem was found starting at: attribute.
2024-07-23 06:03:24,853 [INFO] PluginManage:359 - Loaded plugin pinoutconfig (category:base,tabindex:0)
2024-07-23 06:03:24,853 [INFO] PluginManage:310 - Check plugin power
2024-07-23 06:03:24,858 [INFO] PluginManage:359 - Loaded plugin power (category:power,tabindex:4)
2024-07-23 06:03:24,858 [INFO] PluginManage:310 - Check plugin projectmanager
2024-07-23 06:03:24,867 [INFO] PluginManage:359 - Loaded plugin projectmanager (category:projectmanager,tabindex:3)
2024-07-23 06:03:24,867 [INFO] PluginManage:310 - Check plugin thirdparty
2024-07-23 06:03:24,945 [INFO] PluginManage:359 - Loaded plugin thirdparty (category:base,tabindex:-1)
2024-07-23 06:03:24,945 [INFO] PluginManage:310 - Check plugin tools
2024-07-23 06:03:24,945 [WARN] IntegrityCheckThread:84 - waiting for thirdparty lock release [integrity check]
2024-07-23 06:03:24,945 [INFO] IntegrityCheckThread:86 - entering critical section [integrity check]
2024-07-23 06:03:24,946 [INFO] ThirdPartyUpdaterWithRetryManager:70 - Updater plugin not ready yet. [1/15]
2024-07-23 06:03:24,947 [INFO] PluginManage:359 - Loaded plugin tools (category:base,tabindex:7)
2024-07-23 06:03:24,947 [INFO] PluginManage:310 - Check plugin tutovideos
2024-07-23 06:03:25,049 [INFO] PluginManage:359 - Loaded plugin tutovideos (category:base,tabindex:-1)
2024-07-23 06:03:25,049 [INFO] PluginManage:310 - Check plugin updater
2024-07-23 06:03:25,057 [INFO] PluginManage:359 - Loaded plugin updater (category:base,tabindex:12)
2024-07-23 06:03:25,057 [INFO] PluginManage:310 - Check plugin userauth
2024-07-23 06:03:25,061 [INFO] UserAuth:114 - Init User Auth plugin
2024-07-23 06:03:25,061 [INFO] PluginManage:359 - Loaded plugin userauth (category:base,tabindex:14)
2024-07-23 06:03:25,061 [INFO] PluginManage:283 - PluginManage : Loaded plugins [17]
2024-07-23 06:03:25,191 [INFO] PinOutPanel:1561 - setPackage(No Configuration,No Configuration)
2024-07-23 06:03:25,230 [INFO] CADModel:165 - CPN selected for project level
2024-07-23 06:03:25,230 [INFO] CADModel:114 - Register for checkConnection events
2024-07-23 06:03:25,244 [INFO] IPUIPlugin:80 - create IPUIPlugin
2024-07-23 06:03:25,244 [INFO] PluginManager:220 - loadIPPluginJar : add adc
2024-07-23 06:03:25,246 [INFO] IPUIPlugin:80 - create IPUIPlugin
2024-07-23 06:03:25,246 [INFO] PluginManager:220 - loadIPPluginJar : add dma3
2024-07-23 06:03:25,248 [INFO] IPUIPlugin:80 - create IPUIPlugin
2024-07-23 06:03:25,248 [INFO] PluginManager:220 - loadIPPluginJar : add opamp
2024-07-23 06:03:25,250 [INFO] IPUIPlugin:80 - create IPUIPlugin
2024-07-23 06:03:25,250 [INFO] PluginManager:220 - loadIPPluginJar : add pdm2pcm
2024-07-23 06:03:25,251 [INFO] IPUIPlugin:80 - create IPUIPlugin
2024-07-23 06:03:25,251 [INFO] PluginManager:220 - loadIPPluginJar : add i2c
2024-07-23 06:03:25,253 [INFO] IPUIPlugin:80 - create IPUIPlugin
2024-07-23 06:03:25,253 [INFO] PluginManager:220 - loadIPPluginJar : add i2s
2024-07-23 06:03:25,254 [INFO] IPUIPlugin:80 - create IPUIPlugin
2024-07-23 06:03:25,254 [INFO] PluginManager:220 - loadIPPluginJar : add gfxmmu
2024-07-23 06:03:25,255 [INFO] IPUIPlugin:80 - create IPUIPlugin
2024-07-23 06:03:25,255 [INFO] PluginManager:220 - loadIPPluginJar : add quadspi
2024-07-23 06:03:25,260 [INFO] IPUIPlugin:80 - create IPUIPlugin
2024-07-23 06:03:25,260 [INFO] PluginManager:220 - loadIPPluginJar : add mdma
2024-07-23 06:03:25,263 [INFO] IPUIPlugin:80 - create IPUIPlugin
2024-07-23 06:03:25,263 [INFO] PluginManager:220 - loadIPPluginJar : add nvic
2024-07-23 06:03:25,267 [INFO] IPUIPlugin:80 - create IPUIPlugin
2024-07-23 06:03:25,267 [INFO] PluginManager:220 - loadIPPluginJar : add dma
2024-07-23 06:03:25,269 [INFO] IPUIPlugin:80 - create IPUIPlugin
2024-07-23 06:03:25,269 [INFO] PluginManager:220 - loadIPPluginJar : add aes
2024-07-23 06:03:25,272 [INFO] IPUIPlugin:80 - create IPUIPlugin
2024-07-23 06:03:25,272 [INFO] PluginManager:220 - loadIPPluginJar : add stm32_wpan
2024-07-23 06:03:25,273 [INFO] IPUIPlugin:80 - create IPUIPlugin
2024-07-23 06:03:25,274 [INFO] PluginManager:220 - loadIPPluginJar : add usart
2024-07-23 06:03:25,274 [INFO] IPUIPlugin:80 - create IPUIPlugin
2024-07-23 06:03:25,275 [INFO] PluginManager:220 - loadIPPluginJar : add genericplugin
2024-07-23 06:03:25,277 [INFO] IPUIPlugin:80 - create IPUIPlugin
2024-07-23 06:03:25,277 [INFO] PluginManager:220 - loadIPPluginJar : add openamp
2024-07-23 06:03:25,279 [INFO] IPUIPlugin:80 - create IPUIPlugin
2024-07-23 06:03:25,279 [INFO] PluginManager:220 - loadIPPluginJar : add ipddr
2024-07-23 06:03:25,281 [INFO] IPUIPlugin:80 - create IPUIPlugin
2024-07-23 06:03:25,281 [INFO] PluginManager:220 - loadIPPluginJar : add lorawan
2024-07-23 06:03:25,282 [INFO] IPUIPlugin:80 - create IPUIPlugin
2024-07-23 06:03:25,282 [INFO] PluginManager:220 - loadIPPluginJar : add gtzc
2024-07-23 06:03:25,284 [INFO] IPUIPlugin:80 - create IPUIPlugin
2024-07-23 06:03:25,284 [INFO] PluginManager:220 - loadIPPluginJar : add can
2024-07-23 06:03:25,285 [INFO] IPUIPlugin:80 - create IPUIPlugin
2024-07-23 06:03:25,285 [INFO] PluginManager:220 - loadIPPluginJar : add fatfs
2024-07-23 06:03:25,288 [INFO] IPUIPlugin:80 - create IPUIPlugin
2024-07-23 06:03:25,288 [INFO] PluginManager:220 - loadIPPluginJar : add gpio
2024-07-23 06:03:25,289 [INFO] IPUIPlugin:80 - create IPUIPlugin
2024-07-23 06:03:25,290 [INFO] PluginManager:220 - loadIPPluginJar : add ts
2024-07-23 06:03:25,291 [INFO] IPUIPlugin:80 - create IPUIPlugin
2024-07-23 06:03:25,291 [INFO] PluginManager:220 - loadIPPluginJar : add dfsdm
2024-07-23 06:03:25,294 [INFO] IPUIPlugin:80 - create IPUIPlugin
2024-07-23 06:03:25,294 [INFO] PluginManager:220 - loadIPPluginJar : add gic
2024-07-23 06:03:25,300 [INFO] IPUIPlugin:80 - create IPUIPlugin
2024-07-23 06:03:25,300 [INFO] PluginManager:220 - loadIPPluginJar : add linkedlist
2024-07-23 06:03:25,301 [INFO] IPUIPlugin:80 - create IPUIPlugin
2024-07-23 06:03:25,301 [INFO] PluginManager:220 - loadIPPluginJar : add tim
2024-07-23 06:03:25,302 [INFO] IPUIPlugin:80 - create IPUIPlugin
2024-07-23 06:03:25,302 [INFO] PluginManager:220 - loadIPPluginJar : add tracer_emb
2024-07-23 06:03:25,304 [INFO] IPUIPlugin:80 - create IPUIPlugin
2024-07-23 06:03:25,304 [INFO] PluginManager:220 - loadIPPluginJar : add extmemmanager
2024-07-23 06:03:25,305 [INFO] IPUIPlugin:80 - create IPUIPlugin
2024-07-23 06:03:25,305 [INFO] PluginManager:220 - loadIPPluginJar : add spi
2024-07-23 06:03:25,306 [INFO] IPUIPlugin:80 - create IPUIPlugin
2024-07-23 06:03:25,306 [INFO] PluginManager:220 - loadIPPluginJar : add comp
2024-07-23 06:03:25,308 [INFO] IPUIPlugin:80 - create IPUIPlugin
2024-07-23 06:03:25,308 [INFO] PluginManager:220 - loadIPPluginJar : add sai
2024-07-23 06:03:25,309 [INFO] IPUIPlugin:80 - create IPUIPlugin
2024-07-23 06:03:25,310 [INFO] PluginManager:220 - loadIPPluginJar : add ucpd
2024-07-23 06:03:25,310 [INFO] IPUIPlugin:80 - create IPUIPlugin
2024-07-23 06:03:25,310 [INFO] PluginManager:220 - loadIPPluginJar : add ltdc
2024-07-23 06:03:25,312 [INFO] IPUIPlugin:80 - create IPUIPlugin
2024-07-23 06:03:25,312 [INFO] PluginManager:220 - loadIPPluginJar : add touchsensing
2024-07-23 06:03:25,317 [INFO] IPUIPlugin:80 - create IPUIPlugin
2024-07-23 06:03:25,319 [INFO] PluginManager:220 - loadIPPluginJar : add plateformsettings
2024-07-23 06:03:25,322 [INFO] IPUIPlugin:80 - create IPUIPlugin
2024-07-23 06:03:25,322 [INFO] PluginManager:220 - loadIPPluginJar : add resmgrutility
2024-07-23 06:03:25,323 [INFO] IPUIPlugin:80 - create IPUIPlugin
2024-07-23 06:03:25,323 [INFO] PluginManager:220 - loadIPPluginJar : add cryp
2024-07-23 06:03:25,327 [INFO] IPUIPlugin:80 - create IPUIPlugin
2024-07-23 06:03:25,327 [INFO] PluginManager:220 - loadIPPluginJar : add fmc
2024-07-23 06:03:25,328 [INFO] IPUIPlugin:80 - create IPUIPlugin
2024-07-23 06:03:25,328 [INFO] PluginManager:220 - loadIPPluginJar : add tsc
2024-07-23 06:03:25,329 [INFO] IPUIPlugin:80 - create IPUIPlugin
2024-07-23 06:03:25,329 [INFO] PluginManager:220 - loadIPPluginJar : add hash
2024-07-23 06:03:25,334 [INFO] IPUIPlugin:80 - create IPUIPlugin
2024-07-23 06:03:25,334 [INFO] PluginManager:220 - loadIPPluginJar : add freertos
2024-07-23 06:03:25,336 [INFO] IPUIPlugin:80 - create IPUIPlugin
2024-07-23 06:03:25,336 [INFO] PluginManager:220 - loadIPPluginJar : add usbx
2024-07-23 06:03:25,338 [INFO] IPUIPlugin:80 - create IPUIPlugin
2024-07-23 06:03:25,338 [INFO] PluginManager:220 - loadIPPluginJar : add i3c
2024-07-23 06:03:25,434 [INFO] CADModel:165 - CPN selected for project level
2024-07-23 06:03:25,435 [INFO] CADModel:114 - Register for checkConnection events
2024-07-23 06:03:25,435 [FATAL] Updater:308 - Updater called before beeing initialized
2024-07-23 06:03:25,435 [ERROR] CADModel:125 - Updater not yet initialized, retry later 
2024-07-23 06:03:25,522 [INFO] CADModel:165 - CPN selected for project level
2024-07-23 06:03:25,522 [INFO] CADModel:114 - Register for checkConnection events
2024-07-23 06:03:25,522 [FATAL] Updater:308 - Updater called before beeing initialized
2024-07-23 06:03:25,522 [ERROR] CADModel:125 - Updater not yet initialized, retry later 
2024-07-23 06:03:25,524 [FATAL] Updater:308 - Updater called before beeing initialized
2024-07-23 06:03:25,572 [FATAL] Updater:308 - Updater called before beeing initialized
2024-07-23 06:03:25,575 [INFO] DbMcusAds:53 - JSON generation date=Thu May 16 14:52:00 IST 2024 (1715851320667)
2024-07-23 06:03:25,575 [FATAL] Updater:308 - Updater called before beeing initialized
2024-07-23 06:03:25,601 [WARN] DetailPanel:346 - Failed to get advertising image, set to default
2024-07-23 06:03:25,679 [FATAL] Updater:308 - Updater called before beeing initialized
2024-07-23 06:03:25,681 [FATAL] Updater:308 - Updater called before beeing initialized
2024-07-23 06:03:25,681 [FATAL] Updater:308 - Updater called before beeing initialized
2024-07-23 06:03:25,681 [WARN] DetailPanel:346 - Failed to get advertising image, set to default
2024-07-23 06:03:25,681 [FATAL] Updater:308 - Updater called before beeing initialized
2024-07-23 06:03:25,702 [ERROR] Updater:1120 - MainUpdater not yet initialized. External WinMGr cannot be set.
2024-07-23 06:03:25,703 [INFO] Updater:1056 - Updater Version found : 6.11.1
2024-07-23 06:03:25,717 [INFO] ApplicationProperties:184 - Using Application install path: /opt/st/stm32cubeide_1.15.1/plugins/com.st.stm32cube.common.mx_6.11.1.202404110753
2024-07-23 06:03:26,058 [INFO] MainUpdater:2873 - connection check result : 10
2024-07-23 06:03:26,059 [INFO] MainUpdater:290 - Updater Check For Update Now.
2024-07-23 06:03:26,059 [INFO] MicroXplorer:498 - Change Database Version : DB.6.0.111
2024-07-23 06:03:26,063 [INFO] McuFinderGlobals:63 - Set McuFinder mode to 2 (CubeIDE integrated)
2024-07-23 06:03:26,063 [INFO] UserAuth:179 - activating auth plugin
2024-07-23 06:03:26,066 [INFO] UserAuth:415 - Internet connection configuration mode: 1
2024-07-23 06:03:26,074 [INFO] JxBrowserEngine:152 - Initiate JxBrowser Engine with user profile folder
2024-07-23 06:03:26,236 [INFO] CheckServerUpdateThread:120 - End of CheckServer Thread
2024-07-23 06:03:26,759 [INFO] WebApp:161 - Instantiating new browser for Auth
2024-07-23 06:03:27,229 [INFO] WebApp:779 - Register for checkConnection events
2024-07-23 06:03:27,229 [INFO] WebApp:414 - Apply proxy settings
2024-07-23 06:03:27,229 [INFO] WebApp:499 - Chromium requires no authentication
2024-07-23 06:03:27,233 [INFO] WebApp:442 - Direct internet connection detected
2024-07-23 06:03:27,317 [INFO] WebApp:192 - Starting web application
2024-07-23 06:03:27,318 [INFO] WebApp:544 - Web application path used /opt/st/stm32cubeide_1.15.1/plugins/com.st.stm32cube.common.mx_6.11.1.202404110753/db/plugins/mcufinder/reactClient1/index.html
2024-07-23 06:03:28,032 [WARN] PackLoader:240 - Cannot read IP mode file for STMicroelectronics.FP-SNS-MOTENVWB1.1.4.0
2024-07-23 06:03:28,037 [WARN] PackLoader:240 - Cannot read IP mode file for STMicroelectronics.X-CUBE-SMBUS.2.1.0
2024-07-23 06:03:28,056 [WARN] PackLoader:240 - Cannot read IP mode file for STMicroelectronics.X-CUBE-AZRTOS-F7.1.1.0
2024-07-23 06:03:28,062 [WARN] PackLoader:240 - Cannot read IP mode file for STMicroelectronics.FP-SNS-FLIGHT1.5.0.2
2024-07-23 06:03:28,067 [WARN] PackLoader:240 - Cannot read IP mode file for STMicroelectronics.X-CUBE-DISPLAY.3.0.0
2024-07-23 06:03:28,074 [WARN] PackLoader:240 - Cannot read IP mode file for STMicroelectronics.X-CUBE-BLE1.7.0.0
2024-07-23 06:03:28,077 [WARN] PackLoader:240 - Cannot read IP mode file for emotas.I-CUBE-CANOPEN.1.3.0
2024-07-23 06:03:28,084 [WARN] PackLoader:240 - Cannot read IP mode file for STMicroelectronics.X-CUBE-BLEMGR.3.1.0
2024-07-23 06:03:28,088 [WARN] PackLoader:240 - Cannot read IP mode file for STMicroelectronics.FP-SNS-SMARTAG2.1.2.0
2024-07-23 06:03:28,094 [INFO] LogOutputStream:77 - [STDOUT_REDIRECT] 1 : Invalid condition id : UX_CORESTACK_Condition cause : null
2024-07-23 06:03:28,094 [INFO] LogOutputStream:77 - [STDOUT_REDIRECT] 1 : Invalid condition id : UX_CORESTACK_Condition cause : null
2024-07-23 06:03:28,094 [INFO] LogOutputStream:77 - [STDOUT_REDIRECT] 1 : Invalid condition id : UX_CORESTACK_Condition cause : null
2024-07-23 06:03:28,094 [INFO] LogOutputStream:77 - [STDOUT_REDIRECT] 1 : Invalid condition id : UX_CORESTACK_Condition cause : null
2024-07-23 06:03:28,094 [INFO] LogOutputStream:77 - [STDOUT_REDIRECT] 1 : Invalid condition id : UX_CORESTACK_Condition cause : null
2024-07-23 06:03:28,097 [WARN] PackLoader:240 - Cannot read IP mode file for STMicroelectronics.X-CUBE-AZRTOS-WL.2.0.0
2024-07-23 06:03:28,100 [WARN] PackLoader:240 - Cannot read IP mode file for STMicroelectronics.FP-SNS-MOTENV1.5.0.0
2024-07-23 06:03:28,107 [WARN] PackLoader:240 - Cannot read IP mode file for wolfSSL.I-CUBE-wolfMQTT.1.19.0
2024-07-23 06:03:28,111 [WARN] PackLoader:240 - Cannot read IP mode file for WES.I-CUBE-Cesium.1.3.0
2024-07-23 06:03:28,119 [WARN] PackLoader:240 - Cannot read IP mode file for STMicroelectronics.X-CUBE-BLE2.3.3.0
2024-07-23 06:03:28,122 [WARN] PackLoader:240 - Cannot read IP mode file for STMicroelectronics.X-CUBE-TCPP.4.1.0
2024-07-23 06:03:28,132 [WARN] PackLoader:240 - Cannot read IP mode file for STMicroelectronics.X-CUBE-AZRTOS-G0.1.1.0
2024-07-23 06:03:28,137 [WARN] PackLoader:240 - Cannot read IP mode file for STMicroelectronics.X-CUBE-SAFEA1.1.2.2
2024-07-23 06:03:28,140 [WARN] PackLoader:240 - Cannot read IP mode file for STMicroelectronics.X-CUBE-NFC4.3.0.0
2024-07-23 06:03:28,147 [WARN] PackLoader:240 - Cannot read IP mode file for EmbeddedOffice.I-CUBE-FS-RTOS.1.0.1
2024-07-23 06:03:28,147 [ERROR] ConditionMgr:805 - Attr not supported : Dmpu
2024-07-23 06:03:28,147 [ERROR] ConditionMgr:805 - Attr not supported : Dmpu
2024-07-23 06:03:28,147 [ERROR] ConditionMgr:805 - Attr not supported : Dmpu
2024-07-23 06:03:28,147 [ERROR] ConditionMgr:805 - Attr not supported : Dmpu
2024-07-23 06:03:28,147 [ERROR] ConditionMgr:805 - Attr not supported : Dmpu
2024-07-23 06:03:28,147 [ERROR] ConditionMgr:805 - Attr not supported : Dmpu
2024-07-23 06:03:28,147 [ERROR] ConditionMgr:805 - Attr not supported : Dmpu
2024-07-23 06:03:28,147 [ERROR] ConditionMgr:805 - Attr not supported : Dmpu
2024-07-23 06:03:28,148 [ERROR] ConditionMgr:805 - Attr not supported : Dmpu
2024-07-23 06:03:28,148 [ERROR] ConditionMgr:805 - Attr not supported : Dmpu
2024-07-23 06:03:28,148 [ERROR] ConditionMgr:805 - Attr not supported : Dmpu
2024-07-23 06:03:28,148 [ERROR] ConditionMgr:805 - Attr not supported : Dmpu
2024-07-23 06:03:28,148 [ERROR] ConditionMgr:805 - Attr not supported : Dmpu
2024-07-23 06:03:28,148 [ERROR] ConditionMgr:805 - Attr not supported : Dmpu
2024-07-23 06:03:28,148 [ERROR] ConditionMgr:805 - Attr not supported : Dmpu
2024-07-23 06:03:28,148 [ERROR] ConditionMgr:805 - Attr not supported : Dmpu
2024-07-23 06:03:28,148 [ERROR] ConditionMgr:805 - Attr not supported : Dmpu
2024-07-23 06:03:28,148 [ERROR] ConditionMgr:805 - Attr not supported : Dmpu
2024-07-23 06:03:28,148 [ERROR] ConditionMgr:805 - Attr not supported : Dmpu
2024-07-23 06:03:28,148 [ERROR] ConditionMgr:805 - Attr not supported : Dmpu
2024-07-23 06:03:28,148 [ERROR] ConditionMgr:805 - Attr not supported : Dmpu
2024-07-23 06:03:28,148 [ERROR] ConditionMgr:805 - Attr not supported : Dmpu
2024-07-23 06:03:28,148 [ERROR] ConditionMgr:805 - Attr not supported : Dmpu
2024-07-23 06:03:28,148 [ERROR] ConditionMgr:805 - Attr not supported : Dmpu
2024-07-23 06:03:28,148 [ERROR] ConditionMgr:805 - Attr not supported : Dmpu
2024-07-23 06:03:28,148 [ERROR] ConditionMgr:805 - Attr not supported : Dmpu
2024-07-23 06:03:28,148 [ERROR] ConditionMgr:805 - Attr not supported : Dmpu
2024-07-23 06:03:28,148 [ERROR] ConditionMgr:805 - Attr not supported : Dmpu
2024-07-23 06:03:28,148 [ERROR] ConditionMgr:805 - Attr not supported : Dmpu
2024-07-23 06:03:28,148 [ERROR] ConditionMgr:805 - Attr not supported : Dmpu
2024-07-23 06:03:28,148 [ERROR] ConditionMgr:805 - Attr not supported : Dmpu
2024-07-23 06:03:28,148 [ERROR] ConditionMgr:805 - Attr not supported : Dmpu
2024-07-23 06:03:28,148 [ERROR] ConditionMgr:805 - Attr not supported : Dmpu
2024-07-23 06:03:28,148 [ERROR] ConditionMgr:805 - Attr not supported : Dmpu
2024-07-23 06:03:28,148 [ERROR] ConditionMgr:805 - Attr not supported : Dmpu
2024-07-23 06:03:28,148 [ERROR] ConditionMgr:805 - Attr not supported : Dmpu
2024-07-23 06:03:28,148 [ERROR] ConditionMgr:805 - Attr not supported : Dmpu
2024-07-23 06:03:28,149 [ERROR] ConditionMgr:805 - Attr not supported : Dmpu
2024-07-23 06:03:28,149 [ERROR] ConditionMgr:805 - Attr not supported : Dmpu
2024-07-23 06:03:28,149 [ERROR] ConditionMgr:805 - Attr not supported : Dmpu
2024-07-23 06:03:28,149 [ERROR] ConditionMgr:805 - Attr not supported : Dmpu
2024-07-23 06:03:28,149 [ERROR] ConditionMgr:805 - Attr not supported : Dmpu
2024-07-23 06:03:28,149 [ERROR] ConditionMgr:805 - Attr not supported : Dmpu
2024-07-23 06:03:28,149 [ERROR] ConditionMgr:805 - Attr not supported : Dmpu
2024-07-23 06:03:28,149 [ERROR] ConditionMgr:805 - Attr not supported : Dmpu
2024-07-23 06:03:28,149 [ERROR] ConditionMgr:805 - Attr not supported : Dmpu
2024-07-23 06:03:28,149 [ERROR] ConditionMgr:805 - Attr not supported : Dmpu
2024-07-23 06:03:28,149 [ERROR] ConditionMgr:805 - Attr not supported : Dmpu
2024-07-23 06:03:28,149 [ERROR] ConditionMgr:805 - Attr not supported : Dmpu
2024-07-23 06:03:28,149 [ERROR] ConditionMgr:805 - Attr not supported : Dmpu
2024-07-23 06:03:28,149 [ERROR] ConditionMgr:805 - Attr not supported : Dmpu
2024-07-23 06:03:28,149 [ERROR] ConditionMgr:805 - Attr not supported : Dmpu
2024-07-23 06:03:28,149 [ERROR] ConditionMgr:805 - Attr not supported : Dmpu
2024-07-23 06:03:28,149 [ERROR] ConditionMgr:805 - Attr not supported : Dmpu
2024-07-23 06:03:28,149 [ERROR] ConditionMgr:805 - Attr not supported : Dmpu
2024-07-23 06:03:28,149 [ERROR] ConditionMgr:805 - Attr not supported : Dmpu
2024-07-23 06:03:28,149 [ERROR] ConditionMgr:805 - Attr not supported : Dmpu
2024-07-23 06:03:28,149 [ERROR] ConditionMgr:805 - Attr not supported : Dmpu
2024-07-23 06:03:28,149 [ERROR] ConditionMgr:805 - Attr not supported : Dmpu
2024-07-23 06:03:28,149 [ERROR] ConditionMgr:805 - Attr not supported : Dmpu
2024-07-23 06:03:28,149 [ERROR] ConditionMgr:805 - Attr not supported : Dmpu
2024-07-23 06:03:28,149 [ERROR] ConditionMgr:805 - Attr not supported : Dmpu
2024-07-23 06:03:28,149 [ERROR] ConditionMgr:805 - Attr not supported : Dmpu
2024-07-23 06:03:28,149 [ERROR] ConditionMgr:805 - Attr not supported : Dmpu
2024-07-23 06:03:28,152 [WARN] PackLoader:240 - Cannot read IP mode file for RealThread.X-CUBE-RT-Thread_Nano.4.1.1
2024-07-23 06:03:28,154 [WARN] PackLoader:240 - Cannot read IP mode file for wolfSSL.I-CUBE-wolfSSL.5.7.0
2024-07-23 06:03:28,156 [WARN] PackLoader:240 - Cannot read IP mode file for STMicroelectronics.FP-ATR-SIGFOX1.3.2.0
2024-07-23 06:03:28,159 [WARN] PackLoader:240 - Cannot read IP mode file for STMicroelectronics.X-CUBE-EEPRMA1.5.1.0
2024-07-23 06:03:28,162 [WARN] PackLoader:240 - Cannot read IP mode file for ITTIA_DB.I-CUBE-ITTIADB.8.9.0
2024-07-23 06:03:28,179 [WARN] PackLoader:240 - Cannot read IP mode file for SEGGER.I-CUBE-embOS.1.3.1
2024-07-23 06:03:28,202 [WARN] PackLoader:240 - Cannot read IP mode file for STMicroelectronics.X-CUBE-ALGOBUILD.1.4.0
2024-07-23 06:03:28,205 [WARN] PackLoader:240 - Cannot read IP mode file for STMicroelectronics.X-CUBE-GNSS1.6.0.0
2024-07-23 06:03:28,214 [WARN] PackLoader:240 - Cannot read IP mode file for STMicroelectronics.X-CUBE-AZRTOS-F4.1.1.0
2024-07-23 06:03:28,218 [WARN] PackLoader:240 - Cannot read IP mode file for STMicroelectronics.X-CUBE-FREERTOS.1.2.0
2024-07-23 06:03:28,227 [WARN] PackLoader:240 - Cannot read IP mode file for STMicroelectronics.X-CUBE-AZRTOS-L5.2.0.0
2024-07-23 06:03:28,232 [WARN] PackLoader:240 - Cannot read IP mode file for STMicroelectronics.X-CUBE-NFC6.3.1.0
2024-07-23 06:03:28,237 [WARN] PackLoader:240 - Cannot read IP mode file for STMicroelectronics.X-CUBE-DPower.1.2.0
2024-07-23 06:03:28,239 [WARN] PackLoader:240 - Cannot read IP mode file for STMicroelectronics.X-CUBE-AI.9.0.0
2024-07-23 06:03:28,243 [WARN] PackLoader:240 - Cannot read IP mode file for STMicroelectronics.X-CUBE-NFC7.1.0.1
2024-07-23 06:03:28,246 [WARN] PackLoader:240 - Cannot read IP mode file for wolfSSL.I-CUBE-wolfTPM.3.2.0
2024-07-23 06:03:28,255 [WARN] ConditionMgr:438 - getConditionDescription Invalid condition id : LAN8742 Phy interface Condition cause : null
2024-07-23 06:03:28,256 [WARN] PackLoader:240 - Cannot read IP mode file for STMicroelectronics.X-CUBE-AZRTOS-L4.2.0.0
2024-07-23 06:03:28,256 [WARN] ConditionMgr:1039 - genDependencies : Invalid condition id : LAN8742 Phy interface Condition cause : null
2024-07-23 06:03:28,257 [WARN] ConditionMgr:1039 - genDependencies : Invalid condition id : LAN8742 Phy interface Condition cause : null
2024-07-23 06:03:28,257 [WARN] ConditionMgr:1039 - genDependencies : Invalid condition id : LAN8742 Phy interface Condition cause : null
2024-07-23 06:03:28,261 [WARN] PackLoader:240 - Cannot read IP mode file for STMicroelectronics.X-CUBE-SFXS2LP1.4.0.0
2024-07-23 06:03:28,273 [WARN] ConditionMgr:438 - getConditionDescription Invalid condition id : UX DEVICE CLASS RTOS Condition cause : null
2024-07-23 06:03:28,274 [WARN] ConditionMgr:438 - getConditionDescription Invalid condition id : UX DEVICE CLASS RTOS Condition cause : null
2024-07-23 06:03:28,276 [WARN] PackLoader:240 - Cannot read IP mode file for STMicroelectronics.X-CUBE-AZRTOS-WB.2.0.0
2024-07-23 06:03:28,277 [WARN] ConditionMgr:1039 - genDependencies : Invalid condition id : UX DEVICE CLASS RTOS Condition cause : null
2024-07-23 06:03:28,277 [WARN] ConditionMgr:1039 - genDependencies : Invalid condition id : UX DEVICE CLASS RTOS Condition cause : null
2024-07-23 06:03:28,277 [WARN] ConditionMgr:1039 - genDependencies : Invalid condition id : UX DEVICE CLASS RTOS Condition cause : null
2024-07-23 06:03:28,278 [WARN] ConditionMgr:1039 - genDependencies : Invalid condition id : UX DEVICE CLASS RTOS Condition cause : null
2024-07-23 06:03:28,278 [WARN] ConditionMgr:1039 - genDependencies : Invalid condition id : UX DEVICE CLASS RTOS Condition cause : null
2024-07-23 06:03:28,287 [WARN] PackLoader:240 - Cannot read IP mode file for STMicroelectronics.X-CUBE-SUBG2.5.0.0
2024-07-23 06:03:28,294 [WARN] PackLoader:240 - Cannot read IP mode file for Cesanta.I-CUBE-Mongoose.7.13.0
2024-07-23 06:03:28,305 [WARN] PackLoader:240 - Cannot read IP mode file for STMicroelectronics.X-CUBE-AZRTOS-G4.2.0.0
2024-07-23 06:03:28,310 [WARN] PackLoader:240 - Cannot read IP mode file for STMicroelectronics.X-CUBE-ISPU.2.0.0
2024-07-23 06:03:28,313 [WARN] PackLoader:240 - Cannot read IP mode file for STMicroelectronics.X-CUBE-ALS.1.0.2
2024-07-23 06:03:28,346 [WARN] PackLoader:240 - Cannot read IP mode file for STMicroelectronics.X-CUBE-MEMS1.10.0.0
2024-07-23 06:03:28,463 [WARN] PackLoader:240 - Cannot read IP mode file for STMicroelectronics.X-CUBE-TOUCHGFX.4.24.0
2024-07-23 06:03:28,466 [WARN] PackLoader:240 - Cannot read IP mode file for portGmbH.I-Cube-SoM-uGOAL.1.1.0
2024-07-23 06:03:28,484 [WARN] PackLoader:240 - Cannot read IP mode file for STMicroelectronics.X-CUBE-AZRTOS-H7RS.1.0.0
2024-07-23 06:03:28,489 [WARN] PackLoader:240 - Cannot read IP mode file for STMicroelectronics.FP-ATR-ASTRA1.2.0.0
2024-07-23 06:03:28,497 [WARN] PackLoader:240 - Cannot read IP mode file for STMicroelectronics.X-CUBE-TOF1.3.4.1
2024-07-23 06:03:28,522 [WARN] PackLoader:240 - Cannot read IP mode file for STMicroelectronics.X-CUBE-AZRTOS-H7.3.2.0
2024-07-23 06:03:28,533 [WARN] PackLoader:240 - Cannot read IP mode file for Infineon.AIROC-Wi-Fi-Bluetooth-STM32.1.6.0
2024-07-23 06:03:28,537 [INFO] ThirdParty:978 - Integrity check success = true
2024-07-23 06:03:28,537 [INFO] IntegrityCheckThread:100 - exiting critical section [integrity check]
2024-07-23 06:03:28,537 [INFO] IntegrityCheckThread:103 - End integrity checks thread
2024-07-23 06:38:18,756 [INFO] LogOutputStream:77 - [STDOUT_REDIRECT] StartTraceHandler.execute(), success : Collect=true
2024-07-23 06:49:23,732 [ERROR] AdobePublisher:183 - Exception while getting the server answer: java.net.SocketTimeoutException: Read timed out
2024-07-23 06:49:38,784 [INFO] LogOutputStream:77 - [STDOUT_REDIRECT] StartTraceHandler.execute(), success : Collect=false
2024-07-23 06:49:40,508 [INFO] LogOutputStream:77 - [STDOUT_REDIRECT] StartTraceHandler.execute(), success : Collect=true
2024-07-23 06:49:42,003 [INFO] LogOutputStream:77 - [STDOUT_REDIRECT] StartTraceHandler.execute(), success : Collect=false
2024-07-23 06:49:45,358 [INFO] LogOutputStream:77 - [STDOUT_REDIRECT] StartTraceHandler.execute(), success : Collect=true
2024-07-23 07:24:37,994 [ERROR] LogOutputStream:75 - [STDERR_REDIRECT] 
