2024-10-19 21:42:51,528 [INFO] Activator:176 - 


2024-10-19 21:42:51,533 [INFO] Activator:177 - !SESSION log4j initialized
2024-10-19 21:42:54,774 [INFO] LogOutputStream:77 - [STDOUT_REDIRECT] 
2024-10-19 21:42:55,788 [INFO] ApplicationProperties:184 - Using Application install path: /opt/st/stm32cubeide_1.15.1/plugins/com.st.stm32cube.common.mx_6.11.1.202404110753
2024-10-19 21:42:55,810 [INFO] DbMcusXml:78 - Set database path to: /opt/st/stm32cubeide_1.15.1/plugins/com.st.stm32cube.common.mx_6.11.1.202404110753//db//mcu/
2024-10-19 21:42:55,810 [INFO] ApiDb:274 - Set plugin database path to: /opt/st/stm32cubeide_1.15.1/plugins/com.st.stm32cube.common.mx_6.11.1.202404110753//db//plugins/boardmanager/
2024-10-19 21:42:55,810 [WARN] ApiDb:259 - Overriding images path with different value:  => /opt/st/stm32cubeide_1.15.1/plugins/com.st.stm32cube.common.mx_6.11.1.202404110753//db//plugins/mcufinder/images/
2024-10-19 21:42:55,820 [INFO] ApiDb:250 - Set database path to: /home/poojaa/.stmcufinder/plugins/mcufinder//mcu/
2024-10-19 21:42:55,822 [INFO] DbMcusAds:125 - Set database path to: /home/poojaa/.stmcufinder/plugins/mcufinder//mcu/
2024-10-19 21:42:55,825 [INFO] CrossReferenceDbSqlite:203 - Set database path to: /home/poojaa/.stmcufinder/plugins/mcufinder//mcu/cs/
2024-10-19 21:42:55,934 [INFO] RulesReader:64 - Compatibility file has been processed (297 Rules)
2024-10-19 21:42:55,983 [INFO] DbMcusXml:78 - Set database path to: /opt/st/stm32cubeide_1.15.1/plugins/com.st.stm32cube.common.mx_6.11.1.202404110753//db//mcu/
2024-10-19 21:42:55,983 [INFO] ApiDb:274 - Set plugin database path to: /opt/st/stm32cubeide_1.15.1/plugins/com.st.stm32cube.common.mx_6.11.1.202404110753//db//plugins/boardmanager/
2024-10-19 21:42:55,984 [INFO] ApiDb:261 - Set plugin images path to: /opt/st/stm32cubeide_1.15.1/plugins/com.st.stm32cube.common.mx_6.11.1.202404110753//db//plugins/mcufinder/images/
2024-10-19 21:42:55,984 [WARN] DbFile:41 - Overriding database path with different value: /home/poojaa/.stmcufinder/plugins/mcufinder/ => /home/poojaa/.stmcufinder/plugins/mcufinder
2024-10-19 21:42:55,984 [INFO] ApiDb:250 - Set database path to: /home/poojaa/.stmcufinder/plugins/mcufinder//mcu/
2024-10-19 21:42:55,984 [WARN] DbFile:41 - Overriding database path with different value: /home/poojaa/.stmcufinder/plugins/mcufinder/ => /home/poojaa/.stmcufinder/plugins/mcufinder
2024-10-19 21:42:55,984 [INFO] DbMcusAds:125 - Set database path to: /home/poojaa/.stmcufinder/plugins/mcufinder//mcu/
2024-10-19 21:42:55,984 [WARN] DbFile:41 - Overriding database path with different value: /home/poojaa/.stmcufinder/plugins/mcufinder/ => /home/poojaa/.stmcufinder/plugins/mcufinder
2024-10-19 21:42:55,984 [WARN] DbFile:41 - Overriding database path with different value: /home/poojaa/.stmcufinder/plugins/mcufinder/ => /home/poojaa/.stmcufinder/plugins/mcufinder
2024-10-19 21:42:55,984 [INFO] CrossReferenceDbSqlite:203 - Set database path to: /home/poojaa/.stmcufinder/plugins/mcufinder//mcu/cs/
2024-10-19 21:42:56,043 [INFO] MainPanel:264 - HeapMemory: 268435456
2024-10-19 21:42:56,108 [INFO] DbMcusXml:78 - Set database path to: /opt/st/stm32cubeide_1.15.1/plugins/com.st.stm32cube.common.mx_6.11.1.202404110753//db//mcu/
2024-10-19 21:42:56,108 [INFO] ApiDb:274 - Set plugin database path to: /opt/st/stm32cubeide_1.15.1/plugins/com.st.stm32cube.common.mx_6.11.1.202404110753//db//plugins/boardmanager/
2024-10-19 21:42:56,108 [INFO] ApiDb:261 - Set plugin images path to: /opt/st/stm32cubeide_1.15.1/plugins/com.st.stm32cube.common.mx_6.11.1.202404110753//db//plugins/mcufinder/images/
2024-10-19 21:42:56,109 [WARN] DbFile:41 - Overriding database path with different value: /home/poojaa/.stmcufinder/plugins/mcufinder/ => /home/poojaa/.stmcufinder/plugins/mcufinder
2024-10-19 21:42:56,109 [INFO] ApiDb:250 - Set database path to: /home/poojaa/.stmcufinder/plugins/mcufinder//mcu/
2024-10-19 21:42:56,109 [WARN] DbFile:41 - Overriding database path with different value: /home/poojaa/.stmcufinder/plugins/mcufinder/ => /home/poojaa/.stmcufinder/plugins/mcufinder
2024-10-19 21:42:56,109 [INFO] DbMcusAds:125 - Set database path to: /home/poojaa/.stmcufinder/plugins/mcufinder//mcu/
2024-10-19 21:42:56,109 [WARN] DbFile:41 - Overriding database path with different value: /home/poojaa/.stmcufinder/plugins/mcufinder/ => /home/poojaa/.stmcufinder/plugins/mcufinder
2024-10-19 21:42:56,109 [WARN] DbFile:41 - Overriding database path with different value: /home/poojaa/.stmcufinder/plugins/mcufinder/ => /home/poojaa/.stmcufinder/plugins/mcufinder
2024-10-19 21:42:56,109 [INFO] CrossReferenceDbSqlite:203 - Set database path to: /home/poojaa/.stmcufinder/plugins/mcufinder//mcu/cs/
2024-10-19 21:42:56,122 [INFO] ApplicationProperties:184 - Using Application install path: /opt/st/stm32cubeide_1.15.1/plugins/com.st.stm32cube.common.mx_6.11.1.202404110753
2024-10-19 21:42:56,123 [INFO] PluginManage:196 - Search for loadable plugins [exclusion list=, ]
2024-10-19 21:42:56,124 [INFO] PluginManage:310 - Check plugin analytics
2024-10-19 21:42:56,248 [INFO] AnalyticsPlugin:253 - Accepted Software Licenses: 
2024-10-19 21:42:56,248 [INFO] AnalyticsPlugin:255 - Accepted CMSIS Pack Licenses: 
2024-10-19 21:42:56,249 [INFO] AnalyticsPlugin:257 - Accepted Firmware Licenses: 
2024-10-19 21:42:56,252 [INFO] PluginManage:359 - Loaded plugin analytics (category:tool,tabindex:-1)
2024-10-19 21:42:56,252 [INFO] PluginManage:310 - Check plugin cadmodel
2024-10-19 21:42:56,446 [INFO] CADModel:105 - Init CAD model plugin
2024-10-19 21:42:56,447 [INFO] PluginManage:359 - Loaded plugin cadmodel (category:power,tabindex:5)
2024-10-19 21:42:56,447 [INFO] PluginManage:310 - Check plugin clock
2024-10-19 21:42:56,458 [INFO] PluginManage:359 - Loaded plugin clock (category:base,tabindex:2)
2024-10-19 21:42:56,458 [INFO] PluginManage:310 - Check plugin ddr
2024-10-19 21:42:56,460 [INFO] PluginManage:359 - Loaded plugin ddr (category:tool,tabindex:6)
2024-10-19 21:42:56,460 [INFO] PluginManage:310 - Check plugin filemanager
2024-10-19 21:42:56,571 [INFO] PluginManage:359 - Loaded plugin filemanager (category:base,tabindex:10)
2024-10-19 21:42:56,571 [INFO] PluginManage:310 - Check plugin ipmanager
2024-10-19 21:42:56,576 [INFO] PluginManage:359 - Loaded plugin ipmanager (category:base,tabindex:5)
2024-10-19 21:42:56,576 [INFO] PluginManage:310 - Check plugin lpbam
2024-10-19 21:42:56,587 [INFO] PluginManage:359 - Loaded plugin lpbam (category:base,tabindex:0)
2024-10-19 21:42:56,587 [INFO] PluginManage:310 - Check plugin memorymap
2024-10-19 21:42:56,598 [INFO] PluginManage:359 - Loaded plugin memorymap (category:base,tabindex:4)
2024-10-19 21:42:56,599 [INFO] PluginManage:310 - Check plugin pinoutandconfiguration
2024-10-19 21:42:56,607 [INFO] PluginManage:359 - Loaded plugin pinoutandconfiguration (category:base,tabindex:1)
2024-10-19 21:42:56,607 [INFO] PluginManage:310 - Check plugin pinoutconfig
2024-10-19 21:42:56,680 [WARN] SupportedApi:132 - Cannot load RTOS API schema: s4s-elt-must-match.1: The content of 'definitions' must match (annotation?, (simpleType | complexType)?, (unique | key | keyref)*)). A problem was found starting at: attribute.
2024-10-19 21:42:56,798 [INFO] PluginManage:359 - Loaded plugin pinoutconfig (category:base,tabindex:0)
2024-10-19 21:42:56,798 [INFO] PluginManage:310 - Check plugin power
2024-10-19 21:42:56,808 [INFO] PluginManage:359 - Loaded plugin power (category:power,tabindex:4)
2024-10-19 21:42:56,808 [INFO] PluginManage:310 - Check plugin projectmanager
2024-10-19 21:42:56,823 [INFO] PluginManage:359 - Loaded plugin projectmanager (category:projectmanager,tabindex:3)
2024-10-19 21:42:56,823 [INFO] PluginManage:310 - Check plugin thirdparty
2024-10-19 21:42:56,950 [INFO] PluginManage:359 - Loaded plugin thirdparty (category:base,tabindex:-1)
2024-10-19 21:42:56,950 [WARN] IntegrityCheckThread:84 - waiting for thirdparty lock release [integrity check]
2024-10-19 21:42:56,951 [INFO] IntegrityCheckThread:86 - entering critical section [integrity check]
2024-10-19 21:42:56,951 [INFO] PluginManage:310 - Check plugin tools
2024-10-19 21:42:56,951 [INFO] ThirdPartyUpdaterWithRetryManager:70 - Updater plugin not ready yet. [1/15]
2024-10-19 21:42:56,953 [INFO] PluginManage:359 - Loaded plugin tools (category:base,tabindex:7)
2024-10-19 21:42:56,953 [INFO] PluginManage:310 - Check plugin tutovideos
2024-10-19 21:42:57,097 [INFO] PluginManage:359 - Loaded plugin tutovideos (category:base,tabindex:-1)
2024-10-19 21:42:57,097 [INFO] PluginManage:310 - Check plugin updater
2024-10-19 21:42:57,109 [INFO] PluginManage:359 - Loaded plugin updater (category:base,tabindex:12)
2024-10-19 21:42:57,109 [INFO] PluginManage:310 - Check plugin userauth
2024-10-19 21:42:57,116 [INFO] UserAuth:114 - Init User Auth plugin
2024-10-19 21:42:57,116 [INFO] PluginManage:359 - Loaded plugin userauth (category:base,tabindex:14)
2024-10-19 21:42:57,117 [INFO] PluginManage:283 - PluginManage : Loaded plugins [17]
2024-10-19 21:42:57,282 [INFO] PinOutPanel:1561 - setPackage(No Configuration,No Configuration)
2024-10-19 21:42:57,326 [INFO] CADModel:165 - CPN selected for project level
2024-10-19 21:42:57,326 [INFO] CADModel:114 - Register for checkConnection events
2024-10-19 21:42:57,338 [INFO] IPUIPlugin:80 - create IPUIPlugin
2024-10-19 21:42:57,339 [INFO] PluginManager:220 - loadIPPluginJar : add adc
2024-10-19 21:42:57,340 [INFO] IPUIPlugin:80 - create IPUIPlugin
2024-10-19 21:42:57,340 [INFO] PluginManager:220 - loadIPPluginJar : add dma3
2024-10-19 21:42:57,342 [INFO] IPUIPlugin:80 - create IPUIPlugin
2024-10-19 21:42:57,342 [INFO] PluginManager:220 - loadIPPluginJar : add opamp
2024-10-19 21:42:57,343 [INFO] IPUIPlugin:80 - create IPUIPlugin
2024-10-19 21:42:57,343 [INFO] PluginManager:220 - loadIPPluginJar : add pdm2pcm
2024-10-19 21:42:57,344 [INFO] IPUIPlugin:80 - create IPUIPlugin
2024-10-19 21:42:57,345 [INFO] PluginManager:220 - loadIPPluginJar : add i2c
2024-10-19 21:42:57,345 [INFO] IPUIPlugin:80 - create IPUIPlugin
2024-10-19 21:42:57,346 [INFO] PluginManager:220 - loadIPPluginJar : add i2s
2024-10-19 21:42:57,346 [INFO] IPUIPlugin:80 - create IPUIPlugin
2024-10-19 21:42:57,347 [INFO] PluginManager:220 - loadIPPluginJar : add gfxmmu
2024-10-19 21:42:57,347 [INFO] IPUIPlugin:80 - create IPUIPlugin
2024-10-19 21:42:57,347 [INFO] PluginManager:220 - loadIPPluginJar : add quadspi
2024-10-19 21:42:57,351 [INFO] IPUIPlugin:80 - create IPUIPlugin
2024-10-19 21:42:57,351 [INFO] PluginManager:220 - loadIPPluginJar : add mdma
2024-10-19 21:42:57,353 [INFO] IPUIPlugin:80 - create IPUIPlugin
2024-10-19 21:42:57,353 [INFO] PluginManager:220 - loadIPPluginJar : add nvic
2024-10-19 21:42:57,356 [INFO] IPUIPlugin:80 - create IPUIPlugin
2024-10-19 21:42:57,356 [INFO] PluginManager:220 - loadIPPluginJar : add dma
2024-10-19 21:42:57,358 [INFO] IPUIPlugin:80 - create IPUIPlugin
2024-10-19 21:42:57,358 [INFO] PluginManager:220 - loadIPPluginJar : add aes
2024-10-19 21:42:57,360 [INFO] IPUIPlugin:80 - create IPUIPlugin
2024-10-19 21:42:57,361 [INFO] PluginManager:220 - loadIPPluginJar : add stm32_wpan
2024-10-19 21:42:57,362 [INFO] IPUIPlugin:80 - create IPUIPlugin
2024-10-19 21:42:57,362 [INFO] PluginManager:220 - loadIPPluginJar : add usart
2024-10-19 21:42:57,363 [INFO] IPUIPlugin:80 - create IPUIPlugin
2024-10-19 21:42:57,363 [INFO] PluginManager:220 - loadIPPluginJar : add genericplugin
2024-10-19 21:42:57,364 [INFO] IPUIPlugin:80 - create IPUIPlugin
2024-10-19 21:42:57,364 [INFO] PluginManager:220 - loadIPPluginJar : add openamp
2024-10-19 21:42:57,366 [INFO] IPUIPlugin:80 - create IPUIPlugin
2024-10-19 21:42:57,366 [INFO] PluginManager:220 - loadIPPluginJar : add ipddr
2024-10-19 21:42:57,367 [INFO] IPUIPlugin:80 - create IPUIPlugin
2024-10-19 21:42:57,368 [INFO] PluginManager:220 - loadIPPluginJar : add lorawan
2024-10-19 21:42:57,369 [INFO] IPUIPlugin:80 - create IPUIPlugin
2024-10-19 21:42:57,369 [INFO] PluginManager:220 - loadIPPluginJar : add gtzc
2024-10-19 21:42:57,370 [INFO] IPUIPlugin:80 - create IPUIPlugin
2024-10-19 21:42:57,371 [INFO] PluginManager:220 - loadIPPluginJar : add can
2024-10-19 21:42:57,371 [INFO] IPUIPlugin:80 - create IPUIPlugin
2024-10-19 21:42:57,371 [INFO] PluginManager:220 - loadIPPluginJar : add fatfs
2024-10-19 21:42:57,374 [INFO] IPUIPlugin:80 - create IPUIPlugin
2024-10-19 21:42:57,374 [INFO] PluginManager:220 - loadIPPluginJar : add gpio
2024-10-19 21:42:57,375 [INFO] IPUIPlugin:80 - create IPUIPlugin
2024-10-19 21:42:57,375 [INFO] PluginManager:220 - loadIPPluginJar : add ts
2024-10-19 21:42:57,376 [INFO] IPUIPlugin:80 - create IPUIPlugin
2024-10-19 21:42:57,376 [INFO] PluginManager:220 - loadIPPluginJar : add dfsdm
2024-10-19 21:42:57,379 [INFO] IPUIPlugin:80 - create IPUIPlugin
2024-10-19 21:42:57,379 [INFO] PluginManager:220 - loadIPPluginJar : add gic
2024-10-19 21:42:57,385 [INFO] IPUIPlugin:80 - create IPUIPlugin
2024-10-19 21:42:57,385 [INFO] PluginManager:220 - loadIPPluginJar : add linkedlist
2024-10-19 21:42:57,387 [INFO] IPUIPlugin:80 - create IPUIPlugin
2024-10-19 21:42:57,387 [INFO] PluginManager:220 - loadIPPluginJar : add tim
2024-10-19 21:42:57,388 [INFO] IPUIPlugin:80 - create IPUIPlugin
2024-10-19 21:42:57,388 [INFO] PluginManager:220 - loadIPPluginJar : add tracer_emb
2024-10-19 21:42:57,390 [INFO] IPUIPlugin:80 - create IPUIPlugin
2024-10-19 21:42:57,391 [INFO] PluginManager:220 - loadIPPluginJar : add extmemmanager
2024-10-19 21:42:57,392 [INFO] IPUIPlugin:80 - create IPUIPlugin
2024-10-19 21:42:57,392 [INFO] PluginManager:220 - loadIPPluginJar : add spi
2024-10-19 21:42:57,393 [INFO] IPUIPlugin:80 - create IPUIPlugin
2024-10-19 21:42:57,393 [INFO] PluginManager:220 - loadIPPluginJar : add comp
2024-10-19 21:42:57,395 [INFO] IPUIPlugin:80 - create IPUIPlugin
2024-10-19 21:42:57,396 [INFO] PluginManager:220 - loadIPPluginJar : add sai
2024-10-19 21:42:57,397 [INFO] IPUIPlugin:80 - create IPUIPlugin
2024-10-19 21:42:57,397 [INFO] PluginManager:220 - loadIPPluginJar : add ucpd
2024-10-19 21:42:57,398 [INFO] IPUIPlugin:80 - create IPUIPlugin
2024-10-19 21:42:57,398 [INFO] PluginManager:220 - loadIPPluginJar : add ltdc
2024-10-19 21:42:57,400 [INFO] IPUIPlugin:80 - create IPUIPlugin
2024-10-19 21:42:57,400 [INFO] PluginManager:220 - loadIPPluginJar : add touchsensing
2024-10-19 21:42:57,407 [INFO] IPUIPlugin:80 - create IPUIPlugin
2024-10-19 21:42:57,409 [INFO] PluginManager:220 - loadIPPluginJar : add plateformsettings
2024-10-19 21:42:57,412 [INFO] IPUIPlugin:80 - create IPUIPlugin
2024-10-19 21:42:57,412 [INFO] PluginManager:220 - loadIPPluginJar : add resmgrutility
2024-10-19 21:42:57,414 [INFO] IPUIPlugin:80 - create IPUIPlugin
2024-10-19 21:42:57,414 [INFO] PluginManager:220 - loadIPPluginJar : add cryp
2024-10-19 21:42:57,418 [INFO] IPUIPlugin:80 - create IPUIPlugin
2024-10-19 21:42:57,418 [INFO] PluginManager:220 - loadIPPluginJar : add fmc
2024-10-19 21:42:57,419 [INFO] IPUIPlugin:80 - create IPUIPlugin
2024-10-19 21:42:57,419 [INFO] PluginManager:220 - loadIPPluginJar : add tsc
2024-10-19 21:42:57,421 [INFO] IPUIPlugin:80 - create IPUIPlugin
2024-10-19 21:42:57,421 [INFO] PluginManager:220 - loadIPPluginJar : add hash
2024-10-19 21:42:57,426 [INFO] IPUIPlugin:80 - create IPUIPlugin
2024-10-19 21:42:57,426 [INFO] PluginManager:220 - loadIPPluginJar : add freertos
2024-10-19 21:42:57,429 [INFO] IPUIPlugin:80 - create IPUIPlugin
2024-10-19 21:42:57,429 [INFO] PluginManager:220 - loadIPPluginJar : add usbx
2024-10-19 21:42:57,430 [INFO] IPUIPlugin:80 - create IPUIPlugin
2024-10-19 21:42:57,430 [INFO] PluginManager:220 - loadIPPluginJar : add i3c
2024-10-19 21:42:57,532 [INFO] CADModel:165 - CPN selected for project level
2024-10-19 21:42:57,533 [INFO] CADModel:114 - Register for checkConnection events
2024-10-19 21:42:57,533 [FATAL] Updater:308 - Updater called before beeing initialized
2024-10-19 21:42:57,533 [ERROR] CADModel:125 - Updater not yet initialized, retry later 
2024-10-19 21:42:57,634 [INFO] CADModel:165 - CPN selected for project level
2024-10-19 21:42:57,635 [INFO] CADModel:114 - Register for checkConnection events
2024-10-19 21:42:57,635 [FATAL] Updater:308 - Updater called before beeing initialized
2024-10-19 21:42:57,635 [ERROR] CADModel:125 - Updater not yet initialized, retry later 
2024-10-19 21:42:57,637 [FATAL] Updater:308 - Updater called before beeing initialized
2024-10-19 21:42:57,717 [FATAL] Updater:308 - Updater called before beeing initialized
2024-10-19 21:42:57,719 [INFO] DbMcusAds:53 - JSON generation date=Fri Sep 20 18:34:23 IST 2024 (1726837463113)
2024-10-19 21:42:57,719 [FATAL] Updater:308 - Updater called before beeing initialized
2024-10-19 21:42:57,745 [WARN] DetailPanel:346 - Failed to get advertising image, set to default
2024-10-19 21:42:57,804 [FATAL] Updater:308 - Updater called before beeing initialized
2024-10-19 21:42:57,805 [FATAL] Updater:308 - Updater called before beeing initialized
2024-10-19 21:42:57,805 [FATAL] Updater:308 - Updater called before beeing initialized
2024-10-19 21:42:57,805 [WARN] DetailPanel:346 - Failed to get advertising image, set to default
2024-10-19 21:42:57,806 [FATAL] Updater:308 - Updater called before beeing initialized
2024-10-19 21:42:57,824 [ERROR] Updater:1120 - MainUpdater not yet initialized. External WinMGr cannot be set.
2024-10-19 21:42:57,826 [INFO] Updater:1056 - Updater Version found : 6.11.1
2024-10-19 21:42:57,842 [INFO] ApplicationProperties:184 - Using Application install path: /opt/st/stm32cubeide_1.15.1/plugins/com.st.stm32cube.common.mx_6.11.1.202404110753
2024-10-19 21:42:58,067 [INFO] MainUpdater:2873 - connection check result : 10
2024-10-19 21:42:58,067 [INFO] MainUpdater:3567 - Updater definition file requires update
2024-10-19 21:42:58,068 [INFO] MainUpdater:290 - Updater Check For Update Now.
2024-10-19 21:42:58,068 [INFO] MicroXplorer:498 - Change Database Version : DB.6.0.111
2024-10-19 21:42:58,070 [INFO] McuFinderGlobals:63 - Set McuFinder mode to 2 (CubeIDE integrated)
2024-10-19 21:42:58,071 [INFO] UserAuth:179 - activating auth plugin
2024-10-19 21:42:58,073 [INFO] UserAuth:415 - Internet connection configuration mode: 1
2024-10-19 21:42:58,085 [INFO] JxBrowserEngine:152 - Initiate JxBrowser Engine with user profile folder
2024-10-19 21:42:58,109 [INFO] ServerAccessManage:473 - Download File updaters.zip
2024-10-19 21:42:58,222 [INFO] FileExtend:240 - Unzip File : updaters.zip
2024-10-19 21:42:58,222 [INFO] FileExtend:255 - Standard Zip Deflate
2024-10-19 21:42:58,400 [INFO] ServerAccessManage:473 - Download File PacksControlFlags.xml
2024-10-19 21:42:58,487 [INFO] ServerAccessManage:473 - Download File cubemx.pidx
2024-10-19 21:42:58,826 [INFO] ServerAccessManage:473 - Download File STMicroelectronics.X-CUBE-AI.pdsc
2024-10-19 21:42:58,871 [INFO] WebApp:161 - Instantiating new browser for Auth
2024-10-19 21:42:59,469 [INFO] WebApp:779 - Register for checkConnection events
2024-10-19 21:42:59,470 [INFO] WebApp:414 - Apply proxy settings
2024-10-19 21:42:59,470 [INFO] WebApp:499 - Chromium requires no authentication
2024-10-19 21:42:59,478 [INFO] WebApp:442 - Direct internet connection detected
2024-10-19 21:42:59,564 [ERROR] ExternalUserPreferencesManager:606 - Error while get path from external application: Cannot invoke "com.st.stm32cube.common.mx.MxActivator.getBundle()" because the return value of "com.st.stm32cube.common.mx.MxActivator.getDefault()" is null
2024-10-19 21:42:59,565 [ERROR] ExternalUserPreferencesManager:336 - Error while get preference info from external application: Cannot invoke "com.st.stm32cube.common.mx.MxActivator.getBundle()" because the return value of "com.st.stm32cube.common.mx.MxActivator.getDefault()" is null
2024-10-19 21:42:59,565 [ERROR] ExternalUserPreferencesManager:560 - Error while get preference info from external application: Cannot invoke "com.st.stm32cube.common.mx.MxActivator.getBundle()" because the return value of "com.st.stm32cube.common.mx.MxActivator.getDefault()" is null
2024-10-19 21:42:59,596 [ERROR] ExternalUserPreferencesManager:560 - Error while get preference info from external application: Cannot invoke "com.st.stm32cube.common.mx.MxActivator.getBundle()" because the return value of "com.st.stm32cube.common.mx.MxActivator.getDefault()" is null
2024-10-19 21:42:59,616 [INFO] WebApp:192 - Starting web application
2024-10-19 21:42:59,616 [INFO] WebApp:544 - Web application path used /opt/st/stm32cubeide_1.15.1/plugins/com.st.stm32cube.common.mx_6.11.1.202404110753/db/plugins/mcufinder/reactClient1/index.html
2024-10-19 21:42:59,617 [ERROR] ExternalUserPreferencesManager:560 - Error while get preference info from external application: Cannot invoke "com.st.stm32cube.common.mx.MxActivator.getBundle()" because the return value of "com.st.stm32cube.common.mx.MxActivator.getDefault()" is null
2024-10-19 21:42:59,644 [ERROR] ExternalUserPreferencesManager:560 - Error while get preference info from external application: Cannot invoke "com.st.stm32cube.common.mx.MxActivator.getBundle()" because the return value of "com.st.stm32cube.common.mx.MxActivator.getDefault()" is null
2024-10-19 21:42:59,662 [ERROR] ExternalUserPreferencesManager:560 - Error while get preference info from external application: Cannot invoke "com.st.stm32cube.common.mx.MxActivator.getBundle()" because the return value of "com.st.stm32cube.common.mx.MxActivator.getDefault()" is null
2024-10-19 21:42:59,684 [ERROR] ExternalUserPreferencesManager:560 - Error while get preference info from external application: Cannot invoke "com.st.stm32cube.common.mx.MxActivator.getBundle()" because the return value of "com.st.stm32cube.common.mx.MxActivator.getDefault()" is null
2024-10-19 21:42:59,721 [ERROR] ExternalUserPreferencesManager:560 - Error while get preference info from external application: Cannot invoke "com.st.stm32cube.common.mx.MxActivator.getBundle()" because the return value of "com.st.stm32cube.common.mx.MxActivator.getDefault()" is null
2024-10-19 21:42:59,748 [ERROR] ExternalUserPreferencesManager:560 - Error while get preference info from external application: Cannot invoke "com.st.stm32cube.common.mx.MxActivator.getBundle()" because the return value of "com.st.stm32cube.common.mx.MxActivator.getDefault()" is null
2024-10-19 21:42:59,768 [ERROR] ExternalUserPreferencesManager:560 - Error while get preference info from external application: Cannot invoke "com.st.stm32cube.common.mx.MxActivator.getBundle()" because the return value of "com.st.stm32cube.common.mx.MxActivator.getDefault()" is null
2024-10-19 21:42:59,775 [ERROR] LogOutputStream:75 - [STDERR_REDIRECT] 
