2024-11-11 18:16:54,855 [INFO] Activator:176 - 


2024-11-11 18:16:54,860 [INFO] Activator:177 - !SESSION log4j initialized
2024-11-11 18:16:58,600 [INFO] LogOutputStream:77 - [STDOUT_REDIRECT] 
2024-11-11 18:16:59,511 [INFO] ApplicationProperties:184 - Using Application install path: /opt/st/stm32cubeide_1.15.1/plugins/com.st.stm32cube.common.mx_6.11.1.202404110753
2024-11-11 18:16:59,531 [INFO] DbMcusXml:78 - Set database path to: /opt/st/stm32cubeide_1.15.1/plugins/com.st.stm32cube.common.mx_6.11.1.202404110753//db//mcu/
2024-11-11 18:16:59,531 [INFO] ApiDb:274 - Set plugin database path to: /opt/st/stm32cubeide_1.15.1/plugins/com.st.stm32cube.common.mx_6.11.1.202404110753//db//plugins/boardmanager/
2024-11-11 18:16:59,531 [WARN] ApiDb:259 - Overriding images path with different value:  => /opt/st/stm32cubeide_1.15.1/plugins/com.st.stm32cube.common.mx_6.11.1.202404110753//db//plugins/mcufinder/images/
2024-11-11 18:16:59,538 [INFO] ApiDb:250 - Set database path to: /home/poojaa/.stmcufinder/plugins/mcufinder//mcu/
2024-11-11 18:16:59,539 [INFO] DbMcusAds:125 - Set database path to: /home/poojaa/.stmcufinder/plugins/mcufinder//mcu/
2024-11-11 18:16:59,541 [INFO] CrossReferenceDbSqlite:203 - Set database path to: /home/poojaa/.stmcufinder/plugins/mcufinder//mcu/cs/
2024-11-11 18:16:59,625 [INFO] RulesReader:64 - Compatibility file has been processed (297 Rules)
2024-11-11 18:16:59,670 [INFO] DbMcusXml:78 - Set database path to: /opt/st/stm32cubeide_1.15.1/plugins/com.st.stm32cube.common.mx_6.11.1.202404110753//db//mcu/
2024-11-11 18:16:59,670 [INFO] ApiDb:274 - Set plugin database path to: /opt/st/stm32cubeide_1.15.1/plugins/com.st.stm32cube.common.mx_6.11.1.202404110753//db//plugins/boardmanager/
2024-11-11 18:16:59,670 [INFO] ApiDb:261 - Set plugin images path to: /opt/st/stm32cubeide_1.15.1/plugins/com.st.stm32cube.common.mx_6.11.1.202404110753//db//plugins/mcufinder/images/
2024-11-11 18:16:59,670 [WARN] DbFile:41 - Overriding database path with different value: /home/poojaa/.stmcufinder/plugins/mcufinder/ => /home/poojaa/.stmcufinder/plugins/mcufinder
2024-11-11 18:16:59,670 [INFO] ApiDb:250 - Set database path to: /home/poojaa/.stmcufinder/plugins/mcufinder//mcu/
2024-11-11 18:16:59,670 [WARN] DbFile:41 - Overriding database path with different value: /home/poojaa/.stmcufinder/plugins/mcufinder/ => /home/poojaa/.stmcufinder/plugins/mcufinder
2024-11-11 18:16:59,671 [INFO] DbMcusAds:125 - Set database path to: /home/poojaa/.stmcufinder/plugins/mcufinder//mcu/
2024-11-11 18:16:59,671 [WARN] DbFile:41 - Overriding database path with different value: /home/poojaa/.stmcufinder/plugins/mcufinder/ => /home/poojaa/.stmcufinder/plugins/mcufinder
2024-11-11 18:16:59,671 [WARN] DbFile:41 - Overriding database path with different value: /home/poojaa/.stmcufinder/plugins/mcufinder/ => /home/poojaa/.stmcufinder/plugins/mcufinder
2024-11-11 18:16:59,671 [INFO] CrossReferenceDbSqlite:203 - Set database path to: /home/poojaa/.stmcufinder/plugins/mcufinder//mcu/cs/
2024-11-11 18:16:59,718 [INFO] MainPanel:264 - HeapMemory: 268435456
2024-11-11 18:16:59,773 [INFO] DbMcusXml:78 - Set database path to: /opt/st/stm32cubeide_1.15.1/plugins/com.st.stm32cube.common.mx_6.11.1.202404110753//db//mcu/
2024-11-11 18:16:59,773 [INFO] ApiDb:274 - Set plugin database path to: /opt/st/stm32cubeide_1.15.1/plugins/com.st.stm32cube.common.mx_6.11.1.202404110753//db//plugins/boardmanager/
2024-11-11 18:16:59,773 [INFO] ApiDb:261 - Set plugin images path to: /opt/st/stm32cubeide_1.15.1/plugins/com.st.stm32cube.common.mx_6.11.1.202404110753//db//plugins/mcufinder/images/
2024-11-11 18:16:59,774 [WARN] DbFile:41 - Overriding database path with different value: /home/poojaa/.stmcufinder/plugins/mcufinder/ => /home/poojaa/.stmcufinder/plugins/mcufinder
2024-11-11 18:16:59,774 [INFO] ApiDb:250 - Set database path to: /home/poojaa/.stmcufinder/plugins/mcufinder//mcu/
2024-11-11 18:16:59,774 [WARN] DbFile:41 - Overriding database path with different value: /home/poojaa/.stmcufinder/plugins/mcufinder/ => /home/poojaa/.stmcufinder/plugins/mcufinder
2024-11-11 18:16:59,774 [INFO] DbMcusAds:125 - Set database path to: /home/poojaa/.stmcufinder/plugins/mcufinder//mcu/
2024-11-11 18:16:59,774 [WARN] DbFile:41 - Overriding database path with different value: /home/poojaa/.stmcufinder/plugins/mcufinder/ => /home/poojaa/.stmcufinder/plugins/mcufinder
2024-11-11 18:16:59,774 [WARN] DbFile:41 - Overriding database path with different value: /home/poojaa/.stmcufinder/plugins/mcufinder/ => /home/poojaa/.stmcufinder/plugins/mcufinder
2024-11-11 18:16:59,774 [INFO] CrossReferenceDbSqlite:203 - Set database path to: /home/poojaa/.stmcufinder/plugins/mcufinder//mcu/cs/
2024-11-11 18:16:59,785 [INFO] ApplicationProperties:184 - Using Application install path: /opt/st/stm32cubeide_1.15.1/plugins/com.st.stm32cube.common.mx_6.11.1.202404110753
2024-11-11 18:16:59,786 [INFO] PluginManage:196 - Search for loadable plugins [exclusion list=, ]
2024-11-11 18:16:59,787 [INFO] PluginManage:310 - Check plugin analytics
2024-11-11 18:16:59,893 [INFO] AnalyticsPlugin:253 - Accepted Software Licenses: 
2024-11-11 18:16:59,893 [INFO] AnalyticsPlugin:255 - Accepted CMSIS Pack Licenses: 
2024-11-11 18:16:59,893 [INFO] AnalyticsPlugin:257 - Accepted Firmware Licenses: 
2024-11-11 18:16:59,895 [INFO] PluginManage:359 - Loaded plugin analytics (category:tool,tabindex:-1)
2024-11-11 18:16:59,895 [INFO] PluginManage:310 - Check plugin cadmodel
2024-11-11 18:16:59,921 [INFO] CADModel:105 - Init CAD model plugin
2024-11-11 18:16:59,921 [INFO] PluginManage:359 - Loaded plugin cadmodel (category:power,tabindex:5)
2024-11-11 18:16:59,921 [INFO] PluginManage:310 - Check plugin clock
2024-11-11 18:16:59,932 [INFO] PluginManage:359 - Loaded plugin clock (category:base,tabindex:2)
2024-11-11 18:16:59,932 [INFO] PluginManage:310 - Check plugin ddr
2024-11-11 18:16:59,934 [INFO] PluginManage:359 - Loaded plugin ddr (category:tool,tabindex:6)
2024-11-11 18:16:59,935 [INFO] PluginManage:310 - Check plugin filemanager
2024-11-11 18:17:00,036 [INFO] PluginManage:359 - Loaded plugin filemanager (category:base,tabindex:10)
2024-11-11 18:17:00,036 [INFO] PluginManage:310 - Check plugin ipmanager
2024-11-11 18:17:00,039 [INFO] PluginManage:359 - Loaded plugin ipmanager (category:base,tabindex:5)
2024-11-11 18:17:00,039 [INFO] PluginManage:310 - Check plugin lpbam
2024-11-11 18:17:00,044 [INFO] PluginManage:359 - Loaded plugin lpbam (category:base,tabindex:0)
2024-11-11 18:17:00,044 [INFO] PluginManage:310 - Check plugin memorymap
2024-11-11 18:17:00,053 [INFO] PluginManage:359 - Loaded plugin memorymap (category:base,tabindex:4)
2024-11-11 18:17:00,053 [INFO] PluginManage:310 - Check plugin pinoutandconfiguration
2024-11-11 18:17:00,060 [INFO] PluginManage:359 - Loaded plugin pinoutandconfiguration (category:base,tabindex:1)
2024-11-11 18:17:00,060 [INFO] PluginManage:310 - Check plugin pinoutconfig
2024-11-11 18:17:00,108 [WARN] SupportedApi:132 - Cannot load RTOS API schema: s4s-elt-must-match.1: The content of 'definitions' must match (annotation?, (simpleType | complexType)?, (unique | key | keyref)*)). A problem was found starting at: attribute.
2024-11-11 18:17:00,199 [INFO] PluginManage:359 - Loaded plugin pinoutconfig (category:base,tabindex:0)
2024-11-11 18:17:00,199 [INFO] PluginManage:310 - Check plugin power
2024-11-11 18:17:00,207 [INFO] PluginManage:359 - Loaded plugin power (category:power,tabindex:4)
2024-11-11 18:17:00,207 [INFO] PluginManage:310 - Check plugin projectmanager
2024-11-11 18:17:00,217 [INFO] PluginManage:359 - Loaded plugin projectmanager (category:projectmanager,tabindex:3)
2024-11-11 18:17:00,217 [INFO] PluginManage:310 - Check plugin thirdparty
2024-11-11 18:17:00,295 [INFO] PluginManage:359 - Loaded plugin thirdparty (category:base,tabindex:-1)
2024-11-11 18:17:00,295 [INFO] PluginManage:310 - Check plugin tools
2024-11-11 18:17:00,295 [WARN] IntegrityCheckThread:84 - waiting for thirdparty lock release [integrity check]
2024-11-11 18:17:00,295 [INFO] IntegrityCheckThread:86 - entering critical section [integrity check]
2024-11-11 18:17:00,296 [INFO] ThirdPartyUpdaterWithRetryManager:70 - Updater plugin not ready yet. [1/15]
2024-11-11 18:17:00,296 [INFO] PluginManage:359 - Loaded plugin tools (category:base,tabindex:7)
2024-11-11 18:17:00,296 [INFO] PluginManage:310 - Check plugin tutovideos
2024-11-11 18:17:00,426 [INFO] PluginManage:359 - Loaded plugin tutovideos (category:base,tabindex:-1)
2024-11-11 18:17:00,426 [INFO] PluginManage:310 - Check plugin updater
2024-11-11 18:17:00,437 [INFO] PluginManage:359 - Loaded plugin updater (category:base,tabindex:12)
2024-11-11 18:17:00,437 [INFO] PluginManage:310 - Check plugin userauth
2024-11-11 18:17:00,442 [INFO] UserAuth:114 - Init User Auth plugin
2024-11-11 18:17:00,442 [INFO] PluginManage:359 - Loaded plugin userauth (category:base,tabindex:14)
2024-11-11 18:17:00,442 [INFO] PluginManage:283 - PluginManage : Loaded plugins [17]
2024-11-11 18:17:00,608 [INFO] PinOutPanel:1561 - setPackage(No Configuration,No Configuration)
2024-11-11 18:17:00,642 [INFO] CADModel:165 - CPN selected for project level
2024-11-11 18:17:00,643 [INFO] CADModel:114 - Register for checkConnection events
2024-11-11 18:17:00,654 [INFO] IPUIPlugin:80 - create IPUIPlugin
2024-11-11 18:17:00,654 [INFO] PluginManager:220 - loadIPPluginJar : add adc
2024-11-11 18:17:00,656 [INFO] IPUIPlugin:80 - create IPUIPlugin
2024-11-11 18:17:00,656 [INFO] PluginManager:220 - loadIPPluginJar : add dma3
2024-11-11 18:17:00,658 [INFO] IPUIPlugin:80 - create IPUIPlugin
2024-11-11 18:17:00,658 [INFO] PluginManager:220 - loadIPPluginJar : add opamp
2024-11-11 18:17:00,659 [INFO] IPUIPlugin:80 - create IPUIPlugin
2024-11-11 18:17:00,659 [INFO] PluginManager:220 - loadIPPluginJar : add pdm2pcm
2024-11-11 18:17:00,661 [INFO] IPUIPlugin:80 - create IPUIPlugin
2024-11-11 18:17:00,661 [INFO] PluginManager:220 - loadIPPluginJar : add i2c
2024-11-11 18:17:00,662 [INFO] IPUIPlugin:80 - create IPUIPlugin
2024-11-11 18:17:00,662 [INFO] PluginManager:220 - loadIPPluginJar : add i2s
2024-11-11 18:17:00,663 [INFO] IPUIPlugin:80 - create IPUIPlugin
2024-11-11 18:17:00,663 [INFO] PluginManager:220 - loadIPPluginJar : add gfxmmu
2024-11-11 18:17:00,663 [INFO] IPUIPlugin:80 - create IPUIPlugin
2024-11-11 18:17:00,663 [INFO] PluginManager:220 - loadIPPluginJar : add quadspi
2024-11-11 18:17:00,667 [INFO] IPUIPlugin:80 - create IPUIPlugin
2024-11-11 18:17:00,667 [INFO] PluginManager:220 - loadIPPluginJar : add mdma
2024-11-11 18:17:00,669 [INFO] IPUIPlugin:80 - create IPUIPlugin
2024-11-11 18:17:00,669 [INFO] PluginManager:220 - loadIPPluginJar : add nvic
2024-11-11 18:17:00,672 [INFO] IPUIPlugin:80 - create IPUIPlugin
2024-11-11 18:17:00,673 [INFO] PluginManager:220 - loadIPPluginJar : add dma
2024-11-11 18:17:00,674 [INFO] IPUIPlugin:80 - create IPUIPlugin
2024-11-11 18:17:00,674 [INFO] PluginManager:220 - loadIPPluginJar : add aes
2024-11-11 18:17:00,676 [INFO] IPUIPlugin:80 - create IPUIPlugin
2024-11-11 18:17:00,676 [INFO] PluginManager:220 - loadIPPluginJar : add stm32_wpan
2024-11-11 18:17:00,677 [INFO] IPUIPlugin:80 - create IPUIPlugin
2024-11-11 18:17:00,677 [INFO] PluginManager:220 - loadIPPluginJar : add usart
2024-11-11 18:17:00,678 [INFO] IPUIPlugin:80 - create IPUIPlugin
2024-11-11 18:17:00,678 [INFO] PluginManager:220 - loadIPPluginJar : add genericplugin
2024-11-11 18:17:00,680 [INFO] IPUIPlugin:80 - create IPUIPlugin
2024-11-11 18:17:00,680 [INFO] PluginManager:220 - loadIPPluginJar : add openamp
2024-11-11 18:17:00,681 [INFO] IPUIPlugin:80 - create IPUIPlugin
2024-11-11 18:17:00,681 [INFO] PluginManager:220 - loadIPPluginJar : add ipddr
2024-11-11 18:17:00,682 [INFO] IPUIPlugin:80 - create IPUIPlugin
2024-11-11 18:17:00,682 [INFO] PluginManager:220 - loadIPPluginJar : add lorawan
2024-11-11 18:17:00,684 [INFO] IPUIPlugin:80 - create IPUIPlugin
2024-11-11 18:17:00,684 [INFO] PluginManager:220 - loadIPPluginJar : add gtzc
2024-11-11 18:17:00,685 [INFO] IPUIPlugin:80 - create IPUIPlugin
2024-11-11 18:17:00,685 [INFO] PluginManager:220 - loadIPPluginJar : add can
2024-11-11 18:17:00,685 [INFO] IPUIPlugin:80 - create IPUIPlugin
2024-11-11 18:17:00,685 [INFO] PluginManager:220 - loadIPPluginJar : add fatfs
2024-11-11 18:17:00,688 [INFO] IPUIPlugin:80 - create IPUIPlugin
2024-11-11 18:17:00,688 [INFO] PluginManager:220 - loadIPPluginJar : add gpio
2024-11-11 18:17:00,689 [INFO] IPUIPlugin:80 - create IPUIPlugin
2024-11-11 18:17:00,689 [INFO] PluginManager:220 - loadIPPluginJar : add ts
2024-11-11 18:17:00,690 [INFO] IPUIPlugin:80 - create IPUIPlugin
2024-11-11 18:17:00,690 [INFO] PluginManager:220 - loadIPPluginJar : add dfsdm
2024-11-11 18:17:00,692 [INFO] IPUIPlugin:80 - create IPUIPlugin
2024-11-11 18:17:00,693 [INFO] PluginManager:220 - loadIPPluginJar : add gic
2024-11-11 18:17:00,697 [INFO] IPUIPlugin:80 - create IPUIPlugin
2024-11-11 18:17:00,697 [INFO] PluginManager:220 - loadIPPluginJar : add linkedlist
2024-11-11 18:17:00,698 [INFO] IPUIPlugin:80 - create IPUIPlugin
2024-11-11 18:17:00,698 [INFO] PluginManager:220 - loadIPPluginJar : add tim
2024-11-11 18:17:00,699 [INFO] IPUIPlugin:80 - create IPUIPlugin
2024-11-11 18:17:00,699 [INFO] PluginManager:220 - loadIPPluginJar : add tracer_emb
2024-11-11 18:17:00,701 [INFO] IPUIPlugin:80 - create IPUIPlugin
2024-11-11 18:17:00,701 [INFO] PluginManager:220 - loadIPPluginJar : add extmemmanager
2024-11-11 18:17:00,703 [INFO] IPUIPlugin:80 - create IPUIPlugin
2024-11-11 18:17:00,703 [INFO] PluginManager:220 - loadIPPluginJar : add spi
2024-11-11 18:17:00,704 [INFO] IPUIPlugin:80 - create IPUIPlugin
2024-11-11 18:17:00,704 [INFO] PluginManager:220 - loadIPPluginJar : add comp
2024-11-11 18:17:00,705 [INFO] IPUIPlugin:80 - create IPUIPlugin
2024-11-11 18:17:00,705 [INFO] PluginManager:220 - loadIPPluginJar : add sai
2024-11-11 18:17:00,707 [INFO] IPUIPlugin:80 - create IPUIPlugin
2024-11-11 18:17:00,707 [INFO] PluginManager:220 - loadIPPluginJar : add ucpd
2024-11-11 18:17:00,708 [INFO] IPUIPlugin:80 - create IPUIPlugin
2024-11-11 18:17:00,708 [INFO] PluginManager:220 - loadIPPluginJar : add ltdc
2024-11-11 18:17:00,710 [INFO] IPUIPlugin:80 - create IPUIPlugin
2024-11-11 18:17:00,711 [INFO] PluginManager:220 - loadIPPluginJar : add touchsensing
2024-11-11 18:17:00,716 [INFO] IPUIPlugin:80 - create IPUIPlugin
2024-11-11 18:17:00,718 [INFO] PluginManager:220 - loadIPPluginJar : add plateformsettings
2024-11-11 18:17:00,720 [INFO] IPUIPlugin:80 - create IPUIPlugin
2024-11-11 18:17:00,720 [INFO] PluginManager:220 - loadIPPluginJar : add resmgrutility
2024-11-11 18:17:00,722 [INFO] IPUIPlugin:80 - create IPUIPlugin
2024-11-11 18:17:00,722 [INFO] PluginManager:220 - loadIPPluginJar : add cryp
2024-11-11 18:17:00,725 [INFO] IPUIPlugin:80 - create IPUIPlugin
2024-11-11 18:17:00,725 [INFO] PluginManager:220 - loadIPPluginJar : add fmc
2024-11-11 18:17:00,725 [INFO] IPUIPlugin:80 - create IPUIPlugin
2024-11-11 18:17:00,725 [INFO] PluginManager:220 - loadIPPluginJar : add tsc
2024-11-11 18:17:00,726 [INFO] IPUIPlugin:80 - create IPUIPlugin
2024-11-11 18:17:00,727 [INFO] PluginManager:220 - loadIPPluginJar : add hash
2024-11-11 18:17:00,731 [INFO] IPUIPlugin:80 - create IPUIPlugin
2024-11-11 18:17:00,731 [INFO] PluginManager:220 - loadIPPluginJar : add freertos
2024-11-11 18:17:00,733 [INFO] IPUIPlugin:80 - create IPUIPlugin
2024-11-11 18:17:00,733 [INFO] PluginManager:220 - loadIPPluginJar : add usbx
2024-11-11 18:17:00,734 [INFO] IPUIPlugin:80 - create IPUIPlugin
2024-11-11 18:17:00,734 [INFO] PluginManager:220 - loadIPPluginJar : add i3c
2024-11-11 18:17:00,825 [INFO] CADModel:165 - CPN selected for project level
2024-11-11 18:17:00,825 [INFO] CADModel:114 - Register for checkConnection events
2024-11-11 18:17:00,826 [FATAL] Updater:308 - Updater called before beeing initialized
2024-11-11 18:17:00,826 [ERROR] CADModel:125 - Updater not yet initialized, retry later 
2024-11-11 18:17:00,917 [INFO] CADModel:165 - CPN selected for project level
2024-11-11 18:17:00,917 [INFO] CADModel:114 - Register for checkConnection events
2024-11-11 18:17:00,918 [FATAL] Updater:308 - Updater called before beeing initialized
2024-11-11 18:17:00,918 [ERROR] CADModel:125 - Updater not yet initialized, retry later 
2024-11-11 18:17:00,920 [FATAL] Updater:308 - Updater called before beeing initialized
2024-11-11 18:17:00,986 [FATAL] Updater:308 - Updater called before beeing initialized
2024-11-11 18:17:00,989 [INFO] DbMcusAds:53 - JSON generation date=Fri Sep 20 18:34:38 IST 2024 (1726837478367)
2024-11-11 18:17:00,989 [FATAL] Updater:308 - Updater called before beeing initialized
2024-11-11 18:17:01,012 [WARN] DetailPanel:346 - Failed to get advertising image, set to default
2024-11-11 18:17:01,060 [FATAL] Updater:308 - Updater called before beeing initialized
2024-11-11 18:17:01,061 [FATAL] Updater:308 - Updater called before beeing initialized
2024-11-11 18:17:01,061 [FATAL] Updater:308 - Updater called before beeing initialized
2024-11-11 18:17:01,062 [WARN] DetailPanel:346 - Failed to get advertising image, set to default
2024-11-11 18:17:01,062 [FATAL] Updater:308 - Updater called before beeing initialized
2024-11-11 18:17:01,079 [ERROR] Updater:1120 - MainUpdater not yet initialized. External WinMGr cannot be set.
2024-11-11 18:17:01,080 [INFO] Updater:1056 - Updater Version found : 6.11.1
2024-11-11 18:17:01,096 [INFO] ApplicationProperties:184 - Using Application install path: /opt/st/stm32cubeide_1.15.1/plugins/com.st.stm32cube.common.mx_6.11.1.202404110753
2024-11-11 18:17:01,428 [INFO] MainUpdater:2873 - connection check result : 10
2024-11-11 18:17:01,428 [INFO] MainUpdater:3567 - Updater definition file requires update
2024-11-11 18:17:01,429 [INFO] MainUpdater:290 - Updater Check For Update Now.
2024-11-11 18:17:01,429 [INFO] MicroXplorer:498 - Change Database Version : DB.6.0.111
2024-11-11 18:17:01,432 [INFO] McuFinderGlobals:63 - Set McuFinder mode to 2 (CubeIDE integrated)
2024-11-11 18:17:01,432 [INFO] UserAuth:179 - activating auth plugin
2024-11-11 18:17:01,435 [INFO] UserAuth:415 - Internet connection configuration mode: 1
2024-11-11 18:17:01,447 [INFO] JxBrowserEngine:152 - Initiate JxBrowser Engine with user profile folder
2024-11-11 18:17:01,589 [INFO] ServerAccessManage:473 - Download File updaters.zip
2024-11-11 18:17:01,739 [INFO] FileExtend:240 - Unzip File : updaters.zip
2024-11-11 18:17:01,739 [INFO] FileExtend:255 - Standard Zip Deflate
2024-11-11 18:17:01,955 [INFO] ServerAccessManage:473 - Download File PacksControlFlags.xml
2024-11-11 18:17:02,152 [INFO] ServerAccessManage:473 - Download File cubemx.pidx
2024-11-11 18:17:02,236 [INFO] WebApp:161 - Instantiating new browser for Auth
2024-11-11 18:17:02,843 [INFO] WebApp:779 - Register for checkConnection events
2024-11-11 18:17:02,843 [INFO] WebApp:414 - Apply proxy settings
2024-11-11 18:17:02,843 [INFO] WebApp:499 - Chromium requires no authentication
2024-11-11 18:17:02,847 [INFO] WebApp:442 - Direct internet connection detected
2024-11-11 18:17:02,930 [INFO] ServerAccessManage:473 - Download File STMicroelectronics.X-CUBE-IPS.pdsc
2024-11-11 18:17:02,939 [INFO] WebApp:192 - Starting web application
2024-11-11 18:17:02,939 [INFO] WebApp:544 - Web application path used /opt/st/stm32cubeide_1.15.1/plugins/com.st.stm32cube.common.mx_6.11.1.202404110753/db/plugins/mcufinder/reactClient1/index.html
2024-11-11 18:17:03,296 [WARN] MainUpdater:1194 - Updater busy. Cannot search thirdparties
2024-11-11 18:17:03,297 [INFO] ThirdPartyUpdaterWithRetryManager:96 - Updater plugin is busy. [1/15]
2024-11-11 18:17:04,496 [INFO] ServerAccessManage:473 - Download File STMicroelectronics.X-CUBE-NFC9.pdsc
2024-11-11 18:17:06,279 [INFO] ServerAccessManage:473 - Download File STMicroelectronics.X-CUBE-NFC10.pdsc
2024-11-11 18:17:06,298 [WARN] MainUpdater:1194 - Updater busy. Cannot search thirdparties
2024-11-11 18:17:06,298 [INFO] ThirdPartyUpdaterWithRetryManager:96 - Updater plugin is busy. [2/15]
2024-11-11 18:17:08,224 [INFO] ServerAccessManage:473 - Download File STMicroelectronics.X-CUBE-WB05N.pdsc
2024-11-11 18:17:09,299 [WARN] MainUpdater:1194 - Updater busy. Cannot search thirdparties
2024-11-11 18:17:09,299 [INFO] ThirdPartyUpdaterWithRetryManager:96 - Updater plugin is busy. [3/15]
2024-11-11 18:17:10,929 [INFO] ServerAccessManage:473 - Download File quantropi.X-CUBE-qispace-sdk-base.pdsc
2024-11-11 18:17:11,282 [WARN] PackLoader:240 - Cannot read IP mode file for STMicroelectronics.X-CUBE-IPS.3.0.0
2024-11-11 18:17:11,304 [WARN] PackLoader:240 - Cannot read IP mode file for STMicroelectronics.X-CUBE-NFC9.1.0.0
2024-11-11 18:17:11,313 [WARN] PackLoader:240 - Cannot read IP mode file for STMicroelectronics.X-CUBE-NFC10.1.0.0
2024-11-11 18:17:11,321 [WARN] PackLoader:240 - Cannot read IP mode file for STMicroelectronics.X-CUBE-WB05N.1.1.0
2024-11-11 18:17:11,326 [WARN] ConditionMgr:438 - getConditionDescription Invalid condition id : Cortex-A Device cause : null
2024-11-11 18:17:11,331 [WARN] ConditionMgr:1039 - genDependencies : Invalid condition id : Cortex-A Device cause : null
2024-11-11 18:17:11,331 [WARN] ConditionMgr:1039 - genDependencies : Invalid condition id : Cortex-A Device cause : null
2024-11-11 18:17:11,331 [WARN] ConditionMgr:1039 - genDependencies : Invalid condition id : Cortex-A Device cause : null
2024-11-11 18:17:11,331 [INFO] PopulateThirdPartyThread:66 - Ending populate Thread
2024-11-11 18:17:11,332 [INFO] ThirdParty:1030 - CMSIS Pack Vendor :STMicroelectronics X-CUBE-IPS 3.0.0
2024-11-11 18:17:11,332 [INFO] ThirdParty:1030 - CMSIS Pack Vendor :STMicroelectronics X-CUBE-NFC9 1.0.0
2024-11-11 18:17:11,332 [INFO] ThirdParty:1030 - CMSIS Pack Vendor :STMicroelectronics X-CUBE-NFC10 1.0.0
2024-11-11 18:17:11,332 [INFO] ThirdParty:1030 - CMSIS Pack Vendor :STMicroelectronics X-CUBE-WB05N 1.1.0
2024-11-11 18:17:11,332 [INFO] ThirdParty:1030 - CMSIS Pack Vendor :quantropi X-CUBE-qispace-sdk-base 1.9.3
2024-11-11 18:17:11,333 [INFO] LoadServerUpdatesThread:375 - End of LoadServerUpdate Thread
2024-11-11 18:17:11,404 [INFO] CheckServerUpdateThread:120 - End of CheckServer Thread
2024-11-11 18:17:12,380 [WARN] PackLoader:240 - Cannot read IP mode file for STMicroelectronics.FP-SNS-MOTENVWB1.1.4.0
2024-11-11 18:17:12,383 [WARN] PackLoader:240 - Cannot read IP mode file for STMicroelectronics.X-CUBE-SMBUS.2.1.0
2024-11-11 18:17:12,386 [WARN] PackLoader:240 - Cannot read IP mode file for STMicroelectronics.X-CUBE-WB05N.1.1.0
2024-11-11 18:17:12,399 [WARN] PackLoader:240 - Cannot read IP mode file for STMicroelectronics.X-CUBE-AZRTOS-F7.1.1.0
2024-11-11 18:17:12,438 [WARN] PackLoader:240 - Cannot read IP mode file for STMicroelectronics.X-CUBE-MEMS1.11.0.0
2024-11-11 18:17:12,540 [WARN] PackLoader:240 - Cannot read IP mode file for STMicroelectronics.FP-SNS-FLIGHT1.5.0.2
2024-11-11 18:17:12,544 [WARN] PackLoader:240 - Cannot read IP mode file for STMicroelectronics.X-CUBE-DISPLAY.3.0.0
2024-11-11 18:17:12,550 [WARN] PackLoader:240 - Cannot read IP mode file for STMicroelectronics.X-CUBE-BLE1.7.0.0
2024-11-11 18:17:12,554 [WARN] PackLoader:240 - Cannot read IP mode file for STMicroelectronics.X-CUBE-NFC10.1.0.0
2024-11-11 18:17:12,560 [WARN] PackLoader:240 - Cannot read IP mode file for emotas.I-CUBE-CANOPEN.1.3.0
2024-11-11 18:17:12,567 [WARN] PackLoader:240 - Cannot read IP mode file for STMicroelectronics.X-CUBE-BLEMGR.3.1.0
2024-11-11 18:17:12,573 [WARN] PackLoader:240 - Cannot read IP mode file for STMicroelectronics.FP-SNS-SMARTAG2.1.2.0
2024-11-11 18:17:12,580 [INFO] LogOutputStream:77 - [STDOUT_REDIRECT] 1 : Invalid condition id : UX_CORESTACK_Condition cause : null
2024-11-11 18:17:12,581 [INFO] LogOutputStream:77 - [STDOUT_REDIRECT] 1 : Invalid condition id : UX_CORESTACK_Condition cause : null
2024-11-11 18:17:12,581 [INFO] LogOutputStream:77 - [STDOUT_REDIRECT] 1 : Invalid condition id : UX_CORESTACK_Condition cause : null
2024-11-11 18:17:12,581 [INFO] LogOutputStream:77 - [STDOUT_REDIRECT] 1 : Invalid condition id : UX_CORESTACK_Condition cause : null
2024-11-11 18:17:12,581 [INFO] LogOutputStream:77 - [STDOUT_REDIRECT] 1 : Invalid condition id : UX_CORESTACK_Condition cause : null
2024-11-11 18:17:12,584 [WARN] PackLoader:240 - Cannot read IP mode file for STMicroelectronics.X-CUBE-AZRTOS-WL.2.0.0
2024-11-11 18:17:12,588 [WARN] PackLoader:240 - Cannot read IP mode file for STMicroelectronics.FP-SNS-MOTENV1.5.0.0
2024-11-11 18:17:12,591 [WARN] PackLoader:240 - Cannot read IP mode file for wolfSSL.I-CUBE-wolfMQTT.1.19.0
2024-11-11 18:17:12,595 [WARN] PackLoader:240 - Cannot read IP mode file for WES.I-CUBE-Cesium.1.3.0
2024-11-11 18:17:12,598 [WARN] PackLoader:240 - Cannot read IP mode file for STMicroelectronics.X-CUBE-BLE2.3.3.0
2024-11-11 18:17:12,603 [WARN] PackLoader:240 - Cannot read IP mode file for STMicroelectronics.X-CUBE-NFC9.1.0.0
2024-11-11 18:17:12,608 [WARN] PackLoader:240 - Cannot read IP mode file for STMicroelectronics.X-CUBE-TCPP.4.1.0
2024-11-11 18:17:12,620 [WARN] PackLoader:240 - Cannot read IP mode file for STMicroelectronics.X-CUBE-AZRTOS-G0.1.1.0
2024-11-11 18:17:12,626 [WARN] PackLoader:240 - Cannot read IP mode file for STMicroelectronics.X-CUBE-SAFEA1.1.2.2
2024-11-11 18:17:12,630 [WARN] PackLoader:240 - Cannot read IP mode file for STMicroelectronics.X-CUBE-NFC4.3.0.0
2024-11-11 18:17:12,638 [WARN] PackLoader:240 - Cannot read IP mode file for EmbeddedOffice.I-CUBE-FS-RTOS.1.0.1
2024-11-11 18:17:12,638 [ERROR] ConditionMgr:805 - Attr not supported : Dmpu
2024-11-11 18:17:12,638 [ERROR] ConditionMgr:805 - Attr not supported : Dmpu
2024-11-11 18:17:12,638 [ERROR] ConditionMgr:805 - Attr not supported : Dmpu
2024-11-11 18:17:12,639 [ERROR] ConditionMgr:805 - Attr not supported : Dmpu
2024-11-11 18:17:12,639 [ERROR] ConditionMgr:805 - Attr not supported : Dmpu
2024-11-11 18:17:12,639 [ERROR] ConditionMgr:805 - Attr not supported : Dmpu
2024-11-11 18:17:12,639 [ERROR] ConditionMgr:805 - Attr not supported : Dmpu
2024-11-11 18:17:12,639 [ERROR] ConditionMgr:805 - Attr not supported : Dmpu
2024-11-11 18:17:12,639 [ERROR] ConditionMgr:805 - Attr not supported : Dmpu
2024-11-11 18:17:12,639 [ERROR] ConditionMgr:805 - Attr not supported : Dmpu
2024-11-11 18:17:12,639 [ERROR] ConditionMgr:805 - Attr not supported : Dmpu
2024-11-11 18:17:12,639 [ERROR] ConditionMgr:805 - Attr not supported : Dmpu
2024-11-11 18:17:12,639 [ERROR] ConditionMgr:805 - Attr not supported : Dmpu
2024-11-11 18:17:12,639 [ERROR] ConditionMgr:805 - Attr not supported : Dmpu
2024-11-11 18:17:12,639 [ERROR] ConditionMgr:805 - Attr not supported : Dmpu
2024-11-11 18:17:12,639 [ERROR] ConditionMgr:805 - Attr not supported : Dmpu
2024-11-11 18:17:12,639 [ERROR] ConditionMgr:805 - Attr not supported : Dmpu
2024-11-11 18:17:12,639 [ERROR] ConditionMgr:805 - Attr not supported : Dmpu
2024-11-11 18:17:12,639 [ERROR] ConditionMgr:805 - Attr not supported : Dmpu
2024-11-11 18:17:12,639 [ERROR] ConditionMgr:805 - Attr not supported : Dmpu
2024-11-11 18:17:12,640 [ERROR] ConditionMgr:805 - Attr not supported : Dmpu
2024-11-11 18:17:12,640 [ERROR] ConditionMgr:805 - Attr not supported : Dmpu
2024-11-11 18:17:12,640 [ERROR] ConditionMgr:805 - Attr not supported : Dmpu
2024-11-11 18:17:12,640 [ERROR] ConditionMgr:805 - Attr not supported : Dmpu
2024-11-11 18:17:12,640 [ERROR] ConditionMgr:805 - Attr not supported : Dmpu
2024-11-11 18:17:12,640 [ERROR] ConditionMgr:805 - Attr not supported : Dmpu
2024-11-11 18:17:12,640 [ERROR] ConditionMgr:805 - Attr not supported : Dmpu
2024-11-11 18:17:12,640 [ERROR] ConditionMgr:805 - Attr not supported : Dmpu
2024-11-11 18:17:12,640 [ERROR] ConditionMgr:805 - Attr not supported : Dmpu
2024-11-11 18:17:12,640 [ERROR] ConditionMgr:805 - Attr not supported : Dmpu
2024-11-11 18:17:12,640 [ERROR] ConditionMgr:805 - Attr not supported : Dmpu
2024-11-11 18:17:12,640 [ERROR] ConditionMgr:805 - Attr not supported : Dmpu
2024-11-11 18:17:12,640 [ERROR] ConditionMgr:805 - Attr not supported : Dmpu
2024-11-11 18:17:12,640 [ERROR] ConditionMgr:805 - Attr not supported : Dmpu
2024-11-11 18:17:12,640 [ERROR] ConditionMgr:805 - Attr not supported : Dmpu
2024-11-11 18:17:12,640 [ERROR] ConditionMgr:805 - Attr not supported : Dmpu
2024-11-11 18:17:12,640 [ERROR] ConditionMgr:805 - Attr not supported : Dmpu
2024-11-11 18:17:12,640 [ERROR] ConditionMgr:805 - Attr not supported : Dmpu
2024-11-11 18:17:12,640 [ERROR] ConditionMgr:805 - Attr not supported : Dmpu
2024-11-11 18:17:12,640 [ERROR] ConditionMgr:805 - Attr not supported : Dmpu
2024-11-11 18:17:12,640 [ERROR] ConditionMgr:805 - Attr not supported : Dmpu
2024-11-11 18:17:12,640 [ERROR] ConditionMgr:805 - Attr not supported : Dmpu
2024-11-11 18:17:12,640 [ERROR] ConditionMgr:805 - Attr not supported : Dmpu
2024-11-11 18:17:12,640 [ERROR] ConditionMgr:805 - Attr not supported : Dmpu
2024-11-11 18:17:12,640 [ERROR] ConditionMgr:805 - Attr not supported : Dmpu
2024-11-11 18:17:12,640 [ERROR] ConditionMgr:805 - Attr not supported : Dmpu
2024-11-11 18:17:12,640 [ERROR] ConditionMgr:805 - Attr not supported : Dmpu
2024-11-11 18:17:12,640 [ERROR] ConditionMgr:805 - Attr not supported : Dmpu
2024-11-11 18:17:12,641 [ERROR] ConditionMgr:805 - Attr not supported : Dmpu
2024-11-11 18:17:12,641 [ERROR] ConditionMgr:805 - Attr not supported : Dmpu
2024-11-11 18:17:12,641 [ERROR] ConditionMgr:805 - Attr not supported : Dmpu
2024-11-11 18:17:12,641 [ERROR] ConditionMgr:805 - Attr not supported : Dmpu
2024-11-11 18:17:12,641 [ERROR] ConditionMgr:805 - Attr not supported : Dmpu
2024-11-11 18:17:12,641 [ERROR] ConditionMgr:805 - Attr not supported : Dmpu
2024-11-11 18:17:12,641 [ERROR] ConditionMgr:805 - Attr not supported : Dmpu
2024-11-11 18:17:12,641 [ERROR] ConditionMgr:805 - Attr not supported : Dmpu
2024-11-11 18:17:12,641 [ERROR] ConditionMgr:805 - Attr not supported : Dmpu
2024-11-11 18:17:12,641 [ERROR] ConditionMgr:805 - Attr not supported : Dmpu
2024-11-11 18:17:12,641 [ERROR] ConditionMgr:805 - Attr not supported : Dmpu
2024-11-11 18:17:12,641 [ERROR] ConditionMgr:805 - Attr not supported : Dmpu
2024-11-11 18:17:12,641 [ERROR] ConditionMgr:805 - Attr not supported : Dmpu
2024-11-11 18:17:12,641 [ERROR] ConditionMgr:805 - Attr not supported : Dmpu
2024-11-11 18:17:12,641 [ERROR] ConditionMgr:805 - Attr not supported : Dmpu
2024-11-11 18:17:12,641 [ERROR] ConditionMgr:805 - Attr not supported : Dmpu
2024-11-11 18:17:12,643 [WARN] PackLoader:240 - Cannot read IP mode file for RealThread.X-CUBE-RT-Thread_Nano.4.1.1
2024-11-11 18:17:12,645 [WARN] PackLoader:240 - Cannot read IP mode file for wolfSSL.I-CUBE-wolfSSL.5.7.0
2024-11-11 18:17:12,647 [WARN] PackLoader:240 - Cannot read IP mode file for STMicroelectronics.FP-ATR-SIGFOX1.3.2.0
2024-11-11 18:17:12,648 [WARN] ConditionMgr:438 - getConditionDescription Invalid condition id : Cortex-A Device cause : null
2024-11-11 18:17:12,651 [WARN] ConditionMgr:1039 - genDependencies : Invalid condition id : Cortex-A Device cause : null
2024-11-11 18:17:12,651 [WARN] ConditionMgr:1039 - genDependencies : Invalid condition id : Cortex-A Device cause : null
2024-11-11 18:17:12,651 [WARN] ConditionMgr:1039 - genDependencies : Invalid condition id : Cortex-A Device cause : null
2024-11-11 18:17:12,655 [WARN] PackLoader:240 - Cannot read IP mode file for STMicroelectronics.X-CUBE-EEPRMA1.5.1.0
2024-11-11 18:17:12,660 [WARN] PackLoader:240 - Cannot read IP mode file for ITTIA_DB.I-CUBE-ITTIADB.8.9.0
2024-11-11 18:17:12,686 [WARN] PackLoader:240 - Cannot read IP mode file for SEGGER.I-CUBE-embOS.1.3.1
2024-11-11 18:17:12,718 [WARN] PackLoader:240 - Cannot read IP mode file for STMicroelectronics.X-CUBE-ALGOBUILD.1.4.0
2024-11-11 18:17:12,723 [WARN] PackLoader:240 - Cannot read IP mode file for STMicroelectronics.X-CUBE-GNSS1.6.0.0
2024-11-11 18:17:12,735 [WARN] PackLoader:240 - Cannot read IP mode file for STMicroelectronics.X-CUBE-AZRTOS-F4.1.1.0
2024-11-11 18:17:12,741 [WARN] PackLoader:240 - Cannot read IP mode file for STMicroelectronics.X-CUBE-ISPU.2.1.0
2024-11-11 18:17:12,744 [WARN] PackLoader:240 - Cannot read IP mode file for STMicroelectronics.X-CUBE-FREERTOS.1.2.0
2024-11-11 18:17:12,757 [WARN] PackLoader:240 - Cannot read IP mode file for STMicroelectronics.X-CUBE-AZRTOS-L5.2.0.0
2024-11-11 18:17:12,765 [WARN] PackLoader:240 - Cannot read IP mode file for STMicroelectronics.X-CUBE-NFC6.3.1.0
2024-11-11 18:17:12,770 [WARN] PackLoader:240 - Cannot read IP mode file for STMicroelectronics.X-CUBE-DPower.1.2.0
2024-11-11 18:17:12,773 [WARN] PackLoader:240 - Cannot read IP mode file for STMicroelectronics.X-CUBE-AI.9.0.0
2024-11-11 18:17:12,776 [WARN] PackLoader:240 - Cannot read IP mode file for STMicroelectronics.X-CUBE-NFC7.1.0.1
2024-11-11 18:17:12,779 [WARN] PackLoader:240 - Cannot read IP mode file for wolfSSL.I-CUBE-wolfTPM.3.2.0
2024-11-11 18:17:12,792 [WARN] ConditionMgr:438 - getConditionDescription Invalid condition id : LAN8742 Phy interface Condition cause : null
2024-11-11 18:17:12,792 [WARN] PackLoader:240 - Cannot read IP mode file for STMicroelectronics.X-CUBE-AZRTOS-L4.2.0.0
2024-11-11 18:17:12,793 [WARN] ConditionMgr:1039 - genDependencies : Invalid condition id : LAN8742 Phy interface Condition cause : null
2024-11-11 18:17:12,794 [WARN] ConditionMgr:1039 - genDependencies : Invalid condition id : LAN8742 Phy interface Condition cause : null
2024-11-11 18:17:12,794 [WARN] ConditionMgr:1039 - genDependencies : Invalid condition id : LAN8742 Phy interface Condition cause : null
2024-11-11 18:17:12,799 [WARN] PackLoader:240 - Cannot read IP mode file for STMicroelectronics.X-CUBE-SFXS2LP1.4.0.0
2024-11-11 18:17:12,815 [WARN] PackLoader:240 - Cannot read IP mode file for STMicroelectronics.X-CUBE-AZRTOS-H7.3.3.0
2024-11-11 18:17:12,823 [WARN] PackLoader:240 - Cannot read IP mode file for STMicroelectronics.X-CUBE-IPS.3.0.0
2024-11-11 18:17:12,835 [WARN] ConditionMgr:438 - getConditionDescription Invalid condition id : UX DEVICE CLASS RTOS Condition cause : null
2024-11-11 18:17:12,835 [WARN] ConditionMgr:438 - getConditionDescription Invalid condition id : UX DEVICE CLASS RTOS Condition cause : null
2024-11-11 18:17:12,837 [WARN] PackLoader:240 - Cannot read IP mode file for STMicroelectronics.X-CUBE-AZRTOS-WB.2.0.0
2024-11-11 18:17:12,837 [WARN] ConditionMgr:1039 - genDependencies : Invalid condition id : UX DEVICE CLASS RTOS Condition cause : null
2024-11-11 18:17:12,838 [WARN] ConditionMgr:1039 - genDependencies : Invalid condition id : UX DEVICE CLASS RTOS Condition cause : null
2024-11-11 18:17:12,838 [WARN] ConditionMgr:1039 - genDependencies : Invalid condition id : UX DEVICE CLASS RTOS Condition cause : null
2024-11-11 18:17:12,838 [WARN] ConditionMgr:1039 - genDependencies : Invalid condition id : UX DEVICE CLASS RTOS Condition cause : null
2024-11-11 18:17:12,838 [WARN] ConditionMgr:1039 - genDependencies : Invalid condition id : UX DEVICE CLASS RTOS Condition cause : null
2024-11-11 18:17:12,843 [WARN] PackLoader:240 - Cannot read IP mode file for STMicroelectronics.X-CUBE-GNSS1.7.0.0
2024-11-11 18:17:12,847 [WARN] PackLoader:240 - Cannot read IP mode file for STMicroelectronics.FP-SNS-STBOX1.2.0.0
2024-11-11 18:17:12,853 [WARN] PackLoader:240 - Cannot read IP mode file for STMicroelectronics.X-CUBE-SUBG2.5.0.0
2024-11-11 18:17:12,857 [WARN] PackLoader:240 - Cannot read IP mode file for Cesanta.I-CUBE-Mongoose.7.13.0
2024-11-11 18:17:12,863 [WARN] PackLoader:240 - Cannot read IP mode file for STMicroelectronics.X-CUBE-AZRTOS-G4.2.0.0
2024-11-11 18:17:12,866 [WARN] PackLoader:240 - Cannot read IP mode file for STMicroelectronics.X-CUBE-ISPU.2.0.0
2024-11-11 18:17:12,868 [WARN] PackLoader:240 - Cannot read IP mode file for STMicroelectronics.X-CUBE-ALS.1.0.2
2024-11-11 18:17:12,884 [WARN] PackLoader:240 - Cannot read IP mode file for STMicroelectronics.X-CUBE-MEMS1.10.0.0
2024-11-11 18:17:12,938 [WARN] PackLoader:240 - Cannot read IP mode file for STMicroelectronics.X-CUBE-TOUCHGFX.4.24.0
2024-11-11 18:17:12,940 [WARN] PackLoader:240 - Cannot read IP mode file for STMicroelectronics.X-CUBE-TOUCHGFX.4.24.1
2024-11-11 18:17:12,942 [WARN] PackLoader:240 - Cannot read IP mode file for portGmbH.I-Cube-SoM-uGOAL.1.1.0
2024-11-11 18:17:12,950 [WARN] PackLoader:240 - Cannot read IP mode file for STMicroelectronics.X-CUBE-AZRTOS-H7RS.1.0.0
2024-11-11 18:17:12,953 [WARN] PackLoader:240 - Cannot read IP mode file for STMicroelectronics.FP-ATR-ASTRA1.2.0.0
2024-11-11 18:17:12,960 [WARN] PackLoader:240 - Cannot read IP mode file for STMicroelectronics.X-CUBE-TOF1.3.4.2
2024-11-11 18:17:12,976 [WARN] PackLoader:240 - Cannot read IP mode file for STMicroelectronics.X-CUBE-TOF1.3.4.1
2024-11-11 18:17:12,998 [WARN] PackLoader:240 - Cannot read IP mode file for STMicroelectronics.X-CUBE-AZRTOS-H7.3.2.0
2024-11-11 18:17:13,009 [WARN] PackLoader:240 - Cannot read IP mode file for Infineon.AIROC-Wi-Fi-Bluetooth-STM32.1.6.0
2024-11-11 18:17:13,014 [WARN] PackLoader:240 - Cannot read IP mode file for wolfSSL.I-CUBE-wolfSSH.1.4.17
2024-11-11 18:17:13,015 [INFO] ThirdParty:978 - Integrity check success = true
2024-11-11 18:17:13,015 [INFO] IntegrityCheckThread:100 - exiting critical section [integrity check]
2024-11-11 18:17:13,015 [INFO] IntegrityCheckThread:103 - End integrity checks thread
2024-11-11 18:20:39,862 [ERROR] LogOutputStream:75 - [STDERR_REDIRECT] 
