2024-09-07 22:09:10,731 [INFO] Activator:176 - 


2024-09-07 22:09:10,735 [INFO] Activator:177 - !SESSION log4j initialized
2024-09-07 22:09:14,930 [INFO] LogOutputStream:77 - [STDOUT_REDIRECT] 
2024-09-07 22:09:19,897 [INFO] ApplicationProperties:184 - Using Application install path: /opt/st/stm32cubeide_1.15.1/plugins/com.st.stm32cube.common.mx_6.11.1.202404110753
2024-09-07 22:09:19,911 [INFO] DbMcusXml:78 - Set database path to: /opt/st/stm32cubeide_1.15.1/plugins/com.st.stm32cube.common.mx_6.11.1.202404110753//db//mcu/
2024-09-07 22:09:19,911 [INFO] ApiDb:274 - Set plugin database path to: /opt/st/stm32cubeide_1.15.1/plugins/com.st.stm32cube.common.mx_6.11.1.202404110753//db//plugins/boardmanager/
2024-09-07 22:09:19,912 [WARN] ApiDb:259 - Overriding images path with different value:  => /opt/st/stm32cubeide_1.15.1/plugins/com.st.stm32cube.common.mx_6.11.1.202404110753//db//plugins/mcufinder/images/
2024-09-07 22:09:19,920 [INFO] ApiDb:250 - Set database path to: /home/poojaa/.stmcufinder/plugins/mcufinder//mcu/
2024-09-07 22:09:19,921 [INFO] DbMcusAds:125 - Set database path to: /home/poojaa/.stmcufinder/plugins/mcufinder//mcu/
2024-09-07 22:09:19,923 [INFO] CrossReferenceDbSqlite:203 - Set database path to: /home/poojaa/.stmcufinder/plugins/mcufinder//mcu/cs/
2024-09-07 22:09:19,997 [INFO] RulesReader:64 - Compatibility file has been processed (297 Rules)
2024-09-07 22:09:20,035 [INFO] DbMcusXml:78 - Set database path to: /opt/st/stm32cubeide_1.15.1/plugins/com.st.stm32cube.common.mx_6.11.1.202404110753//db//mcu/
2024-09-07 22:09:20,035 [INFO] ApiDb:274 - Set plugin database path to: /opt/st/stm32cubeide_1.15.1/plugins/com.st.stm32cube.common.mx_6.11.1.202404110753//db//plugins/boardmanager/
2024-09-07 22:09:20,035 [INFO] ApiDb:261 - Set plugin images path to: /opt/st/stm32cubeide_1.15.1/plugins/com.st.stm32cube.common.mx_6.11.1.202404110753//db//plugins/mcufinder/images/
2024-09-07 22:09:20,035 [WARN] DbFile:41 - Overriding database path with different value: /home/poojaa/.stmcufinder/plugins/mcufinder/ => /home/poojaa/.stmcufinder/plugins/mcufinder
2024-09-07 22:09:20,035 [INFO] ApiDb:250 - Set database path to: /home/poojaa/.stmcufinder/plugins/mcufinder//mcu/
2024-09-07 22:09:20,035 [WARN] DbFile:41 - Overriding database path with different value: /home/poojaa/.stmcufinder/plugins/mcufinder/ => /home/poojaa/.stmcufinder/plugins/mcufinder
2024-09-07 22:09:20,035 [INFO] DbMcusAds:125 - Set database path to: /home/poojaa/.stmcufinder/plugins/mcufinder//mcu/
2024-09-07 22:09:20,036 [WARN] DbFile:41 - Overriding database path with different value: /home/poojaa/.stmcufinder/plugins/mcufinder/ => /home/poojaa/.stmcufinder/plugins/mcufinder
2024-09-07 22:09:20,036 [WARN] DbFile:41 - Overriding database path with different value: /home/poojaa/.stmcufinder/plugins/mcufinder/ => /home/poojaa/.stmcufinder/plugins/mcufinder
2024-09-07 22:09:20,036 [INFO] CrossReferenceDbSqlite:203 - Set database path to: /home/poojaa/.stmcufinder/plugins/mcufinder//mcu/cs/
2024-09-07 22:09:20,079 [INFO] MainPanel:264 - HeapMemory: 268435456
2024-09-07 22:09:20,136 [INFO] DbMcusXml:78 - Set database path to: /opt/st/stm32cubeide_1.15.1/plugins/com.st.stm32cube.common.mx_6.11.1.202404110753//db//mcu/
2024-09-07 22:09:20,136 [INFO] ApiDb:274 - Set plugin database path to: /opt/st/stm32cubeide_1.15.1/plugins/com.st.stm32cube.common.mx_6.11.1.202404110753//db//plugins/boardmanager/
2024-09-07 22:09:20,136 [INFO] ApiDb:261 - Set plugin images path to: /opt/st/stm32cubeide_1.15.1/plugins/com.st.stm32cube.common.mx_6.11.1.202404110753//db//plugins/mcufinder/images/
2024-09-07 22:09:20,136 [WARN] DbFile:41 - Overriding database path with different value: /home/poojaa/.stmcufinder/plugins/mcufinder/ => /home/poojaa/.stmcufinder/plugins/mcufinder
2024-09-07 22:09:20,136 [INFO] ApiDb:250 - Set database path to: /home/poojaa/.stmcufinder/plugins/mcufinder//mcu/
2024-09-07 22:09:20,136 [WARN] DbFile:41 - Overriding database path with different value: /home/poojaa/.stmcufinder/plugins/mcufinder/ => /home/poojaa/.stmcufinder/plugins/mcufinder
2024-09-07 22:09:20,136 [INFO] DbMcusAds:125 - Set database path to: /home/poojaa/.stmcufinder/plugins/mcufinder//mcu/
2024-09-07 22:09:20,137 [WARN] DbFile:41 - Overriding database path with different value: /home/poojaa/.stmcufinder/plugins/mcufinder/ => /home/poojaa/.stmcufinder/plugins/mcufinder
2024-09-07 22:09:20,137 [WARN] DbFile:41 - Overriding database path with different value: /home/poojaa/.stmcufinder/plugins/mcufinder/ => /home/poojaa/.stmcufinder/plugins/mcufinder
2024-09-07 22:09:20,137 [INFO] CrossReferenceDbSqlite:203 - Set database path to: /home/poojaa/.stmcufinder/plugins/mcufinder//mcu/cs/
2024-09-07 22:09:20,149 [INFO] ApplicationProperties:184 - Using Application install path: /opt/st/stm32cubeide_1.15.1/plugins/com.st.stm32cube.common.mx_6.11.1.202404110753
2024-09-07 22:09:20,150 [INFO] PluginManage:196 - Search for loadable plugins [exclusion list=, ]
2024-09-07 22:09:20,151 [INFO] PluginManage:310 - Check plugin analytics
2024-09-07 22:09:20,251 [INFO] AnalyticsPlugin:253 - Accepted Software Licenses: 
2024-09-07 22:09:20,251 [INFO] AnalyticsPlugin:255 - Accepted CMSIS Pack Licenses: 
2024-09-07 22:09:20,252 [INFO] AnalyticsPlugin:257 - Accepted Firmware Licenses: 
2024-09-07 22:09:20,253 [INFO] PluginManage:359 - Loaded plugin analytics (category:tool,tabindex:-1)
2024-09-07 22:09:20,253 [INFO] PluginManage:310 - Check plugin cadmodel
2024-09-07 22:09:20,411 [INFO] CADModel:105 - Init CAD model plugin
2024-09-07 22:09:20,411 [INFO] PluginManage:359 - Loaded plugin cadmodel (category:power,tabindex:5)
2024-09-07 22:09:20,411 [INFO] PluginManage:310 - Check plugin clock
2024-09-07 22:09:20,427 [INFO] PluginManage:359 - Loaded plugin clock (category:base,tabindex:2)
2024-09-07 22:09:20,427 [INFO] PluginManage:310 - Check plugin ddr
2024-09-07 22:09:20,429 [INFO] PluginManage:359 - Loaded plugin ddr (category:tool,tabindex:6)
2024-09-07 22:09:20,430 [INFO] PluginManage:310 - Check plugin filemanager
2024-09-07 22:09:20,519 [INFO] PluginManage:359 - Loaded plugin filemanager (category:base,tabindex:10)
2024-09-07 22:09:20,519 [INFO] PluginManage:310 - Check plugin ipmanager
2024-09-07 22:09:20,523 [INFO] PluginManage:359 - Loaded plugin ipmanager (category:base,tabindex:5)
2024-09-07 22:09:20,523 [INFO] PluginManage:310 - Check plugin lpbam
2024-09-07 22:09:20,528 [INFO] PluginManage:359 - Loaded plugin lpbam (category:base,tabindex:0)
2024-09-07 22:09:20,528 [INFO] PluginManage:310 - Check plugin memorymap
2024-09-07 22:09:20,535 [INFO] PluginManage:359 - Loaded plugin memorymap (category:base,tabindex:4)
2024-09-07 22:09:20,535 [INFO] PluginManage:310 - Check plugin pinoutandconfiguration
2024-09-07 22:09:20,540 [INFO] PluginManage:359 - Loaded plugin pinoutandconfiguration (category:base,tabindex:1)
2024-09-07 22:09:20,540 [INFO] PluginManage:310 - Check plugin pinoutconfig
2024-09-07 22:09:20,588 [WARN] SupportedApi:132 - Cannot load RTOS API schema: s4s-elt-must-match.1: The content of 'definitions' must match (annotation?, (simpleType | complexType)?, (unique | key | keyref)*)). A problem was found starting at: attribute.
2024-09-07 22:09:20,662 [INFO] PluginManage:359 - Loaded plugin pinoutconfig (category:base,tabindex:0)
2024-09-07 22:09:20,662 [INFO] PluginManage:310 - Check plugin power
2024-09-07 22:09:20,667 [INFO] PluginManage:359 - Loaded plugin power (category:power,tabindex:4)
2024-09-07 22:09:20,668 [INFO] PluginManage:310 - Check plugin projectmanager
2024-09-07 22:09:20,676 [INFO] PluginManage:359 - Loaded plugin projectmanager (category:projectmanager,tabindex:3)
2024-09-07 22:09:20,676 [INFO] PluginManage:310 - Check plugin thirdparty
2024-09-07 22:09:20,744 [INFO] PluginManage:359 - Loaded plugin thirdparty (category:base,tabindex:-1)
2024-09-07 22:09:20,744 [INFO] PluginManage:310 - Check plugin tools
2024-09-07 22:09:20,744 [WARN] IntegrityCheckThread:84 - waiting for thirdparty lock release [integrity check]
2024-09-07 22:09:20,744 [INFO] IntegrityCheckThread:86 - entering critical section [integrity check]
2024-09-07 22:09:20,745 [INFO] ThirdPartyUpdaterWithRetryManager:70 - Updater plugin not ready yet. [1/15]
2024-09-07 22:09:20,746 [INFO] PluginManage:359 - Loaded plugin tools (category:base,tabindex:7)
2024-09-07 22:09:20,746 [INFO] PluginManage:310 - Check plugin tutovideos
2024-09-07 22:09:20,845 [INFO] PluginManage:359 - Loaded plugin tutovideos (category:base,tabindex:-1)
2024-09-07 22:09:20,845 [INFO] PluginManage:310 - Check plugin updater
2024-09-07 22:09:20,853 [INFO] PluginManage:359 - Loaded plugin updater (category:base,tabindex:12)
2024-09-07 22:09:20,853 [INFO] PluginManage:310 - Check plugin userauth
2024-09-07 22:09:20,858 [INFO] UserAuth:114 - Init User Auth plugin
2024-09-07 22:09:20,858 [INFO] PluginManage:359 - Loaded plugin userauth (category:base,tabindex:14)
2024-09-07 22:09:20,859 [INFO] PluginManage:283 - PluginManage : Loaded plugins [17]
2024-09-07 22:09:20,997 [INFO] PinOutPanel:1561 - setPackage(No Configuration,No Configuration)
2024-09-07 22:09:21,043 [INFO] CADModel:165 - CPN selected for project level
2024-09-07 22:09:21,043 [INFO] CADModel:114 - Register for checkConnection events
2024-09-07 22:09:21,056 [INFO] IPUIPlugin:80 - create IPUIPlugin
2024-09-07 22:09:21,056 [INFO] PluginManager:220 - loadIPPluginJar : add adc
2024-09-07 22:09:21,057 [INFO] IPUIPlugin:80 - create IPUIPlugin
2024-09-07 22:09:21,057 [INFO] PluginManager:220 - loadIPPluginJar : add dma3
2024-09-07 22:09:21,059 [INFO] IPUIPlugin:80 - create IPUIPlugin
2024-09-07 22:09:21,059 [INFO] PluginManager:220 - loadIPPluginJar : add opamp
2024-09-07 22:09:21,061 [INFO] IPUIPlugin:80 - create IPUIPlugin
2024-09-07 22:09:21,061 [INFO] PluginManager:220 - loadIPPluginJar : add pdm2pcm
2024-09-07 22:09:21,062 [INFO] IPUIPlugin:80 - create IPUIPlugin
2024-09-07 22:09:21,062 [INFO] PluginManager:220 - loadIPPluginJar : add i2c
2024-09-07 22:09:21,063 [INFO] IPUIPlugin:80 - create IPUIPlugin
2024-09-07 22:09:21,063 [INFO] PluginManager:220 - loadIPPluginJar : add i2s
2024-09-07 22:09:21,064 [INFO] IPUIPlugin:80 - create IPUIPlugin
2024-09-07 22:09:21,064 [INFO] PluginManager:220 - loadIPPluginJar : add gfxmmu
2024-09-07 22:09:21,065 [INFO] IPUIPlugin:80 - create IPUIPlugin
2024-09-07 22:09:21,065 [INFO] PluginManager:220 - loadIPPluginJar : add quadspi
2024-09-07 22:09:21,069 [INFO] IPUIPlugin:80 - create IPUIPlugin
2024-09-07 22:09:21,069 [INFO] PluginManager:220 - loadIPPluginJar : add mdma
2024-09-07 22:09:21,071 [INFO] IPUIPlugin:80 - create IPUIPlugin
2024-09-07 22:09:21,072 [INFO] PluginManager:220 - loadIPPluginJar : add nvic
2024-09-07 22:09:21,075 [INFO] IPUIPlugin:80 - create IPUIPlugin
2024-09-07 22:09:21,075 [INFO] PluginManager:220 - loadIPPluginJar : add dma
2024-09-07 22:09:21,076 [INFO] IPUIPlugin:80 - create IPUIPlugin
2024-09-07 22:09:21,076 [INFO] PluginManager:220 - loadIPPluginJar : add aes
2024-09-07 22:09:21,079 [INFO] IPUIPlugin:80 - create IPUIPlugin
2024-09-07 22:09:21,079 [INFO] PluginManager:220 - loadIPPluginJar : add stm32_wpan
2024-09-07 22:09:21,080 [INFO] IPUIPlugin:80 - create IPUIPlugin
2024-09-07 22:09:21,080 [INFO] PluginManager:220 - loadIPPluginJar : add usart
2024-09-07 22:09:21,081 [INFO] IPUIPlugin:80 - create IPUIPlugin
2024-09-07 22:09:21,081 [INFO] PluginManager:220 - loadIPPluginJar : add genericplugin
2024-09-07 22:09:21,082 [INFO] IPUIPlugin:80 - create IPUIPlugin
2024-09-07 22:09:21,082 [INFO] PluginManager:220 - loadIPPluginJar : add openamp
2024-09-07 22:09:21,084 [INFO] IPUIPlugin:80 - create IPUIPlugin
2024-09-07 22:09:21,084 [INFO] PluginManager:220 - loadIPPluginJar : add ipddr
2024-09-07 22:09:21,085 [INFO] IPUIPlugin:80 - create IPUIPlugin
2024-09-07 22:09:21,085 [INFO] PluginManager:220 - loadIPPluginJar : add lorawan
2024-09-07 22:09:21,087 [INFO] IPUIPlugin:80 - create IPUIPlugin
2024-09-07 22:09:21,087 [INFO] PluginManager:220 - loadIPPluginJar : add gtzc
2024-09-07 22:09:21,088 [INFO] IPUIPlugin:80 - create IPUIPlugin
2024-09-07 22:09:21,088 [INFO] PluginManager:220 - loadIPPluginJar : add can
2024-09-07 22:09:21,088 [INFO] IPUIPlugin:80 - create IPUIPlugin
2024-09-07 22:09:21,089 [INFO] PluginManager:220 - loadIPPluginJar : add fatfs
2024-09-07 22:09:21,091 [INFO] IPUIPlugin:80 - create IPUIPlugin
2024-09-07 22:09:21,091 [INFO] PluginManager:220 - loadIPPluginJar : add gpio
2024-09-07 22:09:21,092 [INFO] IPUIPlugin:80 - create IPUIPlugin
2024-09-07 22:09:21,092 [INFO] PluginManager:220 - loadIPPluginJar : add ts
2024-09-07 22:09:21,093 [INFO] IPUIPlugin:80 - create IPUIPlugin
2024-09-07 22:09:21,093 [INFO] PluginManager:220 - loadIPPluginJar : add dfsdm
2024-09-07 22:09:21,097 [INFO] IPUIPlugin:80 - create IPUIPlugin
2024-09-07 22:09:21,097 [INFO] PluginManager:220 - loadIPPluginJar : add gic
2024-09-07 22:09:21,103 [INFO] IPUIPlugin:80 - create IPUIPlugin
2024-09-07 22:09:21,103 [INFO] PluginManager:220 - loadIPPluginJar : add linkedlist
2024-09-07 22:09:21,104 [INFO] IPUIPlugin:80 - create IPUIPlugin
2024-09-07 22:09:21,104 [INFO] PluginManager:220 - loadIPPluginJar : add tim
2024-09-07 22:09:21,106 [INFO] IPUIPlugin:80 - create IPUIPlugin
2024-09-07 22:09:21,106 [INFO] PluginManager:220 - loadIPPluginJar : add tracer_emb
2024-09-07 22:09:21,108 [INFO] IPUIPlugin:80 - create IPUIPlugin
2024-09-07 22:09:21,108 [INFO] PluginManager:220 - loadIPPluginJar : add extmemmanager
2024-09-07 22:09:21,109 [INFO] IPUIPlugin:80 - create IPUIPlugin
2024-09-07 22:09:21,109 [INFO] PluginManager:220 - loadIPPluginJar : add spi
2024-09-07 22:09:21,110 [INFO] IPUIPlugin:80 - create IPUIPlugin
2024-09-07 22:09:21,110 [INFO] PluginManager:220 - loadIPPluginJar : add comp
2024-09-07 22:09:21,112 [INFO] IPUIPlugin:80 - create IPUIPlugin
2024-09-07 22:09:21,113 [INFO] PluginManager:220 - loadIPPluginJar : add sai
2024-09-07 22:09:21,114 [INFO] IPUIPlugin:80 - create IPUIPlugin
2024-09-07 22:09:21,114 [INFO] PluginManager:220 - loadIPPluginJar : add ucpd
2024-09-07 22:09:21,115 [INFO] IPUIPlugin:80 - create IPUIPlugin
2024-09-07 22:09:21,115 [INFO] PluginManager:220 - loadIPPluginJar : add ltdc
2024-09-07 22:09:21,117 [INFO] IPUIPlugin:80 - create IPUIPlugin
2024-09-07 22:09:21,117 [INFO] PluginManager:220 - loadIPPluginJar : add touchsensing
2024-09-07 22:09:21,123 [INFO] IPUIPlugin:80 - create IPUIPlugin
2024-09-07 22:09:21,124 [INFO] PluginManager:220 - loadIPPluginJar : add plateformsettings
2024-09-07 22:09:21,127 [INFO] IPUIPlugin:80 - create IPUIPlugin
2024-09-07 22:09:21,127 [INFO] PluginManager:220 - loadIPPluginJar : add resmgrutility
2024-09-07 22:09:21,128 [INFO] IPUIPlugin:80 - create IPUIPlugin
2024-09-07 22:09:21,129 [INFO] PluginManager:220 - loadIPPluginJar : add cryp
2024-09-07 22:09:21,132 [INFO] IPUIPlugin:80 - create IPUIPlugin
2024-09-07 22:09:21,132 [INFO] PluginManager:220 - loadIPPluginJar : add fmc
2024-09-07 22:09:21,133 [INFO] IPUIPlugin:80 - create IPUIPlugin
2024-09-07 22:09:21,133 [INFO] PluginManager:220 - loadIPPluginJar : add tsc
2024-09-07 22:09:21,134 [INFO] IPUIPlugin:80 - create IPUIPlugin
2024-09-07 22:09:21,134 [INFO] PluginManager:220 - loadIPPluginJar : add hash
2024-09-07 22:09:21,139 [INFO] IPUIPlugin:80 - create IPUIPlugin
2024-09-07 22:09:21,139 [INFO] PluginManager:220 - loadIPPluginJar : add freertos
2024-09-07 22:09:21,140 [INFO] IPUIPlugin:80 - create IPUIPlugin
2024-09-07 22:09:21,140 [INFO] PluginManager:220 - loadIPPluginJar : add usbx
2024-09-07 22:09:21,142 [INFO] IPUIPlugin:80 - create IPUIPlugin
2024-09-07 22:09:21,142 [INFO] PluginManager:220 - loadIPPluginJar : add i3c
2024-09-07 22:09:21,232 [INFO] CADModel:165 - CPN selected for project level
2024-09-07 22:09:21,233 [INFO] CADModel:114 - Register for checkConnection events
2024-09-07 22:09:21,233 [FATAL] Updater:308 - Updater called before beeing initialized
2024-09-07 22:09:21,233 [ERROR] CADModel:125 - Updater not yet initialized, retry later 
2024-09-07 22:09:21,332 [INFO] CADModel:165 - CPN selected for project level
2024-09-07 22:09:21,332 [INFO] CADModel:114 - Register for checkConnection events
2024-09-07 22:09:21,332 [FATAL] Updater:308 - Updater called before beeing initialized
2024-09-07 22:09:21,332 [ERROR] CADModel:125 - Updater not yet initialized, retry later 
2024-09-07 22:09:21,334 [FATAL] Updater:308 - Updater called before beeing initialized
2024-09-07 22:09:21,381 [FATAL] Updater:308 - Updater called before beeing initialized
2024-09-07 22:09:21,383 [INFO] DbMcusAds:53 - JSON generation date=Thu May 16 14:52:00 IST 2024 (1715851320667)
2024-09-07 22:09:21,384 [FATAL] Updater:308 - Updater called before beeing initialized
2024-09-07 22:09:21,406 [WARN] DetailPanel:346 - Failed to get advertising image, set to default
2024-09-07 22:09:21,457 [FATAL] Updater:308 - Updater called before beeing initialized
2024-09-07 22:09:21,459 [FATAL] Updater:308 - Updater called before beeing initialized
2024-09-07 22:09:21,459 [FATAL] Updater:308 - Updater called before beeing initialized
2024-09-07 22:09:21,459 [WARN] DetailPanel:346 - Failed to get advertising image, set to default
2024-09-07 22:09:21,459 [FATAL] Updater:308 - Updater called before beeing initialized
2024-09-07 22:09:21,476 [ERROR] Updater:1120 - MainUpdater not yet initialized. External WinMGr cannot be set.
2024-09-07 22:09:21,478 [INFO] Updater:1056 - Updater Version found : 6.11.1
2024-09-07 22:09:21,492 [INFO] ApplicationProperties:184 - Using Application install path: /opt/st/stm32cubeide_1.15.1/plugins/com.st.stm32cube.common.mx_6.11.1.202404110753
2024-09-07 22:09:22,545 [INFO] MainUpdater:2873 - connection check result : 10
2024-09-07 22:09:22,545 [INFO] MainUpdater:3567 - Updater definition file requires update
2024-09-07 22:09:22,545 [INFO] MainUpdater:290 - Updater Check For Update Now.
2024-09-07 22:09:22,546 [INFO] MicroXplorer:498 - Change Database Version : DB.6.0.111
2024-09-07 22:09:22,553 [INFO] McuFinderGlobals:63 - Set McuFinder mode to 2 (CubeIDE integrated)
2024-09-07 22:09:22,553 [INFO] UserAuth:179 - activating auth plugin
2024-09-07 22:09:22,558 [INFO] UserAuth:415 - Internet connection configuration mode: 1
2024-09-07 22:09:22,573 [INFO] JxBrowserEngine:152 - Initiate JxBrowser Engine with user profile folder
2024-09-07 22:09:23,590 [INFO] WebApp:161 - Instantiating new browser for Auth
2024-09-07 22:09:23,745 [WARN] MainUpdater:1194 - Updater busy. Cannot search thirdparties
2024-09-07 22:09:23,746 [INFO] ThirdPartyUpdaterWithRetryManager:96 - Updater plugin is busy. [1/15]
2024-09-07 22:09:24,003 [INFO] ServerAccessManage:473 - Download File updaters.zip
2024-09-07 22:09:24,053 [INFO] WebApp:779 - Register for checkConnection events
2024-09-07 22:09:24,053 [INFO] WebApp:414 - Apply proxy settings
2024-09-07 22:09:24,053 [INFO] WebApp:499 - Chromium requires no authentication
2024-09-07 22:09:24,056 [INFO] WebApp:442 - Direct internet connection detected
2024-09-07 22:09:24,129 [INFO] FileExtend:240 - Unzip File : updaters.zip
2024-09-07 22:09:24,129 [INFO] FileExtend:255 - Standard Zip Deflate
2024-09-07 22:09:24,233 [INFO] WebApp:192 - Starting web application
2024-09-07 22:09:24,233 [INFO] WebApp:544 - Web application path used /opt/st/stm32cubeide_1.15.1/plugins/com.st.stm32cube.common.mx_6.11.1.202404110753/db/plugins/mcufinder/reactClient1/index.html
2024-09-07 22:09:24,991 [INFO] ServerAccessManage:473 - Download File PacksControlFlags.xml
2024-09-07 22:09:25,912 [INFO] ServerAccessManage:473 - Download File cubemx.pidx
2024-09-07 22:09:26,747 [WARN] MainUpdater:1194 - Updater busy. Cannot search thirdparties
2024-09-07 22:09:26,747 [INFO] ThirdPartyUpdaterWithRetryManager:96 - Updater plugin is busy. [2/15]
2024-09-07 22:09:27,347 [INFO] ServerAccessManage:473 - Download File STMicroelectronics.X-CUBE-MEMS1.pdsc
2024-09-07 22:09:29,748 [WARN] MainUpdater:1194 - Updater busy. Cannot search thirdparties
2024-09-07 22:09:29,749 [INFO] ThirdPartyUpdaterWithRetryManager:96 - Updater plugin is busy. [3/15]
2024-09-07 22:09:32,749 [WARN] MainUpdater:1194 - Updater busy. Cannot search thirdparties
2024-09-07 22:09:32,750 [INFO] ThirdPartyUpdaterWithRetryManager:96 - Updater plugin is busy. [4/15]
2024-09-07 22:09:35,751 [WARN] MainUpdater:1194 - Updater busy. Cannot search thirdparties
2024-09-07 22:09:35,752 [INFO] ThirdPartyUpdaterWithRetryManager:96 - Updater plugin is busy. [5/15]
2024-09-07 22:09:38,753 [WARN] MainUpdater:1194 - Updater busy. Cannot search thirdparties
2024-09-07 22:09:38,754 [INFO] ThirdPartyUpdaterWithRetryManager:96 - Updater plugin is busy. [6/15]
2024-09-07 22:09:41,755 [WARN] MainUpdater:1194 - Updater busy. Cannot search thirdparties
2024-09-07 22:09:41,755 [INFO] ThirdPartyUpdaterWithRetryManager:96 - Updater plugin is busy. [7/15]
2024-09-07 22:09:44,756 [WARN] MainUpdater:1194 - Updater busy. Cannot search thirdparties
2024-09-07 22:09:44,756 [INFO] ThirdPartyUpdaterWithRetryManager:96 - Updater plugin is busy. [8/15]
2024-09-07 22:09:45,571 [INFO] ServerAccessManage:473 - Download File STMicroelectronics.X-CUBE-AZRTOS-H7.pdsc
2024-09-07 22:09:47,756 [WARN] MainUpdater:1194 - Updater busy. Cannot search thirdparties
2024-09-07 22:09:47,757 [INFO] ThirdPartyUpdaterWithRetryManager:96 - Updater plugin is busy. [9/15]
2024-09-07 22:09:50,757 [WARN] MainUpdater:1194 - Updater busy. Cannot search thirdparties
2024-09-07 22:09:50,758 [INFO] ThirdPartyUpdaterWithRetryManager:96 - Updater plugin is busy. [10/15]
2024-09-07 22:09:51,492 [WARN] PackLoader:240 - Cannot read IP mode file for STMicroelectronics.X-CUBE-MEMS1.11.0.0
2024-09-07 22:09:51,539 [INFO] CheckServerUpdateThread:120 - End of CheckServer Thread
2024-09-07 22:09:51,645 [WARN] PackLoader:240 - Cannot read IP mode file for STMicroelectronics.X-CUBE-AZRTOS-H7.3.3.0
2024-09-07 22:09:51,650 [INFO] PopulateThirdPartyThread:66 - Ending populate Thread
2024-09-07 22:09:51,652 [INFO] ThirdParty:1030 - CMSIS Pack Vendor :STMicroelectronics X-CUBE-AZRTOS-H7 3.3.0
2024-09-07 22:09:51,652 [INFO] ThirdParty:1030 - CMSIS Pack Vendor :STMicroelectronics X-CUBE-MEMS1 11.0.0
2024-09-07 22:09:51,652 [INFO] LoadServerUpdatesThread:375 - End of LoadServerUpdate Thread
2024-09-07 22:09:53,826 [WARN] PackLoader:240 - Cannot read IP mode file for STMicroelectronics.FP-SNS-MOTENVWB1.1.4.0
2024-09-07 22:09:53,829 [WARN] PackLoader:240 - Cannot read IP mode file for STMicroelectronics.X-CUBE-SMBUS.2.1.0
2024-09-07 22:09:53,836 [WARN] PackLoader:240 - Cannot read IP mode file for STMicroelectronics.X-CUBE-AZRTOS-F7.1.1.0
2024-09-07 22:09:53,855 [WARN] PackLoader:240 - Cannot read IP mode file for STMicroelectronics.X-CUBE-MEMS1.11.0.0
2024-09-07 22:09:53,977 [WARN] PackLoader:240 - Cannot read IP mode file for STMicroelectronics.FP-SNS-FLIGHT1.5.0.2
2024-09-07 22:09:53,984 [WARN] PackLoader:240 - Cannot read IP mode file for STMicroelectronics.X-CUBE-DISPLAY.3.0.0
2024-09-07 22:09:53,993 [WARN] PackLoader:240 - Cannot read IP mode file for STMicroelectronics.X-CUBE-BLE1.7.0.0
2024-09-07 22:09:53,998 [WARN] PackLoader:240 - Cannot read IP mode file for emotas.I-CUBE-CANOPEN.1.3.0
2024-09-07 22:09:54,006 [WARN] PackLoader:240 - Cannot read IP mode file for STMicroelectronics.X-CUBE-BLEMGR.3.1.0
2024-09-07 22:09:54,012 [WARN] PackLoader:240 - Cannot read IP mode file for STMicroelectronics.FP-SNS-SMARTAG2.1.2.0
2024-09-07 22:09:54,020 [INFO] LogOutputStream:77 - [STDOUT_REDIRECT] 1 : Invalid condition id : UX_CORESTACK_Condition cause : null
2024-09-07 22:09:54,021 [INFO] LogOutputStream:77 - [STDOUT_REDIRECT] 1 : Invalid condition id : UX_CORESTACK_Condition cause : null
2024-09-07 22:09:54,021 [INFO] LogOutputStream:77 - [STDOUT_REDIRECT] 1 : Invalid condition id : UX_CORESTACK_Condition cause : null
2024-09-07 22:09:54,022 [INFO] LogOutputStream:77 - [STDOUT_REDIRECT] 1 : Invalid condition id : UX_CORESTACK_Condition cause : null
2024-09-07 22:09:54,022 [INFO] LogOutputStream:77 - [STDOUT_REDIRECT] 1 : Invalid condition id : UX_CORESTACK_Condition cause : null
2024-09-07 22:09:54,025 [WARN] PackLoader:240 - Cannot read IP mode file for STMicroelectronics.X-CUBE-AZRTOS-WL.2.0.0
2024-09-07 22:09:54,030 [WARN] PackLoader:240 - Cannot read IP mode file for STMicroelectronics.FP-SNS-MOTENV1.5.0.0
2024-09-07 22:09:54,034 [WARN] PackLoader:240 - Cannot read IP mode file for wolfSSL.I-CUBE-wolfMQTT.1.19.0
2024-09-07 22:09:54,039 [WARN] PackLoader:240 - Cannot read IP mode file for WES.I-CUBE-Cesium.1.3.0
2024-09-07 22:09:54,043 [WARN] PackLoader:240 - Cannot read IP mode file for STMicroelectronics.X-CUBE-BLE2.3.3.0
2024-09-07 22:09:54,049 [WARN] PackLoader:240 - Cannot read IP mode file for STMicroelectronics.X-CUBE-TCPP.4.1.0
2024-09-07 22:09:54,063 [WARN] PackLoader:240 - Cannot read IP mode file for STMicroelectronics.X-CUBE-AZRTOS-G0.1.1.0
2024-09-07 22:09:54,071 [WARN] PackLoader:240 - Cannot read IP mode file for STMicroelectronics.X-CUBE-SAFEA1.1.2.2
2024-09-07 22:09:54,076 [WARN] PackLoader:240 - Cannot read IP mode file for STMicroelectronics.X-CUBE-NFC4.3.0.0
2024-09-07 22:09:54,085 [WARN] PackLoader:240 - Cannot read IP mode file for EmbeddedOffice.I-CUBE-FS-RTOS.1.0.1
2024-09-07 22:09:54,085 [ERROR] ConditionMgr:805 - Attr not supported : Dmpu
2024-09-07 22:09:54,085 [ERROR] ConditionMgr:805 - Attr not supported : Dmpu
2024-09-07 22:09:54,085 [ERROR] ConditionMgr:805 - Attr not supported : Dmpu
2024-09-07 22:09:54,085 [ERROR] ConditionMgr:805 - Attr not supported : Dmpu
2024-09-07 22:09:54,085 [ERROR] ConditionMgr:805 - Attr not supported : Dmpu
2024-09-07 22:09:54,085 [ERROR] ConditionMgr:805 - Attr not supported : Dmpu
2024-09-07 22:09:54,085 [ERROR] ConditionMgr:805 - Attr not supported : Dmpu
2024-09-07 22:09:54,086 [ERROR] ConditionMgr:805 - Attr not supported : Dmpu
2024-09-07 22:09:54,086 [ERROR] ConditionMgr:805 - Attr not supported : Dmpu
2024-09-07 22:09:54,086 [ERROR] ConditionMgr:805 - Attr not supported : Dmpu
2024-09-07 22:09:54,086 [ERROR] ConditionMgr:805 - Attr not supported : Dmpu
2024-09-07 22:09:54,086 [ERROR] ConditionMgr:805 - Attr not supported : Dmpu
2024-09-07 22:09:54,086 [ERROR] ConditionMgr:805 - Attr not supported : Dmpu
2024-09-07 22:09:54,086 [ERROR] ConditionMgr:805 - Attr not supported : Dmpu
2024-09-07 22:09:54,086 [ERROR] ConditionMgr:805 - Attr not supported : Dmpu
2024-09-07 22:09:54,086 [ERROR] ConditionMgr:805 - Attr not supported : Dmpu
2024-09-07 22:09:54,086 [ERROR] ConditionMgr:805 - Attr not supported : Dmpu
2024-09-07 22:09:54,086 [ERROR] ConditionMgr:805 - Attr not supported : Dmpu
2024-09-07 22:09:54,086 [ERROR] ConditionMgr:805 - Attr not supported : Dmpu
2024-09-07 22:09:54,086 [ERROR] ConditionMgr:805 - Attr not supported : Dmpu
2024-09-07 22:09:54,086 [ERROR] ConditionMgr:805 - Attr not supported : Dmpu
2024-09-07 22:09:54,086 [ERROR] ConditionMgr:805 - Attr not supported : Dmpu
2024-09-07 22:09:54,086 [ERROR] ConditionMgr:805 - Attr not supported : Dmpu
2024-09-07 22:09:54,087 [ERROR] ConditionMgr:805 - Attr not supported : Dmpu
2024-09-07 22:09:54,087 [ERROR] ConditionMgr:805 - Attr not supported : Dmpu
2024-09-07 22:09:54,087 [ERROR] ConditionMgr:805 - Attr not supported : Dmpu
2024-09-07 22:09:54,087 [ERROR] ConditionMgr:805 - Attr not supported : Dmpu
2024-09-07 22:09:54,087 [ERROR] ConditionMgr:805 - Attr not supported : Dmpu
2024-09-07 22:09:54,087 [ERROR] ConditionMgr:805 - Attr not supported : Dmpu
2024-09-07 22:09:54,087 [ERROR] ConditionMgr:805 - Attr not supported : Dmpu
2024-09-07 22:09:54,087 [ERROR] ConditionMgr:805 - Attr not supported : Dmpu
2024-09-07 22:09:54,087 [ERROR] ConditionMgr:805 - Attr not supported : Dmpu
2024-09-07 22:09:54,087 [ERROR] ConditionMgr:805 - Attr not supported : Dmpu
2024-09-07 22:09:54,087 [ERROR] ConditionMgr:805 - Attr not supported : Dmpu
2024-09-07 22:09:54,087 [ERROR] ConditionMgr:805 - Attr not supported : Dmpu
2024-09-07 22:09:54,087 [ERROR] ConditionMgr:805 - Attr not supported : Dmpu
2024-09-07 22:09:54,087 [ERROR] ConditionMgr:805 - Attr not supported : Dmpu
2024-09-07 22:09:54,087 [ERROR] ConditionMgr:805 - Attr not supported : Dmpu
2024-09-07 22:09:54,088 [ERROR] ConditionMgr:805 - Attr not supported : Dmpu
2024-09-07 22:09:54,088 [ERROR] ConditionMgr:805 - Attr not supported : Dmpu
2024-09-07 22:09:54,088 [ERROR] ConditionMgr:805 - Attr not supported : Dmpu
2024-09-07 22:09:54,088 [ERROR] ConditionMgr:805 - Attr not supported : Dmpu
2024-09-07 22:09:54,088 [ERROR] ConditionMgr:805 - Attr not supported : Dmpu
2024-09-07 22:09:54,088 [ERROR] ConditionMgr:805 - Attr not supported : Dmpu
2024-09-07 22:09:54,088 [ERROR] ConditionMgr:805 - Attr not supported : Dmpu
2024-09-07 22:09:54,088 [ERROR] ConditionMgr:805 - Attr not supported : Dmpu
2024-09-07 22:09:54,088 [ERROR] ConditionMgr:805 - Attr not supported : Dmpu
2024-09-07 22:09:54,088 [ERROR] ConditionMgr:805 - Attr not supported : Dmpu
2024-09-07 22:09:54,088 [ERROR] ConditionMgr:805 - Attr not supported : Dmpu
2024-09-07 22:09:54,088 [ERROR] ConditionMgr:805 - Attr not supported : Dmpu
2024-09-07 22:09:54,088 [ERROR] ConditionMgr:805 - Attr not supported : Dmpu
2024-09-07 22:09:54,088 [ERROR] ConditionMgr:805 - Attr not supported : Dmpu
2024-09-07 22:09:54,089 [ERROR] ConditionMgr:805 - Attr not supported : Dmpu
2024-09-07 22:09:54,089 [ERROR] ConditionMgr:805 - Attr not supported : Dmpu
2024-09-07 22:09:54,089 [ERROR] ConditionMgr:805 - Attr not supported : Dmpu
2024-09-07 22:09:54,089 [ERROR] ConditionMgr:805 - Attr not supported : Dmpu
2024-09-07 22:09:54,089 [ERROR] ConditionMgr:805 - Attr not supported : Dmpu
2024-09-07 22:09:54,089 [ERROR] ConditionMgr:805 - Attr not supported : Dmpu
2024-09-07 22:09:54,089 [ERROR] ConditionMgr:805 - Attr not supported : Dmpu
2024-09-07 22:09:54,089 [ERROR] ConditionMgr:805 - Attr not supported : Dmpu
2024-09-07 22:09:54,089 [ERROR] ConditionMgr:805 - Attr not supported : Dmpu
2024-09-07 22:09:54,089 [ERROR] ConditionMgr:805 - Attr not supported : Dmpu
2024-09-07 22:09:54,089 [ERROR] ConditionMgr:805 - Attr not supported : Dmpu
2024-09-07 22:09:54,089 [ERROR] ConditionMgr:805 - Attr not supported : Dmpu
2024-09-07 22:09:54,093 [WARN] PackLoader:240 - Cannot read IP mode file for RealThread.X-CUBE-RT-Thread_Nano.4.1.1
2024-09-07 22:09:54,096 [WARN] PackLoader:240 - Cannot read IP mode file for wolfSSL.I-CUBE-wolfSSL.5.7.0
2024-09-07 22:09:54,100 [WARN] PackLoader:240 - Cannot read IP mode file for STMicroelectronics.FP-ATR-SIGFOX1.3.2.0
2024-09-07 22:09:54,105 [WARN] PackLoader:240 - Cannot read IP mode file for STMicroelectronics.X-CUBE-EEPRMA1.5.1.0
2024-09-07 22:09:54,110 [WARN] PackLoader:240 - Cannot read IP mode file for ITTIA_DB.I-CUBE-ITTIADB.8.9.0
2024-09-07 22:09:54,135 [WARN] PackLoader:240 - Cannot read IP mode file for SEGGER.I-CUBE-embOS.1.3.1
2024-09-07 22:09:54,165 [WARN] PackLoader:240 - Cannot read IP mode file for STMicroelectronics.X-CUBE-ALGOBUILD.1.4.0
2024-09-07 22:09:54,170 [WARN] PackLoader:240 - Cannot read IP mode file for STMicroelectronics.X-CUBE-GNSS1.6.0.0
2024-09-07 22:09:54,184 [WARN] PackLoader:240 - Cannot read IP mode file for STMicroelectronics.X-CUBE-AZRTOS-F4.1.1.0
2024-09-07 22:09:54,191 [WARN] PackLoader:240 - Cannot read IP mode file for STMicroelectronics.X-CUBE-FREERTOS.1.2.0
2024-09-07 22:09:54,206 [WARN] PackLoader:240 - Cannot read IP mode file for STMicroelectronics.X-CUBE-AZRTOS-L5.2.0.0
2024-09-07 22:09:54,216 [WARN] PackLoader:240 - Cannot read IP mode file for STMicroelectronics.X-CUBE-NFC6.3.1.0
2024-09-07 22:09:54,222 [WARN] PackLoader:240 - Cannot read IP mode file for STMicroelectronics.X-CUBE-DPower.1.2.0
2024-09-07 22:09:54,226 [WARN] PackLoader:240 - Cannot read IP mode file for STMicroelectronics.X-CUBE-AI.9.0.0
2024-09-07 22:09:54,230 [WARN] PackLoader:240 - Cannot read IP mode file for STMicroelectronics.X-CUBE-NFC7.1.0.1
2024-09-07 22:09:54,234 [WARN] PackLoader:240 - Cannot read IP mode file for wolfSSL.I-CUBE-wolfTPM.3.2.0
2024-09-07 22:09:54,249 [WARN] ConditionMgr:438 - getConditionDescription Invalid condition id : LAN8742 Phy interface Condition cause : null
2024-09-07 22:09:54,249 [WARN] PackLoader:240 - Cannot read IP mode file for STMicroelectronics.X-CUBE-AZRTOS-L4.2.0.0
2024-09-07 22:09:54,250 [WARN] ConditionMgr:1039 - genDependencies : Invalid condition id : LAN8742 Phy interface Condition cause : null
2024-09-07 22:09:54,251 [WARN] ConditionMgr:1039 - genDependencies : Invalid condition id : LAN8742 Phy interface Condition cause : null
2024-09-07 22:09:54,251 [WARN] ConditionMgr:1039 - genDependencies : Invalid condition id : LAN8742 Phy interface Condition cause : null
2024-09-07 22:09:54,256 [WARN] PackLoader:240 - Cannot read IP mode file for STMicroelectronics.X-CUBE-SFXS2LP1.4.0.0
2024-09-07 22:09:54,271 [WARN] PackLoader:240 - Cannot read IP mode file for STMicroelectronics.X-CUBE-AZRTOS-H7.3.3.0
2024-09-07 22:09:54,283 [WARN] ConditionMgr:438 - getConditionDescription Invalid condition id : UX DEVICE CLASS RTOS Condition cause : null
2024-09-07 22:09:54,283 [WARN] ConditionMgr:438 - getConditionDescription Invalid condition id : UX DEVICE CLASS RTOS Condition cause : null
2024-09-07 22:09:54,285 [WARN] PackLoader:240 - Cannot read IP mode file for STMicroelectronics.X-CUBE-AZRTOS-WB.2.0.0
2024-09-07 22:09:54,286 [WARN] ConditionMgr:1039 - genDependencies : Invalid condition id : UX DEVICE CLASS RTOS Condition cause : null
2024-09-07 22:09:54,286 [WARN] ConditionMgr:1039 - genDependencies : Invalid condition id : UX DEVICE CLASS RTOS Condition cause : null
2024-09-07 22:09:54,286 [WARN] ConditionMgr:1039 - genDependencies : Invalid condition id : UX DEVICE CLASS RTOS Condition cause : null
2024-09-07 22:09:54,286 [WARN] ConditionMgr:1039 - genDependencies : Invalid condition id : UX DEVICE CLASS RTOS Condition cause : null
2024-09-07 22:09:54,286 [WARN] ConditionMgr:1039 - genDependencies : Invalid condition id : UX DEVICE CLASS RTOS Condition cause : null
2024-09-07 22:09:54,291 [WARN] PackLoader:240 - Cannot read IP mode file for STMicroelectronics.FP-SNS-STBOX1.2.0.0
2024-09-07 22:09:54,301 [WARN] PackLoader:240 - Cannot read IP mode file for STMicroelectronics.X-CUBE-SUBG2.5.0.0
2024-09-07 22:09:54,308 [WARN] PackLoader:240 - Cannot read IP mode file for Cesanta.I-CUBE-Mongoose.7.13.0
2024-09-07 22:09:54,320 [WARN] PackLoader:240 - Cannot read IP mode file for STMicroelectronics.X-CUBE-AZRTOS-G4.2.0.0
2024-09-07 22:09:54,325 [WARN] PackLoader:240 - Cannot read IP mode file for STMicroelectronics.X-CUBE-ISPU.2.0.0
2024-09-07 22:09:54,329 [WARN] PackLoader:240 - Cannot read IP mode file for STMicroelectronics.X-CUBE-ALS.1.0.2
2024-09-07 22:09:54,363 [WARN] PackLoader:240 - Cannot read IP mode file for STMicroelectronics.X-CUBE-MEMS1.10.0.0
2024-09-07 22:09:54,431 [WARN] PackLoader:240 - Cannot read IP mode file for STMicroelectronics.X-CUBE-TOUCHGFX.4.24.0
2024-09-07 22:09:54,434 [WARN] PackLoader:240 - Cannot read IP mode file for portGmbH.I-Cube-SoM-uGOAL.1.1.0
2024-09-07 22:09:54,442 [WARN] PackLoader:240 - Cannot read IP mode file for STMicroelectronics.X-CUBE-AZRTOS-H7RS.1.0.0
2024-09-07 22:09:54,445 [WARN] PackLoader:240 - Cannot read IP mode file for STMicroelectronics.FP-ATR-ASTRA1.2.0.0
2024-09-07 22:09:54,449 [WARN] PackLoader:240 - Cannot read IP mode file for STMicroelectronics.X-CUBE-TOF1.3.4.2
2024-09-07 22:09:54,462 [WARN] PackLoader:240 - Cannot read IP mode file for STMicroelectronics.X-CUBE-TOF1.3.4.1
2024-09-07 22:09:54,488 [WARN] PackLoader:240 - Cannot read IP mode file for STMicroelectronics.X-CUBE-AZRTOS-H7.3.2.0
2024-09-07 22:09:54,500 [WARN] PackLoader:240 - Cannot read IP mode file for Infineon.AIROC-Wi-Fi-Bluetooth-STM32.1.6.0
2024-09-07 22:09:54,504 [WARN] PackLoader:240 - Cannot read IP mode file for wolfSSL.I-CUBE-wolfSSH.1.4.17
2024-09-07 22:09:54,505 [INFO] ThirdParty:978 - Integrity check success = true
2024-09-07 22:09:54,505 [INFO] IntegrityCheckThread:100 - exiting critical section [integrity check]
2024-09-07 22:09:54,505 [INFO] IntegrityCheckThread:103 - End integrity checks thread
