2024-12-03 09:55:29,419 [ERROR] LogOutputStream:75 - [STDERR_REDIRECT] SWT SessionManagerDBus: Failed to UnregisterClient: GDBus.Error:org.freedesktop.DBus.Error.NoReply: Message recipient disconnected from message bus without replying
2024-12-03 09:59:43,384 [INFO] Activator:176 - 


2024-12-03 09:59:43,390 [INFO] Activator:177 - !SESSION log4j initialized
2024-12-03 09:59:51,224 [INFO] LogOutputStream:77 - [STDOUT_REDIRECT] 
2024-12-03 09:59:52,942 [INFO] ApplicationProperties:184 - Using Application install path: /opt/st/stm32cubeide_1.15.1/plugins/com.st.stm32cube.common.mx_6.11.1.202404110753
2024-12-03 09:59:52,985 [INFO] DbMcusXml:78 - Set database path to: /opt/st/stm32cubeide_1.15.1/plugins/com.st.stm32cube.common.mx_6.11.1.202404110753//db//mcu/
2024-12-03 09:59:52,985 [INFO] ApiDb:274 - Set plugin database path to: /opt/st/stm32cubeide_1.15.1/plugins/com.st.stm32cube.common.mx_6.11.1.202404110753//db//plugins/boardmanager/
2024-12-03 09:59:52,986 [WARN] ApiDb:259 - Overriding images path with different value:  => /opt/st/stm32cubeide_1.15.1/plugins/com.st.stm32cube.common.mx_6.11.1.202404110753//db//plugins/mcufinder/images/
2024-12-03 09:59:53,000 [INFO] ApiDb:250 - Set database path to: /home/poojaa/.stmcufinder/plugins/mcufinder//mcu/
2024-12-03 09:59:53,003 [INFO] DbMcusAds:125 - Set database path to: /home/poojaa/.stmcufinder/plugins/mcufinder//mcu/
2024-12-03 09:59:53,009 [INFO] CrossReferenceDbSqlite:203 - Set database path to: /home/poojaa/.stmcufinder/plugins/mcufinder//mcu/cs/
2024-12-03 09:59:53,521 [INFO] RulesReader:64 - Compatibility file has been processed (297 Rules)
2024-12-03 09:59:53,695 [INFO] DbMcusXml:78 - Set database path to: /opt/st/stm32cubeide_1.15.1/plugins/com.st.stm32cube.common.mx_6.11.1.202404110753//db//mcu/
2024-12-03 09:59:53,695 [INFO] ApiDb:274 - Set plugin database path to: /opt/st/stm32cubeide_1.15.1/plugins/com.st.stm32cube.common.mx_6.11.1.202404110753//db//plugins/boardmanager/
2024-12-03 09:59:53,696 [INFO] ApiDb:261 - Set plugin images path to: /opt/st/stm32cubeide_1.15.1/plugins/com.st.stm32cube.common.mx_6.11.1.202404110753//db//plugins/mcufinder/images/
2024-12-03 09:59:53,697 [WARN] DbFile:41 - Overriding database path with different value: /home/poojaa/.stmcufinder/plugins/mcufinder/ => /home/poojaa/.stmcufinder/plugins/mcufinder
2024-12-03 09:59:53,697 [INFO] ApiDb:250 - Set database path to: /home/poojaa/.stmcufinder/plugins/mcufinder//mcu/
2024-12-03 09:59:53,697 [WARN] DbFile:41 - Overriding database path with different value: /home/poojaa/.stmcufinder/plugins/mcufinder/ => /home/poojaa/.stmcufinder/plugins/mcufinder
2024-12-03 09:59:53,698 [INFO] DbMcusAds:125 - Set database path to: /home/poojaa/.stmcufinder/plugins/mcufinder//mcu/
2024-12-03 09:59:53,698 [WARN] DbFile:41 - Overriding database path with different value: /home/poojaa/.stmcufinder/plugins/mcufinder/ => /home/poojaa/.stmcufinder/plugins/mcufinder
2024-12-03 09:59:53,698 [WARN] DbFile:41 - Overriding database path with different value: /home/poojaa/.stmcufinder/plugins/mcufinder/ => /home/poojaa/.stmcufinder/plugins/mcufinder
2024-12-03 09:59:53,698 [INFO] CrossReferenceDbSqlite:203 - Set database path to: /home/poojaa/.stmcufinder/plugins/mcufinder//mcu/cs/
2024-12-03 09:59:53,857 [INFO] MainPanel:264 - HeapMemory: 268435456
2024-12-03 09:59:54,094 [INFO] DbMcusXml:78 - Set database path to: /opt/st/stm32cubeide_1.15.1/plugins/com.st.stm32cube.common.mx_6.11.1.202404110753//db//mcu/
2024-12-03 09:59:54,095 [INFO] ApiDb:274 - Set plugin database path to: /opt/st/stm32cubeide_1.15.1/plugins/com.st.stm32cube.common.mx_6.11.1.202404110753//db//plugins/boardmanager/
2024-12-03 09:59:54,096 [INFO] ApiDb:261 - Set plugin images path to: /opt/st/stm32cubeide_1.15.1/plugins/com.st.stm32cube.common.mx_6.11.1.202404110753//db//plugins/mcufinder/images/
2024-12-03 09:59:54,097 [WARN] DbFile:41 - Overriding database path with different value: /home/poojaa/.stmcufinder/plugins/mcufinder/ => /home/poojaa/.stmcufinder/plugins/mcufinder
2024-12-03 09:59:54,098 [INFO] ApiDb:250 - Set database path to: /home/poojaa/.stmcufinder/plugins/mcufinder//mcu/
2024-12-03 09:59:54,098 [WARN] DbFile:41 - Overriding database path with different value: /home/poojaa/.stmcufinder/plugins/mcufinder/ => /home/poojaa/.stmcufinder/plugins/mcufinder
2024-12-03 09:59:54,099 [INFO] DbMcusAds:125 - Set database path to: /home/poojaa/.stmcufinder/plugins/mcufinder//mcu/
2024-12-03 09:59:54,099 [WARN] DbFile:41 - Overriding database path with different value: /home/poojaa/.stmcufinder/plugins/mcufinder/ => /home/poojaa/.stmcufinder/plugins/mcufinder
2024-12-03 09:59:54,099 [WARN] DbFile:41 - Overriding database path with different value: /home/poojaa/.stmcufinder/plugins/mcufinder/ => /home/poojaa/.stmcufinder/plugins/mcufinder
2024-12-03 09:59:54,100 [INFO] CrossReferenceDbSqlite:203 - Set database path to: /home/poojaa/.stmcufinder/plugins/mcufinder//mcu/cs/
2024-12-03 09:59:54,155 [INFO] ApplicationProperties:184 - Using Application install path: /opt/st/stm32cubeide_1.15.1/plugins/com.st.stm32cube.common.mx_6.11.1.202404110753
2024-12-03 09:59:54,160 [INFO] PluginManage:196 - Search for loadable plugins [exclusion list=, ]
2024-12-03 09:59:54,165 [INFO] PluginManage:310 - Check plugin analytics
2024-12-03 09:59:54,441 [INFO] AnalyticsPlugin:253 - Accepted Software Licenses: 
2024-12-03 09:59:54,442 [INFO] AnalyticsPlugin:255 - Accepted CMSIS Pack Licenses: 
2024-12-03 09:59:54,442 [INFO] AnalyticsPlugin:257 - Accepted Firmware Licenses: 
2024-12-03 09:59:54,447 [INFO] PluginManage:359 - Loaded plugin analytics (category:tool,tabindex:-1)
2024-12-03 09:59:54,448 [INFO] PluginManage:310 - Check plugin cadmodel
2024-12-03 09:59:54,523 [INFO] CADModel:105 - Init CAD model plugin
2024-12-03 09:59:54,524 [INFO] PluginManage:359 - Loaded plugin cadmodel (category:power,tabindex:5)
2024-12-03 09:59:54,525 [INFO] PluginManage:310 - Check plugin clock
2024-12-03 09:59:54,548 [INFO] PluginManage:359 - Loaded plugin clock (category:base,tabindex:2)
2024-12-03 09:59:54,548 [INFO] PluginManage:310 - Check plugin ddr
2024-12-03 09:59:54,553 [INFO] PluginManage:359 - Loaded plugin ddr (category:tool,tabindex:6)
2024-12-03 09:59:54,554 [INFO] PluginManage:310 - Check plugin filemanager
2024-12-03 09:59:54,819 [INFO] PluginManage:359 - Loaded plugin filemanager (category:base,tabindex:10)
2024-12-03 09:59:54,820 [INFO] PluginManage:310 - Check plugin ipmanager
2024-12-03 09:59:54,831 [INFO] PluginManage:359 - Loaded plugin ipmanager (category:base,tabindex:5)
2024-12-03 09:59:54,831 [INFO] PluginManage:310 - Check plugin lpbam
2024-12-03 09:59:54,847 [INFO] PluginManage:359 - Loaded plugin lpbam (category:base,tabindex:0)
2024-12-03 09:59:54,847 [INFO] PluginManage:310 - Check plugin memorymap
2024-12-03 09:59:54,865 [INFO] PluginManage:359 - Loaded plugin memorymap (category:base,tabindex:4)
2024-12-03 09:59:54,865 [INFO] PluginManage:310 - Check plugin pinoutandconfiguration
2024-12-03 09:59:54,877 [INFO] PluginManage:359 - Loaded plugin pinoutandconfiguration (category:base,tabindex:1)
2024-12-03 09:59:54,877 [INFO] PluginManage:310 - Check plugin pinoutconfig
2024-12-03 09:59:55,016 [WARN] SupportedApi:132 - Cannot load RTOS API schema: s4s-elt-must-match.1: The content of 'definitions' must match (annotation?, (simpleType | complexType)?, (unique | key | keyref)*)). A problem was found starting at: attribute.
2024-12-03 09:59:55,267 [INFO] PluginManage:359 - Loaded plugin pinoutconfig (category:base,tabindex:0)
2024-12-03 09:59:55,268 [INFO] PluginManage:310 - Check plugin power
2024-12-03 09:59:55,288 [INFO] PluginManage:359 - Loaded plugin power (category:power,tabindex:4)
2024-12-03 09:59:55,288 [INFO] PluginManage:310 - Check plugin projectmanager
2024-12-03 09:59:55,323 [INFO] PluginManage:359 - Loaded plugin projectmanager (category:projectmanager,tabindex:3)
2024-12-03 09:59:55,324 [INFO] PluginManage:310 - Check plugin thirdparty
2024-12-03 09:59:55,577 [INFO] PluginManage:359 - Loaded plugin thirdparty (category:base,tabindex:-1)
2024-12-03 09:59:55,576 [WARN] IntegrityCheckThread:84 - waiting for thirdparty lock release [integrity check]
2024-12-03 09:59:55,578 [INFO] PluginManage:310 - Check plugin tools
2024-12-03 09:59:55,578 [INFO] IntegrityCheckThread:86 - entering critical section [integrity check]
2024-12-03 09:59:55,579 [INFO] ThirdPartyUpdaterWithRetryManager:70 - Updater plugin not ready yet. [1/15]
2024-12-03 09:59:55,585 [INFO] PluginManage:359 - Loaded plugin tools (category:base,tabindex:7)
2024-12-03 09:59:55,586 [INFO] PluginManage:310 - Check plugin tutovideos
2024-12-03 09:59:55,974 [INFO] PluginManage:359 - Loaded plugin tutovideos (category:base,tabindex:-1)
2024-12-03 09:59:55,975 [INFO] PluginManage:310 - Check plugin updater
2024-12-03 09:59:55,998 [INFO] PluginManage:359 - Loaded plugin updater (category:base,tabindex:12)
2024-12-03 09:59:55,999 [INFO] PluginManage:310 - Check plugin userauth
2024-12-03 09:59:56,012 [INFO] UserAuth:114 - Init User Auth plugin
2024-12-03 09:59:56,012 [INFO] PluginManage:359 - Loaded plugin userauth (category:base,tabindex:14)
2024-12-03 09:59:56,014 [INFO] PluginManage:283 - PluginManage : Loaded plugins [17]
2024-12-03 09:59:56,361 [INFO] PinOutPanel:1561 - setPackage(No Configuration,No Configuration)
2024-12-03 09:59:56,455 [INFO] CADModel:165 - CPN selected for project level
2024-12-03 09:59:56,456 [INFO] CADModel:114 - Register for checkConnection events
2024-12-03 09:59:56,481 [INFO] IPUIPlugin:80 - create IPUIPlugin
2024-12-03 09:59:56,481 [INFO] PluginManager:220 - loadIPPluginJar : add adc
2024-12-03 09:59:56,484 [INFO] IPUIPlugin:80 - create IPUIPlugin
2024-12-03 09:59:56,484 [INFO] PluginManager:220 - loadIPPluginJar : add dma3
2024-12-03 09:59:56,487 [INFO] IPUIPlugin:80 - create IPUIPlugin
2024-12-03 09:59:56,487 [INFO] PluginManager:220 - loadIPPluginJar : add opamp
2024-12-03 09:59:56,490 [INFO] IPUIPlugin:80 - create IPUIPlugin
2024-12-03 09:59:56,491 [INFO] PluginManager:220 - loadIPPluginJar : add pdm2pcm
2024-12-03 09:59:56,493 [INFO] IPUIPlugin:80 - create IPUIPlugin
2024-12-03 09:59:56,493 [INFO] PluginManager:220 - loadIPPluginJar : add i2c
2024-12-03 09:59:56,495 [INFO] IPUIPlugin:80 - create IPUIPlugin
2024-12-03 09:59:56,496 [INFO] PluginManager:220 - loadIPPluginJar : add i2s
2024-12-03 09:59:56,498 [INFO] IPUIPlugin:80 - create IPUIPlugin
2024-12-03 09:59:56,498 [INFO] PluginManager:220 - loadIPPluginJar : add gfxmmu
2024-12-03 09:59:56,500 [INFO] IPUIPlugin:80 - create IPUIPlugin
2024-12-03 09:59:56,500 [INFO] PluginManager:220 - loadIPPluginJar : add quadspi
2024-12-03 09:59:56,508 [INFO] IPUIPlugin:80 - create IPUIPlugin
2024-12-03 09:59:56,508 [INFO] PluginManager:220 - loadIPPluginJar : add mdma
2024-12-03 09:59:56,515 [INFO] IPUIPlugin:80 - create IPUIPlugin
2024-12-03 09:59:56,515 [INFO] PluginManager:220 - loadIPPluginJar : add nvic
2024-12-03 09:59:56,525 [INFO] IPUIPlugin:80 - create IPUIPlugin
2024-12-03 09:59:56,525 [INFO] PluginManager:220 - loadIPPluginJar : add dma
2024-12-03 09:59:56,528 [INFO] IPUIPlugin:80 - create IPUIPlugin
2024-12-03 09:59:56,529 [INFO] PluginManager:220 - loadIPPluginJar : add aes
2024-12-03 09:59:56,535 [INFO] IPUIPlugin:80 - create IPUIPlugin
2024-12-03 09:59:56,535 [INFO] PluginManager:220 - loadIPPluginJar : add stm32_wpan
2024-12-03 09:59:56,538 [INFO] IPUIPlugin:80 - create IPUIPlugin
2024-12-03 09:59:56,538 [INFO] PluginManager:220 - loadIPPluginJar : add usart
2024-12-03 09:59:56,539 [INFO] IPUIPlugin:80 - create IPUIPlugin
2024-12-03 09:59:56,540 [INFO] PluginManager:220 - loadIPPluginJar : add genericplugin
2024-12-03 09:59:56,543 [INFO] IPUIPlugin:80 - create IPUIPlugin
2024-12-03 09:59:56,543 [INFO] PluginManager:220 - loadIPPluginJar : add openamp
2024-12-03 09:59:56,547 [INFO] IPUIPlugin:80 - create IPUIPlugin
2024-12-03 09:59:56,548 [INFO] PluginManager:220 - loadIPPluginJar : add ipddr
2024-12-03 09:59:56,552 [INFO] IPUIPlugin:80 - create IPUIPlugin
2024-12-03 09:59:56,552 [INFO] PluginManager:220 - loadIPPluginJar : add lorawan
2024-12-03 09:59:56,557 [INFO] IPUIPlugin:80 - create IPUIPlugin
2024-12-03 09:59:56,557 [INFO] PluginManager:220 - loadIPPluginJar : add gtzc
2024-12-03 09:59:56,561 [INFO] IPUIPlugin:80 - create IPUIPlugin
2024-12-03 09:59:56,561 [INFO] PluginManager:220 - loadIPPluginJar : add can
2024-12-03 09:59:56,564 [INFO] IPUIPlugin:80 - create IPUIPlugin
2024-12-03 09:59:56,564 [INFO] PluginManager:220 - loadIPPluginJar : add fatfs
2024-12-03 09:59:56,570 [INFO] IPUIPlugin:80 - create IPUIPlugin
2024-12-03 09:59:56,570 [INFO] PluginManager:220 - loadIPPluginJar : add gpio
2024-12-03 09:59:56,573 [INFO] IPUIPlugin:80 - create IPUIPlugin
2024-12-03 09:59:56,573 [INFO] PluginManager:220 - loadIPPluginJar : add ts
2024-12-03 09:59:56,577 [INFO] IPUIPlugin:80 - create IPUIPlugin
2024-12-03 09:59:56,577 [INFO] PluginManager:220 - loadIPPluginJar : add dfsdm
2024-12-03 09:59:56,586 [INFO] IPUIPlugin:80 - create IPUIPlugin
2024-12-03 09:59:56,587 [INFO] PluginManager:220 - loadIPPluginJar : add gic
2024-12-03 09:59:56,600 [INFO] IPUIPlugin:80 - create IPUIPlugin
2024-12-03 09:59:56,601 [INFO] PluginManager:220 - loadIPPluginJar : add linkedlist
2024-12-03 09:59:56,604 [INFO] IPUIPlugin:80 - create IPUIPlugin
2024-12-03 09:59:56,604 [INFO] PluginManager:220 - loadIPPluginJar : add tim
2024-12-03 09:59:56,608 [INFO] IPUIPlugin:80 - create IPUIPlugin
2024-12-03 09:59:56,608 [INFO] PluginManager:220 - loadIPPluginJar : add tracer_emb
2024-12-03 09:59:56,613 [INFO] IPUIPlugin:80 - create IPUIPlugin
2024-12-03 09:59:56,613 [INFO] PluginManager:220 - loadIPPluginJar : add extmemmanager
2024-12-03 09:59:56,617 [INFO] IPUIPlugin:80 - create IPUIPlugin
2024-12-03 09:59:56,618 [INFO] PluginManager:220 - loadIPPluginJar : add spi
2024-12-03 09:59:56,620 [INFO] IPUIPlugin:80 - create IPUIPlugin
2024-12-03 09:59:56,621 [INFO] PluginManager:220 - loadIPPluginJar : add comp
2024-12-03 09:59:56,626 [INFO] IPUIPlugin:80 - create IPUIPlugin
2024-12-03 09:59:56,626 [INFO] PluginManager:220 - loadIPPluginJar : add sai
2024-12-03 09:59:56,629 [INFO] IPUIPlugin:80 - create IPUIPlugin
2024-12-03 09:59:56,630 [INFO] PluginManager:220 - loadIPPluginJar : add ucpd
2024-12-03 09:59:56,632 [INFO] IPUIPlugin:80 - create IPUIPlugin
2024-12-03 09:59:56,633 [INFO] PluginManager:220 - loadIPPluginJar : add ltdc
2024-12-03 09:59:56,639 [INFO] IPUIPlugin:80 - create IPUIPlugin
2024-12-03 09:59:56,639 [INFO] PluginManager:220 - loadIPPluginJar : add touchsensing
2024-12-03 09:59:56,653 [INFO] IPUIPlugin:80 - create IPUIPlugin
2024-12-03 09:59:56,659 [INFO] PluginManager:220 - loadIPPluginJar : add plateformsettings
2024-12-03 09:59:56,666 [INFO] IPUIPlugin:80 - create IPUIPlugin
2024-12-03 09:59:56,667 [INFO] PluginManager:220 - loadIPPluginJar : add resmgrutility
2024-12-03 09:59:56,671 [INFO] IPUIPlugin:80 - create IPUIPlugin
2024-12-03 09:59:56,672 [INFO] PluginManager:220 - loadIPPluginJar : add cryp
2024-12-03 09:59:56,681 [INFO] IPUIPlugin:80 - create IPUIPlugin
2024-12-03 09:59:56,681 [INFO] PluginManager:220 - loadIPPluginJar : add fmc
2024-12-03 09:59:56,684 [INFO] IPUIPlugin:80 - create IPUIPlugin
2024-12-03 09:59:56,684 [INFO] PluginManager:220 - loadIPPluginJar : add tsc
2024-12-03 09:59:56,688 [INFO] IPUIPlugin:80 - create IPUIPlugin
2024-12-03 09:59:56,688 [INFO] PluginManager:220 - loadIPPluginJar : add hash
2024-12-03 09:59:56,698 [INFO] IPUIPlugin:80 - create IPUIPlugin
2024-12-03 09:59:56,698 [INFO] PluginManager:220 - loadIPPluginJar : add freertos
2024-12-03 09:59:56,703 [INFO] IPUIPlugin:80 - create IPUIPlugin
2024-12-03 09:59:56,704 [INFO] PluginManager:220 - loadIPPluginJar : add usbx
2024-12-03 09:59:56,708 [INFO] IPUIPlugin:80 - create IPUIPlugin
2024-12-03 09:59:56,708 [INFO] PluginManager:220 - loadIPPluginJar : add i3c
2024-12-03 09:59:56,843 [INFO] CADModel:165 - CPN selected for project level
2024-12-03 09:59:56,843 [INFO] CADModel:114 - Register for checkConnection events
2024-12-03 09:59:56,843 [FATAL] Updater:308 - Updater called before beeing initialized
2024-12-03 09:59:56,843 [ERROR] CADModel:125 - Updater not yet initialized, retry later 
2024-12-03 09:59:57,059 [INFO] CADModel:165 - CPN selected for project level
2024-12-03 09:59:57,059 [INFO] CADModel:114 - Register for checkConnection events
2024-12-03 09:59:57,059 [FATAL] Updater:308 - Updater called before beeing initialized
2024-12-03 09:59:57,059 [ERROR] CADModel:125 - Updater not yet initialized, retry later 
2024-12-03 09:59:57,064 [FATAL] Updater:308 - Updater called before beeing initialized
2024-12-03 09:59:57,244 [FATAL] Updater:308 - Updater called before beeing initialized
2024-12-03 09:59:57,253 [INFO] DbMcusAds:53 - JSON generation date=Fri Sep 20 18:34:38 IST 2024 (1726837478367)
2024-12-03 09:59:57,254 [FATAL] Updater:308 - Updater called before beeing initialized
2024-12-03 09:59:57,340 [WARN] DetailPanel:346 - Failed to get advertising image, set to default
2024-12-03 09:59:57,500 [FATAL] Updater:308 - Updater called before beeing initialized
2024-12-03 09:59:57,503 [FATAL] Updater:308 - Updater called before beeing initialized
2024-12-03 09:59:57,503 [FATAL] Updater:308 - Updater called before beeing initialized
2024-12-03 09:59:57,503 [WARN] DetailPanel:346 - Failed to get advertising image, set to default
2024-12-03 09:59:57,505 [FATAL] Updater:308 - Updater called before beeing initialized
2024-12-03 09:59:57,557 [ERROR] Updater:1120 - MainUpdater not yet initialized. External WinMGr cannot be set.
2024-12-03 09:59:57,560 [INFO] Updater:1056 - Updater Version found : 6.11.1
2024-12-03 09:59:57,598 [INFO] ApplicationProperties:184 - Using Application install path: /opt/st/stm32cubeide_1.15.1/plugins/com.st.stm32cube.common.mx_6.11.1.202404110753
2024-12-03 09:59:58,194 [INFO] MainUpdater:2873 - connection check result : 10
2024-12-03 09:59:58,195 [INFO] MainUpdater:290 - Updater Check For Update Now.
2024-12-03 09:59:58,195 [INFO] MicroXplorer:498 - Change Database Version : DB.6.0.111
2024-12-03 09:59:58,202 [INFO] McuFinderGlobals:63 - Set McuFinder mode to 2 (CubeIDE integrated)
2024-12-03 09:59:58,203 [INFO] UserAuth:179 - activating auth plugin
2024-12-03 09:59:58,210 [INFO] UserAuth:415 - Internet connection configuration mode: 1
2024-12-03 09:59:58,238 [INFO] JxBrowserEngine:152 - Initiate JxBrowser Engine with user profile folder
2024-12-03 09:59:58,462 [INFO] CheckServerUpdateThread:120 - End of CheckServer Thread
2024-12-03 09:59:58,882 [WARN] PackLoader:240 - Cannot read IP mode file for STMicroelectronics.FP-SNS-MOTENVWB1.1.4.0
2024-12-03 09:59:58,901 [WARN] PackLoader:240 - Cannot read IP mode file for STMicroelectronics.FP-ATR-ASTRA1.2.0.1
2024-12-03 09:59:58,916 [WARN] PackLoader:240 - Cannot read IP mode file for STMicroelectronics.X-CUBE-SMBUS.2.1.0
2024-12-03 09:59:58,935 [WARN] PackLoader:240 - Cannot read IP mode file for STMicroelectronics.X-CUBE-WB05N.1.1.0
2024-12-03 09:59:59,066 [WARN] PackLoader:240 - Cannot read IP mode file for STMicroelectronics.X-CUBE-AZRTOS-F7.1.1.0
2024-12-03 09:59:59,251 [WARN] PackLoader:240 - Cannot read IP mode file for STMicroelectronics.X-CUBE-MEMS1.11.0.0
2024-12-03 09:59:59,591 [WARN] PackLoader:240 - Cannot read IP mode file for STMicroelectronics.FP-SNS-FLIGHT1.5.0.2
2024-12-03 09:59:59,616 [WARN] PackLoader:240 - Cannot read IP mode file for STMicroelectronics.X-CUBE-DISPLAY.3.0.0
2024-12-03 09:59:59,643 [WARN] PackLoader:240 - Cannot read IP mode file for STMicroelectronics.X-CUBE-BLE1.7.0.0
2024-12-03 09:59:59,663 [WARN] PackLoader:240 - Cannot read IP mode file for STMicroelectronics.X-CUBE-NFC10.1.0.0
2024-12-03 09:59:59,679 [WARN] PackLoader:240 - Cannot read IP mode file for emotas.I-CUBE-CANOPEN.1.3.0
2024-12-03 09:59:59,727 [WARN] PackLoader:240 - Cannot read IP mode file for STMicroelectronics.X-CUBE-BLEMGR.3.1.0
2024-12-03 09:59:59,767 [WARN] PackLoader:240 - Cannot read IP mode file for STMicroelectronics.FP-SNS-SMARTAG2.1.2.0
2024-12-03 09:59:59,812 [INFO] LogOutputStream:77 - [STDOUT_REDIRECT] 1 : Invalid condition id : UX_CORESTACK_Condition cause : null
2024-12-03 09:59:59,814 [INFO] LogOutputStream:77 - [STDOUT_REDIRECT] 1 : Invalid condition id : UX_CORESTACK_Condition cause : null
2024-12-03 09:59:59,815 [INFO] LogOutputStream:77 - [STDOUT_REDIRECT] 1 : Invalid condition id : UX_CORESTACK_Condition cause : null
2024-12-03 09:59:59,815 [INFO] LogOutputStream:77 - [STDOUT_REDIRECT] 1 : Invalid condition id : UX_CORESTACK_Condition cause : null
2024-12-03 09:59:59,816 [INFO] LogOutputStream:77 - [STDOUT_REDIRECT] 1 : Invalid condition id : UX_CORESTACK_Condition cause : null
2024-12-03 09:59:59,829 [WARN] PackLoader:240 - Cannot read IP mode file for STMicroelectronics.X-CUBE-AZRTOS-WL.2.0.0
2024-12-03 09:59:59,888 [WARN] PackLoader:240 - Cannot read IP mode file for STMicroelectronics.FP-SNS-MOTENV1.5.0.0
2024-12-03 09:59:59,906 [WARN] PackLoader:240 - Cannot read IP mode file for wolfSSL.I-CUBE-wolfMQTT.1.19.0
2024-12-03 09:59:59,924 [WARN] PackLoader:240 - Cannot read IP mode file for WES.I-CUBE-Cesium.1.3.0
2024-12-03 09:59:59,936 [WARN] PackLoader:240 - Cannot read IP mode file for STMicroelectronics.X-CUBE-BLE2.3.3.0
2024-12-03 09:59:59,960 [WARN] PackLoader:240 - Cannot read IP mode file for STMicroelectronics.X-CUBE-NFC9.1.0.0
2024-12-03 09:59:59,980 [WARN] PackLoader:240 - Cannot read IP mode file for STMicroelectronics.X-CUBE-TCPP.4.1.0
2024-12-03 10:00:00,020 [WARN] PackLoader:240 - Cannot read IP mode file for STMicroelectronics.X-CUBE-AZRTOS-G0.1.1.0
2024-12-03 10:00:00,039 [WARN] PackLoader:240 - Cannot read IP mode file for STMicroelectronics.X-CUBE-SAFEA1.1.2.2
2024-12-03 10:00:00,052 [WARN] PackLoader:240 - Cannot read IP mode file for STMicroelectronics.X-CUBE-NFC4.3.0.0
2024-12-03 10:00:00,075 [WARN] PackLoader:240 - Cannot read IP mode file for EmbeddedOffice.I-CUBE-FS-RTOS.1.0.1
2024-12-03 10:00:00,077 [ERROR] ConditionMgr:805 - Attr not supported : Dmpu
2024-12-03 10:00:00,077 [ERROR] ConditionMgr:805 - Attr not supported : Dmpu
2024-12-03 10:00:00,078 [ERROR] ConditionMgr:805 - Attr not supported : Dmpu
2024-12-03 10:00:00,078 [ERROR] ConditionMgr:805 - Attr not supported : Dmpu
2024-12-03 10:00:00,078 [ERROR] ConditionMgr:805 - Attr not supported : Dmpu
2024-12-03 10:00:00,078 [ERROR] ConditionMgr:805 - Attr not supported : Dmpu
2024-12-03 10:00:00,079 [ERROR] ConditionMgr:805 - Attr not supported : Dmpu
2024-12-03 10:00:00,079 [ERROR] ConditionMgr:805 - Attr not supported : Dmpu
2024-12-03 10:00:00,079 [ERROR] ConditionMgr:805 - Attr not supported : Dmpu
2024-12-03 10:00:00,079 [ERROR] ConditionMgr:805 - Attr not supported : Dmpu
2024-12-03 10:00:00,079 [ERROR] ConditionMgr:805 - Attr not supported : Dmpu
2024-12-03 10:00:00,080 [ERROR] ConditionMgr:805 - Attr not supported : Dmpu
2024-12-03 10:00:00,080 [ERROR] ConditionMgr:805 - Attr not supported : Dmpu
2024-12-03 10:00:00,080 [ERROR] ConditionMgr:805 - Attr not supported : Dmpu
2024-12-03 10:00:00,080 [ERROR] ConditionMgr:805 - Attr not supported : Dmpu
2024-12-03 10:00:00,080 [ERROR] ConditionMgr:805 - Attr not supported : Dmpu
2024-12-03 10:00:00,081 [ERROR] ConditionMgr:805 - Attr not supported : Dmpu
2024-12-03 10:00:00,081 [ERROR] ConditionMgr:805 - Attr not supported : Dmpu
2024-12-03 10:00:00,081 [ERROR] ConditionMgr:805 - Attr not supported : Dmpu
2024-12-03 10:00:00,081 [ERROR] ConditionMgr:805 - Attr not supported : Dmpu
2024-12-03 10:00:00,082 [ERROR] ConditionMgr:805 - Attr not supported : Dmpu
2024-12-03 10:00:00,082 [ERROR] ConditionMgr:805 - Attr not supported : Dmpu
2024-12-03 10:00:00,083 [ERROR] ConditionMgr:805 - Attr not supported : Dmpu
2024-12-03 10:00:00,083 [ERROR] ConditionMgr:805 - Attr not supported : Dmpu
2024-12-03 10:00:00,083 [ERROR] ConditionMgr:805 - Attr not supported : Dmpu
2024-12-03 10:00:00,084 [ERROR] ConditionMgr:805 - Attr not supported : Dmpu
2024-12-03 10:00:00,084 [ERROR] ConditionMgr:805 - Attr not supported : Dmpu
2024-12-03 10:00:00,084 [ERROR] ConditionMgr:805 - Attr not supported : Dmpu
2024-12-03 10:00:00,084 [ERROR] ConditionMgr:805 - Attr not supported : Dmpu
2024-12-03 10:00:00,084 [ERROR] ConditionMgr:805 - Attr not supported : Dmpu
2024-12-03 10:00:00,085 [ERROR] ConditionMgr:805 - Attr not supported : Dmpu
2024-12-03 10:00:00,085 [ERROR] ConditionMgr:805 - Attr not supported : Dmpu
2024-12-03 10:00:00,085 [ERROR] ConditionMgr:805 - Attr not supported : Dmpu
2024-12-03 10:00:00,086 [ERROR] ConditionMgr:805 - Attr not supported : Dmpu
2024-12-03 10:00:00,086 [ERROR] ConditionMgr:805 - Attr not supported : Dmpu
2024-12-03 10:00:00,086 [ERROR] ConditionMgr:805 - Attr not supported : Dmpu
2024-12-03 10:00:00,087 [ERROR] ConditionMgr:805 - Attr not supported : Dmpu
2024-12-03 10:00:00,087 [ERROR] ConditionMgr:805 - Attr not supported : Dmpu
2024-12-03 10:00:00,088 [ERROR] ConditionMgr:805 - Attr not supported : Dmpu
2024-12-03 10:00:00,088 [ERROR] ConditionMgr:805 - Attr not supported : Dmpu
2024-12-03 10:00:00,088 [ERROR] ConditionMgr:805 - Attr not supported : Dmpu
2024-12-03 10:00:00,089 [ERROR] ConditionMgr:805 - Attr not supported : Dmpu
2024-12-03 10:00:00,089 [ERROR] ConditionMgr:805 - Attr not supported : Dmpu
2024-12-03 10:00:00,089 [ERROR] ConditionMgr:805 - Attr not supported : Dmpu
2024-12-03 10:00:00,089 [ERROR] ConditionMgr:805 - Attr not supported : Dmpu
2024-12-03 10:00:00,090 [ERROR] ConditionMgr:805 - Attr not supported : Dmpu
2024-12-03 10:00:00,090 [ERROR] ConditionMgr:805 - Attr not supported : Dmpu
2024-12-03 10:00:00,090 [ERROR] ConditionMgr:805 - Attr not supported : Dmpu
2024-12-03 10:00:00,091 [ERROR] ConditionMgr:805 - Attr not supported : Dmpu
2024-12-03 10:00:00,091 [ERROR] ConditionMgr:805 - Attr not supported : Dmpu
2024-12-03 10:00:00,091 [ERROR] ConditionMgr:805 - Attr not supported : Dmpu
2024-12-03 10:00:00,091 [ERROR] ConditionMgr:805 - Attr not supported : Dmpu
2024-12-03 10:00:00,092 [ERROR] ConditionMgr:805 - Attr not supported : Dmpu
2024-12-03 10:00:00,092 [ERROR] ConditionMgr:805 - Attr not supported : Dmpu
2024-12-03 10:00:00,092 [ERROR] ConditionMgr:805 - Attr not supported : Dmpu
2024-12-03 10:00:00,092 [ERROR] ConditionMgr:805 - Attr not supported : Dmpu
2024-12-03 10:00:00,093 [ERROR] ConditionMgr:805 - Attr not supported : Dmpu
2024-12-03 10:00:00,093 [ERROR] ConditionMgr:805 - Attr not supported : Dmpu
2024-12-03 10:00:00,093 [ERROR] ConditionMgr:805 - Attr not supported : Dmpu
2024-12-03 10:00:00,093 [ERROR] ConditionMgr:805 - Attr not supported : Dmpu
2024-12-03 10:00:00,094 [ERROR] ConditionMgr:805 - Attr not supported : Dmpu
2024-12-03 10:00:00,094 [ERROR] ConditionMgr:805 - Attr not supported : Dmpu
2024-12-03 10:00:00,094 [ERROR] ConditionMgr:805 - Attr not supported : Dmpu
2024-12-03 10:00:00,094 [ERROR] ConditionMgr:805 - Attr not supported : Dmpu
2024-12-03 10:00:00,104 [WARN] PackLoader:240 - Cannot read IP mode file for RealThread.X-CUBE-RT-Thread_Nano.4.1.1
2024-12-03 10:00:00,112 [WARN] PackLoader:240 - Cannot read IP mode file for wolfSSL.I-CUBE-wolfSSL.5.7.0
2024-12-03 10:00:00,121 [WARN] PackLoader:240 - Cannot read IP mode file for STMicroelectronics.FP-ATR-SIGFOX1.3.2.0
2024-12-03 10:00:00,129 [WARN] ConditionMgr:438 - getConditionDescription Invalid condition id : Cortex-A Device cause : null
2024-12-03 10:00:00,167 [WARN] ConditionMgr:1039 - genDependencies : Invalid condition id : Cortex-A Device cause : null
2024-12-03 10:00:00,168 [WARN] ConditionMgr:1039 - genDependencies : Invalid condition id : Cortex-A Device cause : null
2024-12-03 10:00:00,168 [WARN] ConditionMgr:1039 - genDependencies : Invalid condition id : Cortex-A Device cause : null
2024-12-03 10:00:00,184 [WARN] PackLoader:240 - Cannot read IP mode file for STMicroelectronics.X-CUBE-EEPRMA1.5.1.0
2024-12-03 10:00:00,201 [WARN] PackLoader:240 - Cannot read IP mode file for ITTIA_DB.I-CUBE-ITTIADB.8.9.0
2024-12-03 10:00:00,273 [WARN] PackLoader:240 - Cannot read IP mode file for SEGGER.I-CUBE-embOS.1.3.1
2024-12-03 10:00:00,394 [INFO] WebApp:161 - Instantiating new browser for Auth
2024-12-03 10:00:00,446 [WARN] PackLoader:240 - Cannot read IP mode file for STMicroelectronics.X-CUBE-ALGOBUILD.1.4.0
2024-12-03 10:00:00,471 [WARN] PackLoader:240 - Cannot read IP mode file for STMicroelectronics.X-CUBE-GNSS1.6.0.0
2024-12-03 10:00:00,521 [WARN] PackLoader:240 - Cannot read IP mode file for STMicroelectronics.X-CUBE-AZRTOS-F4.1.1.0
2024-12-03 10:00:00,540 [WARN] PackLoader:240 - Cannot read IP mode file for STMicroelectronics.X-CUBE-ISPU.2.1.0
2024-12-03 10:00:00,553 [WARN] PackLoader:240 - Cannot read IP mode file for STMicroelectronics.X-CUBE-FREERTOS.1.2.0
2024-12-03 10:00:00,586 [WARN] PackLoader:240 - Cannot read IP mode file for STMicroelectronics.X-CUBE-AZRTOS-L5.2.0.0
2024-12-03 10:00:00,604 [WARN] PackLoader:240 - Cannot read IP mode file for STMicroelectronics.X-CUBE-NFC6.3.1.0
2024-12-03 10:00:00,616 [WARN] PackLoader:240 - Cannot read IP mode file for STMicroelectronics.X-CUBE-DPower.1.2.0
2024-12-03 10:00:00,623 [WARN] PackLoader:240 - Cannot read IP mode file for STMicroelectronics.X-CUBE-AI.9.0.0
2024-12-03 10:00:00,630 [WARN] PackLoader:240 - Cannot read IP mode file for STMicroelectronics.X-CUBE-NFC7.1.0.1
2024-12-03 10:00:00,637 [WARN] PackLoader:240 - Cannot read IP mode file for wolfSSL.I-CUBE-wolfTPM.3.2.0
2024-12-03 10:00:00,669 [WARN] ConditionMgr:438 - getConditionDescription Invalid condition id : LAN8742 Phy interface Condition cause : null
2024-12-03 10:00:00,670 [WARN] PackLoader:240 - Cannot read IP mode file for STMicroelectronics.X-CUBE-AZRTOS-L4.2.0.0
2024-12-03 10:00:00,673 [WARN] ConditionMgr:1039 - genDependencies : Invalid condition id : LAN8742 Phy interface Condition cause : null
2024-12-03 10:00:00,673 [WARN] ConditionMgr:1039 - genDependencies : Invalid condition id : LAN8742 Phy interface Condition cause : null
2024-12-03 10:00:00,674 [WARN] ConditionMgr:1039 - genDependencies : Invalid condition id : LAN8742 Phy interface Condition cause : null
2024-12-03 10:00:00,686 [WARN] PackLoader:240 - Cannot read IP mode file for STMicroelectronics.X-CUBE-SFXS2LP1.4.0.0
2024-12-03 10:00:00,719 [WARN] PackLoader:240 - Cannot read IP mode file for STMicroelectronics.X-CUBE-AZRTOS-H7.3.3.0
2024-12-03 10:00:00,744 [WARN] PackLoader:240 - Cannot read IP mode file for STMicroelectronics.X-CUBE-IPS.3.0.0
2024-12-03 10:00:00,772 [WARN] ConditionMgr:438 - getConditionDescription Invalid condition id : UX DEVICE CLASS RTOS Condition cause : null
2024-12-03 10:00:00,773 [WARN] ConditionMgr:438 - getConditionDescription Invalid condition id : UX DEVICE CLASS RTOS Condition cause : null
2024-12-03 10:00:00,776 [WARN] PackLoader:240 - Cannot read IP mode file for STMicroelectronics.X-CUBE-AZRTOS-WB.2.0.0
2024-12-03 10:00:00,777 [WARN] ConditionMgr:1039 - genDependencies : Invalid condition id : UX DEVICE CLASS RTOS Condition cause : null
2024-12-03 10:00:00,778 [WARN] ConditionMgr:1039 - genDependencies : Invalid condition id : UX DEVICE CLASS RTOS Condition cause : null
2024-12-03 10:00:00,779 [WARN] ConditionMgr:1039 - genDependencies : Invalid condition id : UX DEVICE CLASS RTOS Condition cause : null
2024-12-03 10:00:00,779 [WARN] ConditionMgr:1039 - genDependencies : Invalid condition id : UX DEVICE CLASS RTOS Condition cause : null
2024-12-03 10:00:00,779 [WARN] ConditionMgr:1039 - genDependencies : Invalid condition id : UX DEVICE CLASS RTOS Condition cause : null
2024-12-03 10:00:00,791 [WARN] PackLoader:240 - Cannot read IP mode file for STMicroelectronics.X-CUBE-GNSS1.7.0.0
2024-12-03 10:00:00,807 [WARN] PackLoader:240 - Cannot read IP mode file for STMicroelectronics.FP-SNS-STBOX1.2.0.0
2024-12-03 10:00:00,859 [WARN] PackLoader:240 - Cannot read IP mode file for STMicroelectronics.X-CUBE-SUBG2.5.0.0
2024-12-03 10:00:00,887 [WARN] PackLoader:240 - Cannot read IP mode file for Cesanta.I-CUBE-Mongoose.7.13.0
2024-12-03 10:00:00,931 [WARN] PackLoader:240 - Cannot read IP mode file for STMicroelectronics.X-CUBE-AZRTOS-G4.2.0.0
2024-12-03 10:00:00,948 [WARN] PackLoader:240 - Cannot read IP mode file for STMicroelectronics.X-CUBE-ISPU.2.0.0
2024-12-03 10:00:00,958 [WARN] PackLoader:240 - Cannot read IP mode file for STMicroelectronics.X-CUBE-ALS.1.0.2
2024-12-03 10:00:01,104 [WARN] PackLoader:240 - Cannot read IP mode file for STMicroelectronics.X-CUBE-MEMS1.10.0.0
2024-12-03 10:00:01,529 [WARN] PackLoader:240 - Cannot read IP mode file for STMicroelectronics.X-CUBE-TOUCHGFX.4.24.0
2024-12-03 10:00:01,536 [WARN] PackLoader:240 - Cannot read IP mode file for STMicroelectronics.X-CUBE-TOUCHGFX.4.24.1
2024-12-03 10:00:01,545 [WARN] PackLoader:240 - Cannot read IP mode file for portGmbH.I-Cube-SoM-uGOAL.1.1.0
2024-12-03 10:00:01,587 [WARN] PackLoader:240 - Cannot read IP mode file for STMicroelectronics.X-CUBE-AZRTOS-H7RS.1.0.0
2024-12-03 10:00:01,602 [WARN] PackLoader:240 - Cannot read IP mode file for STMicroelectronics.FP-ATR-ASTRA1.2.0.0
2024-12-03 10:00:01,625 [WARN] PackLoader:240 - Cannot read IP mode file for STMicroelectronics.X-CUBE-TOF1.3.4.2
2024-12-03 10:00:01,673 [WARN] PackLoader:240 - Cannot read IP mode file for STMicroelectronics.X-CUBE-TOF1.3.4.1
2024-12-03 10:00:01,739 [WARN] PackLoader:240 - Cannot read IP mode file for STMicroelectronics.X-CUBE-AZRTOS-H7.3.2.0
2024-12-03 10:00:01,788 [WARN] PackLoader:240 - Cannot read IP mode file for Infineon.AIROC-Wi-Fi-Bluetooth-STM32.1.6.0
2024-12-03 10:00:01,818 [WARN] PackLoader:240 - Cannot read IP mode file for wolfSSL.I-CUBE-wolfSSH.1.4.17
2024-12-03 10:00:01,821 [INFO] ThirdParty:978 - Integrity check success = true
2024-12-03 10:00:01,821 [INFO] IntegrityCheckThread:100 - exiting critical section [integrity check]
2024-12-03 10:00:01,822 [INFO] IntegrityCheckThread:103 - End integrity checks thread
2024-12-03 10:00:02,357 [INFO] WebApp:779 - Register for checkConnection events
2024-12-03 10:00:02,358 [INFO] WebApp:414 - Apply proxy settings
2024-12-03 10:00:02,359 [INFO] WebApp:499 - Chromium requires no authentication
2024-12-03 10:00:02,377 [INFO] WebApp:442 - Direct internet connection detected
2024-12-03 10:00:02,752 [INFO] WebApp:192 - Starting web application
2024-12-03 10:00:02,753 [INFO] WebApp:544 - Web application path used /opt/st/stm32cubeide_1.15.1/plugins/com.st.stm32cube.common.mx_6.11.1.202404110753/db/plugins/mcufinder/reactClient1/index.html
2024-12-03 13:30:05,578 [INFO] Activator:176 - 


2024-12-03 13:30:05,579 [INFO] Activator:177 - !SESSION log4j initialized
2024-12-03 13:30:08,773 [INFO] LogOutputStream:77 - [STDOUT_REDIRECT] 
2024-12-03 13:30:09,284 [INFO] ApplicationProperties:184 - Using Application install path: /opt/st/stm32cubeide_1.15.1/plugins/com.st.stm32cube.common.mx_6.11.1.202404110753
2024-12-03 13:30:09,295 [INFO] DbMcusXml:78 - Set database path to: /opt/st/stm32cubeide_1.15.1/plugins/com.st.stm32cube.common.mx_6.11.1.202404110753//db//mcu/
2024-12-03 13:30:09,295 [INFO] ApiDb:274 - Set plugin database path to: /opt/st/stm32cubeide_1.15.1/plugins/com.st.stm32cube.common.mx_6.11.1.202404110753//db//plugins/boardmanager/
2024-12-03 13:30:09,295 [WARN] ApiDb:259 - Overriding images path with different value:  => /opt/st/stm32cubeide_1.15.1/plugins/com.st.stm32cube.common.mx_6.11.1.202404110753//db//plugins/mcufinder/images/
2024-12-03 13:30:09,300 [INFO] ApiDb:250 - Set database path to: /home/poojaa/.stmcufinder/plugins/mcufinder//mcu/
2024-12-03 13:30:09,301 [INFO] DbMcusAds:125 - Set database path to: /home/poojaa/.stmcufinder/plugins/mcufinder//mcu/
2024-12-03 13:30:09,302 [INFO] CrossReferenceDbSqlite:203 - Set database path to: /home/poojaa/.stmcufinder/plugins/mcufinder//mcu/cs/
2024-12-03 13:30:09,374 [INFO] RulesReader:64 - Compatibility file has been processed (297 Rules)
2024-12-03 13:30:09,412 [INFO] DbMcusXml:78 - Set database path to: /opt/st/stm32cubeide_1.15.1/plugins/com.st.stm32cube.common.mx_6.11.1.202404110753//db//mcu/
2024-12-03 13:30:09,412 [INFO] ApiDb:274 - Set plugin database path to: /opt/st/stm32cubeide_1.15.1/plugins/com.st.stm32cube.common.mx_6.11.1.202404110753//db//plugins/boardmanager/
2024-12-03 13:30:09,413 [INFO] ApiDb:261 - Set plugin images path to: /opt/st/stm32cubeide_1.15.1/plugins/com.st.stm32cube.common.mx_6.11.1.202404110753//db//plugins/mcufinder/images/
2024-12-03 13:30:09,413 [WARN] DbFile:41 - Overriding database path with different value: /home/poojaa/.stmcufinder/plugins/mcufinder/ => /home/poojaa/.stmcufinder/plugins/mcufinder
2024-12-03 13:30:09,413 [INFO] ApiDb:250 - Set database path to: /home/poojaa/.stmcufinder/plugins/mcufinder//mcu/
2024-12-03 13:30:09,413 [WARN] DbFile:41 - Overriding database path with different value: /home/poojaa/.stmcufinder/plugins/mcufinder/ => /home/poojaa/.stmcufinder/plugins/mcufinder
2024-12-03 13:30:09,413 [INFO] DbMcusAds:125 - Set database path to: /home/poojaa/.stmcufinder/plugins/mcufinder//mcu/
2024-12-03 13:30:09,413 [WARN] DbFile:41 - Overriding database path with different value: /home/poojaa/.stmcufinder/plugins/mcufinder/ => /home/poojaa/.stmcufinder/plugins/mcufinder
2024-12-03 13:30:09,413 [WARN] DbFile:41 - Overriding database path with different value: /home/poojaa/.stmcufinder/plugins/mcufinder/ => /home/poojaa/.stmcufinder/plugins/mcufinder
2024-12-03 13:30:09,413 [INFO] CrossReferenceDbSqlite:203 - Set database path to: /home/poojaa/.stmcufinder/plugins/mcufinder//mcu/cs/
2024-12-03 13:30:09,477 [INFO] MainPanel:264 - HeapMemory: 268435456
2024-12-03 13:30:09,540 [INFO] DbMcusXml:78 - Set database path to: /opt/st/stm32cubeide_1.15.1/plugins/com.st.stm32cube.common.mx_6.11.1.202404110753//db//mcu/
2024-12-03 13:30:09,540 [INFO] ApiDb:274 - Set plugin database path to: /opt/st/stm32cubeide_1.15.1/plugins/com.st.stm32cube.common.mx_6.11.1.202404110753//db//plugins/boardmanager/
2024-12-03 13:30:09,540 [INFO] ApiDb:261 - Set plugin images path to: /opt/st/stm32cubeide_1.15.1/plugins/com.st.stm32cube.common.mx_6.11.1.202404110753//db//plugins/mcufinder/images/
2024-12-03 13:30:09,540 [WARN] DbFile:41 - Overriding database path with different value: /home/poojaa/.stmcufinder/plugins/mcufinder/ => /home/poojaa/.stmcufinder/plugins/mcufinder
2024-12-03 13:30:09,540 [INFO] ApiDb:250 - Set database path to: /home/poojaa/.stmcufinder/plugins/mcufinder//mcu/
2024-12-03 13:30:09,540 [WARN] DbFile:41 - Overriding database path with different value: /home/poojaa/.stmcufinder/plugins/mcufinder/ => /home/poojaa/.stmcufinder/plugins/mcufinder
2024-12-03 13:30:09,540 [INFO] DbMcusAds:125 - Set database path to: /home/poojaa/.stmcufinder/plugins/mcufinder//mcu/
2024-12-03 13:30:09,540 [WARN] DbFile:41 - Overriding database path with different value: /home/poojaa/.stmcufinder/plugins/mcufinder/ => /home/poojaa/.stmcufinder/plugins/mcufinder
2024-12-03 13:30:09,540 [WARN] DbFile:41 - Overriding database path with different value: /home/poojaa/.stmcufinder/plugins/mcufinder/ => /home/poojaa/.stmcufinder/plugins/mcufinder
2024-12-03 13:30:09,541 [INFO] CrossReferenceDbSqlite:203 - Set database path to: /home/poojaa/.stmcufinder/plugins/mcufinder//mcu/cs/
2024-12-03 13:30:09,554 [INFO] ApplicationProperties:184 - Using Application install path: /opt/st/stm32cubeide_1.15.1/plugins/com.st.stm32cube.common.mx_6.11.1.202404110753
2024-12-03 13:30:09,555 [INFO] PluginManage:196 - Search for loadable plugins [exclusion list=, ]
2024-12-03 13:30:09,556 [INFO] PluginManage:310 - Check plugin analytics
2024-12-03 13:30:09,706 [INFO] AnalyticsPlugin:253 - Accepted Software Licenses: 
2024-12-03 13:30:09,707 [INFO] AnalyticsPlugin:255 - Accepted CMSIS Pack Licenses: 
2024-12-03 13:30:09,707 [INFO] AnalyticsPlugin:257 - Accepted Firmware Licenses: 
2024-12-03 13:30:09,708 [INFO] PluginManage:359 - Loaded plugin analytics (category:tool,tabindex:-1)
2024-12-03 13:30:09,708 [INFO] PluginManage:310 - Check plugin cadmodel
2024-12-03 13:30:09,742 [INFO] CADModel:105 - Init CAD model plugin
2024-12-03 13:30:09,742 [INFO] PluginManage:359 - Loaded plugin cadmodel (category:power,tabindex:5)
2024-12-03 13:30:09,742 [INFO] PluginManage:310 - Check plugin clock
2024-12-03 13:30:09,751 [INFO] PluginManage:359 - Loaded plugin clock (category:base,tabindex:2)
2024-12-03 13:30:09,751 [INFO] PluginManage:310 - Check plugin ddr
2024-12-03 13:30:09,753 [INFO] PluginManage:359 - Loaded plugin ddr (category:tool,tabindex:6)
2024-12-03 13:30:09,754 [INFO] PluginManage:310 - Check plugin filemanager
2024-12-03 13:30:09,877 [INFO] PluginManage:359 - Loaded plugin filemanager (category:base,tabindex:10)
2024-12-03 13:30:09,878 [INFO] PluginManage:310 - Check plugin ipmanager
2024-12-03 13:30:09,882 [INFO] PluginManage:359 - Loaded plugin ipmanager (category:base,tabindex:5)
2024-12-03 13:30:09,882 [INFO] PluginManage:310 - Check plugin lpbam
2024-12-03 13:30:09,888 [INFO] PluginManage:359 - Loaded plugin lpbam (category:base,tabindex:0)
2024-12-03 13:30:09,889 [INFO] PluginManage:310 - Check plugin memorymap
2024-12-03 13:30:09,897 [INFO] PluginManage:359 - Loaded plugin memorymap (category:base,tabindex:4)
2024-12-03 13:30:09,897 [INFO] PluginManage:310 - Check plugin pinoutandconfiguration
2024-12-03 13:30:09,903 [INFO] PluginManage:359 - Loaded plugin pinoutandconfiguration (category:base,tabindex:1)
2024-12-03 13:30:09,903 [INFO] PluginManage:310 - Check plugin pinoutconfig
2024-12-03 13:30:09,958 [WARN] SupportedApi:132 - Cannot load RTOS API schema: s4s-elt-must-match.1: The content of 'definitions' must match (annotation?, (simpleType | complexType)?, (unique | key | keyref)*)). A problem was found starting at: attribute.
2024-12-03 13:30:10,090 [INFO] PluginManage:359 - Loaded plugin pinoutconfig (category:base,tabindex:0)
2024-12-03 13:30:10,090 [INFO] PluginManage:310 - Check plugin power
2024-12-03 13:30:10,099 [INFO] PluginManage:359 - Loaded plugin power (category:power,tabindex:4)
2024-12-03 13:30:10,099 [INFO] PluginManage:310 - Check plugin projectmanager
2024-12-03 13:30:10,114 [INFO] PluginManage:359 - Loaded plugin projectmanager (category:projectmanager,tabindex:3)
2024-12-03 13:30:10,114 [INFO] PluginManage:310 - Check plugin thirdparty
2024-12-03 13:30:10,200 [INFO] PluginManage:359 - Loaded plugin thirdparty (category:base,tabindex:-1)
2024-12-03 13:30:10,200 [INFO] PluginManage:310 - Check plugin tools
2024-12-03 13:30:10,200 [WARN] IntegrityCheckThread:84 - waiting for thirdparty lock release [integrity check]
2024-12-03 13:30:10,201 [INFO] IntegrityCheckThread:86 - entering critical section [integrity check]
2024-12-03 13:30:10,201 [INFO] ThirdPartyUpdaterWithRetryManager:70 - Updater plugin not ready yet. [1/15]
2024-12-03 13:30:10,202 [INFO] PluginManage:359 - Loaded plugin tools (category:base,tabindex:7)
2024-12-03 13:30:10,202 [INFO] PluginManage:310 - Check plugin tutovideos
2024-12-03 13:30:10,349 [INFO] PluginManage:359 - Loaded plugin tutovideos (category:base,tabindex:-1)
2024-12-03 13:30:10,349 [INFO] PluginManage:310 - Check plugin updater
2024-12-03 13:30:10,358 [INFO] PluginManage:359 - Loaded plugin updater (category:base,tabindex:12)
2024-12-03 13:30:10,358 [INFO] PluginManage:310 - Check plugin userauth
2024-12-03 13:30:10,363 [INFO] UserAuth:114 - Init User Auth plugin
2024-12-03 13:30:10,363 [INFO] PluginManage:359 - Loaded plugin userauth (category:base,tabindex:14)
2024-12-03 13:30:10,364 [INFO] PluginManage:283 - PluginManage : Loaded plugins [17]
2024-12-03 13:30:10,492 [INFO] PinOutPanel:1561 - setPackage(No Configuration,No Configuration)
2024-12-03 13:30:10,540 [INFO] CADModel:165 - CPN selected for project level
2024-12-03 13:30:10,540 [INFO] CADModel:114 - Register for checkConnection events
2024-12-03 13:30:10,557 [INFO] IPUIPlugin:80 - create IPUIPlugin
2024-12-03 13:30:10,557 [INFO] PluginManager:220 - loadIPPluginJar : add adc
2024-12-03 13:30:10,560 [INFO] IPUIPlugin:80 - create IPUIPlugin
2024-12-03 13:30:10,560 [INFO] PluginManager:220 - loadIPPluginJar : add dma3
2024-12-03 13:30:10,562 [INFO] IPUIPlugin:80 - create IPUIPlugin
2024-12-03 13:30:10,562 [INFO] PluginManager:220 - loadIPPluginJar : add opamp
2024-12-03 13:30:10,564 [INFO] IPUIPlugin:80 - create IPUIPlugin
2024-12-03 13:30:10,565 [INFO] PluginManager:220 - loadIPPluginJar : add pdm2pcm
2024-12-03 13:30:10,566 [INFO] IPUIPlugin:80 - create IPUIPlugin
2024-12-03 13:30:10,567 [INFO] PluginManager:220 - loadIPPluginJar : add i2c
2024-12-03 13:30:10,568 [INFO] IPUIPlugin:80 - create IPUIPlugin
2024-12-03 13:30:10,568 [INFO] PluginManager:220 - loadIPPluginJar : add i2s
2024-12-03 13:30:10,569 [INFO] IPUIPlugin:80 - create IPUIPlugin
2024-12-03 13:30:10,569 [INFO] PluginManager:220 - loadIPPluginJar : add gfxmmu
2024-12-03 13:30:10,570 [INFO] IPUIPlugin:80 - create IPUIPlugin
2024-12-03 13:30:10,570 [INFO] PluginManager:220 - loadIPPluginJar : add quadspi
2024-12-03 13:30:10,575 [INFO] IPUIPlugin:80 - create IPUIPlugin
2024-12-03 13:30:10,575 [INFO] PluginManager:220 - loadIPPluginJar : add mdma
2024-12-03 13:30:10,578 [INFO] IPUIPlugin:80 - create IPUIPlugin
2024-12-03 13:30:10,579 [INFO] PluginManager:220 - loadIPPluginJar : add nvic
2024-12-03 13:30:10,583 [INFO] IPUIPlugin:80 - create IPUIPlugin
2024-12-03 13:30:10,583 [INFO] PluginManager:220 - loadIPPluginJar : add dma
2024-12-03 13:30:10,585 [INFO] IPUIPlugin:80 - create IPUIPlugin
2024-12-03 13:30:10,585 [INFO] PluginManager:220 - loadIPPluginJar : add aes
2024-12-03 13:30:10,588 [INFO] IPUIPlugin:80 - create IPUIPlugin
2024-12-03 13:30:10,589 [INFO] PluginManager:220 - loadIPPluginJar : add stm32_wpan
2024-12-03 13:30:10,591 [INFO] IPUIPlugin:80 - create IPUIPlugin
2024-12-03 13:30:10,591 [INFO] PluginManager:220 - loadIPPluginJar : add usart
2024-12-03 13:30:10,592 [INFO] IPUIPlugin:80 - create IPUIPlugin
2024-12-03 13:30:10,593 [INFO] PluginManager:220 - loadIPPluginJar : add genericplugin
2024-12-03 13:30:10,595 [INFO] IPUIPlugin:80 - create IPUIPlugin
2024-12-03 13:30:10,595 [INFO] PluginManager:220 - loadIPPluginJar : add openamp
2024-12-03 13:30:10,598 [INFO] IPUIPlugin:80 - create IPUIPlugin
2024-12-03 13:30:10,598 [INFO] PluginManager:220 - loadIPPluginJar : add ipddr
2024-12-03 13:30:10,600 [INFO] IPUIPlugin:80 - create IPUIPlugin
2024-12-03 13:30:10,600 [INFO] PluginManager:220 - loadIPPluginJar : add lorawan
2024-12-03 13:30:10,602 [INFO] IPUIPlugin:80 - create IPUIPlugin
2024-12-03 13:30:10,602 [INFO] PluginManager:220 - loadIPPluginJar : add gtzc
2024-12-03 13:30:10,603 [INFO] IPUIPlugin:80 - create IPUIPlugin
2024-12-03 13:30:10,603 [INFO] PluginManager:220 - loadIPPluginJar : add can
2024-12-03 13:30:10,604 [INFO] IPUIPlugin:80 - create IPUIPlugin
2024-12-03 13:30:10,604 [INFO] PluginManager:220 - loadIPPluginJar : add fatfs
2024-12-03 13:30:10,606 [INFO] IPUIPlugin:80 - create IPUIPlugin
2024-12-03 13:30:10,607 [INFO] PluginManager:220 - loadIPPluginJar : add gpio
2024-12-03 13:30:10,608 [INFO] IPUIPlugin:80 - create IPUIPlugin
2024-12-03 13:30:10,608 [INFO] PluginManager:220 - loadIPPluginJar : add ts
2024-12-03 13:30:10,609 [INFO] IPUIPlugin:80 - create IPUIPlugin
2024-12-03 13:30:10,609 [INFO] PluginManager:220 - loadIPPluginJar : add dfsdm
2024-12-03 13:30:10,612 [INFO] IPUIPlugin:80 - create IPUIPlugin
2024-12-03 13:30:10,613 [INFO] PluginManager:220 - loadIPPluginJar : add gic
2024-12-03 13:30:10,617 [INFO] IPUIPlugin:80 - create IPUIPlugin
2024-12-03 13:30:10,617 [INFO] PluginManager:220 - loadIPPluginJar : add linkedlist
2024-12-03 13:30:10,618 [INFO] IPUIPlugin:80 - create IPUIPlugin
2024-12-03 13:30:10,618 [INFO] PluginManager:220 - loadIPPluginJar : add tim
2024-12-03 13:30:10,619 [INFO] IPUIPlugin:80 - create IPUIPlugin
2024-12-03 13:30:10,619 [INFO] PluginManager:220 - loadIPPluginJar : add tracer_emb
2024-12-03 13:30:10,621 [INFO] IPUIPlugin:80 - create IPUIPlugin
2024-12-03 13:30:10,621 [INFO] PluginManager:220 - loadIPPluginJar : add extmemmanager
2024-12-03 13:30:10,622 [INFO] IPUIPlugin:80 - create IPUIPlugin
2024-12-03 13:30:10,622 [INFO] PluginManager:220 - loadIPPluginJar : add spi
2024-12-03 13:30:10,623 [INFO] IPUIPlugin:80 - create IPUIPlugin
2024-12-03 13:30:10,623 [INFO] PluginManager:220 - loadIPPluginJar : add comp
2024-12-03 13:30:10,624 [INFO] IPUIPlugin:80 - create IPUIPlugin
2024-12-03 13:30:10,624 [INFO] PluginManager:220 - loadIPPluginJar : add sai
2024-12-03 13:30:10,625 [INFO] IPUIPlugin:80 - create IPUIPlugin
2024-12-03 13:30:10,625 [INFO] PluginManager:220 - loadIPPluginJar : add ucpd
2024-12-03 13:30:10,626 [INFO] IPUIPlugin:80 - create IPUIPlugin
2024-12-03 13:30:10,626 [INFO] PluginManager:220 - loadIPPluginJar : add ltdc
2024-12-03 13:30:10,628 [INFO] IPUIPlugin:80 - create IPUIPlugin
2024-12-03 13:30:10,628 [INFO] PluginManager:220 - loadIPPluginJar : add touchsensing
2024-12-03 13:30:10,632 [INFO] IPUIPlugin:80 - create IPUIPlugin
2024-12-03 13:30:10,633 [INFO] PluginManager:220 - loadIPPluginJar : add plateformsettings
2024-12-03 13:30:10,635 [INFO] IPUIPlugin:80 - create IPUIPlugin
2024-12-03 13:30:10,636 [INFO] PluginManager:220 - loadIPPluginJar : add resmgrutility
2024-12-03 13:30:10,637 [INFO] IPUIPlugin:80 - create IPUIPlugin
2024-12-03 13:30:10,637 [INFO] PluginManager:220 - loadIPPluginJar : add cryp
2024-12-03 13:30:10,641 [INFO] IPUIPlugin:80 - create IPUIPlugin
2024-12-03 13:30:10,642 [INFO] PluginManager:220 - loadIPPluginJar : add fmc
2024-12-03 13:30:10,643 [INFO] IPUIPlugin:80 - create IPUIPlugin
2024-12-03 13:30:10,643 [INFO] PluginManager:220 - loadIPPluginJar : add tsc
2024-12-03 13:30:10,645 [INFO] IPUIPlugin:80 - create IPUIPlugin
2024-12-03 13:30:10,645 [INFO] PluginManager:220 - loadIPPluginJar : add hash
2024-12-03 13:30:10,650 [INFO] IPUIPlugin:80 - create IPUIPlugin
2024-12-03 13:30:10,650 [INFO] PluginManager:220 - loadIPPluginJar : add freertos
2024-12-03 13:30:10,652 [INFO] IPUIPlugin:80 - create IPUIPlugin
2024-12-03 13:30:10,652 [INFO] PluginManager:220 - loadIPPluginJar : add usbx
2024-12-03 13:30:10,654 [INFO] IPUIPlugin:80 - create IPUIPlugin
2024-12-03 13:30:10,654 [INFO] PluginManager:220 - loadIPPluginJar : add i3c
2024-12-03 13:30:10,752 [INFO] CADModel:165 - CPN selected for project level
2024-12-03 13:30:10,752 [INFO] CADModel:114 - Register for checkConnection events
2024-12-03 13:30:10,752 [FATAL] Updater:308 - Updater called before beeing initialized
2024-12-03 13:30:10,752 [ERROR] CADModel:125 - Updater not yet initialized, retry later 
2024-12-03 13:30:10,880 [INFO] CADModel:165 - CPN selected for project level
2024-12-03 13:30:10,880 [INFO] CADModel:114 - Register for checkConnection events
2024-12-03 13:30:10,880 [FATAL] Updater:308 - Updater called before beeing initialized
2024-12-03 13:30:10,880 [ERROR] CADModel:125 - Updater not yet initialized, retry later 
2024-12-03 13:30:10,883 [FATAL] Updater:308 - Updater called before beeing initialized
2024-12-03 13:30:10,929 [FATAL] Updater:308 - Updater called before beeing initialized
2024-12-03 13:30:10,931 [INFO] DbMcusAds:53 - JSON generation date=Fri Sep 20 18:34:38 IST 2024 (1726837478367)
2024-12-03 13:30:10,931 [FATAL] Updater:308 - Updater called before beeing initialized
2024-12-03 13:30:10,958 [WARN] DetailPanel:346 - Failed to get advertising image, set to default
2024-12-03 13:30:11,011 [FATAL] Updater:308 - Updater called before beeing initialized
2024-12-03 13:30:11,013 [FATAL] Updater:308 - Updater called before beeing initialized
2024-12-03 13:30:11,013 [FATAL] Updater:308 - Updater called before beeing initialized
2024-12-03 13:30:11,013 [WARN] DetailPanel:346 - Failed to get advertising image, set to default
2024-12-03 13:30:11,013 [FATAL] Updater:308 - Updater called before beeing initialized
2024-12-03 13:30:11,030 [ERROR] Updater:1120 - MainUpdater not yet initialized. External WinMGr cannot be set.
2024-12-03 13:30:11,031 [INFO] Updater:1056 - Updater Version found : 6.11.1
2024-12-03 13:30:11,047 [INFO] ApplicationProperties:184 - Using Application install path: /opt/st/stm32cubeide_1.15.1/plugins/com.st.stm32cube.common.mx_6.11.1.202404110753
2024-12-03 13:30:11,266 [INFO] MainUpdater:2873 - connection check result : 10
2024-12-03 13:30:11,266 [INFO] MainUpdater:290 - Updater Check For Update Now.
2024-12-03 13:30:11,266 [INFO] MicroXplorer:498 - Change Database Version : DB.6.0.111
2024-12-03 13:30:11,269 [INFO] McuFinderGlobals:63 - Set McuFinder mode to 2 (CubeIDE integrated)
2024-12-03 13:30:11,270 [INFO] UserAuth:179 - activating auth plugin
2024-12-03 13:30:11,273 [INFO] UserAuth:415 - Internet connection configuration mode: 1
2024-12-03 13:30:11,285 [INFO] JxBrowserEngine:152 - Initiate JxBrowser Engine with user profile folder
2024-12-03 13:30:11,427 [INFO] CheckServerUpdateThread:120 - End of CheckServer Thread
2024-12-03 13:30:12,055 [INFO] WebApp:161 - Instantiating new browser for Auth
2024-12-03 13:30:12,474 [INFO] WebApp:779 - Register for checkConnection events
2024-12-03 13:30:12,475 [INFO] WebApp:414 - Apply proxy settings
2024-12-03 13:30:12,475 [INFO] WebApp:499 - Chromium requires no authentication
2024-12-03 13:30:12,478 [INFO] WebApp:442 - Direct internet connection detected
2024-12-03 13:30:12,549 [INFO] WebApp:192 - Starting web application
2024-12-03 13:30:12,549 [INFO] WebApp:544 - Web application path used /opt/st/stm32cubeide_1.15.1/plugins/com.st.stm32cube.common.mx_6.11.1.202404110753/db/plugins/mcufinder/reactClient1/index.html
2024-12-03 13:30:13,311 [WARN] PackLoader:240 - Cannot read IP mode file for STMicroelectronics.FP-SNS-MOTENVWB1.1.4.0
2024-12-03 13:30:13,315 [WARN] PackLoader:240 - Cannot read IP mode file for STMicroelectronics.FP-ATR-ASTRA1.2.0.1
2024-12-03 13:30:13,319 [WARN] PackLoader:240 - Cannot read IP mode file for STMicroelectronics.X-CUBE-SMBUS.2.1.0
2024-12-03 13:30:13,323 [WARN] PackLoader:240 - Cannot read IP mode file for STMicroelectronics.X-CUBE-WB05N.1.1.0
2024-12-03 13:30:13,339 [WARN] PackLoader:240 - Cannot read IP mode file for STMicroelectronics.X-CUBE-AZRTOS-F7.1.1.0
2024-12-03 13:30:13,377 [WARN] PackLoader:240 - Cannot read IP mode file for STMicroelectronics.X-CUBE-MEMS1.11.0.0
2024-12-03 13:30:13,457 [WARN] PackLoader:240 - Cannot read IP mode file for STMicroelectronics.FP-SNS-FLIGHT1.5.0.2
2024-12-03 13:30:13,466 [WARN] PackLoader:240 - Cannot read IP mode file for STMicroelectronics.X-CUBE-DISPLAY.3.0.0
2024-12-03 13:30:13,476 [WARN] PackLoader:240 - Cannot read IP mode file for STMicroelectronics.X-CUBE-BLE1.7.0.0
2024-12-03 13:30:13,484 [WARN] PackLoader:240 - Cannot read IP mode file for STMicroelectronics.X-CUBE-NFC10.1.0.0
2024-12-03 13:30:13,490 [WARN] PackLoader:240 - Cannot read IP mode file for emotas.I-CUBE-CANOPEN.1.3.0
2024-12-03 13:30:13,501 [WARN] PackLoader:240 - Cannot read IP mode file for STMicroelectronics.X-CUBE-BLEMGR.3.1.0
2024-12-03 13:30:13,519 [WARN] PackLoader:240 - Cannot read IP mode file for STMicroelectronics.FP-SNS-SMARTAG2.1.2.0
2024-12-03 13:30:13,532 [INFO] LogOutputStream:77 - [STDOUT_REDIRECT] 1 : Invalid condition id : UX_CORESTACK_Condition cause : null
2024-12-03 13:30:13,533 [INFO] LogOutputStream:77 - [STDOUT_REDIRECT] 1 : Invalid condition id : UX_CORESTACK_Condition cause : null
2024-12-03 13:30:13,533 [INFO] LogOutputStream:77 - [STDOUT_REDIRECT] 1 : Invalid condition id : UX_CORESTACK_Condition cause : null
2024-12-03 13:30:13,533 [INFO] LogOutputStream:77 - [STDOUT_REDIRECT] 1 : Invalid condition id : UX_CORESTACK_Condition cause : null
2024-12-03 13:30:13,534 [INFO] LogOutputStream:77 - [STDOUT_REDIRECT] 1 : Invalid condition id : UX_CORESTACK_Condition cause : null
2024-12-03 13:30:13,537 [WARN] PackLoader:240 - Cannot read IP mode file for STMicroelectronics.X-CUBE-AZRTOS-WL.2.0.0
2024-12-03 13:30:13,546 [WARN] PackLoader:240 - Cannot read IP mode file for STMicroelectronics.FP-SNS-MOTENV1.5.0.0
2024-12-03 13:30:13,549 [WARN] PackLoader:240 - Cannot read IP mode file for wolfSSL.I-CUBE-wolfMQTT.1.19.0
2024-12-03 13:30:13,559 [WARN] PackLoader:240 - Cannot read IP mode file for WES.I-CUBE-Cesium.1.3.0
2024-12-03 13:30:13,564 [WARN] PackLoader:240 - Cannot read IP mode file for STMicroelectronics.X-CUBE-BLE2.3.3.0
2024-12-03 13:30:13,569 [WARN] PackLoader:240 - Cannot read IP mode file for STMicroelectronics.X-CUBE-NFC9.1.0.0
2024-12-03 13:30:13,576 [WARN] PackLoader:240 - Cannot read IP mode file for STMicroelectronics.X-CUBE-TCPP.4.1.0
2024-12-03 13:30:13,591 [WARN] PackLoader:240 - Cannot read IP mode file for STMicroelectronics.X-CUBE-AZRTOS-G0.1.1.0
2024-12-03 13:30:13,598 [WARN] PackLoader:240 - Cannot read IP mode file for STMicroelectronics.X-CUBE-SAFEA1.1.2.2
2024-12-03 13:30:13,602 [WARN] PackLoader:240 - Cannot read IP mode file for STMicroelectronics.X-CUBE-NFC4.3.0.0
2024-12-03 13:30:13,611 [WARN] PackLoader:240 - Cannot read IP mode file for EmbeddedOffice.I-CUBE-FS-RTOS.1.0.1
2024-12-03 13:30:13,611 [ERROR] ConditionMgr:805 - Attr not supported : Dmpu
2024-12-03 13:30:13,611 [ERROR] ConditionMgr:805 - Attr not supported : Dmpu
2024-12-03 13:30:13,611 [ERROR] ConditionMgr:805 - Attr not supported : Dmpu
2024-12-03 13:30:13,611 [ERROR] ConditionMgr:805 - Attr not supported : Dmpu
2024-12-03 13:30:13,611 [ERROR] ConditionMgr:805 - Attr not supported : Dmpu
2024-12-03 13:30:13,611 [ERROR] ConditionMgr:805 - Attr not supported : Dmpu
2024-12-03 13:30:13,611 [ERROR] ConditionMgr:805 - Attr not supported : Dmpu
2024-12-03 13:30:13,611 [ERROR] ConditionMgr:805 - Attr not supported : Dmpu
2024-12-03 13:30:13,611 [ERROR] ConditionMgr:805 - Attr not supported : Dmpu
2024-12-03 13:30:13,611 [ERROR] ConditionMgr:805 - Attr not supported : Dmpu
2024-12-03 13:30:13,612 [ERROR] ConditionMgr:805 - Attr not supported : Dmpu
2024-12-03 13:30:13,612 [ERROR] ConditionMgr:805 - Attr not supported : Dmpu
2024-12-03 13:30:13,612 [ERROR] ConditionMgr:805 - Attr not supported : Dmpu
2024-12-03 13:30:13,612 [ERROR] ConditionMgr:805 - Attr not supported : Dmpu
2024-12-03 13:30:13,612 [ERROR] ConditionMgr:805 - Attr not supported : Dmpu
2024-12-03 13:30:13,612 [ERROR] ConditionMgr:805 - Attr not supported : Dmpu
2024-12-03 13:30:13,612 [ERROR] ConditionMgr:805 - Attr not supported : Dmpu
2024-12-03 13:30:13,612 [ERROR] ConditionMgr:805 - Attr not supported : Dmpu
2024-12-03 13:30:13,612 [ERROR] ConditionMgr:805 - Attr not supported : Dmpu
2024-12-03 13:30:13,612 [ERROR] ConditionMgr:805 - Attr not supported : Dmpu
2024-12-03 13:30:13,612 [ERROR] ConditionMgr:805 - Attr not supported : Dmpu
2024-12-03 13:30:13,612 [ERROR] ConditionMgr:805 - Attr not supported : Dmpu
2024-12-03 13:30:13,612 [ERROR] ConditionMgr:805 - Attr not supported : Dmpu
2024-12-03 13:30:13,612 [ERROR] ConditionMgr:805 - Attr not supported : Dmpu
2024-12-03 13:30:13,612 [ERROR] ConditionMgr:805 - Attr not supported : Dmpu
2024-12-03 13:30:13,612 [ERROR] ConditionMgr:805 - Attr not supported : Dmpu
2024-12-03 13:30:13,613 [ERROR] ConditionMgr:805 - Attr not supported : Dmpu
2024-12-03 13:30:13,613 [ERROR] ConditionMgr:805 - Attr not supported : Dmpu
2024-12-03 13:30:13,613 [ERROR] ConditionMgr:805 - Attr not supported : Dmpu
2024-12-03 13:30:13,613 [ERROR] ConditionMgr:805 - Attr not supported : Dmpu
2024-12-03 13:30:13,613 [ERROR] ConditionMgr:805 - Attr not supported : Dmpu
2024-12-03 13:30:13,613 [ERROR] ConditionMgr:805 - Attr not supported : Dmpu
2024-12-03 13:30:13,613 [ERROR] ConditionMgr:805 - Attr not supported : Dmpu
2024-12-03 13:30:13,613 [ERROR] ConditionMgr:805 - Attr not supported : Dmpu
2024-12-03 13:30:13,613 [ERROR] ConditionMgr:805 - Attr not supported : Dmpu
2024-12-03 13:30:13,613 [ERROR] ConditionMgr:805 - Attr not supported : Dmpu
2024-12-03 13:30:13,613 [ERROR] ConditionMgr:805 - Attr not supported : Dmpu
2024-12-03 13:30:13,613 [ERROR] ConditionMgr:805 - Attr not supported : Dmpu
2024-12-03 13:30:13,613 [ERROR] ConditionMgr:805 - Attr not supported : Dmpu
2024-12-03 13:30:13,613 [ERROR] ConditionMgr:805 - Attr not supported : Dmpu
2024-12-03 13:30:13,613 [ERROR] ConditionMgr:805 - Attr not supported : Dmpu
2024-12-03 13:30:13,614 [ERROR] ConditionMgr:805 - Attr not supported : Dmpu
2024-12-03 13:30:13,614 [ERROR] ConditionMgr:805 - Attr not supported : Dmpu
2024-12-03 13:30:13,614 [ERROR] ConditionMgr:805 - Attr not supported : Dmpu
2024-12-03 13:30:13,614 [ERROR] ConditionMgr:805 - Attr not supported : Dmpu
2024-12-03 13:30:13,614 [ERROR] ConditionMgr:805 - Attr not supported : Dmpu
2024-12-03 13:30:13,614 [ERROR] ConditionMgr:805 - Attr not supported : Dmpu
2024-12-03 13:30:13,614 [ERROR] ConditionMgr:805 - Attr not supported : Dmpu
2024-12-03 13:30:13,614 [ERROR] ConditionMgr:805 - Attr not supported : Dmpu
2024-12-03 13:30:13,614 [ERROR] ConditionMgr:805 - Attr not supported : Dmpu
2024-12-03 13:30:13,614 [ERROR] ConditionMgr:805 - Attr not supported : Dmpu
2024-12-03 13:30:13,614 [ERROR] ConditionMgr:805 - Attr not supported : Dmpu
2024-12-03 13:30:13,614 [ERROR] ConditionMgr:805 - Attr not supported : Dmpu
2024-12-03 13:30:13,614 [ERROR] ConditionMgr:805 - Attr not supported : Dmpu
2024-12-03 13:30:13,614 [ERROR] ConditionMgr:805 - Attr not supported : Dmpu
2024-12-03 13:30:13,614 [ERROR] ConditionMgr:805 - Attr not supported : Dmpu
2024-12-03 13:30:13,614 [ERROR] ConditionMgr:805 - Attr not supported : Dmpu
2024-12-03 13:30:13,615 [ERROR] ConditionMgr:805 - Attr not supported : Dmpu
2024-12-03 13:30:13,615 [ERROR] ConditionMgr:805 - Attr not supported : Dmpu
2024-12-03 13:30:13,615 [ERROR] ConditionMgr:805 - Attr not supported : Dmpu
2024-12-03 13:30:13,615 [ERROR] ConditionMgr:805 - Attr not supported : Dmpu
2024-12-03 13:30:13,615 [ERROR] ConditionMgr:805 - Attr not supported : Dmpu
2024-12-03 13:30:13,615 [ERROR] ConditionMgr:805 - Attr not supported : Dmpu
2024-12-03 13:30:13,615 [ERROR] ConditionMgr:805 - Attr not supported : Dmpu
2024-12-03 13:30:13,618 [WARN] PackLoader:240 - Cannot read IP mode file for RealThread.X-CUBE-RT-Thread_Nano.4.1.1
2024-12-03 13:30:13,621 [WARN] PackLoader:240 - Cannot read IP mode file for wolfSSL.I-CUBE-wolfSSL.5.7.0
2024-12-03 13:30:13,624 [WARN] PackLoader:240 - Cannot read IP mode file for STMicroelectronics.FP-ATR-SIGFOX1.3.2.0
2024-12-03 13:30:13,627 [WARN] ConditionMgr:438 - getConditionDescription Invalid condition id : Cortex-A Device cause : null
2024-12-03 13:30:13,637 [WARN] ConditionMgr:1039 - genDependencies : Invalid condition id : Cortex-A Device cause : null
2024-12-03 13:30:13,637 [WARN] ConditionMgr:1039 - genDependencies : Invalid condition id : Cortex-A Device cause : null
2024-12-03 13:30:13,637 [WARN] ConditionMgr:1039 - genDependencies : Invalid condition id : Cortex-A Device cause : null
2024-12-03 13:30:13,642 [WARN] PackLoader:240 - Cannot read IP mode file for STMicroelectronics.X-CUBE-EEPRMA1.5.1.0
2024-12-03 13:30:13,647 [WARN] PackLoader:240 - Cannot read IP mode file for ITTIA_DB.I-CUBE-ITTIADB.8.9.0
2024-12-03 13:30:13,675 [WARN] PackLoader:240 - Cannot read IP mode file for SEGGER.I-CUBE-embOS.1.3.1
2024-12-03 13:30:13,725 [WARN] PackLoader:240 - Cannot read IP mode file for STMicroelectronics.X-CUBE-ALGOBUILD.1.4.0
2024-12-03 13:30:13,730 [WARN] PackLoader:240 - Cannot read IP mode file for STMicroelectronics.X-CUBE-GNSS1.6.0.0
2024-12-03 13:30:13,747 [WARN] PackLoader:240 - Cannot read IP mode file for STMicroelectronics.X-CUBE-AZRTOS-F4.1.1.0
2024-12-03 13:30:13,753 [WARN] PackLoader:240 - Cannot read IP mode file for STMicroelectronics.X-CUBE-ISPU.2.1.0
2024-12-03 13:30:13,758 [WARN] PackLoader:240 - Cannot read IP mode file for STMicroelectronics.X-CUBE-FREERTOS.1.2.0
2024-12-03 13:30:13,774 [WARN] PackLoader:240 - Cannot read IP mode file for STMicroelectronics.X-CUBE-AZRTOS-L5.2.0.0
2024-12-03 13:30:13,784 [WARN] PackLoader:240 - Cannot read IP mode file for STMicroelectronics.X-CUBE-NFC6.3.1.0
2024-12-03 13:30:13,790 [WARN] PackLoader:240 - Cannot read IP mode file for STMicroelectronics.X-CUBE-DPower.1.2.0
2024-12-03 13:30:13,794 [WARN] PackLoader:240 - Cannot read IP mode file for STMicroelectronics.X-CUBE-AI.9.0.0
2024-12-03 13:30:13,797 [WARN] PackLoader:240 - Cannot read IP mode file for STMicroelectronics.X-CUBE-NFC7.1.0.1
2024-12-03 13:30:13,800 [WARN] PackLoader:240 - Cannot read IP mode file for wolfSSL.I-CUBE-wolfTPM.3.2.0
2024-12-03 13:30:13,808 [WARN] ConditionMgr:438 - getConditionDescription Invalid condition id : LAN8742 Phy interface Condition cause : null
2024-12-03 13:30:13,808 [WARN] PackLoader:240 - Cannot read IP mode file for STMicroelectronics.X-CUBE-AZRTOS-L4.2.0.0
2024-12-03 13:30:13,809 [WARN] ConditionMgr:1039 - genDependencies : Invalid condition id : LAN8742 Phy interface Condition cause : null
2024-12-03 13:30:13,809 [WARN] ConditionMgr:1039 - genDependencies : Invalid condition id : LAN8742 Phy interface Condition cause : null
2024-12-03 13:30:13,809 [WARN] ConditionMgr:1039 - genDependencies : Invalid condition id : LAN8742 Phy interface Condition cause : null
2024-12-03 13:30:13,813 [WARN] PackLoader:240 - Cannot read IP mode file for STMicroelectronics.X-CUBE-SFXS2LP1.4.0.0
2024-12-03 13:30:13,823 [WARN] PackLoader:240 - Cannot read IP mode file for STMicroelectronics.X-CUBE-AZRTOS-H7.3.3.0
2024-12-03 13:30:13,833 [WARN] PackLoader:240 - Cannot read IP mode file for STMicroelectronics.X-CUBE-IPS.3.0.0
2024-12-03 13:30:13,843 [WARN] ConditionMgr:438 - getConditionDescription Invalid condition id : UX DEVICE CLASS RTOS Condition cause : null
2024-12-03 13:30:13,843 [WARN] ConditionMgr:438 - getConditionDescription Invalid condition id : UX DEVICE CLASS RTOS Condition cause : null
2024-12-03 13:30:13,844 [WARN] PackLoader:240 - Cannot read IP mode file for STMicroelectronics.X-CUBE-AZRTOS-WB.2.0.0
2024-12-03 13:30:13,844 [WARN] ConditionMgr:1039 - genDependencies : Invalid condition id : UX DEVICE CLASS RTOS Condition cause : null
2024-12-03 13:30:13,844 [WARN] ConditionMgr:1039 - genDependencies : Invalid condition id : UX DEVICE CLASS RTOS Condition cause : null
2024-12-03 13:30:13,845 [WARN] ConditionMgr:1039 - genDependencies : Invalid condition id : UX DEVICE CLASS RTOS Condition cause : null
2024-12-03 13:30:13,845 [WARN] ConditionMgr:1039 - genDependencies : Invalid condition id : UX DEVICE CLASS RTOS Condition cause : null
2024-12-03 13:30:13,845 [WARN] ConditionMgr:1039 - genDependencies : Invalid condition id : UX DEVICE CLASS RTOS Condition cause : null
2024-12-03 13:30:13,848 [WARN] PackLoader:240 - Cannot read IP mode file for STMicroelectronics.X-CUBE-GNSS1.7.0.0
2024-12-03 13:30:13,851 [WARN] PackLoader:240 - Cannot read IP mode file for STMicroelectronics.FP-SNS-STBOX1.2.0.0
2024-12-03 13:30:13,857 [WARN] PackLoader:240 - Cannot read IP mode file for STMicroelectronics.X-CUBE-SUBG2.5.0.0
2024-12-03 13:30:13,863 [WARN] PackLoader:240 - Cannot read IP mode file for Cesanta.I-CUBE-Mongoose.7.13.0
2024-12-03 13:30:13,869 [WARN] PackLoader:240 - Cannot read IP mode file for STMicroelectronics.X-CUBE-AZRTOS-G4.2.0.0
2024-12-03 13:30:13,872 [WARN] PackLoader:240 - Cannot read IP mode file for STMicroelectronics.X-CUBE-ISPU.2.0.0
2024-12-03 13:30:13,874 [WARN] PackLoader:240 - Cannot read IP mode file for STMicroelectronics.X-CUBE-ALS.1.0.2
2024-12-03 13:30:13,907 [WARN] PackLoader:240 - Cannot read IP mode file for STMicroelectronics.X-CUBE-MEMS1.10.0.0
2024-12-03 13:30:14,044 [WARN] PackLoader:240 - Cannot read IP mode file for STMicroelectronics.X-CUBE-TOUCHGFX.4.24.0
2024-12-03 13:30:14,046 [WARN] PackLoader:240 - Cannot read IP mode file for STMicroelectronics.X-CUBE-TOUCHGFX.4.24.1
2024-12-03 13:30:14,049 [WARN] PackLoader:240 - Cannot read IP mode file for portGmbH.I-Cube-SoM-uGOAL.1.1.0
2024-12-03 13:30:14,062 [WARN] PackLoader:240 - Cannot read IP mode file for STMicroelectronics.X-CUBE-AZRTOS-H7RS.1.0.0
2024-12-03 13:30:14,067 [WARN] PackLoader:240 - Cannot read IP mode file for STMicroelectronics.FP-ATR-ASTRA1.2.0.0
2024-12-03 13:30:14,075 [WARN] PackLoader:240 - Cannot read IP mode file for STMicroelectronics.X-CUBE-TOF1.3.4.2
2024-12-03 13:30:14,089 [WARN] PackLoader:240 - Cannot read IP mode file for STMicroelectronics.X-CUBE-TOF1.3.4.1
2024-12-03 13:30:14,110 [WARN] PackLoader:240 - Cannot read IP mode file for STMicroelectronics.X-CUBE-AZRTOS-H7.3.2.0
2024-12-03 13:30:14,123 [WARN] PackLoader:240 - Cannot read IP mode file for Infineon.AIROC-Wi-Fi-Bluetooth-STM32.1.6.0
2024-12-03 13:30:14,127 [WARN] PackLoader:240 - Cannot read IP mode file for wolfSSL.I-CUBE-wolfSSH.1.4.17
2024-12-03 13:30:14,128 [INFO] ThirdParty:978 - Integrity check success = true
2024-12-03 13:30:14,128 [INFO] IntegrityCheckThread:100 - exiting critical section [integrity check]
2024-12-03 13:30:14,128 [INFO] IntegrityCheckThread:103 - End integrity checks thread
2024-12-03 21:15:04,719 [INFO] LogOutputStream:77 - [STDOUT_REDIRECT] StartTraceHandler.execute(), success : Collect=true
2024-12-03 21:35:56,387 [INFO] LogOutputStream:77 - [STDOUT_REDIRECT] StartTraceHandler.execute(), success : Collect=false
2024-12-03 21:36:01,851 [INFO] LogOutputStream:77 - [STDOUT_REDIRECT] StartTraceHandler.execute(), success : Collect=true
