2024-12-02 21:42:41,928 [INFO] Activator:176 - 


2024-12-02 21:42:41,935 [INFO] Activator:177 - !SESSION log4j initialized
2024-12-02 21:42:49,690 [INFO] LogOutputStream:77 - [STDOUT_REDIRECT] 
2024-12-02 21:42:51,232 [INFO] ApplicationProperties:184 - Using Application install path: /opt/st/stm32cubeide_1.15.1/plugins/com.st.stm32cube.common.mx_6.11.1.202404110753
2024-12-02 21:42:51,269 [INFO] DbMcusXml:78 - Set database path to: /opt/st/stm32cubeide_1.15.1/plugins/com.st.stm32cube.common.mx_6.11.1.202404110753//db//mcu/
2024-12-02 21:42:51,270 [INFO] ApiDb:274 - Set plugin database path to: /opt/st/stm32cubeide_1.15.1/plugins/com.st.stm32cube.common.mx_6.11.1.202404110753//db//plugins/boardmanager/
2024-12-02 21:42:51,271 [WARN] ApiDb:259 - Overriding images path with different value:  => /opt/st/stm32cubeide_1.15.1/plugins/com.st.stm32cube.common.mx_6.11.1.202404110753//db//plugins/mcufinder/images/
2024-12-02 21:42:51,286 [INFO] ApiDb:250 - Set database path to: /home/poojaa/.stmcufinder/plugins/mcufinder//mcu/
2024-12-02 21:42:51,290 [INFO] DbMcusAds:125 - Set database path to: /home/poojaa/.stmcufinder/plugins/mcufinder//mcu/
2024-12-02 21:42:51,295 [INFO] CrossReferenceDbSqlite:203 - Set database path to: /home/poojaa/.stmcufinder/plugins/mcufinder//mcu/cs/
2024-12-02 21:42:51,674 [INFO] RulesReader:64 - Compatibility file has been processed (297 Rules)
2024-12-02 21:42:51,864 [INFO] DbMcusXml:78 - Set database path to: /opt/st/stm32cubeide_1.15.1/plugins/com.st.stm32cube.common.mx_6.11.1.202404110753//db//mcu/
2024-12-02 21:42:51,865 [INFO] ApiDb:274 - Set plugin database path to: /opt/st/stm32cubeide_1.15.1/plugins/com.st.stm32cube.common.mx_6.11.1.202404110753//db//plugins/boardmanager/
2024-12-02 21:42:51,865 [INFO] ApiDb:261 - Set plugin images path to: /opt/st/stm32cubeide_1.15.1/plugins/com.st.stm32cube.common.mx_6.11.1.202404110753//db//plugins/mcufinder/images/
2024-12-02 21:42:51,866 [WARN] DbFile:41 - Overriding database path with different value: /home/poojaa/.stmcufinder/plugins/mcufinder/ => /home/poojaa/.stmcufinder/plugins/mcufinder
2024-12-02 21:42:51,867 [INFO] ApiDb:250 - Set database path to: /home/poojaa/.stmcufinder/plugins/mcufinder//mcu/
2024-12-02 21:42:51,867 [WARN] DbFile:41 - Overriding database path with different value: /home/poojaa/.stmcufinder/plugins/mcufinder/ => /home/poojaa/.stmcufinder/plugins/mcufinder
2024-12-02 21:42:51,868 [INFO] DbMcusAds:125 - Set database path to: /home/poojaa/.stmcufinder/plugins/mcufinder//mcu/
2024-12-02 21:42:51,868 [WARN] DbFile:41 - Overriding database path with different value: /home/poojaa/.stmcufinder/plugins/mcufinder/ => /home/poojaa/.stmcufinder/plugins/mcufinder
2024-12-02 21:42:51,868 [WARN] DbFile:41 - Overriding database path with different value: /home/poojaa/.stmcufinder/plugins/mcufinder/ => /home/poojaa/.stmcufinder/plugins/mcufinder
2024-12-02 21:42:51,869 [INFO] CrossReferenceDbSqlite:203 - Set database path to: /home/poojaa/.stmcufinder/plugins/mcufinder//mcu/cs/
2024-12-02 21:42:52,082 [INFO] MainPanel:264 - HeapMemory: 268435456
2024-12-02 21:42:52,313 [INFO] DbMcusXml:78 - Set database path to: /opt/st/stm32cubeide_1.15.1/plugins/com.st.stm32cube.common.mx_6.11.1.202404110753//db//mcu/
2024-12-02 21:42:52,313 [INFO] ApiDb:274 - Set plugin database path to: /opt/st/stm32cubeide_1.15.1/plugins/com.st.stm32cube.common.mx_6.11.1.202404110753//db//plugins/boardmanager/
2024-12-02 21:42:52,313 [INFO] ApiDb:261 - Set plugin images path to: /opt/st/stm32cubeide_1.15.1/plugins/com.st.stm32cube.common.mx_6.11.1.202404110753//db//plugins/mcufinder/images/
2024-12-02 21:42:52,314 [WARN] DbFile:41 - Overriding database path with different value: /home/poojaa/.stmcufinder/plugins/mcufinder/ => /home/poojaa/.stmcufinder/plugins/mcufinder
2024-12-02 21:42:52,315 [INFO] ApiDb:250 - Set database path to: /home/poojaa/.stmcufinder/plugins/mcufinder//mcu/
2024-12-02 21:42:52,315 [WARN] DbFile:41 - Overriding database path with different value: /home/poojaa/.stmcufinder/plugins/mcufinder/ => /home/poojaa/.stmcufinder/plugins/mcufinder
2024-12-02 21:42:52,315 [INFO] DbMcusAds:125 - Set database path to: /home/poojaa/.stmcufinder/plugins/mcufinder//mcu/
2024-12-02 21:42:52,315 [WARN] DbFile:41 - Overriding database path with different value: /home/poojaa/.stmcufinder/plugins/mcufinder/ => /home/poojaa/.stmcufinder/plugins/mcufinder
2024-12-02 21:42:52,316 [WARN] DbFile:41 - Overriding database path with different value: /home/poojaa/.stmcufinder/plugins/mcufinder/ => /home/poojaa/.stmcufinder/plugins/mcufinder
2024-12-02 21:42:52,316 [INFO] CrossReferenceDbSqlite:203 - Set database path to: /home/poojaa/.stmcufinder/plugins/mcufinder//mcu/cs/
2024-12-02 21:42:52,354 [INFO] ApplicationProperties:184 - Using Application install path: /opt/st/stm32cubeide_1.15.1/plugins/com.st.stm32cube.common.mx_6.11.1.202404110753
2024-12-02 21:42:52,358 [INFO] PluginManage:196 - Search for loadable plugins [exclusion list=, ]
2024-12-02 21:42:52,361 [INFO] PluginManage:310 - Check plugin analytics
2024-12-02 21:42:52,747 [INFO] AnalyticsPlugin:253 - Accepted Software Licenses: 
2024-12-02 21:42:52,747 [INFO] AnalyticsPlugin:255 - Accepted CMSIS Pack Licenses: 
2024-12-02 21:42:52,748 [INFO] AnalyticsPlugin:257 - Accepted Firmware Licenses: 
2024-12-02 21:42:52,753 [INFO] PluginManage:359 - Loaded plugin analytics (category:tool,tabindex:-1)
2024-12-02 21:42:52,754 [INFO] PluginManage:310 - Check plugin cadmodel
2024-12-02 21:42:52,817 [INFO] CADModel:105 - Init CAD model plugin
2024-12-02 21:42:52,818 [INFO] PluginManage:359 - Loaded plugin cadmodel (category:power,tabindex:5)
2024-12-02 21:42:52,818 [INFO] PluginManage:310 - Check plugin clock
2024-12-02 21:42:52,837 [INFO] PluginManage:359 - Loaded plugin clock (category:base,tabindex:2)
2024-12-02 21:42:52,838 [INFO] PluginManage:310 - Check plugin ddr
2024-12-02 21:42:52,842 [INFO] PluginManage:359 - Loaded plugin ddr (category:tool,tabindex:6)
2024-12-02 21:42:52,842 [INFO] PluginManage:310 - Check plugin filemanager
2024-12-02 21:42:53,066 [INFO] PluginManage:359 - Loaded plugin filemanager (category:base,tabindex:10)
2024-12-02 21:42:53,067 [INFO] PluginManage:310 - Check plugin ipmanager
2024-12-02 21:42:53,075 [INFO] PluginManage:359 - Loaded plugin ipmanager (category:base,tabindex:5)
2024-12-02 21:42:53,075 [INFO] PluginManage:310 - Check plugin lpbam
2024-12-02 21:42:53,088 [INFO] PluginManage:359 - Loaded plugin lpbam (category:base,tabindex:0)
2024-12-02 21:42:53,088 [INFO] PluginManage:310 - Check plugin memorymap
2024-12-02 21:42:53,103 [INFO] PluginManage:359 - Loaded plugin memorymap (category:base,tabindex:4)
2024-12-02 21:42:53,103 [INFO] PluginManage:310 - Check plugin pinoutandconfiguration
2024-12-02 21:42:53,113 [INFO] PluginManage:359 - Loaded plugin pinoutandconfiguration (category:base,tabindex:1)
2024-12-02 21:42:53,113 [INFO] PluginManage:310 - Check plugin pinoutconfig
2024-12-02 21:42:53,245 [WARN] SupportedApi:132 - Cannot load RTOS API schema: s4s-elt-must-match.1: The content of 'definitions' must match (annotation?, (simpleType | complexType)?, (unique | key | keyref)*)). A problem was found starting at: attribute.
2024-12-02 21:42:53,458 [INFO] PluginManage:359 - Loaded plugin pinoutconfig (category:base,tabindex:0)
2024-12-02 21:42:53,458 [INFO] PluginManage:310 - Check plugin power
2024-12-02 21:42:53,481 [INFO] PluginManage:359 - Loaded plugin power (category:power,tabindex:4)
2024-12-02 21:42:53,482 [INFO] PluginManage:310 - Check plugin projectmanager
2024-12-02 21:42:53,519 [INFO] PluginManage:359 - Loaded plugin projectmanager (category:projectmanager,tabindex:3)
2024-12-02 21:42:53,519 [INFO] PluginManage:310 - Check plugin thirdparty
2024-12-02 21:42:53,783 [INFO] PluginManage:359 - Loaded plugin thirdparty (category:base,tabindex:-1)
2024-12-02 21:42:53,783 [WARN] IntegrityCheckThread:84 - waiting for thirdparty lock release [integrity check]
2024-12-02 21:42:53,784 [INFO] PluginManage:310 - Check plugin tools
2024-12-02 21:42:53,784 [INFO] IntegrityCheckThread:86 - entering critical section [integrity check]
2024-12-02 21:42:53,785 [INFO] ThirdPartyUpdaterWithRetryManager:70 - Updater plugin not ready yet. [1/15]
2024-12-02 21:42:53,790 [INFO] PluginManage:359 - Loaded plugin tools (category:base,tabindex:7)
2024-12-02 21:42:53,790 [INFO] PluginManage:310 - Check plugin tutovideos
2024-12-02 21:42:54,062 [INFO] PluginManage:359 - Loaded plugin tutovideos (category:base,tabindex:-1)
2024-12-02 21:42:54,062 [INFO] PluginManage:310 - Check plugin updater
2024-12-02 21:42:54,087 [INFO] PluginManage:359 - Loaded plugin updater (category:base,tabindex:12)
2024-12-02 21:42:54,087 [INFO] PluginManage:310 - Check plugin userauth
2024-12-02 21:42:54,100 [INFO] UserAuth:114 - Init User Auth plugin
2024-12-02 21:42:54,101 [INFO] PluginManage:359 - Loaded plugin userauth (category:base,tabindex:14)
2024-12-02 21:42:54,101 [INFO] PluginManage:283 - PluginManage : Loaded plugins [17]
2024-12-02 21:42:54,413 [INFO] PinOutPanel:1561 - setPackage(No Configuration,No Configuration)
2024-12-02 21:42:54,528 [INFO] CADModel:165 - CPN selected for project level
2024-12-02 21:42:54,529 [INFO] CADModel:114 - Register for checkConnection events
2024-12-02 21:42:54,557 [INFO] IPUIPlugin:80 - create IPUIPlugin
2024-12-02 21:42:54,557 [INFO] PluginManager:220 - loadIPPluginJar : add adc
2024-12-02 21:42:54,561 [INFO] IPUIPlugin:80 - create IPUIPlugin
2024-12-02 21:42:54,561 [INFO] PluginManager:220 - loadIPPluginJar : add dma3
2024-12-02 21:42:54,565 [INFO] IPUIPlugin:80 - create IPUIPlugin
2024-12-02 21:42:54,565 [INFO] PluginManager:220 - loadIPPluginJar : add opamp
2024-12-02 21:42:54,568 [INFO] IPUIPlugin:80 - create IPUIPlugin
2024-12-02 21:42:54,568 [INFO] PluginManager:220 - loadIPPluginJar : add pdm2pcm
2024-12-02 21:42:54,571 [INFO] IPUIPlugin:80 - create IPUIPlugin
2024-12-02 21:42:54,571 [INFO] PluginManager:220 - loadIPPluginJar : add i2c
2024-12-02 21:42:54,574 [INFO] IPUIPlugin:80 - create IPUIPlugin
2024-12-02 21:42:54,574 [INFO] PluginManager:220 - loadIPPluginJar : add i2s
2024-12-02 21:42:54,576 [INFO] IPUIPlugin:80 - create IPUIPlugin
2024-12-02 21:42:54,576 [INFO] PluginManager:220 - loadIPPluginJar : add gfxmmu
2024-12-02 21:42:54,577 [INFO] IPUIPlugin:80 - create IPUIPlugin
2024-12-02 21:42:54,578 [INFO] PluginManager:220 - loadIPPluginJar : add quadspi
2024-12-02 21:42:54,586 [INFO] IPUIPlugin:80 - create IPUIPlugin
2024-12-02 21:42:54,586 [INFO] PluginManager:220 - loadIPPluginJar : add mdma
2024-12-02 21:42:54,592 [INFO] IPUIPlugin:80 - create IPUIPlugin
2024-12-02 21:42:54,592 [INFO] PluginManager:220 - loadIPPluginJar : add nvic
2024-12-02 21:42:54,601 [INFO] IPUIPlugin:80 - create IPUIPlugin
2024-12-02 21:42:54,601 [INFO] PluginManager:220 - loadIPPluginJar : add dma
2024-12-02 21:42:54,604 [INFO] IPUIPlugin:80 - create IPUIPlugin
2024-12-02 21:42:54,604 [INFO] PluginManager:220 - loadIPPluginJar : add aes
2024-12-02 21:42:54,610 [INFO] IPUIPlugin:80 - create IPUIPlugin
2024-12-02 21:42:54,610 [INFO] PluginManager:220 - loadIPPluginJar : add stm32_wpan
2024-12-02 21:42:54,613 [INFO] IPUIPlugin:80 - create IPUIPlugin
2024-12-02 21:42:54,613 [INFO] PluginManager:220 - loadIPPluginJar : add usart
2024-12-02 21:42:54,614 [INFO] IPUIPlugin:80 - create IPUIPlugin
2024-12-02 21:42:54,614 [INFO] PluginManager:220 - loadIPPluginJar : add genericplugin
2024-12-02 21:42:54,617 [INFO] IPUIPlugin:80 - create IPUIPlugin
2024-12-02 21:42:54,617 [INFO] PluginManager:220 - loadIPPluginJar : add openamp
2024-12-02 21:42:54,621 [INFO] IPUIPlugin:80 - create IPUIPlugin
2024-12-02 21:42:54,621 [INFO] PluginManager:220 - loadIPPluginJar : add ipddr
2024-12-02 21:42:54,624 [INFO] IPUIPlugin:80 - create IPUIPlugin
2024-12-02 21:42:54,624 [INFO] PluginManager:220 - loadIPPluginJar : add lorawan
2024-12-02 21:42:54,627 [INFO] IPUIPlugin:80 - create IPUIPlugin
2024-12-02 21:42:54,627 [INFO] PluginManager:220 - loadIPPluginJar : add gtzc
2024-12-02 21:42:54,630 [INFO] IPUIPlugin:80 - create IPUIPlugin
2024-12-02 21:42:54,630 [INFO] PluginManager:220 - loadIPPluginJar : add can
2024-12-02 21:42:54,632 [INFO] IPUIPlugin:80 - create IPUIPlugin
2024-12-02 21:42:54,632 [INFO] PluginManager:220 - loadIPPluginJar : add fatfs
2024-12-02 21:42:54,637 [INFO] IPUIPlugin:80 - create IPUIPlugin
2024-12-02 21:42:54,637 [INFO] PluginManager:220 - loadIPPluginJar : add gpio
2024-12-02 21:42:54,639 [INFO] IPUIPlugin:80 - create IPUIPlugin
2024-12-02 21:42:54,639 [INFO] PluginManager:220 - loadIPPluginJar : add ts
2024-12-02 21:42:54,641 [INFO] IPUIPlugin:80 - create IPUIPlugin
2024-12-02 21:42:54,641 [INFO] PluginManager:220 - loadIPPluginJar : add dfsdm
2024-12-02 21:42:54,646 [INFO] IPUIPlugin:80 - create IPUIPlugin
2024-12-02 21:42:54,647 [INFO] PluginManager:220 - loadIPPluginJar : add gic
2024-12-02 21:42:54,655 [INFO] IPUIPlugin:80 - create IPUIPlugin
2024-12-02 21:42:54,655 [INFO] PluginManager:220 - loadIPPluginJar : add linkedlist
2024-12-02 21:42:54,656 [INFO] IPUIPlugin:80 - create IPUIPlugin
2024-12-02 21:42:54,656 [INFO] PluginManager:220 - loadIPPluginJar : add tim
2024-12-02 21:42:54,658 [INFO] IPUIPlugin:80 - create IPUIPlugin
2024-12-02 21:42:54,658 [INFO] PluginManager:220 - loadIPPluginJar : add tracer_emb
2024-12-02 21:42:54,661 [INFO] IPUIPlugin:80 - create IPUIPlugin
2024-12-02 21:42:54,661 [INFO] PluginManager:220 - loadIPPluginJar : add extmemmanager
2024-12-02 21:42:54,663 [INFO] IPUIPlugin:80 - create IPUIPlugin
2024-12-02 21:42:54,663 [INFO] PluginManager:220 - loadIPPluginJar : add spi
2024-12-02 21:42:54,664 [INFO] IPUIPlugin:80 - create IPUIPlugin
2024-12-02 21:42:54,665 [INFO] PluginManager:220 - loadIPPluginJar : add comp
2024-12-02 21:42:54,667 [INFO] IPUIPlugin:80 - create IPUIPlugin
2024-12-02 21:42:54,667 [INFO] PluginManager:220 - loadIPPluginJar : add sai
2024-12-02 21:42:54,669 [INFO] IPUIPlugin:80 - create IPUIPlugin
2024-12-02 21:42:54,669 [INFO] PluginManager:220 - loadIPPluginJar : add ucpd
2024-12-02 21:42:54,670 [INFO] IPUIPlugin:80 - create IPUIPlugin
2024-12-02 21:42:54,670 [INFO] PluginManager:220 - loadIPPluginJar : add ltdc
2024-12-02 21:42:54,674 [INFO] IPUIPlugin:80 - create IPUIPlugin
2024-12-02 21:42:54,674 [INFO] PluginManager:220 - loadIPPluginJar : add touchsensing
2024-12-02 21:42:54,684 [INFO] IPUIPlugin:80 - create IPUIPlugin
2024-12-02 21:42:54,687 [INFO] PluginManager:220 - loadIPPluginJar : add plateformsettings
2024-12-02 21:42:54,691 [INFO] IPUIPlugin:80 - create IPUIPlugin
2024-12-02 21:42:54,691 [INFO] PluginManager:220 - loadIPPluginJar : add resmgrutility
2024-12-02 21:42:54,694 [INFO] IPUIPlugin:80 - create IPUIPlugin
2024-12-02 21:42:54,694 [INFO] PluginManager:220 - loadIPPluginJar : add cryp
2024-12-02 21:42:54,699 [INFO] IPUIPlugin:80 - create IPUIPlugin
2024-12-02 21:42:54,699 [INFO] PluginManager:220 - loadIPPluginJar : add fmc
2024-12-02 21:42:54,701 [INFO] IPUIPlugin:80 - create IPUIPlugin
2024-12-02 21:42:54,701 [INFO] PluginManager:220 - loadIPPluginJar : add tsc
2024-12-02 21:42:54,703 [INFO] IPUIPlugin:80 - create IPUIPlugin
2024-12-02 21:42:54,703 [INFO] PluginManager:220 - loadIPPluginJar : add hash
2024-12-02 21:42:54,710 [INFO] IPUIPlugin:80 - create IPUIPlugin
2024-12-02 21:42:54,711 [INFO] PluginManager:220 - loadIPPluginJar : add freertos
2024-12-02 21:42:54,714 [INFO] IPUIPlugin:80 - create IPUIPlugin
2024-12-02 21:42:54,714 [INFO] PluginManager:220 - loadIPPluginJar : add usbx
2024-12-02 21:42:54,717 [INFO] IPUIPlugin:80 - create IPUIPlugin
2024-12-02 21:42:54,717 [INFO] PluginManager:220 - loadIPPluginJar : add i3c
2024-12-02 21:42:54,834 [INFO] CADModel:165 - CPN selected for project level
2024-12-02 21:42:54,834 [INFO] CADModel:114 - Register for checkConnection events
2024-12-02 21:42:54,834 [FATAL] Updater:308 - Updater called before beeing initialized
2024-12-02 21:42:54,835 [ERROR] CADModel:125 - Updater not yet initialized, retry later 
2024-12-02 21:42:55,035 [INFO] CADModel:165 - CPN selected for project level
2024-12-02 21:42:55,035 [INFO] CADModel:114 - Register for checkConnection events
2024-12-02 21:42:55,035 [FATAL] Updater:308 - Updater called before beeing initialized
2024-12-02 21:42:55,035 [ERROR] CADModel:125 - Updater not yet initialized, retry later 
2024-12-02 21:42:55,041 [FATAL] Updater:308 - Updater called before beeing initialized
2024-12-02 21:42:55,152 [FATAL] Updater:308 - Updater called before beeing initialized
2024-12-02 21:42:55,161 [INFO] DbMcusAds:53 - JSON generation date=Fri Sep 20 18:34:38 IST 2024 (1726837478367)
2024-12-02 21:42:55,161 [FATAL] Updater:308 - Updater called before beeing initialized
2024-12-02 21:42:55,214 [WARN] DetailPanel:346 - Failed to get advertising image, set to default
2024-12-02 21:42:55,326 [FATAL] Updater:308 - Updater called before beeing initialized
2024-12-02 21:42:55,329 [FATAL] Updater:308 - Updater called before beeing initialized
2024-12-02 21:42:55,329 [FATAL] Updater:308 - Updater called before beeing initialized
2024-12-02 21:42:55,329 [WARN] DetailPanel:346 - Failed to get advertising image, set to default
2024-12-02 21:42:55,330 [FATAL] Updater:308 - Updater called before beeing initialized
2024-12-02 21:42:55,387 [ERROR] Updater:1120 - MainUpdater not yet initialized. External WinMGr cannot be set.
2024-12-02 21:42:55,390 [INFO] Updater:1056 - Updater Version found : 6.11.1
2024-12-02 21:42:55,428 [INFO] ApplicationProperties:184 - Using Application install path: /opt/st/stm32cubeide_1.15.1/plugins/com.st.stm32cube.common.mx_6.11.1.202404110753
2024-12-02 21:42:55,909 [INFO] MainUpdater:2873 - connection check result : 10
2024-12-02 21:42:55,910 [INFO] MainUpdater:3567 - Updater definition file requires update
2024-12-02 21:42:55,911 [INFO] MainUpdater:290 - Updater Check For Update Now.
2024-12-02 21:42:55,911 [INFO] MicroXplorer:498 - Change Database Version : DB.6.0.111
2024-12-02 21:42:55,921 [INFO] McuFinderGlobals:63 - Set McuFinder mode to 2 (CubeIDE integrated)
2024-12-02 21:42:55,922 [INFO] UserAuth:179 - activating auth plugin
2024-12-02 21:42:55,928 [INFO] UserAuth:415 - Internet connection configuration mode: 1
2024-12-02 21:42:55,942 [INFO] ServerAccessManage:473 - Download File updaters.zip
2024-12-02 21:42:55,951 [INFO] JxBrowserEngine:152 - Initiate JxBrowser Engine with user profile folder
2024-12-02 21:42:56,076 [INFO] FileExtend:240 - Unzip File : updaters.zip
2024-12-02 21:42:56,076 [INFO] FileExtend:255 - Standard Zip Deflate
2024-12-02 21:42:56,467 [INFO] ServerAccessManage:473 - Download File PacksControlFlags.xml
2024-12-02 21:42:56,581 [INFO] ServerAccessManage:473 - Download File cubemx.pidx
2024-12-02 21:42:56,787 [WARN] MainUpdater:1194 - Updater busy. Cannot search thirdparties
2024-12-02 21:42:56,788 [INFO] ThirdPartyUpdaterWithRetryManager:96 - Updater plugin is busy. [1/15]
2024-12-02 21:42:57,050 [INFO] ServerAccessManage:473 - Download File STMicroelectronics.FP-ATR-ASTRA1.pdsc
2024-12-02 21:42:57,996 [INFO] WebApp:161 - Instantiating new browser for Auth
2024-12-02 21:42:59,771 [INFO] WebApp:779 - Register for checkConnection events
2024-12-02 21:42:59,772 [INFO] WebApp:414 - Apply proxy settings
2024-12-02 21:42:59,773 [INFO] WebApp:499 - Chromium requires no authentication
2024-12-02 21:42:59,789 [WARN] MainUpdater:1194 - Updater busy. Cannot search thirdparties
2024-12-02 21:42:59,790 [INFO] ThirdPartyUpdaterWithRetryManager:96 - Updater plugin is busy. [2/15]
2024-12-02 21:42:59,794 [INFO] WebApp:442 - Direct internet connection detected
2024-12-02 21:42:59,880 [WARN] PackLoader:240 - Cannot read IP mode file for STMicroelectronics.FP-ATR-ASTRA1.2.0.1
2024-12-02 21:42:59,886 [INFO] PopulateThirdPartyThread:66 - Ending populate Thread
2024-12-02 21:42:59,889 [INFO] ThirdParty:1030 - CMSIS Pack Vendor :STMicroelectronics FP-ATR-ASTRA1 2.0.1
2024-12-02 21:42:59,890 [INFO] LoadServerUpdatesThread:375 - End of LoadServerUpdate Thread
2024-12-02 21:43:00,055 [INFO] CheckServerUpdateThread:120 - End of CheckServer Thread
2024-12-02 21:43:00,164 [INFO] WebApp:192 - Starting web application
2024-12-02 21:43:00,164 [INFO] WebApp:544 - Web application path used /opt/st/stm32cubeide_1.15.1/plugins/com.st.stm32cube.common.mx_6.11.1.202404110753/db/plugins/mcufinder/reactClient1/index.html
2024-12-02 21:43:02,935 [WARN] PackLoader:240 - Cannot read IP mode file for STMicroelectronics.FP-SNS-MOTENVWB1.1.4.0
2024-12-02 21:43:02,940 [WARN] PackLoader:240 - Cannot read IP mode file for STMicroelectronics.FP-ATR-ASTRA1.2.0.1
2024-12-02 21:43:02,948 [WARN] PackLoader:240 - Cannot read IP mode file for STMicroelectronics.X-CUBE-SMBUS.2.1.0
2024-12-02 21:43:02,955 [WARN] PackLoader:240 - Cannot read IP mode file for STMicroelectronics.X-CUBE-WB05N.1.1.0
2024-12-02 21:43:03,008 [WARN] PackLoader:240 - Cannot read IP mode file for STMicroelectronics.X-CUBE-AZRTOS-F7.1.1.0
2024-12-02 21:43:03,108 [WARN] PackLoader:240 - Cannot read IP mode file for STMicroelectronics.X-CUBE-MEMS1.11.0.0
2024-12-02 21:43:03,382 [WARN] PackLoader:240 - Cannot read IP mode file for STMicroelectronics.FP-SNS-FLIGHT1.5.0.2
2024-12-02 21:43:03,391 [WARN] PackLoader:240 - Cannot read IP mode file for STMicroelectronics.X-CUBE-DISPLAY.3.0.0
2024-12-02 21:43:03,403 [WARN] PackLoader:240 - Cannot read IP mode file for STMicroelectronics.X-CUBE-BLE1.7.0.0
2024-12-02 21:43:03,411 [WARN] PackLoader:240 - Cannot read IP mode file for STMicroelectronics.X-CUBE-NFC10.1.0.0
2024-12-02 21:43:03,420 [WARN] PackLoader:240 - Cannot read IP mode file for emotas.I-CUBE-CANOPEN.1.3.0
2024-12-02 21:43:03,440 [WARN] PackLoader:240 - Cannot read IP mode file for STMicroelectronics.X-CUBE-BLEMGR.3.1.0
2024-12-02 21:43:03,453 [WARN] PackLoader:240 - Cannot read IP mode file for STMicroelectronics.FP-SNS-SMARTAG2.1.2.0
2024-12-02 21:43:03,465 [INFO] LogOutputStream:77 - [STDOUT_REDIRECT] 1 : Invalid condition id : UX_CORESTACK_Condition cause : null
2024-12-02 21:43:03,466 [INFO] LogOutputStream:77 - [STDOUT_REDIRECT] 1 : Invalid condition id : UX_CORESTACK_Condition cause : null
2024-12-02 21:43:03,466 [INFO] LogOutputStream:77 - [STDOUT_REDIRECT] 1 : Invalid condition id : UX_CORESTACK_Condition cause : null
2024-12-02 21:43:03,467 [INFO] LogOutputStream:77 - [STDOUT_REDIRECT] 1 : Invalid condition id : UX_CORESTACK_Condition cause : null
2024-12-02 21:43:03,467 [INFO] LogOutputStream:77 - [STDOUT_REDIRECT] 1 : Invalid condition id : UX_CORESTACK_Condition cause : null
2024-12-02 21:43:03,471 [WARN] PackLoader:240 - Cannot read IP mode file for STMicroelectronics.X-CUBE-AZRTOS-WL.2.0.0
2024-12-02 21:43:03,478 [WARN] PackLoader:240 - Cannot read IP mode file for STMicroelectronics.FP-SNS-MOTENV1.5.0.0
2024-12-02 21:43:03,483 [WARN] PackLoader:240 - Cannot read IP mode file for wolfSSL.I-CUBE-wolfMQTT.1.19.0
2024-12-02 21:43:03,491 [WARN] PackLoader:240 - Cannot read IP mode file for WES.I-CUBE-Cesium.1.3.0
2024-12-02 21:43:03,497 [WARN] PackLoader:240 - Cannot read IP mode file for STMicroelectronics.X-CUBE-BLE2.3.3.0
2024-12-02 21:43:03,506 [WARN] PackLoader:240 - Cannot read IP mode file for STMicroelectronics.X-CUBE-NFC9.1.0.0
2024-12-02 21:43:03,516 [WARN] PackLoader:240 - Cannot read IP mode file for STMicroelectronics.X-CUBE-TCPP.4.1.0
2024-12-02 21:43:03,539 [WARN] PackLoader:240 - Cannot read IP mode file for STMicroelectronics.X-CUBE-AZRTOS-G0.1.1.0
2024-12-02 21:43:03,551 [WARN] PackLoader:240 - Cannot read IP mode file for STMicroelectronics.X-CUBE-SAFEA1.1.2.2
2024-12-02 21:43:03,561 [WARN] PackLoader:240 - Cannot read IP mode file for STMicroelectronics.X-CUBE-NFC4.3.0.0
2024-12-02 21:43:03,590 [WARN] PackLoader:240 - Cannot read IP mode file for EmbeddedOffice.I-CUBE-FS-RTOS.1.0.1
2024-12-02 21:43:03,591 [ERROR] ConditionMgr:805 - Attr not supported : Dmpu
2024-12-02 21:43:03,591 [ERROR] ConditionMgr:805 - Attr not supported : Dmpu
2024-12-02 21:43:03,591 [ERROR] ConditionMgr:805 - Attr not supported : Dmpu
2024-12-02 21:43:03,592 [ERROR] ConditionMgr:805 - Attr not supported : Dmpu
2024-12-02 21:43:03,592 [ERROR] ConditionMgr:805 - Attr not supported : Dmpu
2024-12-02 21:43:03,592 [ERROR] ConditionMgr:805 - Attr not supported : Dmpu
2024-12-02 21:43:03,592 [ERROR] ConditionMgr:805 - Attr not supported : Dmpu
2024-12-02 21:43:03,592 [ERROR] ConditionMgr:805 - Attr not supported : Dmpu
2024-12-02 21:43:03,593 [ERROR] ConditionMgr:805 - Attr not supported : Dmpu
2024-12-02 21:43:03,593 [ERROR] ConditionMgr:805 - Attr not supported : Dmpu
2024-12-02 21:43:03,593 [ERROR] ConditionMgr:805 - Attr not supported : Dmpu
2024-12-02 21:43:03,593 [ERROR] ConditionMgr:805 - Attr not supported : Dmpu
2024-12-02 21:43:03,594 [ERROR] ConditionMgr:805 - Attr not supported : Dmpu
2024-12-02 21:43:03,594 [ERROR] ConditionMgr:805 - Attr not supported : Dmpu
2024-12-02 21:43:03,594 [ERROR] ConditionMgr:805 - Attr not supported : Dmpu
2024-12-02 21:43:03,594 [ERROR] ConditionMgr:805 - Attr not supported : Dmpu
2024-12-02 21:43:03,595 [ERROR] ConditionMgr:805 - Attr not supported : Dmpu
2024-12-02 21:43:03,595 [ERROR] ConditionMgr:805 - Attr not supported : Dmpu
2024-12-02 21:43:03,595 [ERROR] ConditionMgr:805 - Attr not supported : Dmpu
2024-12-02 21:43:03,595 [ERROR] ConditionMgr:805 - Attr not supported : Dmpu
2024-12-02 21:43:03,595 [ERROR] ConditionMgr:805 - Attr not supported : Dmpu
2024-12-02 21:43:03,595 [ERROR] ConditionMgr:805 - Attr not supported : Dmpu
2024-12-02 21:43:03,596 [ERROR] ConditionMgr:805 - Attr not supported : Dmpu
2024-12-02 21:43:03,596 [ERROR] ConditionMgr:805 - Attr not supported : Dmpu
2024-12-02 21:43:03,596 [ERROR] ConditionMgr:805 - Attr not supported : Dmpu
2024-12-02 21:43:03,596 [ERROR] ConditionMgr:805 - Attr not supported : Dmpu
2024-12-02 21:43:03,596 [ERROR] ConditionMgr:805 - Attr not supported : Dmpu
2024-12-02 21:43:03,597 [ERROR] ConditionMgr:805 - Attr not supported : Dmpu
2024-12-02 21:43:03,597 [ERROR] ConditionMgr:805 - Attr not supported : Dmpu
2024-12-02 21:43:03,597 [ERROR] ConditionMgr:805 - Attr not supported : Dmpu
2024-12-02 21:43:03,597 [ERROR] ConditionMgr:805 - Attr not supported : Dmpu
2024-12-02 21:43:03,597 [ERROR] ConditionMgr:805 - Attr not supported : Dmpu
2024-12-02 21:43:03,598 [ERROR] ConditionMgr:805 - Attr not supported : Dmpu
2024-12-02 21:43:03,598 [ERROR] ConditionMgr:805 - Attr not supported : Dmpu
2024-12-02 21:43:03,598 [ERROR] ConditionMgr:805 - Attr not supported : Dmpu
2024-12-02 21:43:03,598 [ERROR] ConditionMgr:805 - Attr not supported : Dmpu
2024-12-02 21:43:03,599 [ERROR] ConditionMgr:805 - Attr not supported : Dmpu
2024-12-02 21:43:03,599 [ERROR] ConditionMgr:805 - Attr not supported : Dmpu
2024-12-02 21:43:03,599 [ERROR] ConditionMgr:805 - Attr not supported : Dmpu
2024-12-02 21:43:03,599 [ERROR] ConditionMgr:805 - Attr not supported : Dmpu
2024-12-02 21:43:03,600 [ERROR] ConditionMgr:805 - Attr not supported : Dmpu
2024-12-02 21:43:03,600 [ERROR] ConditionMgr:805 - Attr not supported : Dmpu
2024-12-02 21:43:03,600 [ERROR] ConditionMgr:805 - Attr not supported : Dmpu
2024-12-02 21:43:03,600 [ERROR] ConditionMgr:805 - Attr not supported : Dmpu
2024-12-02 21:43:03,600 [ERROR] ConditionMgr:805 - Attr not supported : Dmpu
2024-12-02 21:43:03,601 [ERROR] ConditionMgr:805 - Attr not supported : Dmpu
2024-12-02 21:43:03,601 [ERROR] ConditionMgr:805 - Attr not supported : Dmpu
2024-12-02 21:43:03,602 [ERROR] ConditionMgr:805 - Attr not supported : Dmpu
2024-12-02 21:43:03,602 [ERROR] ConditionMgr:805 - Attr not supported : Dmpu
2024-12-02 21:43:03,603 [ERROR] ConditionMgr:805 - Attr not supported : Dmpu
2024-12-02 21:43:03,603 [ERROR] ConditionMgr:805 - Attr not supported : Dmpu
2024-12-02 21:43:03,603 [ERROR] ConditionMgr:805 - Attr not supported : Dmpu
2024-12-02 21:43:03,604 [ERROR] ConditionMgr:805 - Attr not supported : Dmpu
2024-12-02 21:43:03,604 [ERROR] ConditionMgr:805 - Attr not supported : Dmpu
2024-12-02 21:43:03,604 [ERROR] ConditionMgr:805 - Attr not supported : Dmpu
2024-12-02 21:43:03,604 [ERROR] ConditionMgr:805 - Attr not supported : Dmpu
2024-12-02 21:43:03,605 [ERROR] ConditionMgr:805 - Attr not supported : Dmpu
2024-12-02 21:43:03,605 [ERROR] ConditionMgr:805 - Attr not supported : Dmpu
2024-12-02 21:43:03,605 [ERROR] ConditionMgr:805 - Attr not supported : Dmpu
2024-12-02 21:43:03,606 [ERROR] ConditionMgr:805 - Attr not supported : Dmpu
2024-12-02 21:43:03,606 [ERROR] ConditionMgr:805 - Attr not supported : Dmpu
2024-12-02 21:43:03,606 [ERROR] ConditionMgr:805 - Attr not supported : Dmpu
2024-12-02 21:43:03,607 [ERROR] ConditionMgr:805 - Attr not supported : Dmpu
2024-12-02 21:43:03,607 [ERROR] ConditionMgr:805 - Attr not supported : Dmpu
2024-12-02 21:43:03,617 [WARN] PackLoader:240 - Cannot read IP mode file for RealThread.X-CUBE-RT-Thread_Nano.4.1.1
2024-12-02 21:43:03,638 [WARN] PackLoader:240 - Cannot read IP mode file for wolfSSL.I-CUBE-wolfSSL.5.7.0
2024-12-02 21:43:03,647 [WARN] PackLoader:240 - Cannot read IP mode file for STMicroelectronics.FP-ATR-SIGFOX1.3.2.0
2024-12-02 21:43:03,657 [WARN] ConditionMgr:438 - getConditionDescription Invalid condition id : Cortex-A Device cause : null
2024-12-02 21:43:03,683 [WARN] ConditionMgr:1039 - genDependencies : Invalid condition id : Cortex-A Device cause : null
2024-12-02 21:43:03,683 [WARN] ConditionMgr:1039 - genDependencies : Invalid condition id : Cortex-A Device cause : null
2024-12-02 21:43:03,684 [WARN] ConditionMgr:1039 - genDependencies : Invalid condition id : Cortex-A Device cause : null
2024-12-02 21:43:03,693 [WARN] PackLoader:240 - Cannot read IP mode file for STMicroelectronics.X-CUBE-EEPRMA1.5.1.0
2024-12-02 21:43:03,703 [WARN] PackLoader:240 - Cannot read IP mode file for ITTIA_DB.I-CUBE-ITTIADB.8.9.0
2024-12-02 21:43:03,755 [WARN] PackLoader:240 - Cannot read IP mode file for SEGGER.I-CUBE-embOS.1.3.1
2024-12-02 21:43:03,835 [WARN] PackLoader:240 - Cannot read IP mode file for STMicroelectronics.X-CUBE-ALGOBUILD.1.4.0
2024-12-02 21:43:03,843 [WARN] PackLoader:240 - Cannot read IP mode file for STMicroelectronics.X-CUBE-GNSS1.6.0.0
2024-12-02 21:43:03,863 [WARN] PackLoader:240 - Cannot read IP mode file for STMicroelectronics.X-CUBE-AZRTOS-F4.1.1.0
2024-12-02 21:43:03,871 [WARN] PackLoader:240 - Cannot read IP mode file for STMicroelectronics.X-CUBE-ISPU.2.1.0
2024-12-02 21:43:03,877 [WARN] PackLoader:240 - Cannot read IP mode file for STMicroelectronics.X-CUBE-FREERTOS.1.2.0
2024-12-02 21:43:03,898 [WARN] PackLoader:240 - Cannot read IP mode file for STMicroelectronics.X-CUBE-AZRTOS-L5.2.0.0
2024-12-02 21:43:03,914 [WARN] PackLoader:240 - Cannot read IP mode file for STMicroelectronics.X-CUBE-NFC6.3.1.0
2024-12-02 21:43:03,926 [WARN] PackLoader:240 - Cannot read IP mode file for STMicroelectronics.X-CUBE-DPower.1.2.0
2024-12-02 21:43:03,933 [WARN] PackLoader:240 - Cannot read IP mode file for STMicroelectronics.X-CUBE-AI.9.0.0
2024-12-02 21:43:03,939 [WARN] PackLoader:240 - Cannot read IP mode file for STMicroelectronics.X-CUBE-NFC7.1.0.1
2024-12-02 21:43:03,945 [WARN] PackLoader:240 - Cannot read IP mode file for wolfSSL.I-CUBE-wolfTPM.3.2.0
2024-12-02 21:43:03,965 [WARN] ConditionMgr:438 - getConditionDescription Invalid condition id : LAN8742 Phy interface Condition cause : null
2024-12-02 21:43:03,966 [WARN] PackLoader:240 - Cannot read IP mode file for STMicroelectronics.X-CUBE-AZRTOS-L4.2.0.0
2024-12-02 21:43:03,968 [WARN] ConditionMgr:1039 - genDependencies : Invalid condition id : LAN8742 Phy interface Condition cause : null
2024-12-02 21:43:03,968 [WARN] ConditionMgr:1039 - genDependencies : Invalid condition id : LAN8742 Phy interface Condition cause : null
2024-12-02 21:43:03,969 [WARN] ConditionMgr:1039 - genDependencies : Invalid condition id : LAN8742 Phy interface Condition cause : null
2024-12-02 21:43:03,977 [WARN] PackLoader:240 - Cannot read IP mode file for STMicroelectronics.X-CUBE-SFXS2LP1.4.0.0
2024-12-02 21:43:04,000 [WARN] PackLoader:240 - Cannot read IP mode file for STMicroelectronics.X-CUBE-AZRTOS-H7.3.3.0
2024-12-02 21:43:04,015 [WARN] PackLoader:240 - Cannot read IP mode file for STMicroelectronics.X-CUBE-IPS.3.0.0
2024-12-02 21:43:04,032 [WARN] ConditionMgr:438 - getConditionDescription Invalid condition id : UX DEVICE CLASS RTOS Condition cause : null
2024-12-02 21:43:04,032 [WARN] ConditionMgr:438 - getConditionDescription Invalid condition id : UX DEVICE CLASS RTOS Condition cause : null
2024-12-02 21:43:04,034 [WARN] PackLoader:240 - Cannot read IP mode file for STMicroelectronics.X-CUBE-AZRTOS-WB.2.0.0
2024-12-02 21:43:04,035 [WARN] ConditionMgr:1039 - genDependencies : Invalid condition id : UX DEVICE CLASS RTOS Condition cause : null
2024-12-02 21:43:04,035 [WARN] ConditionMgr:1039 - genDependencies : Invalid condition id : UX DEVICE CLASS RTOS Condition cause : null
2024-12-02 21:43:04,036 [WARN] ConditionMgr:1039 - genDependencies : Invalid condition id : UX DEVICE CLASS RTOS Condition cause : null
2024-12-02 21:43:04,036 [WARN] ConditionMgr:1039 - genDependencies : Invalid condition id : UX DEVICE CLASS RTOS Condition cause : null
2024-12-02 21:43:04,036 [WARN] ConditionMgr:1039 - genDependencies : Invalid condition id : UX DEVICE CLASS RTOS Condition cause : null
2024-12-02 21:43:04,042 [WARN] PackLoader:240 - Cannot read IP mode file for STMicroelectronics.X-CUBE-GNSS1.7.0.0
2024-12-02 21:43:04,049 [WARN] PackLoader:240 - Cannot read IP mode file for STMicroelectronics.FP-SNS-STBOX1.2.0.0
2024-12-02 21:43:04,061 [WARN] PackLoader:240 - Cannot read IP mode file for STMicroelectronics.X-CUBE-SUBG2.5.0.0
2024-12-02 21:43:04,071 [WARN] PackLoader:240 - Cannot read IP mode file for Cesanta.I-CUBE-Mongoose.7.13.0
2024-12-02 21:43:04,086 [WARN] PackLoader:240 - Cannot read IP mode file for STMicroelectronics.X-CUBE-AZRTOS-G4.2.0.0
2024-12-02 21:43:04,092 [WARN] PackLoader:240 - Cannot read IP mode file for STMicroelectronics.X-CUBE-ISPU.2.0.0
2024-12-02 21:43:04,097 [WARN] PackLoader:240 - Cannot read IP mode file for STMicroelectronics.X-CUBE-ALS.1.0.2
2024-12-02 21:43:04,142 [WARN] PackLoader:240 - Cannot read IP mode file for STMicroelectronics.X-CUBE-MEMS1.10.0.0
2024-12-02 21:43:04,353 [WARN] PackLoader:240 - Cannot read IP mode file for STMicroelectronics.X-CUBE-TOUCHGFX.4.24.0
2024-12-02 21:43:04,359 [WARN] PackLoader:240 - Cannot read IP mode file for STMicroelectronics.X-CUBE-TOUCHGFX.4.24.1
2024-12-02 21:43:04,366 [WARN] PackLoader:240 - Cannot read IP mode file for portGmbH.I-Cube-SoM-uGOAL.1.1.0
2024-12-02 21:43:04,396 [WARN] PackLoader:240 - Cannot read IP mode file for STMicroelectronics.X-CUBE-AZRTOS-H7RS.1.0.0
2024-12-02 21:43:04,406 [WARN] PackLoader:240 - Cannot read IP mode file for STMicroelectronics.FP-ATR-ASTRA1.2.0.0
2024-12-02 21:43:04,423 [WARN] PackLoader:240 - Cannot read IP mode file for STMicroelectronics.X-CUBE-TOF1.3.4.2
2024-12-02 21:43:04,450 [WARN] PackLoader:240 - Cannot read IP mode file for STMicroelectronics.X-CUBE-TOF1.3.4.1
2024-12-02 21:43:04,483 [WARN] PackLoader:240 - Cannot read IP mode file for STMicroelectronics.X-CUBE-AZRTOS-H7.3.2.0
2024-12-02 21:43:04,501 [WARN] PackLoader:240 - Cannot read IP mode file for Infineon.AIROC-Wi-Fi-Bluetooth-STM32.1.6.0
2024-12-02 21:43:04,511 [WARN] PackLoader:240 - Cannot read IP mode file for wolfSSL.I-CUBE-wolfSSH.1.4.17
2024-12-02 21:43:04,512 [INFO] ThirdParty:978 - Integrity check success = true
2024-12-02 21:43:04,512 [INFO] IntegrityCheckThread:100 - exiting critical section [integrity check]
2024-12-02 21:43:04,512 [INFO] IntegrityCheckThread:103 - End integrity checks thread
2024-12-02 22:31:43,314 [INFO] LogOutputStream:77 - [STDOUT_REDIRECT] StartTraceHandler.execute(), success : Collect=true
2024-12-02 22:32:15,355 [INFO] LogOutputStream:77 - [STDOUT_REDIRECT] StartTraceHandler.execute(), success : Collect=false
2024-12-02 22:32:16,889 [INFO] LogOutputStream:77 - [STDOUT_REDIRECT] StartTraceHandler.execute(), success : Collect=true
2024-12-02 22:32:17,056 [INFO] LogOutputStream:77 - [STDOUT_REDIRECT] StartTraceHandler.execute(), success : Collect=false
2024-12-02 22:32:20,072 [INFO] LogOutputStream:77 - [STDOUT_REDIRECT] StartTraceHandler.execute(), success : Collect=true
2024-12-02 22:33:16,140 [INFO] LogOutputStream:77 - [STDOUT_REDIRECT] StartTraceHandler.execute(), success : Collect=false
2024-12-02 22:33:18,424 [INFO] LogOutputStream:77 - [STDOUT_REDIRECT] StartTraceHandler.execute(), success : Collect=true
2024-12-02 22:33:19,746 [INFO] LogOutputStream:77 - [STDOUT_REDIRECT] StartTraceHandler.execute(), success : Collect=false
2024-12-02 22:33:23,139 [INFO] LogOutputStream:77 - [STDOUT_REDIRECT] StartTraceHandler.execute(), success : Collect=true
2024-12-02 22:34:08,748 [INFO] LogOutputStream:77 - [STDOUT_REDIRECT] StartTraceHandler.execute(), success : Collect=false
