2024-11-01 23:07:19,941 [INFO] Activator:176 - 


2024-11-01 23:07:19,944 [INFO] Activator:177 - !SESSION log4j initialized
2024-11-01 23:07:23,585 [INFO] LogOutputStream:77 - [STDOUT_REDIRECT] 
2024-11-01 23:07:25,260 [INFO] ApplicationProperties:184 - Using Application install path: /opt/st/stm32cubeide_1.15.1/plugins/com.st.stm32cube.common.mx_6.11.1.202404110753
2024-11-01 23:07:25,285 [INFO] DbMcusXml:78 - Set database path to: /opt/st/stm32cubeide_1.15.1/plugins/com.st.stm32cube.common.mx_6.11.1.202404110753//db//mcu/
2024-11-01 23:07:25,285 [INFO] ApiDb:274 - Set plugin database path to: /opt/st/stm32cubeide_1.15.1/plugins/com.st.stm32cube.common.mx_6.11.1.202404110753//db//plugins/boardmanager/
2024-11-01 23:07:25,285 [WARN] ApiDb:259 - Overriding images path with different value:  => /opt/st/stm32cubeide_1.15.1/plugins/com.st.stm32cube.common.mx_6.11.1.202404110753//db//plugins/mcufinder/images/
2024-11-01 23:07:25,292 [INFO] ApiDb:250 - Set database path to: /home/poojaa/.stmcufinder/plugins/mcufinder//mcu/
2024-11-01 23:07:25,292 [INFO] DbMcusAds:125 - Set database path to: /home/poojaa/.stmcufinder/plugins/mcufinder//mcu/
2024-11-01 23:07:25,294 [INFO] CrossReferenceDbSqlite:203 - Set database path to: /home/poojaa/.stmcufinder/plugins/mcufinder//mcu/cs/
2024-11-01 23:07:25,374 [INFO] RulesReader:64 - Compatibility file has been processed (297 Rules)
2024-11-01 23:07:25,415 [INFO] DbMcusXml:78 - Set database path to: /opt/st/stm32cubeide_1.15.1/plugins/com.st.stm32cube.common.mx_6.11.1.202404110753//db//mcu/
2024-11-01 23:07:25,415 [INFO] ApiDb:274 - Set plugin database path to: /opt/st/stm32cubeide_1.15.1/plugins/com.st.stm32cube.common.mx_6.11.1.202404110753//db//plugins/boardmanager/
2024-11-01 23:07:25,415 [INFO] ApiDb:261 - Set plugin images path to: /opt/st/stm32cubeide_1.15.1/plugins/com.st.stm32cube.common.mx_6.11.1.202404110753//db//plugins/mcufinder/images/
2024-11-01 23:07:25,415 [WARN] DbFile:41 - Overriding database path with different value: /home/poojaa/.stmcufinder/plugins/mcufinder/ => /home/poojaa/.stmcufinder/plugins/mcufinder
2024-11-01 23:07:25,415 [INFO] ApiDb:250 - Set database path to: /home/poojaa/.stmcufinder/plugins/mcufinder//mcu/
2024-11-01 23:07:25,416 [WARN] DbFile:41 - Overriding database path with different value: /home/poojaa/.stmcufinder/plugins/mcufinder/ => /home/poojaa/.stmcufinder/plugins/mcufinder
2024-11-01 23:07:25,416 [INFO] DbMcusAds:125 - Set database path to: /home/poojaa/.stmcufinder/plugins/mcufinder//mcu/
2024-11-01 23:07:25,416 [WARN] DbFile:41 - Overriding database path with different value: /home/poojaa/.stmcufinder/plugins/mcufinder/ => /home/poojaa/.stmcufinder/plugins/mcufinder
2024-11-01 23:07:25,416 [WARN] DbFile:41 - Overriding database path with different value: /home/poojaa/.stmcufinder/plugins/mcufinder/ => /home/poojaa/.stmcufinder/plugins/mcufinder
2024-11-01 23:07:25,416 [INFO] CrossReferenceDbSqlite:203 - Set database path to: /home/poojaa/.stmcufinder/plugins/mcufinder//mcu/cs/
2024-11-01 23:07:25,470 [INFO] MainPanel:264 - HeapMemory: 268435456
2024-11-01 23:07:25,549 [INFO] DbMcusXml:78 - Set database path to: /opt/st/stm32cubeide_1.15.1/plugins/com.st.stm32cube.common.mx_6.11.1.202404110753//db//mcu/
2024-11-01 23:07:25,550 [INFO] ApiDb:274 - Set plugin database path to: /opt/st/stm32cubeide_1.15.1/plugins/com.st.stm32cube.common.mx_6.11.1.202404110753//db//plugins/boardmanager/
2024-11-01 23:07:25,550 [INFO] ApiDb:261 - Set plugin images path to: /opt/st/stm32cubeide_1.15.1/plugins/com.st.stm32cube.common.mx_6.11.1.202404110753//db//plugins/mcufinder/images/
2024-11-01 23:07:25,550 [WARN] DbFile:41 - Overriding database path with different value: /home/poojaa/.stmcufinder/plugins/mcufinder/ => /home/poojaa/.stmcufinder/plugins/mcufinder
2024-11-01 23:07:25,550 [INFO] ApiDb:250 - Set database path to: /home/poojaa/.stmcufinder/plugins/mcufinder//mcu/
2024-11-01 23:07:25,550 [WARN] DbFile:41 - Overriding database path with different value: /home/poojaa/.stmcufinder/plugins/mcufinder/ => /home/poojaa/.stmcufinder/plugins/mcufinder
2024-11-01 23:07:25,550 [INFO] DbMcusAds:125 - Set database path to: /home/poojaa/.stmcufinder/plugins/mcufinder//mcu/
2024-11-01 23:07:25,550 [WARN] DbFile:41 - Overriding database path with different value: /home/poojaa/.stmcufinder/plugins/mcufinder/ => /home/poojaa/.stmcufinder/plugins/mcufinder
2024-11-01 23:07:25,551 [WARN] DbFile:41 - Overriding database path with different value: /home/poojaa/.stmcufinder/plugins/mcufinder/ => /home/poojaa/.stmcufinder/plugins/mcufinder
2024-11-01 23:07:25,551 [INFO] CrossReferenceDbSqlite:203 - Set database path to: /home/poojaa/.stmcufinder/plugins/mcufinder//mcu/cs/
2024-11-01 23:07:25,565 [INFO] ApplicationProperties:184 - Using Application install path: /opt/st/stm32cubeide_1.15.1/plugins/com.st.stm32cube.common.mx_6.11.1.202404110753
2024-11-01 23:07:25,566 [INFO] PluginManage:196 - Search for loadable plugins [exclusion list=, ]
2024-11-01 23:07:25,567 [INFO] PluginManage:310 - Check plugin analytics
2024-11-01 23:07:25,685 [INFO] AnalyticsPlugin:253 - Accepted Software Licenses: 
2024-11-01 23:07:25,685 [INFO] AnalyticsPlugin:255 - Accepted CMSIS Pack Licenses: 
2024-11-01 23:07:25,685 [INFO] AnalyticsPlugin:257 - Accepted Firmware Licenses: 
2024-11-01 23:07:25,687 [INFO] PluginManage:359 - Loaded plugin analytics (category:tool,tabindex:-1)
2024-11-01 23:07:25,687 [INFO] PluginManage:310 - Check plugin cadmodel
2024-11-01 23:07:25,719 [INFO] CADModel:105 - Init CAD model plugin
2024-11-01 23:07:25,720 [INFO] PluginManage:359 - Loaded plugin cadmodel (category:power,tabindex:5)
2024-11-01 23:07:25,720 [INFO] PluginManage:310 - Check plugin clock
2024-11-01 23:07:25,731 [INFO] PluginManage:359 - Loaded plugin clock (category:base,tabindex:2)
2024-11-01 23:07:25,732 [INFO] PluginManage:310 - Check plugin ddr
2024-11-01 23:07:25,734 [INFO] PluginManage:359 - Loaded plugin ddr (category:tool,tabindex:6)
2024-11-01 23:07:25,734 [INFO] PluginManage:310 - Check plugin filemanager
2024-11-01 23:07:25,847 [INFO] PluginManage:359 - Loaded plugin filemanager (category:base,tabindex:10)
2024-11-01 23:07:25,847 [INFO] PluginManage:310 - Check plugin ipmanager
2024-11-01 23:07:25,851 [INFO] PluginManage:359 - Loaded plugin ipmanager (category:base,tabindex:5)
2024-11-01 23:07:25,851 [INFO] PluginManage:310 - Check plugin lpbam
2024-11-01 23:07:25,858 [INFO] PluginManage:359 - Loaded plugin lpbam (category:base,tabindex:0)
2024-11-01 23:07:25,858 [INFO] PluginManage:310 - Check plugin memorymap
2024-11-01 23:07:25,870 [INFO] PluginManage:359 - Loaded plugin memorymap (category:base,tabindex:4)
2024-11-01 23:07:25,870 [INFO] PluginManage:310 - Check plugin pinoutandconfiguration
2024-11-01 23:07:25,878 [INFO] PluginManage:359 - Loaded plugin pinoutandconfiguration (category:base,tabindex:1)
2024-11-01 23:07:25,878 [INFO] PluginManage:310 - Check plugin pinoutconfig
2024-11-01 23:07:25,931 [WARN] SupportedApi:132 - Cannot load RTOS API schema: s4s-elt-must-match.1: The content of 'definitions' must match (annotation?, (simpleType | complexType)?, (unique | key | keyref)*)). A problem was found starting at: attribute.
2024-11-01 23:07:26,026 [INFO] PluginManage:359 - Loaded plugin pinoutconfig (category:base,tabindex:0)
2024-11-01 23:07:26,026 [INFO] PluginManage:310 - Check plugin power
2024-11-01 23:07:26,035 [INFO] PluginManage:359 - Loaded plugin power (category:power,tabindex:4)
2024-11-01 23:07:26,035 [INFO] PluginManage:310 - Check plugin projectmanager
2024-11-01 23:07:26,048 [INFO] PluginManage:359 - Loaded plugin projectmanager (category:projectmanager,tabindex:3)
2024-11-01 23:07:26,048 [INFO] PluginManage:310 - Check plugin thirdparty
2024-11-01 23:07:26,143 [INFO] PluginManage:359 - Loaded plugin thirdparty (category:base,tabindex:-1)
2024-11-01 23:07:26,144 [INFO] PluginManage:310 - Check plugin tools
2024-11-01 23:07:26,143 [WARN] IntegrityCheckThread:84 - waiting for thirdparty lock release [integrity check]
2024-11-01 23:07:26,144 [INFO] IntegrityCheckThread:86 - entering critical section [integrity check]
2024-11-01 23:07:26,144 [INFO] ThirdPartyUpdaterWithRetryManager:70 - Updater plugin not ready yet. [1/15]
2024-11-01 23:07:26,145 [INFO] PluginManage:359 - Loaded plugin tools (category:base,tabindex:7)
2024-11-01 23:07:26,145 [INFO] PluginManage:310 - Check plugin tutovideos
2024-11-01 23:07:26,297 [INFO] PluginManage:359 - Loaded plugin tutovideos (category:base,tabindex:-1)
2024-11-01 23:07:26,297 [INFO] PluginManage:310 - Check plugin updater
2024-11-01 23:07:26,308 [INFO] PluginManage:359 - Loaded plugin updater (category:base,tabindex:12)
2024-11-01 23:07:26,308 [INFO] PluginManage:310 - Check plugin userauth
2024-11-01 23:07:26,313 [INFO] UserAuth:114 - Init User Auth plugin
2024-11-01 23:07:26,313 [INFO] PluginManage:359 - Loaded plugin userauth (category:base,tabindex:14)
2024-11-01 23:07:26,313 [INFO] PluginManage:283 - PluginManage : Loaded plugins [17]
2024-11-01 23:07:26,496 [INFO] PinOutPanel:1561 - setPackage(No Configuration,No Configuration)
2024-11-01 23:07:26,543 [INFO] CADModel:165 - CPN selected for project level
2024-11-01 23:07:26,543 [INFO] CADModel:114 - Register for checkConnection events
2024-11-01 23:07:26,559 [INFO] IPUIPlugin:80 - create IPUIPlugin
2024-11-01 23:07:26,559 [INFO] PluginManager:220 - loadIPPluginJar : add adc
2024-11-01 23:07:26,561 [INFO] IPUIPlugin:80 - create IPUIPlugin
2024-11-01 23:07:26,562 [INFO] PluginManager:220 - loadIPPluginJar : add dma3
2024-11-01 23:07:26,564 [INFO] IPUIPlugin:80 - create IPUIPlugin
2024-11-01 23:07:26,564 [INFO] PluginManager:220 - loadIPPluginJar : add opamp
2024-11-01 23:07:26,566 [INFO] IPUIPlugin:80 - create IPUIPlugin
2024-11-01 23:07:26,566 [INFO] PluginManager:220 - loadIPPluginJar : add pdm2pcm
2024-11-01 23:07:26,567 [INFO] IPUIPlugin:80 - create IPUIPlugin
2024-11-01 23:07:26,568 [INFO] PluginManager:220 - loadIPPluginJar : add i2c
2024-11-01 23:07:26,569 [INFO] IPUIPlugin:80 - create IPUIPlugin
2024-11-01 23:07:26,569 [INFO] PluginManager:220 - loadIPPluginJar : add i2s
2024-11-01 23:07:26,570 [INFO] IPUIPlugin:80 - create IPUIPlugin
2024-11-01 23:07:26,570 [INFO] PluginManager:220 - loadIPPluginJar : add gfxmmu
2024-11-01 23:07:26,571 [INFO] IPUIPlugin:80 - create IPUIPlugin
2024-11-01 23:07:26,571 [INFO] PluginManager:220 - loadIPPluginJar : add quadspi
2024-11-01 23:07:26,575 [INFO] IPUIPlugin:80 - create IPUIPlugin
2024-11-01 23:07:26,575 [INFO] PluginManager:220 - loadIPPluginJar : add mdma
2024-11-01 23:07:26,578 [INFO] IPUIPlugin:80 - create IPUIPlugin
2024-11-01 23:07:26,578 [INFO] PluginManager:220 - loadIPPluginJar : add nvic
2024-11-01 23:07:26,581 [INFO] IPUIPlugin:80 - create IPUIPlugin
2024-11-01 23:07:26,582 [INFO] PluginManager:220 - loadIPPluginJar : add dma
2024-11-01 23:07:26,583 [INFO] IPUIPlugin:80 - create IPUIPlugin
2024-11-01 23:07:26,583 [INFO] PluginManager:220 - loadIPPluginJar : add aes
2024-11-01 23:07:26,586 [INFO] IPUIPlugin:80 - create IPUIPlugin
2024-11-01 23:07:26,586 [INFO] PluginManager:220 - loadIPPluginJar : add stm32_wpan
2024-11-01 23:07:26,588 [INFO] IPUIPlugin:80 - create IPUIPlugin
2024-11-01 23:07:26,588 [INFO] PluginManager:220 - loadIPPluginJar : add usart
2024-11-01 23:07:26,589 [INFO] IPUIPlugin:80 - create IPUIPlugin
2024-11-01 23:07:26,589 [INFO] PluginManager:220 - loadIPPluginJar : add genericplugin
2024-11-01 23:07:26,590 [INFO] IPUIPlugin:80 - create IPUIPlugin
2024-11-01 23:07:26,590 [INFO] PluginManager:220 - loadIPPluginJar : add openamp
2024-11-01 23:07:26,592 [INFO] IPUIPlugin:80 - create IPUIPlugin
2024-11-01 23:07:26,592 [INFO] PluginManager:220 - loadIPPluginJar : add ipddr
2024-11-01 23:07:26,593 [INFO] IPUIPlugin:80 - create IPUIPlugin
2024-11-01 23:07:26,593 [INFO] PluginManager:220 - loadIPPluginJar : add lorawan
2024-11-01 23:07:26,594 [INFO] IPUIPlugin:80 - create IPUIPlugin
2024-11-01 23:07:26,594 [INFO] PluginManager:220 - loadIPPluginJar : add gtzc
2024-11-01 23:07:26,596 [INFO] IPUIPlugin:80 - create IPUIPlugin
2024-11-01 23:07:26,596 [INFO] PluginManager:220 - loadIPPluginJar : add can
2024-11-01 23:07:26,597 [INFO] IPUIPlugin:80 - create IPUIPlugin
2024-11-01 23:07:26,597 [INFO] PluginManager:220 - loadIPPluginJar : add fatfs
2024-11-01 23:07:26,599 [INFO] IPUIPlugin:80 - create IPUIPlugin
2024-11-01 23:07:26,599 [INFO] PluginManager:220 - loadIPPluginJar : add gpio
2024-11-01 23:07:26,600 [INFO] IPUIPlugin:80 - create IPUIPlugin
2024-11-01 23:07:26,601 [INFO] PluginManager:220 - loadIPPluginJar : add ts
2024-11-01 23:07:26,602 [INFO] IPUIPlugin:80 - create IPUIPlugin
2024-11-01 23:07:26,602 [INFO] PluginManager:220 - loadIPPluginJar : add dfsdm
2024-11-01 23:07:26,605 [INFO] IPUIPlugin:80 - create IPUIPlugin
2024-11-01 23:07:26,605 [INFO] PluginManager:220 - loadIPPluginJar : add gic
2024-11-01 23:07:26,609 [INFO] IPUIPlugin:80 - create IPUIPlugin
2024-11-01 23:07:26,609 [INFO] PluginManager:220 - loadIPPluginJar : add linkedlist
2024-11-01 23:07:26,610 [INFO] IPUIPlugin:80 - create IPUIPlugin
2024-11-01 23:07:26,610 [INFO] PluginManager:220 - loadIPPluginJar : add tim
2024-11-01 23:07:26,612 [INFO] IPUIPlugin:80 - create IPUIPlugin
2024-11-01 23:07:26,612 [INFO] PluginManager:220 - loadIPPluginJar : add tracer_emb
2024-11-01 23:07:26,615 [INFO] IPUIPlugin:80 - create IPUIPlugin
2024-11-01 23:07:26,615 [INFO] PluginManager:220 - loadIPPluginJar : add extmemmanager
2024-11-01 23:07:26,617 [INFO] IPUIPlugin:80 - create IPUIPlugin
2024-11-01 23:07:26,617 [INFO] PluginManager:220 - loadIPPluginJar : add spi
2024-11-01 23:07:26,619 [INFO] IPUIPlugin:80 - create IPUIPlugin
2024-11-01 23:07:26,619 [INFO] PluginManager:220 - loadIPPluginJar : add comp
2024-11-01 23:07:26,621 [INFO] IPUIPlugin:80 - create IPUIPlugin
2024-11-01 23:07:26,621 [INFO] PluginManager:220 - loadIPPluginJar : add sai
2024-11-01 23:07:26,623 [INFO] IPUIPlugin:80 - create IPUIPlugin
2024-11-01 23:07:26,623 [INFO] PluginManager:220 - loadIPPluginJar : add ucpd
2024-11-01 23:07:26,624 [INFO] IPUIPlugin:80 - create IPUIPlugin
2024-11-01 23:07:26,624 [INFO] PluginManager:220 - loadIPPluginJar : add ltdc
2024-11-01 23:07:26,626 [INFO] IPUIPlugin:80 - create IPUIPlugin
2024-11-01 23:07:26,627 [INFO] PluginManager:220 - loadIPPluginJar : add touchsensing
2024-11-01 23:07:26,633 [INFO] IPUIPlugin:80 - create IPUIPlugin
2024-11-01 23:07:26,634 [INFO] PluginManager:220 - loadIPPluginJar : add plateformsettings
2024-11-01 23:07:26,637 [INFO] IPUIPlugin:80 - create IPUIPlugin
2024-11-01 23:07:26,637 [INFO] PluginManager:220 - loadIPPluginJar : add resmgrutility
2024-11-01 23:07:26,639 [INFO] IPUIPlugin:80 - create IPUIPlugin
2024-11-01 23:07:26,639 [INFO] PluginManager:220 - loadIPPluginJar : add cryp
2024-11-01 23:07:26,642 [INFO] IPUIPlugin:80 - create IPUIPlugin
2024-11-01 23:07:26,642 [INFO] PluginManager:220 - loadIPPluginJar : add fmc
2024-11-01 23:07:26,643 [INFO] IPUIPlugin:80 - create IPUIPlugin
2024-11-01 23:07:26,643 [INFO] PluginManager:220 - loadIPPluginJar : add tsc
2024-11-01 23:07:26,644 [INFO] IPUIPlugin:80 - create IPUIPlugin
2024-11-01 23:07:26,644 [INFO] PluginManager:220 - loadIPPluginJar : add hash
2024-11-01 23:07:26,648 [INFO] IPUIPlugin:80 - create IPUIPlugin
2024-11-01 23:07:26,648 [INFO] PluginManager:220 - loadIPPluginJar : add freertos
2024-11-01 23:07:26,650 [INFO] IPUIPlugin:80 - create IPUIPlugin
2024-11-01 23:07:26,650 [INFO] PluginManager:220 - loadIPPluginJar : add usbx
2024-11-01 23:07:26,651 [INFO] IPUIPlugin:80 - create IPUIPlugin
2024-11-01 23:07:26,651 [INFO] PluginManager:220 - loadIPPluginJar : add i3c
2024-11-01 23:07:26,743 [INFO] CADModel:165 - CPN selected for project level
2024-11-01 23:07:26,744 [INFO] CADModel:114 - Register for checkConnection events
2024-11-01 23:07:26,744 [FATAL] Updater:308 - Updater called before beeing initialized
2024-11-01 23:07:26,744 [ERROR] CADModel:125 - Updater not yet initialized, retry later 
2024-11-01 23:07:26,843 [INFO] CADModel:165 - CPN selected for project level
2024-11-01 23:07:26,843 [INFO] CADModel:114 - Register for checkConnection events
2024-11-01 23:07:26,843 [FATAL] Updater:308 - Updater called before beeing initialized
2024-11-01 23:07:26,843 [ERROR] CADModel:125 - Updater not yet initialized, retry later 
2024-11-01 23:07:26,846 [FATAL] Updater:308 - Updater called before beeing initialized
2024-11-01 23:07:26,893 [FATAL] Updater:308 - Updater called before beeing initialized
2024-11-01 23:07:26,898 [INFO] DbMcusAds:53 - JSON generation date=Fri Sep 20 18:34:38 IST 2024 (1726837478367)
2024-11-01 23:07:26,898 [FATAL] Updater:308 - Updater called before beeing initialized
2024-11-01 23:07:26,925 [WARN] DetailPanel:346 - Failed to get advertising image, set to default
2024-11-01 23:07:26,977 [FATAL] Updater:308 - Updater called before beeing initialized
2024-11-01 23:07:26,978 [FATAL] Updater:308 - Updater called before beeing initialized
2024-11-01 23:07:26,979 [FATAL] Updater:308 - Updater called before beeing initialized
2024-11-01 23:07:26,979 [WARN] DetailPanel:346 - Failed to get advertising image, set to default
2024-11-01 23:07:26,979 [FATAL] Updater:308 - Updater called before beeing initialized
2024-11-01 23:07:26,996 [ERROR] Updater:1120 - MainUpdater not yet initialized. External WinMGr cannot be set.
2024-11-01 23:07:26,997 [INFO] Updater:1056 - Updater Version found : 6.11.1
2024-11-01 23:07:27,011 [INFO] ApplicationProperties:184 - Using Application install path: /opt/st/stm32cubeide_1.15.1/plugins/com.st.stm32cube.common.mx_6.11.1.202404110753
2024-11-01 23:07:27,300 [INFO] MainUpdater:2873 - connection check result : 10
2024-11-01 23:07:27,300 [INFO] MainUpdater:3567 - Updater definition file requires update
2024-11-01 23:07:27,301 [INFO] MainUpdater:290 - Updater Check For Update Now.
2024-11-01 23:07:27,301 [INFO] MicroXplorer:498 - Change Database Version : DB.6.0.111
2024-11-01 23:07:27,303 [INFO] McuFinderGlobals:63 - Set McuFinder mode to 2 (CubeIDE integrated)
2024-11-01 23:07:27,303 [INFO] UserAuth:179 - activating auth plugin
2024-11-01 23:07:27,307 [INFO] UserAuth:415 - Internet connection configuration mode: 1
2024-11-01 23:07:27,322 [INFO] JxBrowserEngine:152 - Initiate JxBrowser Engine with user profile folder
2024-11-01 23:07:27,390 [INFO] ServerAccessManage:473 - Download File updaters.zip
2024-11-01 23:07:27,561 [INFO] FileExtend:240 - Unzip File : updaters.zip
2024-11-01 23:07:27,561 [INFO] FileExtend:255 - Standard Zip Deflate
2024-11-01 23:07:27,709 [INFO] ServerAccessManage:473 - Download File PacksControlFlags.xml
2024-11-01 23:07:27,775 [INFO] ServerAccessManage:473 - Download File cubemx.pidx
2024-11-01 23:07:27,842 [INFO] LoadServerUpdatesThread:375 - End of LoadServerUpdate Thread
2024-11-01 23:07:27,985 [INFO] CheckServerUpdateThread:120 - End of CheckServer Thread
2024-11-01 23:07:28,097 [INFO] WebApp:161 - Instantiating new browser for Auth
2024-11-01 23:07:28,547 [INFO] WebApp:779 - Register for checkConnection events
2024-11-01 23:07:28,548 [INFO] WebApp:414 - Apply proxy settings
2024-11-01 23:07:28,548 [INFO] WebApp:499 - Chromium requires no authentication
2024-11-01 23:07:28,551 [INFO] WebApp:442 - Direct internet connection detected
2024-11-01 23:07:28,633 [INFO] WebApp:192 - Starting web application
2024-11-01 23:07:28,633 [INFO] WebApp:544 - Web application path used /opt/st/stm32cubeide_1.15.1/plugins/com.st.stm32cube.common.mx_6.11.1.202404110753/db/plugins/mcufinder/reactClient1/index.html
2024-11-01 23:07:29,235 [WARN] PackLoader:240 - Cannot read IP mode file for STMicroelectronics.FP-SNS-MOTENVWB1.1.4.0
2024-11-01 23:07:29,240 [WARN] PackLoader:240 - Cannot read IP mode file for STMicroelectronics.X-CUBE-SMBUS.2.1.0
2024-11-01 23:07:29,255 [WARN] PackLoader:240 - Cannot read IP mode file for STMicroelectronics.X-CUBE-AZRTOS-F7.1.1.0
2024-11-01 23:07:29,297 [WARN] PackLoader:240 - Cannot read IP mode file for STMicroelectronics.X-CUBE-MEMS1.11.0.0
2024-11-01 23:07:29,390 [WARN] PackLoader:240 - Cannot read IP mode file for STMicroelectronics.FP-SNS-FLIGHT1.5.0.2
2024-11-01 23:07:29,394 [WARN] PackLoader:240 - Cannot read IP mode file for STMicroelectronics.X-CUBE-DISPLAY.3.0.0
2024-11-01 23:07:29,401 [WARN] PackLoader:240 - Cannot read IP mode file for STMicroelectronics.X-CUBE-BLE1.7.0.0
2024-11-01 23:07:29,403 [WARN] PackLoader:240 - Cannot read IP mode file for emotas.I-CUBE-CANOPEN.1.3.0
2024-11-01 23:07:29,409 [WARN] PackLoader:240 - Cannot read IP mode file for STMicroelectronics.X-CUBE-BLEMGR.3.1.0
2024-11-01 23:07:29,413 [WARN] PackLoader:240 - Cannot read IP mode file for STMicroelectronics.FP-SNS-SMARTAG2.1.2.0
2024-11-01 23:07:29,419 [INFO] LogOutputStream:77 - [STDOUT_REDIRECT] 1 : Invalid condition id : UX_CORESTACK_Condition cause : null
2024-11-01 23:07:29,420 [INFO] LogOutputStream:77 - [STDOUT_REDIRECT] 1 : Invalid condition id : UX_CORESTACK_Condition cause : null
2024-11-01 23:07:29,420 [INFO] LogOutputStream:77 - [STDOUT_REDIRECT] 1 : Invalid condition id : UX_CORESTACK_Condition cause : null
2024-11-01 23:07:29,420 [INFO] LogOutputStream:77 - [STDOUT_REDIRECT] 1 : Invalid condition id : UX_CORESTACK_Condition cause : null
2024-11-01 23:07:29,420 [INFO] LogOutputStream:77 - [STDOUT_REDIRECT] 1 : Invalid condition id : UX_CORESTACK_Condition cause : null
2024-11-01 23:07:29,422 [WARN] PackLoader:240 - Cannot read IP mode file for STMicroelectronics.X-CUBE-AZRTOS-WL.2.0.0
2024-11-01 23:07:29,426 [WARN] PackLoader:240 - Cannot read IP mode file for STMicroelectronics.FP-SNS-MOTENV1.5.0.0
2024-11-01 23:07:29,429 [WARN] PackLoader:240 - Cannot read IP mode file for wolfSSL.I-CUBE-wolfMQTT.1.19.0
2024-11-01 23:07:29,433 [WARN] PackLoader:240 - Cannot read IP mode file for WES.I-CUBE-Cesium.1.3.0
2024-11-01 23:07:29,435 [WARN] PackLoader:240 - Cannot read IP mode file for STMicroelectronics.X-CUBE-BLE2.3.3.0
2024-11-01 23:07:29,439 [WARN] PackLoader:240 - Cannot read IP mode file for STMicroelectronics.X-CUBE-TCPP.4.1.0
2024-11-01 23:07:29,450 [WARN] PackLoader:240 - Cannot read IP mode file for STMicroelectronics.X-CUBE-AZRTOS-G0.1.1.0
2024-11-01 23:07:29,455 [WARN] PackLoader:240 - Cannot read IP mode file for STMicroelectronics.X-CUBE-SAFEA1.1.2.2
2024-11-01 23:07:29,458 [WARN] PackLoader:240 - Cannot read IP mode file for STMicroelectronics.X-CUBE-NFC4.3.0.0
2024-11-01 23:07:29,468 [WARN] PackLoader:240 - Cannot read IP mode file for EmbeddedOffice.I-CUBE-FS-RTOS.1.0.1
2024-11-01 23:07:29,469 [ERROR] ConditionMgr:805 - Attr not supported : Dmpu
2024-11-01 23:07:29,469 [ERROR] ConditionMgr:805 - Attr not supported : Dmpu
2024-11-01 23:07:29,469 [ERROR] ConditionMgr:805 - Attr not supported : Dmpu
2024-11-01 23:07:29,469 [ERROR] ConditionMgr:805 - Attr not supported : Dmpu
2024-11-01 23:07:29,469 [ERROR] ConditionMgr:805 - Attr not supported : Dmpu
2024-11-01 23:07:29,469 [ERROR] ConditionMgr:805 - Attr not supported : Dmpu
2024-11-01 23:07:29,469 [ERROR] ConditionMgr:805 - Attr not supported : Dmpu
2024-11-01 23:07:29,469 [ERROR] ConditionMgr:805 - Attr not supported : Dmpu
2024-11-01 23:07:29,469 [ERROR] ConditionMgr:805 - Attr not supported : Dmpu
2024-11-01 23:07:29,469 [ERROR] ConditionMgr:805 - Attr not supported : Dmpu
2024-11-01 23:07:29,469 [ERROR] ConditionMgr:805 - Attr not supported : Dmpu
2024-11-01 23:07:29,469 [ERROR] ConditionMgr:805 - Attr not supported : Dmpu
2024-11-01 23:07:29,469 [ERROR] ConditionMgr:805 - Attr not supported : Dmpu
2024-11-01 23:07:29,470 [ERROR] ConditionMgr:805 - Attr not supported : Dmpu
2024-11-01 23:07:29,470 [ERROR] ConditionMgr:805 - Attr not supported : Dmpu
2024-11-01 23:07:29,470 [ERROR] ConditionMgr:805 - Attr not supported : Dmpu
2024-11-01 23:07:29,470 [ERROR] ConditionMgr:805 - Attr not supported : Dmpu
2024-11-01 23:07:29,470 [ERROR] ConditionMgr:805 - Attr not supported : Dmpu
2024-11-01 23:07:29,470 [ERROR] ConditionMgr:805 - Attr not supported : Dmpu
2024-11-01 23:07:29,470 [ERROR] ConditionMgr:805 - Attr not supported : Dmpu
2024-11-01 23:07:29,470 [ERROR] ConditionMgr:805 - Attr not supported : Dmpu
2024-11-01 23:07:29,470 [ERROR] ConditionMgr:805 - Attr not supported : Dmpu
2024-11-01 23:07:29,470 [ERROR] ConditionMgr:805 - Attr not supported : Dmpu
2024-11-01 23:07:29,470 [ERROR] ConditionMgr:805 - Attr not supported : Dmpu
2024-11-01 23:07:29,470 [ERROR] ConditionMgr:805 - Attr not supported : Dmpu
2024-11-01 23:07:29,470 [ERROR] ConditionMgr:805 - Attr not supported : Dmpu
2024-11-01 23:07:29,470 [ERROR] ConditionMgr:805 - Attr not supported : Dmpu
2024-11-01 23:07:29,470 [ERROR] ConditionMgr:805 - Attr not supported : Dmpu
2024-11-01 23:07:29,471 [ERROR] ConditionMgr:805 - Attr not supported : Dmpu
2024-11-01 23:07:29,471 [ERROR] ConditionMgr:805 - Attr not supported : Dmpu
2024-11-01 23:07:29,471 [ERROR] ConditionMgr:805 - Attr not supported : Dmpu
2024-11-01 23:07:29,471 [ERROR] ConditionMgr:805 - Attr not supported : Dmpu
2024-11-01 23:07:29,471 [ERROR] ConditionMgr:805 - Attr not supported : Dmpu
2024-11-01 23:07:29,471 [ERROR] ConditionMgr:805 - Attr not supported : Dmpu
2024-11-01 23:07:29,471 [ERROR] ConditionMgr:805 - Attr not supported : Dmpu
2024-11-01 23:07:29,471 [ERROR] ConditionMgr:805 - Attr not supported : Dmpu
2024-11-01 23:07:29,471 [ERROR] ConditionMgr:805 - Attr not supported : Dmpu
2024-11-01 23:07:29,471 [ERROR] ConditionMgr:805 - Attr not supported : Dmpu
2024-11-01 23:07:29,471 [ERROR] ConditionMgr:805 - Attr not supported : Dmpu
2024-11-01 23:07:29,471 [ERROR] ConditionMgr:805 - Attr not supported : Dmpu
2024-11-01 23:07:29,471 [ERROR] ConditionMgr:805 - Attr not supported : Dmpu
2024-11-01 23:07:29,471 [ERROR] ConditionMgr:805 - Attr not supported : Dmpu
2024-11-01 23:07:29,472 [ERROR] ConditionMgr:805 - Attr not supported : Dmpu
2024-11-01 23:07:29,472 [ERROR] ConditionMgr:805 - Attr not supported : Dmpu
2024-11-01 23:07:29,472 [ERROR] ConditionMgr:805 - Attr not supported : Dmpu
2024-11-01 23:07:29,472 [ERROR] ConditionMgr:805 - Attr not supported : Dmpu
2024-11-01 23:07:29,472 [ERROR] ConditionMgr:805 - Attr not supported : Dmpu
2024-11-01 23:07:29,472 [ERROR] ConditionMgr:805 - Attr not supported : Dmpu
2024-11-01 23:07:29,472 [ERROR] ConditionMgr:805 - Attr not supported : Dmpu
2024-11-01 23:07:29,472 [ERROR] ConditionMgr:805 - Attr not supported : Dmpu
2024-11-01 23:07:29,472 [ERROR] ConditionMgr:805 - Attr not supported : Dmpu
2024-11-01 23:07:29,472 [ERROR] ConditionMgr:805 - Attr not supported : Dmpu
2024-11-01 23:07:29,472 [ERROR] ConditionMgr:805 - Attr not supported : Dmpu
2024-11-01 23:07:29,472 [ERROR] ConditionMgr:805 - Attr not supported : Dmpu
2024-11-01 23:07:29,472 [ERROR] ConditionMgr:805 - Attr not supported : Dmpu
2024-11-01 23:07:29,472 [ERROR] ConditionMgr:805 - Attr not supported : Dmpu
2024-11-01 23:07:29,473 [ERROR] ConditionMgr:805 - Attr not supported : Dmpu
2024-11-01 23:07:29,473 [ERROR] ConditionMgr:805 - Attr not supported : Dmpu
2024-11-01 23:07:29,473 [ERROR] ConditionMgr:805 - Attr not supported : Dmpu
2024-11-01 23:07:29,473 [ERROR] ConditionMgr:805 - Attr not supported : Dmpu
2024-11-01 23:07:29,473 [ERROR] ConditionMgr:805 - Attr not supported : Dmpu
2024-11-01 23:07:29,473 [ERROR] ConditionMgr:805 - Attr not supported : Dmpu
2024-11-01 23:07:29,473 [ERROR] ConditionMgr:805 - Attr not supported : Dmpu
2024-11-01 23:07:29,473 [ERROR] ConditionMgr:805 - Attr not supported : Dmpu
2024-11-01 23:07:29,477 [WARN] PackLoader:240 - Cannot read IP mode file for RealThread.X-CUBE-RT-Thread_Nano.4.1.1
2024-11-01 23:07:29,480 [WARN] PackLoader:240 - Cannot read IP mode file for wolfSSL.I-CUBE-wolfSSL.5.7.0
2024-11-01 23:07:29,483 [WARN] PackLoader:240 - Cannot read IP mode file for STMicroelectronics.FP-ATR-SIGFOX1.3.2.0
2024-11-01 23:07:29,488 [WARN] PackLoader:240 - Cannot read IP mode file for STMicroelectronics.X-CUBE-EEPRMA1.5.1.0
2024-11-01 23:07:29,494 [WARN] PackLoader:240 - Cannot read IP mode file for ITTIA_DB.I-CUBE-ITTIADB.8.9.0
2024-11-01 23:07:29,527 [WARN] PackLoader:240 - Cannot read IP mode file for SEGGER.I-CUBE-embOS.1.3.1
2024-11-01 23:07:29,570 [WARN] PackLoader:240 - Cannot read IP mode file for STMicroelectronics.X-CUBE-ALGOBUILD.1.4.0
2024-11-01 23:07:29,575 [WARN] PackLoader:240 - Cannot read IP mode file for STMicroelectronics.X-CUBE-GNSS1.6.0.0
2024-11-01 23:07:29,591 [WARN] PackLoader:240 - Cannot read IP mode file for STMicroelectronics.X-CUBE-AZRTOS-F4.1.1.0
2024-11-01 23:07:29,597 [WARN] PackLoader:240 - Cannot read IP mode file for STMicroelectronics.X-CUBE-ISPU.2.1.0
2024-11-01 23:07:29,602 [WARN] PackLoader:240 - Cannot read IP mode file for STMicroelectronics.X-CUBE-FREERTOS.1.2.0
2024-11-01 23:07:29,618 [WARN] PackLoader:240 - Cannot read IP mode file for STMicroelectronics.X-CUBE-AZRTOS-L5.2.0.0
2024-11-01 23:07:29,628 [WARN] PackLoader:240 - Cannot read IP mode file for STMicroelectronics.X-CUBE-NFC6.3.1.0
2024-11-01 23:07:29,635 [WARN] PackLoader:240 - Cannot read IP mode file for STMicroelectronics.X-CUBE-DPower.1.2.0
2024-11-01 23:07:29,638 [WARN] PackLoader:240 - Cannot read IP mode file for STMicroelectronics.X-CUBE-AI.9.0.0
2024-11-01 23:07:29,642 [WARN] PackLoader:240 - Cannot read IP mode file for STMicroelectronics.X-CUBE-NFC7.1.0.1
2024-11-01 23:07:29,646 [WARN] PackLoader:240 - Cannot read IP mode file for wolfSSL.I-CUBE-wolfTPM.3.2.0
2024-11-01 23:07:29,663 [WARN] ConditionMgr:438 - getConditionDescription Invalid condition id : LAN8742 Phy interface Condition cause : null
2024-11-01 23:07:29,664 [WARN] PackLoader:240 - Cannot read IP mode file for STMicroelectronics.X-CUBE-AZRTOS-L4.2.0.0
2024-11-01 23:07:29,666 [WARN] ConditionMgr:1039 - genDependencies : Invalid condition id : LAN8742 Phy interface Condition cause : null
2024-11-01 23:07:29,666 [WARN] ConditionMgr:1039 - genDependencies : Invalid condition id : LAN8742 Phy interface Condition cause : null
2024-11-01 23:07:29,667 [WARN] ConditionMgr:1039 - genDependencies : Invalid condition id : LAN8742 Phy interface Condition cause : null
2024-11-01 23:07:29,674 [WARN] PackLoader:240 - Cannot read IP mode file for STMicroelectronics.X-CUBE-SFXS2LP1.4.0.0
2024-11-01 23:07:29,695 [WARN] PackLoader:240 - Cannot read IP mode file for STMicroelectronics.X-CUBE-AZRTOS-H7.3.3.0
2024-11-01 23:07:29,710 [WARN] ConditionMgr:438 - getConditionDescription Invalid condition id : UX DEVICE CLASS RTOS Condition cause : null
2024-11-01 23:07:29,711 [WARN] ConditionMgr:438 - getConditionDescription Invalid condition id : UX DEVICE CLASS RTOS Condition cause : null
2024-11-01 23:07:29,713 [WARN] PackLoader:240 - Cannot read IP mode file for STMicroelectronics.X-CUBE-AZRTOS-WB.2.0.0
2024-11-01 23:07:29,714 [WARN] ConditionMgr:1039 - genDependencies : Invalid condition id : UX DEVICE CLASS RTOS Condition cause : null
2024-11-01 23:07:29,714 [WARN] ConditionMgr:1039 - genDependencies : Invalid condition id : UX DEVICE CLASS RTOS Condition cause : null
2024-11-01 23:07:29,715 [WARN] ConditionMgr:1039 - genDependencies : Invalid condition id : UX DEVICE CLASS RTOS Condition cause : null
2024-11-01 23:07:29,715 [WARN] ConditionMgr:1039 - genDependencies : Invalid condition id : UX DEVICE CLASS RTOS Condition cause : null
2024-11-01 23:07:29,715 [WARN] ConditionMgr:1039 - genDependencies : Invalid condition id : UX DEVICE CLASS RTOS Condition cause : null
2024-11-01 23:07:29,720 [WARN] PackLoader:240 - Cannot read IP mode file for STMicroelectronics.X-CUBE-GNSS1.7.0.0
2024-11-01 23:07:29,726 [WARN] PackLoader:240 - Cannot read IP mode file for STMicroelectronics.FP-SNS-STBOX1.2.0.0
2024-11-01 23:07:29,738 [WARN] PackLoader:240 - Cannot read IP mode file for STMicroelectronics.X-CUBE-SUBG2.5.0.0
2024-11-01 23:07:29,746 [WARN] PackLoader:240 - Cannot read IP mode file for Cesanta.I-CUBE-Mongoose.7.13.0
2024-11-01 23:07:29,757 [WARN] PackLoader:240 - Cannot read IP mode file for STMicroelectronics.X-CUBE-AZRTOS-G4.2.0.0
2024-11-01 23:07:29,761 [WARN] PackLoader:240 - Cannot read IP mode file for STMicroelectronics.X-CUBE-ISPU.2.0.0
2024-11-01 23:07:29,765 [WARN] PackLoader:240 - Cannot read IP mode file for STMicroelectronics.X-CUBE-ALS.1.0.2
2024-11-01 23:07:29,797 [WARN] PackLoader:240 - Cannot read IP mode file for STMicroelectronics.X-CUBE-MEMS1.10.0.0
2024-11-01 23:07:29,904 [WARN] PackLoader:240 - Cannot read IP mode file for STMicroelectronics.X-CUBE-TOUCHGFX.4.24.0
2024-11-01 23:07:29,906 [WARN] PackLoader:240 - Cannot read IP mode file for STMicroelectronics.X-CUBE-TOUCHGFX.4.24.1
2024-11-01 23:07:29,909 [WARN] PackLoader:240 - Cannot read IP mode file for portGmbH.I-Cube-SoM-uGOAL.1.1.0
2024-11-01 23:07:29,923 [WARN] PackLoader:240 - Cannot read IP mode file for STMicroelectronics.X-CUBE-AZRTOS-H7RS.1.0.0
2024-11-01 23:07:29,928 [WARN] PackLoader:240 - Cannot read IP mode file for STMicroelectronics.FP-ATR-ASTRA1.2.0.0
2024-11-01 23:07:29,935 [WARN] PackLoader:240 - Cannot read IP mode file for STMicroelectronics.X-CUBE-TOF1.3.4.2
2024-11-01 23:07:29,950 [WARN] PackLoader:240 - Cannot read IP mode file for STMicroelectronics.X-CUBE-TOF1.3.4.1
2024-11-01 23:07:29,976 [WARN] PackLoader:240 - Cannot read IP mode file for STMicroelectronics.X-CUBE-AZRTOS-H7.3.2.0
2024-11-01 23:07:29,988 [WARN] PackLoader:240 - Cannot read IP mode file for Infineon.AIROC-Wi-Fi-Bluetooth-STM32.1.6.0
2024-11-01 23:07:29,994 [WARN] PackLoader:240 - Cannot read IP mode file for wolfSSL.I-CUBE-wolfSSH.1.4.17
2024-11-01 23:07:29,994 [INFO] ThirdParty:978 - Integrity check success = true
2024-11-01 23:07:29,994 [INFO] IntegrityCheckThread:100 - exiting critical section [integrity check]
2024-11-01 23:07:29,994 [INFO] IntegrityCheckThread:103 - End integrity checks thread
