2024-10-29 12:22:54,556 [INFO] Activator:176 - 


2024-10-29 12:22:54,560 [INFO] Activator:177 - !SESSION log4j initialized
2024-10-29 12:22:56,793 [INFO] LogOutputStream:77 - [STDOUT_REDIRECT] 
2024-10-29 12:22:57,625 [INFO] ApplicationProperties:184 - Using Application install path: /opt/st/stm32cubeide_1.15.1/plugins/com.st.stm32cube.common.mx_6.11.1.202404110753
2024-10-29 12:22:57,647 [INFO] DbMcusXml:78 - Set database path to: /opt/st/stm32cubeide_1.15.1/plugins/com.st.stm32cube.common.mx_6.11.1.202404110753//db//mcu/
2024-10-29 12:22:57,647 [INFO] ApiDb:274 - Set plugin database path to: /opt/st/stm32cubeide_1.15.1/plugins/com.st.stm32cube.common.mx_6.11.1.202404110753//db//plugins/boardmanager/
2024-10-29 12:22:57,647 [WARN] ApiDb:259 - Overriding images path with different value:  => /opt/st/stm32cubeide_1.15.1/plugins/com.st.stm32cube.common.mx_6.11.1.202404110753//db//plugins/mcufinder/images/
2024-10-29 12:22:57,658 [INFO] ApiDb:250 - Set database path to: /home/poojaa/.stmcufinder/plugins/mcufinder//mcu/
2024-10-29 12:22:57,660 [INFO] DbMcusAds:125 - Set database path to: /home/poojaa/.stmcufinder/plugins/mcufinder//mcu/
2024-10-29 12:22:57,663 [INFO] CrossReferenceDbSqlite:203 - Set database path to: /home/poojaa/.stmcufinder/plugins/mcufinder//mcu/cs/
2024-10-29 12:22:57,824 [INFO] RulesReader:64 - Compatibility file has been processed (297 Rules)
2024-10-29 12:22:57,924 [INFO] DbMcusXml:78 - Set database path to: /opt/st/stm32cubeide_1.15.1/plugins/com.st.stm32cube.common.mx_6.11.1.202404110753//db//mcu/
2024-10-29 12:22:57,924 [INFO] ApiDb:274 - Set plugin database path to: /opt/st/stm32cubeide_1.15.1/plugins/com.st.stm32cube.common.mx_6.11.1.202404110753//db//plugins/boardmanager/
2024-10-29 12:22:57,924 [INFO] ApiDb:261 - Set plugin images path to: /opt/st/stm32cubeide_1.15.1/plugins/com.st.stm32cube.common.mx_6.11.1.202404110753//db//plugins/mcufinder/images/
2024-10-29 12:22:57,925 [WARN] DbFile:41 - Overriding database path with different value: /home/poojaa/.stmcufinder/plugins/mcufinder/ => /home/poojaa/.stmcufinder/plugins/mcufinder
2024-10-29 12:22:57,925 [INFO] ApiDb:250 - Set database path to: /home/poojaa/.stmcufinder/plugins/mcufinder//mcu/
2024-10-29 12:22:57,925 [WARN] DbFile:41 - Overriding database path with different value: /home/poojaa/.stmcufinder/plugins/mcufinder/ => /home/poojaa/.stmcufinder/plugins/mcufinder
2024-10-29 12:22:57,925 [INFO] DbMcusAds:125 - Set database path to: /home/poojaa/.stmcufinder/plugins/mcufinder//mcu/
2024-10-29 12:22:57,925 [WARN] DbFile:41 - Overriding database path with different value: /home/poojaa/.stmcufinder/plugins/mcufinder/ => /home/poojaa/.stmcufinder/plugins/mcufinder
2024-10-29 12:22:57,925 [WARN] DbFile:41 - Overriding database path with different value: /home/poojaa/.stmcufinder/plugins/mcufinder/ => /home/poojaa/.stmcufinder/plugins/mcufinder
2024-10-29 12:22:57,926 [INFO] CrossReferenceDbSqlite:203 - Set database path to: /home/poojaa/.stmcufinder/plugins/mcufinder//mcu/cs/
2024-10-29 12:22:58,021 [INFO] MainPanel:264 - HeapMemory: 268435456
2024-10-29 12:22:58,130 [INFO] DbMcusXml:78 - Set database path to: /opt/st/stm32cubeide_1.15.1/plugins/com.st.stm32cube.common.mx_6.11.1.202404110753//db//mcu/
2024-10-29 12:22:58,130 [INFO] ApiDb:274 - Set plugin database path to: /opt/st/stm32cubeide_1.15.1/plugins/com.st.stm32cube.common.mx_6.11.1.202404110753//db//plugins/boardmanager/
2024-10-29 12:22:58,130 [INFO] ApiDb:261 - Set plugin images path to: /opt/st/stm32cubeide_1.15.1/plugins/com.st.stm32cube.common.mx_6.11.1.202404110753//db//plugins/mcufinder/images/
2024-10-29 12:22:58,130 [WARN] DbFile:41 - Overriding database path with different value: /home/poojaa/.stmcufinder/plugins/mcufinder/ => /home/poojaa/.stmcufinder/plugins/mcufinder
2024-10-29 12:22:58,130 [INFO] ApiDb:250 - Set database path to: /home/poojaa/.stmcufinder/plugins/mcufinder//mcu/
2024-10-29 12:22:58,131 [WARN] DbFile:41 - Overriding database path with different value: /home/poojaa/.stmcufinder/plugins/mcufinder/ => /home/poojaa/.stmcufinder/plugins/mcufinder
2024-10-29 12:22:58,131 [INFO] DbMcusAds:125 - Set database path to: /home/poojaa/.stmcufinder/plugins/mcufinder//mcu/
2024-10-29 12:22:58,131 [WARN] DbFile:41 - Overriding database path with different value: /home/poojaa/.stmcufinder/plugins/mcufinder/ => /home/poojaa/.stmcufinder/plugins/mcufinder
2024-10-29 12:22:58,131 [WARN] DbFile:41 - Overriding database path with different value: /home/poojaa/.stmcufinder/plugins/mcufinder/ => /home/poojaa/.stmcufinder/plugins/mcufinder
2024-10-29 12:22:58,131 [INFO] CrossReferenceDbSqlite:203 - Set database path to: /home/poojaa/.stmcufinder/plugins/mcufinder//mcu/cs/
2024-10-29 12:22:58,145 [INFO] ApplicationProperties:184 - Using Application install path: /opt/st/stm32cubeide_1.15.1/plugins/com.st.stm32cube.common.mx_6.11.1.202404110753
2024-10-29 12:22:58,147 [INFO] PluginManage:196 - Search for loadable plugins [exclusion list=, ]
2024-10-29 12:22:58,148 [INFO] PluginManage:310 - Check plugin analytics
2024-10-29 12:22:58,326 [INFO] AnalyticsPlugin:253 - Accepted Software Licenses: 
2024-10-29 12:22:58,326 [INFO] AnalyticsPlugin:255 - Accepted CMSIS Pack Licenses: 
2024-10-29 12:22:58,326 [INFO] AnalyticsPlugin:257 - Accepted Firmware Licenses: 
2024-10-29 12:22:58,329 [INFO] PluginManage:359 - Loaded plugin analytics (category:tool,tabindex:-1)
2024-10-29 12:22:58,330 [INFO] PluginManage:310 - Check plugin cadmodel
2024-10-29 12:22:58,367 [INFO] CADModel:105 - Init CAD model plugin
2024-10-29 12:22:58,367 [INFO] PluginManage:359 - Loaded plugin cadmodel (category:power,tabindex:5)
2024-10-29 12:22:58,368 [INFO] PluginManage:310 - Check plugin clock
2024-10-29 12:22:58,380 [INFO] PluginManage:359 - Loaded plugin clock (category:base,tabindex:2)
2024-10-29 12:22:58,380 [INFO] PluginManage:310 - Check plugin ddr
2024-10-29 12:22:58,382 [INFO] PluginManage:359 - Loaded plugin ddr (category:tool,tabindex:6)
2024-10-29 12:22:58,383 [INFO] PluginManage:310 - Check plugin filemanager
2024-10-29 12:22:58,516 [INFO] PluginManage:359 - Loaded plugin filemanager (category:base,tabindex:10)
2024-10-29 12:22:58,516 [INFO] PluginManage:310 - Check plugin ipmanager
2024-10-29 12:22:58,523 [INFO] PluginManage:359 - Loaded plugin ipmanager (category:base,tabindex:5)
2024-10-29 12:22:58,524 [INFO] PluginManage:310 - Check plugin lpbam
2024-10-29 12:22:58,533 [INFO] PluginManage:359 - Loaded plugin lpbam (category:base,tabindex:0)
2024-10-29 12:22:58,534 [INFO] PluginManage:310 - Check plugin memorymap
2024-10-29 12:22:58,544 [INFO] PluginManage:359 - Loaded plugin memorymap (category:base,tabindex:4)
2024-10-29 12:22:58,544 [INFO] PluginManage:310 - Check plugin pinoutandconfiguration
2024-10-29 12:22:58,551 [INFO] PluginManage:359 - Loaded plugin pinoutandconfiguration (category:base,tabindex:1)
2024-10-29 12:22:58,551 [INFO] PluginManage:310 - Check plugin pinoutconfig
2024-10-29 12:22:58,624 [WARN] SupportedApi:132 - Cannot load RTOS API schema: s4s-elt-must-match.1: The content of 'definitions' must match (annotation?, (simpleType | complexType)?, (unique | key | keyref)*)). A problem was found starting at: attribute.
2024-10-29 12:22:58,773 [INFO] PluginManage:359 - Loaded plugin pinoutconfig (category:base,tabindex:0)
2024-10-29 12:22:58,773 [INFO] PluginManage:310 - Check plugin power
2024-10-29 12:22:58,782 [INFO] PluginManage:359 - Loaded plugin power (category:power,tabindex:4)
2024-10-29 12:22:58,782 [INFO] PluginManage:310 - Check plugin projectmanager
2024-10-29 12:22:58,796 [INFO] PluginManage:359 - Loaded plugin projectmanager (category:projectmanager,tabindex:3)
2024-10-29 12:22:58,796 [INFO] PluginManage:310 - Check plugin thirdparty
2024-10-29 12:22:58,896 [INFO] PluginManage:359 - Loaded plugin thirdparty (category:base,tabindex:-1)
2024-10-29 12:22:58,896 [INFO] PluginManage:310 - Check plugin tools
2024-10-29 12:22:58,896 [WARN] IntegrityCheckThread:84 - waiting for thirdparty lock release [integrity check]
2024-10-29 12:22:58,896 [INFO] IntegrityCheckThread:86 - entering critical section [integrity check]
2024-10-29 12:22:58,896 [INFO] ThirdPartyUpdaterWithRetryManager:70 - Updater plugin not ready yet. [1/15]
2024-10-29 12:22:58,897 [INFO] PluginManage:359 - Loaded plugin tools (category:base,tabindex:7)
2024-10-29 12:22:58,897 [INFO] PluginManage:310 - Check plugin tutovideos
2024-10-29 12:22:59,021 [INFO] PluginManage:359 - Loaded plugin tutovideos (category:base,tabindex:-1)
2024-10-29 12:22:59,022 [INFO] PluginManage:310 - Check plugin updater
2024-10-29 12:22:59,030 [INFO] PluginManage:359 - Loaded plugin updater (category:base,tabindex:12)
2024-10-29 12:22:59,031 [INFO] PluginManage:310 - Check plugin userauth
2024-10-29 12:22:59,038 [INFO] UserAuth:114 - Init User Auth plugin
2024-10-29 12:22:59,038 [INFO] PluginManage:359 - Loaded plugin userauth (category:base,tabindex:14)
2024-10-29 12:22:59,038 [INFO] PluginManage:283 - PluginManage : Loaded plugins [17]
2024-10-29 12:22:59,190 [INFO] PinOutPanel:1561 - setPackage(No Configuration,No Configuration)
2024-10-29 12:22:59,234 [INFO] CADModel:165 - CPN selected for project level
2024-10-29 12:22:59,234 [INFO] CADModel:114 - Register for checkConnection events
2024-10-29 12:22:59,248 [INFO] IPUIPlugin:80 - create IPUIPlugin
2024-10-29 12:22:59,248 [INFO] PluginManager:220 - loadIPPluginJar : add adc
2024-10-29 12:22:59,251 [INFO] IPUIPlugin:80 - create IPUIPlugin
2024-10-29 12:22:59,252 [INFO] PluginManager:220 - loadIPPluginJar : add dma3
2024-10-29 12:22:59,254 [INFO] IPUIPlugin:80 - create IPUIPlugin
2024-10-29 12:22:59,254 [INFO] PluginManager:220 - loadIPPluginJar : add opamp
2024-10-29 12:22:59,256 [INFO] IPUIPlugin:80 - create IPUIPlugin
2024-10-29 12:22:59,256 [INFO] PluginManager:220 - loadIPPluginJar : add pdm2pcm
2024-10-29 12:22:59,258 [INFO] IPUIPlugin:80 - create IPUIPlugin
2024-10-29 12:22:59,258 [INFO] PluginManager:220 - loadIPPluginJar : add i2c
2024-10-29 12:22:59,259 [INFO] IPUIPlugin:80 - create IPUIPlugin
2024-10-29 12:22:59,259 [INFO] PluginManager:220 - loadIPPluginJar : add i2s
2024-10-29 12:22:59,260 [INFO] IPUIPlugin:80 - create IPUIPlugin
2024-10-29 12:22:59,260 [INFO] PluginManager:220 - loadIPPluginJar : add gfxmmu
2024-10-29 12:22:59,261 [INFO] IPUIPlugin:80 - create IPUIPlugin
2024-10-29 12:22:59,261 [INFO] PluginManager:220 - loadIPPluginJar : add quadspi
2024-10-29 12:22:59,265 [INFO] IPUIPlugin:80 - create IPUIPlugin
2024-10-29 12:22:59,265 [INFO] PluginManager:220 - loadIPPluginJar : add mdma
2024-10-29 12:22:59,269 [INFO] IPUIPlugin:80 - create IPUIPlugin
2024-10-29 12:22:59,269 [INFO] PluginManager:220 - loadIPPluginJar : add nvic
2024-10-29 12:22:59,273 [INFO] IPUIPlugin:80 - create IPUIPlugin
2024-10-29 12:22:59,273 [INFO] PluginManager:220 - loadIPPluginJar : add dma
2024-10-29 12:22:59,274 [INFO] IPUIPlugin:80 - create IPUIPlugin
2024-10-29 12:22:59,275 [INFO] PluginManager:220 - loadIPPluginJar : add aes
2024-10-29 12:22:59,278 [INFO] IPUIPlugin:80 - create IPUIPlugin
2024-10-29 12:22:59,278 [INFO] PluginManager:220 - loadIPPluginJar : add stm32_wpan
2024-10-29 12:22:59,280 [INFO] IPUIPlugin:80 - create IPUIPlugin
2024-10-29 12:22:59,280 [INFO] PluginManager:220 - loadIPPluginJar : add usart
2024-10-29 12:22:59,280 [INFO] IPUIPlugin:80 - create IPUIPlugin
2024-10-29 12:22:59,281 [INFO] PluginManager:220 - loadIPPluginJar : add genericplugin
2024-10-29 12:22:59,283 [INFO] IPUIPlugin:80 - create IPUIPlugin
2024-10-29 12:22:59,283 [INFO] PluginManager:220 - loadIPPluginJar : add openamp
2024-10-29 12:22:59,287 [INFO] IPUIPlugin:80 - create IPUIPlugin
2024-10-29 12:22:59,287 [INFO] PluginManager:220 - loadIPPluginJar : add ipddr
2024-10-29 12:22:59,289 [INFO] IPUIPlugin:80 - create IPUIPlugin
2024-10-29 12:22:59,289 [INFO] PluginManager:220 - loadIPPluginJar : add lorawan
2024-10-29 12:22:59,292 [INFO] IPUIPlugin:80 - create IPUIPlugin
2024-10-29 12:22:59,292 [INFO] PluginManager:220 - loadIPPluginJar : add gtzc
2024-10-29 12:22:59,294 [INFO] IPUIPlugin:80 - create IPUIPlugin
2024-10-29 12:22:59,294 [INFO] PluginManager:220 - loadIPPluginJar : add can
2024-10-29 12:22:59,295 [INFO] IPUIPlugin:80 - create IPUIPlugin
2024-10-29 12:22:59,295 [INFO] PluginManager:220 - loadIPPluginJar : add fatfs
2024-10-29 12:22:59,299 [INFO] IPUIPlugin:80 - create IPUIPlugin
2024-10-29 12:22:59,299 [INFO] PluginManager:220 - loadIPPluginJar : add gpio
2024-10-29 12:22:59,301 [INFO] IPUIPlugin:80 - create IPUIPlugin
2024-10-29 12:22:59,301 [INFO] PluginManager:220 - loadIPPluginJar : add ts
2024-10-29 12:22:59,304 [INFO] IPUIPlugin:80 - create IPUIPlugin
2024-10-29 12:22:59,304 [INFO] PluginManager:220 - loadIPPluginJar : add dfsdm
2024-10-29 12:22:59,308 [INFO] IPUIPlugin:80 - create IPUIPlugin
2024-10-29 12:22:59,309 [INFO] PluginManager:220 - loadIPPluginJar : add gic
2024-10-29 12:22:59,314 [INFO] IPUIPlugin:80 - create IPUIPlugin
2024-10-29 12:22:59,314 [INFO] PluginManager:220 - loadIPPluginJar : add linkedlist
2024-10-29 12:22:59,315 [INFO] IPUIPlugin:80 - create IPUIPlugin
2024-10-29 12:22:59,315 [INFO] PluginManager:220 - loadIPPluginJar : add tim
2024-10-29 12:22:59,316 [INFO] IPUIPlugin:80 - create IPUIPlugin
2024-10-29 12:22:59,316 [INFO] PluginManager:220 - loadIPPluginJar : add tracer_emb
2024-10-29 12:22:59,319 [INFO] IPUIPlugin:80 - create IPUIPlugin
2024-10-29 12:22:59,320 [INFO] PluginManager:220 - loadIPPluginJar : add extmemmanager
2024-10-29 12:22:59,322 [INFO] IPUIPlugin:80 - create IPUIPlugin
2024-10-29 12:22:59,322 [INFO] PluginManager:220 - loadIPPluginJar : add spi
2024-10-29 12:22:59,323 [INFO] IPUIPlugin:80 - create IPUIPlugin
2024-10-29 12:22:59,323 [INFO] PluginManager:220 - loadIPPluginJar : add comp
2024-10-29 12:22:59,325 [INFO] IPUIPlugin:80 - create IPUIPlugin
2024-10-29 12:22:59,325 [INFO] PluginManager:220 - loadIPPluginJar : add sai
2024-10-29 12:22:59,326 [INFO] IPUIPlugin:80 - create IPUIPlugin
2024-10-29 12:22:59,326 [INFO] PluginManager:220 - loadIPPluginJar : add ucpd
2024-10-29 12:22:59,327 [INFO] IPUIPlugin:80 - create IPUIPlugin
2024-10-29 12:22:59,327 [INFO] PluginManager:220 - loadIPPluginJar : add ltdc
2024-10-29 12:22:59,330 [INFO] IPUIPlugin:80 - create IPUIPlugin
2024-10-29 12:22:59,330 [INFO] PluginManager:220 - loadIPPluginJar : add touchsensing
2024-10-29 12:22:59,337 [INFO] IPUIPlugin:80 - create IPUIPlugin
2024-10-29 12:22:59,339 [INFO] PluginManager:220 - loadIPPluginJar : add plateformsettings
2024-10-29 12:22:59,343 [INFO] IPUIPlugin:80 - create IPUIPlugin
2024-10-29 12:22:59,343 [INFO] PluginManager:220 - loadIPPluginJar : add resmgrutility
2024-10-29 12:22:59,345 [INFO] IPUIPlugin:80 - create IPUIPlugin
2024-10-29 12:22:59,345 [INFO] PluginManager:220 - loadIPPluginJar : add cryp
2024-10-29 12:22:59,349 [INFO] IPUIPlugin:80 - create IPUIPlugin
2024-10-29 12:22:59,349 [INFO] PluginManager:220 - loadIPPluginJar : add fmc
2024-10-29 12:22:59,351 [INFO] IPUIPlugin:80 - create IPUIPlugin
2024-10-29 12:22:59,351 [INFO] PluginManager:220 - loadIPPluginJar : add tsc
2024-10-29 12:22:59,354 [INFO] IPUIPlugin:80 - create IPUIPlugin
2024-10-29 12:22:59,354 [INFO] PluginManager:220 - loadIPPluginJar : add hash
2024-10-29 12:22:59,358 [INFO] IPUIPlugin:80 - create IPUIPlugin
2024-10-29 12:22:59,359 [INFO] PluginManager:220 - loadIPPluginJar : add freertos
2024-10-29 12:22:59,360 [INFO] IPUIPlugin:80 - create IPUIPlugin
2024-10-29 12:22:59,360 [INFO] PluginManager:220 - loadIPPluginJar : add usbx
2024-10-29 12:22:59,372 [INFO] IPUIPlugin:80 - create IPUIPlugin
2024-10-29 12:22:59,372 [INFO] PluginManager:220 - loadIPPluginJar : add i3c
2024-10-29 12:22:59,478 [INFO] CADModel:165 - CPN selected for project level
2024-10-29 12:22:59,478 [INFO] CADModel:114 - Register for checkConnection events
2024-10-29 12:22:59,478 [FATAL] Updater:308 - Updater called before beeing initialized
2024-10-29 12:22:59,478 [ERROR] CADModel:125 - Updater not yet initialized, retry later 
2024-10-29 12:22:59,574 [INFO] CADModel:165 - CPN selected for project level
2024-10-29 12:22:59,574 [INFO] CADModel:114 - Register for checkConnection events
2024-10-29 12:22:59,574 [FATAL] Updater:308 - Updater called before beeing initialized
2024-10-29 12:22:59,574 [ERROR] CADModel:125 - Updater not yet initialized, retry later 
2024-10-29 12:22:59,577 [FATAL] Updater:308 - Updater called before beeing initialized
2024-10-29 12:22:59,638 [FATAL] Updater:308 - Updater called before beeing initialized
2024-10-29 12:22:59,642 [INFO] DbMcusAds:53 - JSON generation date=Fri Sep 20 18:34:38 IST 2024 (1726837478367)
2024-10-29 12:22:59,642 [FATAL] Updater:308 - Updater called before beeing initialized
2024-10-29 12:22:59,677 [WARN] DetailPanel:346 - Failed to get advertising image, set to default
2024-10-29 12:22:59,747 [FATAL] Updater:308 - Updater called before beeing initialized
2024-10-29 12:22:59,749 [FATAL] Updater:308 - Updater called before beeing initialized
2024-10-29 12:22:59,749 [FATAL] Updater:308 - Updater called before beeing initialized
2024-10-29 12:22:59,749 [WARN] DetailPanel:346 - Failed to get advertising image, set to default
2024-10-29 12:22:59,750 [FATAL] Updater:308 - Updater called before beeing initialized
2024-10-29 12:22:59,794 [ERROR] Updater:1120 - MainUpdater not yet initialized. External WinMGr cannot be set.
2024-10-29 12:22:59,795 [INFO] Updater:1056 - Updater Version found : 6.11.1
2024-10-29 12:22:59,811 [INFO] ApplicationProperties:184 - Using Application install path: /opt/st/stm32cubeide_1.15.1/plugins/com.st.stm32cube.common.mx_6.11.1.202404110753
2024-10-29 12:23:00,025 [INFO] MainUpdater:2873 - connection check result : 10
2024-10-29 12:23:00,025 [INFO] MainUpdater:290 - Updater Check For Update Now.
2024-10-29 12:23:00,025 [INFO] MicroXplorer:498 - Change Database Version : DB.6.0.111
2024-10-29 12:23:00,028 [INFO] McuFinderGlobals:63 - Set McuFinder mode to 2 (CubeIDE integrated)
2024-10-29 12:23:00,028 [INFO] UserAuth:179 - activating auth plugin
2024-10-29 12:23:00,031 [INFO] UserAuth:415 - Internet connection configuration mode: 1
2024-10-29 12:23:00,048 [INFO] JxBrowserEngine:152 - Initiate JxBrowser Engine with user profile folder
2024-10-29 12:23:00,203 [INFO] CheckServerUpdateThread:120 - End of CheckServer Thread
2024-10-29 12:23:00,861 [INFO] WebApp:161 - Instantiating new browser for Auth
2024-10-29 12:23:01,346 [INFO] WebApp:779 - Register for checkConnection events
2024-10-29 12:23:01,346 [INFO] WebApp:414 - Apply proxy settings
2024-10-29 12:23:01,347 [INFO] WebApp:499 - Chromium requires no authentication
2024-10-29 12:23:01,350 [INFO] WebApp:442 - Direct internet connection detected
2024-10-29 12:23:01,438 [INFO] WebApp:192 - Starting web application
2024-10-29 12:23:01,438 [INFO] WebApp:544 - Web application path used /opt/st/stm32cubeide_1.15.1/plugins/com.st.stm32cube.common.mx_6.11.1.202404110753/db/plugins/mcufinder/reactClient1/index.html
2024-10-29 12:23:01,973 [WARN] PackLoader:240 - Cannot read IP mode file for STMicroelectronics.FP-SNS-MOTENVWB1.1.4.0
2024-10-29 12:23:01,978 [WARN] PackLoader:240 - Cannot read IP mode file for STMicroelectronics.X-CUBE-SMBUS.2.1.0
2024-10-29 12:23:01,999 [WARN] PackLoader:240 - Cannot read IP mode file for STMicroelectronics.X-CUBE-AZRTOS-F7.1.1.0
2024-10-29 12:23:02,051 [WARN] PackLoader:240 - Cannot read IP mode file for STMicroelectronics.X-CUBE-MEMS1.11.0.0
2024-10-29 12:23:02,157 [WARN] PackLoader:240 - Cannot read IP mode file for STMicroelectronics.FP-SNS-FLIGHT1.5.0.2
2024-10-29 12:23:02,162 [WARN] PackLoader:240 - Cannot read IP mode file for STMicroelectronics.X-CUBE-DISPLAY.3.0.0
2024-10-29 12:23:02,169 [WARN] PackLoader:240 - Cannot read IP mode file for STMicroelectronics.X-CUBE-BLE1.7.0.0
2024-10-29 12:23:02,173 [WARN] PackLoader:240 - Cannot read IP mode file for emotas.I-CUBE-CANOPEN.1.3.0
2024-10-29 12:23:02,178 [WARN] PackLoader:240 - Cannot read IP mode file for STMicroelectronics.X-CUBE-BLEMGR.3.1.0
2024-10-29 12:23:02,182 [WARN] PackLoader:240 - Cannot read IP mode file for STMicroelectronics.FP-SNS-SMARTAG2.1.2.0
2024-10-29 12:23:02,190 [INFO] LogOutputStream:77 - [STDOUT_REDIRECT] 1 : Invalid condition id : UX_CORESTACK_Condition cause : null
2024-10-29 12:23:02,191 [INFO] LogOutputStream:77 - [STDOUT_REDIRECT] 1 : Invalid condition id : UX_CORESTACK_Condition cause : null
2024-10-29 12:23:02,191 [INFO] LogOutputStream:77 - [STDOUT_REDIRECT] 1 : Invalid condition id : UX_CORESTACK_Condition cause : null
2024-10-29 12:23:02,191 [INFO] LogOutputStream:77 - [STDOUT_REDIRECT] 1 : Invalid condition id : UX_CORESTACK_Condition cause : null
2024-10-29 12:23:02,191 [INFO] LogOutputStream:77 - [STDOUT_REDIRECT] 1 : Invalid condition id : UX_CORESTACK_Condition cause : null
2024-10-29 12:23:02,193 [WARN] PackLoader:240 - Cannot read IP mode file for STMicroelectronics.X-CUBE-AZRTOS-WL.2.0.0
2024-10-29 12:23:02,196 [WARN] PackLoader:240 - Cannot read IP mode file for STMicroelectronics.FP-SNS-MOTENV1.5.0.0
2024-10-29 12:23:02,199 [WARN] PackLoader:240 - Cannot read IP mode file for wolfSSL.I-CUBE-wolfMQTT.1.19.0
2024-10-29 12:23:02,206 [WARN] PackLoader:240 - Cannot read IP mode file for WES.I-CUBE-Cesium.1.3.0
2024-10-29 12:23:02,210 [WARN] PackLoader:240 - Cannot read IP mode file for STMicroelectronics.X-CUBE-BLE2.3.3.0
2024-10-29 12:23:02,216 [WARN] PackLoader:240 - Cannot read IP mode file for STMicroelectronics.X-CUBE-TCPP.4.1.0
2024-10-29 12:23:02,232 [WARN] PackLoader:240 - Cannot read IP mode file for STMicroelectronics.X-CUBE-AZRTOS-G0.1.1.0
2024-10-29 12:23:02,240 [WARN] PackLoader:240 - Cannot read IP mode file for STMicroelectronics.X-CUBE-SAFEA1.1.2.2
2024-10-29 12:23:02,247 [WARN] PackLoader:240 - Cannot read IP mode file for STMicroelectronics.X-CUBE-NFC4.3.0.0
2024-10-29 12:23:02,262 [WARN] PackLoader:240 - Cannot read IP mode file for EmbeddedOffice.I-CUBE-FS-RTOS.1.0.1
2024-10-29 12:23:02,262 [ERROR] ConditionMgr:805 - Attr not supported : Dmpu
2024-10-29 12:23:02,262 [ERROR] ConditionMgr:805 - Attr not supported : Dmpu
2024-10-29 12:23:02,263 [ERROR] ConditionMgr:805 - Attr not supported : Dmpu
2024-10-29 12:23:02,263 [ERROR] ConditionMgr:805 - Attr not supported : Dmpu
2024-10-29 12:23:02,263 [ERROR] ConditionMgr:805 - Attr not supported : Dmpu
2024-10-29 12:23:02,263 [ERROR] ConditionMgr:805 - Attr not supported : Dmpu
2024-10-29 12:23:02,263 [ERROR] ConditionMgr:805 - Attr not supported : Dmpu
2024-10-29 12:23:02,263 [ERROR] ConditionMgr:805 - Attr not supported : Dmpu
2024-10-29 12:23:02,263 [ERROR] ConditionMgr:805 - Attr not supported : Dmpu
2024-10-29 12:23:02,263 [ERROR] ConditionMgr:805 - Attr not supported : Dmpu
2024-10-29 12:23:02,263 [ERROR] ConditionMgr:805 - Attr not supported : Dmpu
2024-10-29 12:23:02,263 [ERROR] ConditionMgr:805 - Attr not supported : Dmpu
2024-10-29 12:23:02,263 [ERROR] ConditionMgr:805 - Attr not supported : Dmpu
2024-10-29 12:23:02,263 [ERROR] ConditionMgr:805 - Attr not supported : Dmpu
2024-10-29 12:23:02,263 [ERROR] ConditionMgr:805 - Attr not supported : Dmpu
2024-10-29 12:23:02,263 [ERROR] ConditionMgr:805 - Attr not supported : Dmpu
2024-10-29 12:23:02,263 [ERROR] ConditionMgr:805 - Attr not supported : Dmpu
2024-10-29 12:23:02,263 [ERROR] ConditionMgr:805 - Attr not supported : Dmpu
2024-10-29 12:23:02,263 [ERROR] ConditionMgr:805 - Attr not supported : Dmpu
2024-10-29 12:23:02,263 [ERROR] ConditionMgr:805 - Attr not supported : Dmpu
2024-10-29 12:23:02,263 [ERROR] ConditionMgr:805 - Attr not supported : Dmpu
2024-10-29 12:23:02,263 [ERROR] ConditionMgr:805 - Attr not supported : Dmpu
2024-10-29 12:23:02,263 [ERROR] ConditionMgr:805 - Attr not supported : Dmpu
2024-10-29 12:23:02,263 [ERROR] ConditionMgr:805 - Attr not supported : Dmpu
2024-10-29 12:23:02,263 [ERROR] ConditionMgr:805 - Attr not supported : Dmpu
2024-10-29 12:23:02,263 [ERROR] ConditionMgr:805 - Attr not supported : Dmpu
2024-10-29 12:23:02,263 [ERROR] ConditionMgr:805 - Attr not supported : Dmpu
2024-10-29 12:23:02,264 [ERROR] ConditionMgr:805 - Attr not supported : Dmpu
2024-10-29 12:23:02,264 [ERROR] ConditionMgr:805 - Attr not supported : Dmpu
2024-10-29 12:23:02,264 [ERROR] ConditionMgr:805 - Attr not supported : Dmpu
2024-10-29 12:23:02,264 [ERROR] ConditionMgr:805 - Attr not supported : Dmpu
2024-10-29 12:23:02,264 [ERROR] ConditionMgr:805 - Attr not supported : Dmpu
2024-10-29 12:23:02,264 [ERROR] ConditionMgr:805 - Attr not supported : Dmpu
2024-10-29 12:23:02,264 [ERROR] ConditionMgr:805 - Attr not supported : Dmpu
2024-10-29 12:23:02,264 [ERROR] ConditionMgr:805 - Attr not supported : Dmpu
2024-10-29 12:23:02,264 [ERROR] ConditionMgr:805 - Attr not supported : Dmpu
2024-10-29 12:23:02,264 [ERROR] ConditionMgr:805 - Attr not supported : Dmpu
2024-10-29 12:23:02,264 [ERROR] ConditionMgr:805 - Attr not supported : Dmpu
2024-10-29 12:23:02,264 [ERROR] ConditionMgr:805 - Attr not supported : Dmpu
2024-10-29 12:23:02,264 [ERROR] ConditionMgr:805 - Attr not supported : Dmpu
2024-10-29 12:23:02,264 [ERROR] ConditionMgr:805 - Attr not supported : Dmpu
2024-10-29 12:23:02,264 [ERROR] ConditionMgr:805 - Attr not supported : Dmpu
2024-10-29 12:23:02,264 [ERROR] ConditionMgr:805 - Attr not supported : Dmpu
2024-10-29 12:23:02,264 [ERROR] ConditionMgr:805 - Attr not supported : Dmpu
2024-10-29 12:23:02,264 [ERROR] ConditionMgr:805 - Attr not supported : Dmpu
2024-10-29 12:23:02,264 [ERROR] ConditionMgr:805 - Attr not supported : Dmpu
2024-10-29 12:23:02,265 [ERROR] ConditionMgr:805 - Attr not supported : Dmpu
2024-10-29 12:23:02,265 [ERROR] ConditionMgr:805 - Attr not supported : Dmpu
2024-10-29 12:23:02,265 [ERROR] ConditionMgr:805 - Attr not supported : Dmpu
2024-10-29 12:23:02,265 [ERROR] ConditionMgr:805 - Attr not supported : Dmpu
2024-10-29 12:23:02,265 [ERROR] ConditionMgr:805 - Attr not supported : Dmpu
2024-10-29 12:23:02,265 [ERROR] ConditionMgr:805 - Attr not supported : Dmpu
2024-10-29 12:23:02,265 [ERROR] ConditionMgr:805 - Attr not supported : Dmpu
2024-10-29 12:23:02,265 [ERROR] ConditionMgr:805 - Attr not supported : Dmpu
2024-10-29 12:23:02,265 [ERROR] ConditionMgr:805 - Attr not supported : Dmpu
2024-10-29 12:23:02,265 [ERROR] ConditionMgr:805 - Attr not supported : Dmpu
2024-10-29 12:23:02,265 [ERROR] ConditionMgr:805 - Attr not supported : Dmpu
2024-10-29 12:23:02,265 [ERROR] ConditionMgr:805 - Attr not supported : Dmpu
2024-10-29 12:23:02,265 [ERROR] ConditionMgr:805 - Attr not supported : Dmpu
2024-10-29 12:23:02,265 [ERROR] ConditionMgr:805 - Attr not supported : Dmpu
2024-10-29 12:23:02,265 [ERROR] ConditionMgr:805 - Attr not supported : Dmpu
2024-10-29 12:23:02,265 [ERROR] ConditionMgr:805 - Attr not supported : Dmpu
2024-10-29 12:23:02,266 [ERROR] ConditionMgr:805 - Attr not supported : Dmpu
2024-10-29 12:23:02,266 [ERROR] ConditionMgr:805 - Attr not supported : Dmpu
2024-10-29 12:23:02,270 [WARN] PackLoader:240 - Cannot read IP mode file for RealThread.X-CUBE-RT-Thread_Nano.4.1.1
2024-10-29 12:23:02,274 [WARN] PackLoader:240 - Cannot read IP mode file for wolfSSL.I-CUBE-wolfSSL.5.7.0
2024-10-29 12:23:02,278 [WARN] PackLoader:240 - Cannot read IP mode file for STMicroelectronics.FP-ATR-SIGFOX1.3.2.0
2024-10-29 12:23:02,284 [WARN] PackLoader:240 - Cannot read IP mode file for STMicroelectronics.X-CUBE-EEPRMA1.5.1.0
2024-10-29 12:23:02,292 [WARN] PackLoader:240 - Cannot read IP mode file for ITTIA_DB.I-CUBE-ITTIADB.8.9.0
2024-10-29 12:23:02,335 [WARN] PackLoader:240 - Cannot read IP mode file for SEGGER.I-CUBE-embOS.1.3.1
2024-10-29 12:23:02,389 [WARN] PackLoader:240 - Cannot read IP mode file for STMicroelectronics.X-CUBE-ALGOBUILD.1.4.0
2024-10-29 12:23:02,395 [WARN] PackLoader:240 - Cannot read IP mode file for STMicroelectronics.X-CUBE-GNSS1.6.0.0
2024-10-29 12:23:02,412 [WARN] PackLoader:240 - Cannot read IP mode file for STMicroelectronics.X-CUBE-AZRTOS-F4.1.1.0
2024-10-29 12:23:02,419 [WARN] PackLoader:240 - Cannot read IP mode file for STMicroelectronics.X-CUBE-ISPU.2.1.0
2024-10-29 12:23:02,422 [WARN] PackLoader:240 - Cannot read IP mode file for STMicroelectronics.X-CUBE-FREERTOS.1.2.0
2024-10-29 12:23:02,434 [WARN] PackLoader:240 - Cannot read IP mode file for STMicroelectronics.X-CUBE-AZRTOS-L5.2.0.0
2024-10-29 12:23:02,444 [WARN] PackLoader:240 - Cannot read IP mode file for STMicroelectronics.X-CUBE-NFC6.3.1.0
2024-10-29 12:23:02,448 [WARN] PackLoader:240 - Cannot read IP mode file for STMicroelectronics.X-CUBE-DPower.1.2.0
2024-10-29 12:23:02,452 [WARN] PackLoader:240 - Cannot read IP mode file for STMicroelectronics.X-CUBE-AI.9.0.0
2024-10-29 12:23:02,457 [WARN] PackLoader:240 - Cannot read IP mode file for STMicroelectronics.X-CUBE-NFC7.1.0.1
2024-10-29 12:23:02,459 [WARN] PackLoader:240 - Cannot read IP mode file for wolfSSL.I-CUBE-wolfTPM.3.2.0
2024-10-29 12:23:02,475 [WARN] ConditionMgr:438 - getConditionDescription Invalid condition id : LAN8742 Phy interface Condition cause : null
2024-10-29 12:23:02,476 [WARN] PackLoader:240 - Cannot read IP mode file for STMicroelectronics.X-CUBE-AZRTOS-L4.2.0.0
2024-10-29 12:23:02,477 [WARN] ConditionMgr:1039 - genDependencies : Invalid condition id : LAN8742 Phy interface Condition cause : null
2024-10-29 12:23:02,477 [WARN] ConditionMgr:1039 - genDependencies : Invalid condition id : LAN8742 Phy interface Condition cause : null
2024-10-29 12:23:02,478 [WARN] ConditionMgr:1039 - genDependencies : Invalid condition id : LAN8742 Phy interface Condition cause : null
2024-10-29 12:23:02,485 [WARN] PackLoader:240 - Cannot read IP mode file for STMicroelectronics.X-CUBE-SFXS2LP1.4.0.0
2024-10-29 12:23:02,505 [WARN] PackLoader:240 - Cannot read IP mode file for STMicroelectronics.X-CUBE-AZRTOS-H7.3.3.0
2024-10-29 12:23:02,517 [WARN] ConditionMgr:438 - getConditionDescription Invalid condition id : UX DEVICE CLASS RTOS Condition cause : null
2024-10-29 12:23:02,518 [WARN] ConditionMgr:438 - getConditionDescription Invalid condition id : UX DEVICE CLASS RTOS Condition cause : null
2024-10-29 12:23:02,519 [WARN] PackLoader:240 - Cannot read IP mode file for STMicroelectronics.X-CUBE-AZRTOS-WB.2.0.0
2024-10-29 12:23:02,520 [WARN] ConditionMgr:1039 - genDependencies : Invalid condition id : UX DEVICE CLASS RTOS Condition cause : null
2024-10-29 12:23:02,520 [WARN] ConditionMgr:1039 - genDependencies : Invalid condition id : UX DEVICE CLASS RTOS Condition cause : null
2024-10-29 12:23:02,521 [WARN] ConditionMgr:1039 - genDependencies : Invalid condition id : UX DEVICE CLASS RTOS Condition cause : null
2024-10-29 12:23:02,521 [WARN] ConditionMgr:1039 - genDependencies : Invalid condition id : UX DEVICE CLASS RTOS Condition cause : null
2024-10-29 12:23:02,521 [WARN] ConditionMgr:1039 - genDependencies : Invalid condition id : UX DEVICE CLASS RTOS Condition cause : null
2024-10-29 12:23:02,527 [WARN] PackLoader:240 - Cannot read IP mode file for STMicroelectronics.X-CUBE-GNSS1.7.0.0
2024-10-29 12:23:02,534 [WARN] PackLoader:240 - Cannot read IP mode file for STMicroelectronics.FP-SNS-STBOX1.2.0.0
2024-10-29 12:23:02,544 [WARN] PackLoader:240 - Cannot read IP mode file for STMicroelectronics.X-CUBE-SUBG2.5.0.0
2024-10-29 12:23:02,549 [WARN] PackLoader:240 - Cannot read IP mode file for Cesanta.I-CUBE-Mongoose.7.13.0
2024-10-29 12:23:02,558 [WARN] PackLoader:240 - Cannot read IP mode file for STMicroelectronics.X-CUBE-AZRTOS-G4.2.0.0
2024-10-29 12:23:02,562 [WARN] PackLoader:240 - Cannot read IP mode file for STMicroelectronics.X-CUBE-ISPU.2.0.0
2024-10-29 12:23:02,565 [WARN] PackLoader:240 - Cannot read IP mode file for STMicroelectronics.X-CUBE-ALS.1.0.2
2024-10-29 12:23:02,611 [WARN] PackLoader:240 - Cannot read IP mode file for STMicroelectronics.X-CUBE-MEMS1.10.0.0
2024-10-29 12:23:02,799 [WARN] PackLoader:240 - Cannot read IP mode file for STMicroelectronics.X-CUBE-TOUCHGFX.4.24.0
2024-10-29 12:23:02,803 [WARN] PackLoader:240 - Cannot read IP mode file for STMicroelectronics.X-CUBE-TOUCHGFX.4.24.1
2024-10-29 12:23:02,808 [WARN] PackLoader:240 - Cannot read IP mode file for portGmbH.I-Cube-SoM-uGOAL.1.1.0
2024-10-29 12:23:02,832 [WARN] PackLoader:240 - Cannot read IP mode file for STMicroelectronics.X-CUBE-AZRTOS-H7RS.1.0.0
2024-10-29 12:23:02,840 [WARN] PackLoader:240 - Cannot read IP mode file for STMicroelectronics.FP-ATR-ASTRA1.2.0.0
2024-10-29 12:23:02,851 [WARN] PackLoader:240 - Cannot read IP mode file for STMicroelectronics.X-CUBE-TOF1.3.4.2
2024-10-29 12:23:02,868 [WARN] PackLoader:240 - Cannot read IP mode file for STMicroelectronics.X-CUBE-TOF1.3.4.1
2024-10-29 12:23:02,882 [WARN] PackLoader:240 - Cannot read IP mode file for STMicroelectronics.X-CUBE-AZRTOS-H7.3.2.0
2024-10-29 12:23:02,893 [WARN] PackLoader:240 - Cannot read IP mode file for Infineon.AIROC-Wi-Fi-Bluetooth-STM32.1.6.0
2024-10-29 12:23:02,899 [WARN] PackLoader:240 - Cannot read IP mode file for wolfSSL.I-CUBE-wolfSSH.1.4.17
2024-10-29 12:23:02,899 [INFO] ThirdParty:978 - Integrity check success = true
2024-10-29 12:23:02,900 [INFO] IntegrityCheckThread:100 - exiting critical section [integrity check]
2024-10-29 12:23:02,900 [INFO] IntegrityCheckThread:103 - End integrity checks thread
2024-10-29 19:02:15,361 [ERROR] LogOutputStream:75 - [STDERR_REDIRECT] 
